<<08:34:14.213#信息>>[InitializeData]日志保存天数：[30]
<<08:34:14.214#信息>>[InitializeData]GetModuleFileName：[D:\多功能业务柜\Aoto.EMS\Aoto.EMS.MultiSerBox\bin\x86\Debug\]
<<08:34:14.214#信息>>[InitializeData]GetCurrentDirectory：[D:\多功能业务柜\Aoto.EMS\Aoto.EMS.MultiSerBox\bin\x86\Debug]
<<08:34:14.218#信息>>[InitializeData]调用结束
<<08:34:14.220#信息>>[IDCR_Initialize]去掉入参非法字符前lpszConfigXml=<?xml version ="1.0" encoding="utf-8"?><Device>  <DeviceId>IDCard001</DeviceId>  <LogLevel>3</LogLevel></Device>
<<08:34:14.220#信息>>[IDCR_Initialize]去掉入参非法字符后lpszConfigXml=<?xml version ="1.0" encoding="utf-8"?><Device>  <DeviceId>IDCard001</DeviceId>  <LogLevel>3</LogLevel></Device>
<<08:34:14.222#信息>>[IDCR_Initialize]设备标识为：IDCard001,日志级别为：3
<<08:34:14.222#信息>>[IDCR_Initialize]读取串口信息：Com3
<<08:34:14.222#信息>>[IDCR_Initialize]获取身份证阅读器波特率失败, [SDT_GetCOMBaud]返回值：[0X05]
<<08:34:14.222#信息>>[IDCR_Initialize]设置身份证阅读器波特率失败, [SDT_SetCOMBaud]返回值：[0X01]
<<08:34:14.223#信息>>[IDCR_Initialize]端口 3 打开失败, [SDT_OpenPort]返回值：[0X01]
<<09:48:10.758#信息>>[InitializeData]日志保存天数：[30]
<<09:48:10.758#信息>>[InitializeData]GetModuleFileName：[D:\多功能业务柜\Aoto.EMS\Aoto.EMS.MultiSerBox\bin\x86\Debug\]
<<09:48:10.758#信息>>[InitializeData]GetCurrentDirectory：[D:\多功能业务柜\Aoto.EMS\Aoto.EMS.MultiSerBox\bin\x86\Debug]
<<09:48:10.761#信息>>[InitializeData]调用结束
<<09:48:10.762#信息>>[IDCR_Initialize]去掉入参非法字符前lpszConfigXml=<?xml version ="1.0" encoding="utf-8"?><Device>  <DeviceId>IDCard001</DeviceId>  <LogLevel>3</LogLevel></Device>
<<09:48:10.762#信息>>[IDCR_Initialize]去掉入参非法字符后lpszConfigXml=<?xml version ="1.0" encoding="utf-8"?><Device>  <DeviceId>IDCard001</DeviceId>  <LogLevel>3</LogLevel></Device>
<<09:48:10.762#信息>>[IDCR_Initialize]设备标识为：IDCard001,日志级别为：3
<<09:48:10.763#信息>>[IDCR_Initialize]读取串口信息：Com3
<<09:48:10.763#信息>>[IDCR_Initialize]获取身份证阅读器波特率失败, [SDT_GetCOMBaud]返回值：[0X05]
<<09:48:10.763#信息>>[IDCR_Initialize]设置身份证阅读器波特率失败, [SDT_SetCOMBaud]返回值：[0X01]
<<09:48:10.763#信息>>[IDCR_Initialize]端口 3 打开失败, [SDT_OpenPort]返回值：[0X01]
<<11:17:33.145#信息>>[InitializeData]日志保存天数：[30]
<<11:17:33.146#信息>>[InitializeData]GetModuleFileName：[D:\多功能业务柜\Aoto.EMS\Aoto.EMS.MultiSerBox\bin\x86\Debug\]
<<11:17:33.146#信息>>[InitializeData]GetCurrentDirectory：[D:\多功能业务柜\Aoto.EMS\Aoto.EMS.MultiSerBox\bin\x86\Debug]
<<11:17:33.151#信息>>[InitializeData]调用结束
<<11:17:33.154#信息>>[IDCR_Initialize]去掉入参非法字符前lpszConfigXml=<?xml version ="1.0" encoding="utf-8"?><Device>  <DeviceId>IDCard001</DeviceId>  <LogLevel>3</LogLevel></Device>
<<11:17:33.154#信息>>[IDCR_Initialize]去掉入参非法字符后lpszConfigXml=<?xml version ="1.0" encoding="utf-8"?><Device>  <DeviceId>IDCard001</DeviceId>  <LogLevel>3</LogLevel></Device>
<<11:17:33.154#信息>>[IDCR_Initialize]设备标识为：IDCard001,日志级别为：3
<<11:17:33.155#信息>>[IDCR_Initialize]读取串口信息：Com3
<<11:17:33.155#信息>>[IDCR_Initialize]获取身份证阅读器波特率失败, [SDT_GetCOMBaud]返回值：[0X05]
<<11:17:33.156#信息>>[IDCR_Initialize]设置身份证阅读器波特率失败, [SDT_SetCOMBaud]返回值：[0X01]
<<11:17:33.156#信息>>[IDCR_Initialize]端口 3 打开失败, [SDT_OpenPort]返回值：[0X01]
<<11:21:52.058#信息>>[InitializeData]日志保存天数：[30]
<<11:21:52.058#信息>>[InitializeData]GetModuleFileName：[D:\多功能业务柜\Aoto.EMS\Aoto.EMS.MultiSerBox\bin\x86\Debug\]
<<11:21:52.058#信息>>[InitializeData]GetCurrentDirectory：[D:\多功能业务柜\Aoto.EMS\Aoto.EMS.MultiSerBox\bin\x86\Debug]
<<11:21:52.066#信息>>[InitializeData]调用结束
<<11:21:52.070#信息>>[IDCR_Initialize]去掉入参非法字符前lpszConfigXml=<?xml version ="1.0" encoding="utf-8"?><Device>  <DeviceId>IDCard001</DeviceId>  <LogLevel>3</LogLevel></Device>
<<11:21:52.070#信息>>[IDCR_Initialize]去掉入参非法字符后lpszConfigXml=<?xml version ="1.0" encoding="utf-8"?><Device>  <DeviceId>IDCard001</DeviceId>  <LogLevel>3</LogLevel></Device>
<<11:21:52.070#信息>>[IDCR_Initialize]设备标识为：IDCard001,日志级别为：3
<<11:21:52.071#信息>>[IDCR_Initialize]读取串口信息：Com3
<<11:21:52.071#信息>>[IDCR_Initialize]获取身份证阅读器波特率失败, [SDT_GetCOMBaud]返回值：[0X05]
<<11:21:52.072#信息>>[IDCR_Initialize]设置身份证阅读器波特率失败, [SDT_SetCOMBaud]返回值：[0X01]
<<11:21:52.072#信息>>[IDCR_Initialize]端口 3 打开失败, [SDT_OpenPort]返回值：[0X01]
