<<09:02:59.083#信息>>[InitializeData]日志保存天数：[30]
<<09:02:59.083#信息>>[InitializeData]GetModuleFileName：[D:\多功能业务柜\Aoto.EMS\Aoto.EMS.MultiSerBox\bin\x86\Debug\]
<<09:02:59.083#信息>>[InitializeData]GetCurrentDirectory：[D:\多功能业务柜\Aoto.EMS\Aoto.EMS.MultiSerBox\bin\x86\Debug]
<<09:02:59.086#信息>>[InitializeData]调用结束
<<09:02:59.088#信息>>[IDCR_Initialize]去掉入参非法字符前lpszConfigXml=<?xml version ="1.0" encoding="utf-8"?><Device>  <DeviceId>IDCard001</DeviceId>  <LogLevel>3</LogLevel></Device>
<<09:02:59.088#信息>>[IDCR_Initialize]去掉入参非法字符后lpszConfigXml=<?xml version ="1.0" encoding="utf-8"?><Device>  <DeviceId>IDCard001</DeviceId>  <LogLevel>3</LogLevel></Device>
<<09:02:59.088#信息>>[IDCR_Initialize]设备标识为：IDCard001,日志级别为：3
<<09:02:59.088#信息>>[IDCR_Initialize]读取串口信息：Com3
<<09:02:59.089#信息>>[IDCR_Initialize]获取身份证阅读器波特率失败, [SDT_GetCOMBaud]返回值：[0X05]
<<09:02:59.089#信息>>[IDCR_Initialize]设置身份证阅读器波特率失败, [SDT_SetCOMBaud]返回值：[0X01]
<<09:02:59.089#信息>>[IDCR_Initialize]端口 3 打开失败, [SDT_OpenPort]返回值：[0X01]
<<09:03:22.255#信息>>[InitializeData]日志保存天数：[30]
<<09:03:22.255#信息>>[InitializeData]GetModuleFileName：[D:\多功能业务柜\Aoto.EMS\Aoto.EMS.MultiSerBox\bin\x86\Debug\]
<<09:03:22.256#信息>>[InitializeData]GetCurrentDirectory：[D:\多功能业务柜\Aoto.EMS\Aoto.EMS.MultiSerBox\bin\x86\Debug]
<<09:03:22.258#信息>>[InitializeData]调用结束
<<09:03:22.260#信息>>[IDCR_Initialize]去掉入参非法字符前lpszConfigXml=<?xml version ="1.0" encoding="utf-8"?><Device>  <DeviceId>IDCard001</DeviceId>  <LogLevel>3</LogLevel></Device>
<<09:03:22.260#信息>>[IDCR_Initialize]去掉入参非法字符后lpszConfigXml=<?xml version ="1.0" encoding="utf-8"?><Device>  <DeviceId>IDCard001</DeviceId>  <LogLevel>3</LogLevel></Device>
<<09:03:22.260#信息>>[IDCR_Initialize]设备标识为：IDCard001,日志级别为：3
<<09:03:22.260#信息>>[IDCR_Initialize]读取串口信息：Com3
<<09:03:22.261#信息>>[IDCR_Initialize]获取身份证阅读器波特率失败, [SDT_GetCOMBaud]返回值：[0X05]
<<09:03:22.261#信息>>[IDCR_Initialize]设置身份证阅读器波特率失败, [SDT_SetCOMBaud]返回值：[0X01]
<<09:03:22.261#信息>>[IDCR_Initialize]端口 3 打开失败, [SDT_OpenPort]返回值：[0X01]
<<09:07:12.517#信息>>[InitializeData]日志保存天数：[30]
<<09:07:12.518#信息>>[InitializeData]GetModuleFileName：[D:\多功能业务柜\Aoto.EMS\Aoto.EMS.MultiSerBox\bin\x86\Debug\]
<<09:07:12.518#信息>>[InitializeData]GetCurrentDirectory：[D:\多功能业务柜\Aoto.EMS\Aoto.EMS.MultiSerBox\bin\x86\Debug]
<<09:07:12.521#信息>>[InitializeData]调用结束
<<09:07:12.523#信息>>[IDCR_Initialize]去掉入参非法字符前lpszConfigXml=<?xml version ="1.0" encoding="utf-8"?><Device>  <DeviceId>IDCard001</DeviceId>  <LogLevel>3</LogLevel></Device>
<<09:07:12.523#信息>>[IDCR_Initialize]去掉入参非法字符后lpszConfigXml=<?xml version ="1.0" encoding="utf-8"?><Device>  <DeviceId>IDCard001</DeviceId>  <LogLevel>3</LogLevel></Device>
<<09:07:12.523#信息>>[IDCR_Initialize]设备标识为：IDCard001,日志级别为：3
<<09:07:12.523#信息>>[IDCR_Initialize]读取串口信息：Com3
<<09:07:12.523#信息>>[IDCR_Initialize]获取身份证阅读器波特率失败, [SDT_GetCOMBaud]返回值：[0X05]
<<09:07:12.524#信息>>[IDCR_Initialize]设置身份证阅读器波特率失败, [SDT_SetCOMBaud]返回值：[0X01]
<<09:07:12.524#信息>>[IDCR_Initialize]端口 3 打开失败, [SDT_OpenPort]返回值：[0X01]
<<09:19:25.792#信息>>[InitializeData]日志保存天数：[30]
<<09:19:25.792#信息>>[InitializeData]GetModuleFileName：[D:\多功能业务柜\Aoto.EMS\Aoto.EMS.MultiSerBox\bin\x86\Debug\]
<<09:19:25.792#信息>>[InitializeData]GetCurrentDirectory：[D:\多功能业务柜\Aoto.EMS\Aoto.EMS.MultiSerBox\bin\x86\Debug]
<<09:19:25.794#信息>>[InitializeData]调用结束
<<09:19:25.796#信息>>[IDCR_Initialize]去掉入参非法字符前lpszConfigXml=<?xml version ="1.0" encoding="utf-8"?><Device>  <DeviceId>IDCard001</DeviceId>  <LogLevel>3</LogLevel></Device>
<<09:19:25.796#信息>>[IDCR_Initialize]去掉入参非法字符后lpszConfigXml=<?xml version ="1.0" encoding="utf-8"?><Device>  <DeviceId>IDCard001</DeviceId>  <LogLevel>3</LogLevel></Device>
<<09:19:25.796#信息>>[IDCR_Initialize]设备标识为：IDCard001,日志级别为：3
<<09:19:25.796#信息>>[IDCR_Initialize]读取串口信息：Com3
<<09:19:25.797#信息>>[IDCR_Initialize]获取身份证阅读器波特率失败, [SDT_GetCOMBaud]返回值：[0X05]
<<09:19:25.797#信息>>[IDCR_Initialize]设置身份证阅读器波特率失败, [SDT_SetCOMBaud]返回值：[0X01]
<<09:19:25.797#信息>>[IDCR_Initialize]端口 3 打开失败, [SDT_OpenPort]返回值：[0X01]
<<09:20:03.362#信息>>[InitializeData]日志保存天数：[30]
<<09:20:03.363#信息>>[InitializeData]GetModuleFileName：[D:\多功能业务柜\Aoto.EMS\Aoto.EMS.MultiSerBox\bin\x86\Debug\]
<<09:20:03.363#信息>>[InitializeData]GetCurrentDirectory：[D:\多功能业务柜\Aoto.EMS\Aoto.EMS.MultiSerBox\bin\x86\Debug]
<<09:20:03.366#信息>>[InitializeData]调用结束
<<09:20:03.367#信息>>[IDCR_Initialize]去掉入参非法字符前lpszConfigXml=<?xml version ="1.0" encoding="utf-8"?><Device>  <DeviceId>IDCard001</DeviceId>  <LogLevel>3</LogLevel></Device>
<<09:20:03.367#信息>>[IDCR_Initialize]去掉入参非法字符后lpszConfigXml=<?xml version ="1.0" encoding="utf-8"?><Device>  <DeviceId>IDCard001</DeviceId>  <LogLevel>3</LogLevel></Device>
<<09:20:03.367#信息>>[IDCR_Initialize]设备标识为：IDCard001,日志级别为：3
<<09:20:03.368#信息>>[IDCR_Initialize]读取串口信息：Com3
<<09:20:03.368#信息>>[IDCR_Initialize]获取身份证阅读器波特率失败, [SDT_GetCOMBaud]返回值：[0X05]
<<09:20:03.368#信息>>[IDCR_Initialize]设置身份证阅读器波特率失败, [SDT_SetCOMBaud]返回值：[0X01]
<<09:20:03.368#信息>>[IDCR_Initialize]端口 3 打开失败, [SDT_OpenPort]返回值：[0X01]
<<09:22:45.743#信息>>[InitializeData]日志保存天数：[30]
<<09:22:45.743#信息>>[InitializeData]GetModuleFileName：[D:\多功能业务柜\Aoto.EMS\Aoto.EMS.MultiSerBox\bin\x86\Debug\]
<<09:22:45.743#信息>>[InitializeData]GetCurrentDirectory：[D:\多功能业务柜\Aoto.EMS\Aoto.EMS.MultiSerBox\bin\x86\Debug]
<<09:22:45.746#信息>>[InitializeData]调用结束
<<09:22:45.748#信息>>[IDCR_Initialize]去掉入参非法字符前lpszConfigXml=<?xml version ="1.0" encoding="utf-8"?><Device>  <DeviceId>IDCard001</DeviceId>  <LogLevel>3</LogLevel></Device>
<<09:22:45.748#信息>>[IDCR_Initialize]去掉入参非法字符后lpszConfigXml=<?xml version ="1.0" encoding="utf-8"?><Device>  <DeviceId>IDCard001</DeviceId>  <LogLevel>3</LogLevel></Device>
<<09:22:45.749#信息>>[IDCR_Initialize]设备标识为：IDCard001,日志级别为：3
<<09:22:45.750#信息>>[IDCR_Initialize]读取串口信息：Com3
<<09:22:45.750#信息>>[IDCR_Initialize]获取身份证阅读器波特率失败, [SDT_GetCOMBaud]返回值：[0X05]
<<09:22:45.750#信息>>[IDCR_Initialize]设置身份证阅读器波特率失败, [SDT_SetCOMBaud]返回值：[0X01]
<<09:22:45.751#信息>>[IDCR_Initialize]端口 3 打开失败, [SDT_OpenPort]返回值：[0X01]
<<09:24:21.852#信息>>[InitializeData]日志保存天数：[30]
<<09:24:21.852#信息>>[InitializeData]GetModuleFileName：[D:\多功能业务柜\Aoto.EMS\Aoto.EMS.MultiSerBox\bin\x86\Debug\]
<<09:24:21.852#信息>>[InitializeData]GetCurrentDirectory：[D:\多功能业务柜\Aoto.EMS\Aoto.EMS.MultiSerBox\bin\x86\Debug]
<<09:24:21.855#信息>>[InitializeData]调用结束
<<09:24:21.856#信息>>[IDCR_Initialize]去掉入参非法字符前lpszConfigXml=<?xml version ="1.0" encoding="utf-8"?><Device>  <DeviceId>IDCard001</DeviceId>  <LogLevel>3</LogLevel></Device>
<<09:24:21.857#信息>>[IDCR_Initialize]去掉入参非法字符后lpszConfigXml=<?xml version ="1.0" encoding="utf-8"?><Device>  <DeviceId>IDCard001</DeviceId>  <LogLevel>3</LogLevel></Device>
<<09:24:21.857#信息>>[IDCR_Initialize]设备标识为：IDCard001,日志级别为：3
<<09:24:21.857#信息>>[IDCR_Initialize]读取串口信息：Com3
<<09:24:21.857#信息>>[IDCR_Initialize]获取身份证阅读器波特率失败, [SDT_GetCOMBaud]返回值：[0X05]
<<09:24:21.857#信息>>[IDCR_Initialize]设置身份证阅读器波特率失败, [SDT_SetCOMBaud]返回值：[0X01]
<<09:24:21.858#信息>>[IDCR_Initialize]端口 3 打开失败, [SDT_OpenPort]返回值：[0X01]
<<09:25:47.163#信息>>[InitializeData]日志保存天数：[30]
<<09:25:47.163#信息>>[InitializeData]GetModuleFileName：[D:\多功能业务柜\Aoto.EMS\Aoto.EMS.MultiSerBox\bin\x86\Debug\]
<<09:25:47.163#信息>>[InitializeData]GetCurrentDirectory：[D:\多功能业务柜\Aoto.EMS\Aoto.EMS.MultiSerBox\bin\x86\Debug]
<<09:25:47.166#信息>>[InitializeData]调用结束
<<09:25:47.168#信息>>[IDCR_Initialize]去掉入参非法字符前lpszConfigXml=<?xml version ="1.0" encoding="utf-8"?><Device>  <DeviceId>IDCard001</DeviceId>  <LogLevel>3</LogLevel></Device>
<<09:25:47.168#信息>>[IDCR_Initialize]去掉入参非法字符后lpszConfigXml=<?xml version ="1.0" encoding="utf-8"?><Device>  <DeviceId>IDCard001</DeviceId>  <LogLevel>3</LogLevel></Device>
<<09:25:47.168#信息>>[IDCR_Initialize]设备标识为：IDCard001,日志级别为：3
<<09:25:47.169#信息>>[IDCR_Initialize]读取串口信息：Com3
<<09:25:47.169#信息>>[IDCR_Initialize]获取身份证阅读器波特率失败, [SDT_GetCOMBaud]返回值：[0X05]
<<09:25:47.169#信息>>[IDCR_Initialize]设置身份证阅读器波特率失败, [SDT_SetCOMBaud]返回值：[0X01]
<<09:25:47.170#信息>>[IDCR_Initialize]端口 3 打开失败, [SDT_OpenPort]返回值：[0X01]
<<09:26:25.586#信息>>[InitializeData]日志保存天数：[30]
<<09:26:25.587#信息>>[InitializeData]GetModuleFileName：[D:\多功能业务柜\Aoto.EMS\Aoto.EMS.MultiSerBox\bin\x86\Debug\]
<<09:26:25.587#信息>>[InitializeData]GetCurrentDirectory：[D:\多功能业务柜\Aoto.EMS\Aoto.EMS.MultiSerBox\bin\x86\Debug]
<<09:26:25.591#信息>>[InitializeData]调用结束
<<09:26:25.594#信息>>[IDCR_Initialize]去掉入参非法字符前lpszConfigXml=<?xml version ="1.0" encoding="utf-8"?><Device>  <DeviceId>IDCard001</DeviceId>  <LogLevel>3</LogLevel></Device>
<<09:26:25.594#信息>>[IDCR_Initialize]去掉入参非法字符后lpszConfigXml=<?xml version ="1.0" encoding="utf-8"?><Device>  <DeviceId>IDCard001</DeviceId>  <LogLevel>3</LogLevel></Device>
<<09:26:25.594#信息>>[IDCR_Initialize]设备标识为：IDCard001,日志级别为：3
<<09:26:25.595#信息>>[IDCR_Initialize]读取串口信息：Com3
<<09:26:25.595#信息>>[IDCR_Initialize]获取身份证阅读器波特率失败, [SDT_GetCOMBaud]返回值：[0X05]
<<09:26:25.595#信息>>[IDCR_Initialize]设置身份证阅读器波特率失败, [SDT_SetCOMBaud]返回值：[0X01]
<<09:26:25.595#信息>>[IDCR_Initialize]端口 3 打开失败, [SDT_OpenPort]返回值：[0X01]
<<09:28:00.794#信息>>[InitializeData]日志保存天数：[30]
<<09:28:00.795#信息>>[InitializeData]GetModuleFileName：[D:\多功能业务柜\Aoto.EMS\Aoto.EMS.MultiSerBox\bin\x86\Debug\]
<<09:28:00.795#信息>>[InitializeData]GetCurrentDirectory：[D:\多功能业务柜\Aoto.EMS\Aoto.EMS.MultiSerBox\bin\x86\Debug]
<<09:28:00.798#信息>>[InitializeData]调用结束
<<09:28:00.800#信息>>[IDCR_Initialize]去掉入参非法字符前lpszConfigXml=<?xml version ="1.0" encoding="utf-8"?><Device>  <DeviceId>IDCard001</DeviceId>  <LogLevel>3</LogLevel></Device>
<<09:28:00.800#信息>>[IDCR_Initialize]去掉入参非法字符后lpszConfigXml=<?xml version ="1.0" encoding="utf-8"?><Device>  <DeviceId>IDCard001</DeviceId>  <LogLevel>3</LogLevel></Device>
<<09:28:00.800#信息>>[IDCR_Initialize]设备标识为：IDCard001,日志级别为：3
<<09:28:00.800#信息>>[IDCR_Initialize]读取串口信息：Com3
<<09:28:00.801#信息>>[IDCR_Initialize]获取身份证阅读器波特率失败, [SDT_GetCOMBaud]返回值：[0X05]
<<09:28:00.801#信息>>[IDCR_Initialize]设置身份证阅读器波特率失败, [SDT_SetCOMBaud]返回值：[0X01]
<<09:28:00.801#信息>>[IDCR_Initialize]端口 3 打开失败, [SDT_OpenPort]返回值：[0X01]
<<09:49:27.799#信息>>[InitializeData]日志保存天数：[30]
<<09:49:27.799#信息>>[InitializeData]GetModuleFileName：[D:\多功能业务柜\Aoto.EMS\Aoto.EMS.MultiSerBox\bin\x86\Debug\]
<<09:49:27.800#信息>>[InitializeData]GetCurrentDirectory：[D:\多功能业务柜\Aoto.EMS\Aoto.EMS.MultiSerBox\bin\x86\Debug]
<<09:49:27.804#信息>>[InitializeData]调用结束
<<09:49:27.806#信息>>[IDCR_Initialize]去掉入参非法字符前lpszConfigXml=<?xml version ="1.0" encoding="utf-8"?><Device>  <DeviceId>IDCard001</DeviceId>  <LogLevel>3</LogLevel></Device>
<<09:49:27.806#信息>>[IDCR_Initialize]去掉入参非法字符后lpszConfigXml=<?xml version ="1.0" encoding="utf-8"?><Device>  <DeviceId>IDCard001</DeviceId>  <LogLevel>3</LogLevel></Device>
<<09:49:27.806#信息>>[IDCR_Initialize]设备标识为：IDCard001,日志级别为：3
<<09:49:27.807#信息>>[IDCR_Initialize]读取串口信息：Com3
<<09:49:27.807#信息>>[IDCR_Initialize]获取身份证阅读器波特率失败, [SDT_GetCOMBaud]返回值：[0X05]
<<09:49:27.807#信息>>[IDCR_Initialize]设置身份证阅读器波特率失败, [SDT_SetCOMBaud]返回值：[0X01]
<<09:49:27.807#信息>>[IDCR_Initialize]端口 3 打开失败, [SDT_OpenPort]返回值：[0X01]
<<09:49:42.649#信息>>[InitializeData]日志保存天数：[30]
<<09:49:42.650#信息>>[InitializeData]GetModuleFileName：[D:\多功能业务柜\Aoto.EMS\Aoto.EMS.MultiSerBox\bin\x86\Debug\]
<<09:49:42.650#信息>>[InitializeData]GetCurrentDirectory：[D:\多功能业务柜\Aoto.EMS\Aoto.EMS.MultiSerBox\bin\x86\Debug]
<<09:49:42.653#信息>>[InitializeData]调用结束
<<09:49:42.655#信息>>[IDCR_Initialize]去掉入参非法字符前lpszConfigXml=<?xml version ="1.0" encoding="utf-8"?><Device>  <DeviceId>IDCard001</DeviceId>  <LogLevel>3</LogLevel></Device>
<<09:49:42.655#信息>>[IDCR_Initialize]去掉入参非法字符后lpszConfigXml=<?xml version ="1.0" encoding="utf-8"?><Device>  <DeviceId>IDCard001</DeviceId>  <LogLevel>3</LogLevel></Device>
<<09:49:42.655#信息>>[IDCR_Initialize]设备标识为：IDCard001,日志级别为：3
<<09:49:42.656#信息>>[IDCR_Initialize]读取串口信息：Com3
<<09:49:42.656#信息>>[IDCR_Initialize]获取身份证阅读器波特率失败, [SDT_GetCOMBaud]返回值：[0X05]
<<09:49:42.656#信息>>[IDCR_Initialize]设置身份证阅读器波特率失败, [SDT_SetCOMBaud]返回值：[0X01]
<<09:49:42.657#信息>>[IDCR_Initialize]端口 3 打开失败, [SDT_OpenPort]返回值：[0X01]
<<09:52:55.867#信息>>[InitializeData]日志保存天数：[30]
<<09:52:55.867#信息>>[InitializeData]GetModuleFileName：[D:\多功能业务柜\Aoto.EMS\Aoto.EMS.MultiSerBox\bin\x86\Debug\]
<<09:52:55.868#信息>>[InitializeData]GetCurrentDirectory：[D:\多功能业务柜\Aoto.EMS\Aoto.EMS.MultiSerBox\bin\x86\Debug]
<<09:52:55.870#信息>>[InitializeData]调用结束
<<09:52:55.871#信息>>[IDCR_Initialize]去掉入参非法字符前lpszConfigXml=<?xml version ="1.0" encoding="utf-8"?><Device>  <DeviceId>IDCard001</DeviceId>  <LogLevel>3</LogLevel></Device>
<<09:52:55.871#信息>>[IDCR_Initialize]去掉入参非法字符后lpszConfigXml=<?xml version ="1.0" encoding="utf-8"?><Device>  <DeviceId>IDCard001</DeviceId>  <LogLevel>3</LogLevel></Device>
<<09:52:55.872#信息>>[IDCR_Initialize]设备标识为：IDCard001,日志级别为：3
<<09:52:55.872#信息>>[IDCR_Initialize]读取串口信息：Com3
<<09:52:55.872#信息>>[IDCR_Initialize]获取身份证阅读器波特率失败, [SDT_GetCOMBaud]返回值：[0X05]
<<09:52:55.872#信息>>[IDCR_Initialize]设置身份证阅读器波特率失败, [SDT_SetCOMBaud]返回值：[0X01]
<<09:52:55.872#信息>>[IDCR_Initialize]端口 3 打开失败, [SDT_OpenPort]返回值：[0X01]
<<09:57:04.255#信息>>[InitializeData]日志保存天数：[30]
<<09:57:04.256#信息>>[InitializeData]GetModuleFileName：[D:\多功能业务柜\Aoto.EMS\Aoto.EMS.MultiSerBox\bin\x86\Debug\]
<<09:57:04.256#信息>>[InitializeData]GetCurrentDirectory：[D:\多功能业务柜\Aoto.EMS\Aoto.EMS.MultiSerBox\bin\x86\Debug]
<<09:57:04.259#信息>>[InitializeData]调用结束
<<09:57:04.261#信息>>[IDCR_Initialize]去掉入参非法字符前lpszConfigXml=<?xml version ="1.0" encoding="utf-8"?><Device>  <DeviceId>IDCard001</DeviceId>  <LogLevel>3</LogLevel></Device>
<<09:57:04.261#信息>>[IDCR_Initialize]去掉入参非法字符后lpszConfigXml=<?xml version ="1.0" encoding="utf-8"?><Device>  <DeviceId>IDCard001</DeviceId>  <LogLevel>3</LogLevel></Device>
<<09:57:04.261#信息>>[IDCR_Initialize]设备标识为：IDCard001,日志级别为：3
<<09:57:04.262#信息>>[IDCR_Initialize]读取串口信息：Com3
<<09:57:04.262#信息>>[IDCR_Initialize]获取身份证阅读器波特率失败, [SDT_GetCOMBaud]返回值：[0X05]
<<09:57:04.263#信息>>[IDCR_Initialize]设置身份证阅读器波特率失败, [SDT_SetCOMBaud]返回值：[0X01]
<<09:57:04.263#信息>>[IDCR_Initialize]端口 3 打开失败, [SDT_OpenPort]返回值：[0X01]
<<10:53:55.593#信息>>[InitializeData]日志保存天数：[30]
<<10:53:55.593#信息>>[InitializeData]GetModuleFileName：[D:\多功能业务柜\Aoto.EMS\Aoto.EMS.MultiSerBox\bin\x86\Debug\]
<<10:53:55.593#信息>>[InitializeData]GetCurrentDirectory：[D:\多功能业务柜\Aoto.EMS\Aoto.EMS.MultiSerBox\bin\x86\Debug]
<<10:53:55.596#信息>>[InitializeData]调用结束
<<10:53:55.599#信息>>[IDCR_Initialize]去掉入参非法字符前lpszConfigXml=<?xml version ="1.0" encoding="utf-8"?><Device>  <DeviceId>IDCard001</DeviceId>  <LogLevel>3</LogLevel></Device>
<<10:53:55.599#信息>>[IDCR_Initialize]去掉入参非法字符后lpszConfigXml=<?xml version ="1.0" encoding="utf-8"?><Device>  <DeviceId>IDCard001</DeviceId>  <LogLevel>3</LogLevel></Device>
<<10:53:55.599#信息>>[IDCR_Initialize]设备标识为：IDCard001,日志级别为：3
<<10:53:55.600#信息>>[IDCR_Initialize]读取串口信息：Com3
<<10:53:55.600#信息>>[IDCR_Initialize]获取身份证阅读器波特率失败, [SDT_GetCOMBaud]返回值：[0X05]
<<10:53:55.600#信息>>[IDCR_Initialize]设置身份证阅读器波特率失败, [SDT_SetCOMBaud]返回值：[0X01]
<<10:53:55.600#信息>>[IDCR_Initialize]端口 3 打开失败, [SDT_OpenPort]返回值：[0X01]
<<10:54:18.012#信息>>[InitializeData]日志保存天数：[30]
<<10:54:18.013#信息>>[InitializeData]GetModuleFileName：[D:\多功能业务柜\Aoto.EMS\Aoto.EMS.MultiSerBox\bin\x86\Debug\]
<<10:54:18.013#信息>>[InitializeData]GetCurrentDirectory：[D:\多功能业务柜\Aoto.EMS\Aoto.EMS.MultiSerBox\bin\x86\Debug]
<<10:54:18.016#信息>>[InitializeData]调用结束
<<10:54:18.017#信息>>[IDCR_Initialize]去掉入参非法字符前lpszConfigXml=<?xml version ="1.0" encoding="utf-8"?><Device>  <DeviceId>IDCard001</DeviceId>  <LogLevel>3</LogLevel></Device>
<<10:54:18.018#信息>>[IDCR_Initialize]去掉入参非法字符后lpszConfigXml=<?xml version ="1.0" encoding="utf-8"?><Device>  <DeviceId>IDCard001</DeviceId>  <LogLevel>3</LogLevel></Device>
<<10:54:18.018#信息>>[IDCR_Initialize]设备标识为：IDCard001,日志级别为：3
<<10:54:18.018#信息>>[IDCR_Initialize]读取串口信息：Com3
<<10:54:18.018#信息>>[IDCR_Initialize]获取身份证阅读器波特率失败, [SDT_GetCOMBaud]返回值：[0X05]
<<10:54:18.018#信息>>[IDCR_Initialize]设置身份证阅读器波特率失败, [SDT_SetCOMBaud]返回值：[0X01]
<<10:54:18.018#信息>>[IDCR_Initialize]端口 3 打开失败, [SDT_OpenPort]返回值：[0X01]
<<11:55:24.228#信息>>[InitializeData]日志保存天数：[30]
<<11:55:24.228#信息>>[InitializeData]GetModuleFileName：[D:\多功能业务柜\Aoto.EMS\Aoto.EMS.MultiSerBox\bin\x86\Debug\]
<<11:55:24.229#信息>>[InitializeData]GetCurrentDirectory：[D:\多功能业务柜\Aoto.EMS\Aoto.EMS.MultiSerBox\bin\x86\Debug]
<<11:55:24.231#信息>>[InitializeData]调用结束
<<11:55:24.233#信息>>[IDCR_Initialize]去掉入参非法字符前lpszConfigXml=<?xml version ="1.0" encoding="utf-8"?><Device>  <DeviceId>IDCard001</DeviceId>  <LogLevel>3</LogLevel></Device>
<<11:55:24.233#信息>>[IDCR_Initialize]去掉入参非法字符后lpszConfigXml=<?xml version ="1.0" encoding="utf-8"?><Device>  <DeviceId>IDCard001</DeviceId>  <LogLevel>3</LogLevel></Device>
<<11:55:24.233#信息>>[IDCR_Initialize]设备标识为：IDCard001,日志级别为：3
<<11:55:24.233#信息>>[IDCR_Initialize]读取串口信息：Com3
<<11:55:24.233#信息>>[IDCR_Initialize]获取身份证阅读器波特率失败, [SDT_GetCOMBaud]返回值：[0X05]
<<11:55:24.233#信息>>[IDCR_Initialize]设置身份证阅读器波特率失败, [SDT_SetCOMBaud]返回值：[0X01]
<<11:55:24.234#信息>>[IDCR_Initialize]端口 3 打开失败, [SDT_OpenPort]返回值：[0X01]
<<11:56:57.001#信息>>[InitializeData]日志保存天数：[30]
<<11:56:57.001#信息>>[InitializeData]GetModuleFileName：[D:\多功能业务柜\Aoto.EMS\Aoto.EMS.MultiSerBox\bin\x86\Debug\]
<<11:56:57.001#信息>>[InitializeData]GetCurrentDirectory：[D:\多功能业务柜\Aoto.EMS\Aoto.EMS.MultiSerBox\bin\x86\Debug]
<<11:56:57.004#信息>>[InitializeData]调用结束
<<11:56:57.006#信息>>[IDCR_Initialize]去掉入参非法字符前lpszConfigXml=<?xml version ="1.0" encoding="utf-8"?><Device>  <DeviceId>IDCard001</DeviceId>  <LogLevel>3</LogLevel></Device>
<<11:56:57.006#信息>>[IDCR_Initialize]去掉入参非法字符后lpszConfigXml=<?xml version ="1.0" encoding="utf-8"?><Device>  <DeviceId>IDCard001</DeviceId>  <LogLevel>3</LogLevel></Device>
<<11:56:57.007#信息>>[IDCR_Initialize]设备标识为：IDCard001,日志级别为：3
<<11:56:57.007#信息>>[IDCR_Initialize]读取串口信息：Com3
<<11:56:57.007#信息>>[IDCR_Initialize]获取身份证阅读器波特率失败, [SDT_GetCOMBaud]返回值：[0X05]
<<11:56:57.008#信息>>[IDCR_Initialize]设置身份证阅读器波特率失败, [SDT_SetCOMBaud]返回值：[0X01]
<<11:56:57.008#信息>>[IDCR_Initialize]端口 3 打开失败, [SDT_OpenPort]返回值：[0X01]
<<11:57:55.244#信息>>[InitializeData]日志保存天数：[30]
<<11:57:55.244#信息>>[InitializeData]GetModuleFileName：[D:\多功能业务柜\Aoto.EMS\Aoto.EMS.MultiSerBox\bin\x86\Debug\]
<<11:57:55.244#信息>>[InitializeData]GetCurrentDirectory：[D:\多功能业务柜\Aoto.EMS\Aoto.EMS.MultiSerBox\bin\x86\Debug]
<<11:57:55.248#信息>>[InitializeData]调用结束
<<11:57:55.250#信息>>[IDCR_Initialize]去掉入参非法字符前lpszConfigXml=<?xml version ="1.0" encoding="utf-8"?><Device>  <DeviceId>IDCard001</DeviceId>  <LogLevel>3</LogLevel></Device>
<<11:57:55.250#信息>>[IDCR_Initialize]去掉入参非法字符后lpszConfigXml=<?xml version ="1.0" encoding="utf-8"?><Device>  <DeviceId>IDCard001</DeviceId>  <LogLevel>3</LogLevel></Device>
<<11:57:55.250#信息>>[IDCR_Initialize]设备标识为：IDCard001,日志级别为：3
<<11:57:55.251#信息>>[IDCR_Initialize]读取串口信息：Com3
<<11:57:55.251#信息>>[IDCR_Initialize]获取身份证阅读器波特率失败, [SDT_GetCOMBaud]返回值：[0X05]
<<11:57:55.251#信息>>[IDCR_Initialize]设置身份证阅读器波特率失败, [SDT_SetCOMBaud]返回值：[0X01]
<<11:57:55.251#信息>>[IDCR_Initialize]端口 3 打开失败, [SDT_OpenPort]返回值：[0X01]
<<13:07:14.328#信息>>[InitializeData]日志保存天数：[30]
<<13:07:14.329#信息>>[InitializeData]GetModuleFileName：[D:\多功能业务柜\Aoto.EMS\Aoto.EMS.MultiSerBox\bin\x86\Debug\]
<<13:07:14.329#信息>>[InitializeData]GetCurrentDirectory：[D:\多功能业务柜\Aoto.EMS\Aoto.EMS.MultiSerBox\bin\x86\Debug]
<<13:07:14.377#信息>>[InitializeData]调用结束
<<13:07:14.379#信息>>[IDCR_Initialize]去掉入参非法字符前lpszConfigXml=<?xml version ="1.0" encoding="utf-8"?><Device>  <DeviceId>IDCard001</DeviceId>  <LogLevel>3</LogLevel></Device>
<<13:07:14.379#信息>>[IDCR_Initialize]去掉入参非法字符后lpszConfigXml=<?xml version ="1.0" encoding="utf-8"?><Device>  <DeviceId>IDCard001</DeviceId>  <LogLevel>3</LogLevel></Device>
<<13:07:14.379#信息>>[IDCR_Initialize]设备标识为：IDCard001,日志级别为：3
<<13:07:14.380#信息>>[IDCR_Initialize]读取串口信息：Com3
<<13:07:14.380#信息>>[IDCR_Initialize]获取身份证阅读器波特率失败, [SDT_GetCOMBaud]返回值：[0X05]
<<13:07:14.380#信息>>[IDCR_Initialize]设置身份证阅读器波特率失败, [SDT_SetCOMBaud]返回值：[0X01]
<<13:07:14.380#信息>>[IDCR_Initialize]端口 3 打开失败, [SDT_OpenPort]返回值：[0X01]
<<13:16:53.762#信息>>[InitializeData]日志保存天数：[30]
<<13:16:53.762#信息>>[InitializeData]GetModuleFileName：[D:\多功能业务柜\Aoto.EMS\Aoto.EMS.MultiSerBox\bin\x86\Debug\]
<<13:16:53.763#信息>>[InitializeData]GetCurrentDirectory：[D:\多功能业务柜\Aoto.EMS\Aoto.EMS.MultiSerBox\bin\x86\Debug]
<<13:16:53.765#信息>>[InitializeData]调用结束
<<13:16:53.766#信息>>[IDCR_Initialize]去掉入参非法字符前lpszConfigXml=<?xml version ="1.0" encoding="utf-8"?><Device>  <DeviceId>IDCard001</DeviceId>  <LogLevel>3</LogLevel></Device>
<<13:16:53.767#信息>>[IDCR_Initialize]去掉入参非法字符后lpszConfigXml=<?xml version ="1.0" encoding="utf-8"?><Device>  <DeviceId>IDCard001</DeviceId>  <LogLevel>3</LogLevel></Device>
<<13:16:53.767#信息>>[IDCR_Initialize]设备标识为：IDCard001,日志级别为：3
<<13:16:53.767#信息>>[IDCR_Initialize]读取串口信息：Com3
<<13:16:53.767#信息>>[IDCR_Initialize]获取身份证阅读器波特率失败, [SDT_GetCOMBaud]返回值：[0X05]
<<13:16:53.768#信息>>[IDCR_Initialize]设置身份证阅读器波特率失败, [SDT_SetCOMBaud]返回值：[0X01]
<<13:16:53.768#信息>>[IDCR_Initialize]端口 3 打开失败, [SDT_OpenPort]返回值：[0X01]
<<13:25:18.290#信息>>[InitializeData]日志保存天数：[30]
<<13:25:18.290#信息>>[InitializeData]GetModuleFileName：[D:\多功能业务柜\Aoto.EMS\Aoto.EMS.MultiSerBox\bin\x86\Debug\]
<<13:25:18.291#信息>>[InitializeData]GetCurrentDirectory：[D:\多功能业务柜\Aoto.EMS\Aoto.EMS.MultiSerBox\bin\x86\Debug]
<<13:25:18.295#信息>>[InitializeData]调用结束
<<13:25:18.297#信息>>[IDCR_Initialize]去掉入参非法字符前lpszConfigXml=<?xml version ="1.0" encoding="utf-8"?><Device>  <DeviceId>IDCard001</DeviceId>  <LogLevel>3</LogLevel></Device>
<<13:25:18.297#信息>>[IDCR_Initialize]去掉入参非法字符后lpszConfigXml=<?xml version ="1.0" encoding="utf-8"?><Device>  <DeviceId>IDCard001</DeviceId>  <LogLevel>3</LogLevel></Device>
<<13:25:18.297#信息>>[IDCR_Initialize]设备标识为：IDCard001,日志级别为：3
<<13:25:18.297#信息>>[IDCR_Initialize]读取串口信息：Com3
<<13:25:18.297#信息>>[IDCR_Initialize]获取身份证阅读器波特率失败, [SDT_GetCOMBaud]返回值：[0X05]
<<13:25:18.298#信息>>[IDCR_Initialize]设置身份证阅读器波特率失败, [SDT_SetCOMBaud]返回值：[0X01]
<<13:25:18.298#信息>>[IDCR_Initialize]端口 3 打开失败, [SDT_OpenPort]返回值：[0X01]
<<13:25:44.273#信息>>[InitializeData]日志保存天数：[30]
<<13:25:44.273#信息>>[InitializeData]GetModuleFileName：[D:\多功能业务柜\Aoto.EMS\Aoto.EMS.MultiSerBox\bin\x86\Debug\]
<<13:25:44.273#信息>>[InitializeData]GetCurrentDirectory：[D:\多功能业务柜\Aoto.EMS\Aoto.EMS.MultiSerBox\bin\x86\Debug]
<<13:25:44.276#信息>>[InitializeData]调用结束
<<13:25:44.277#信息>>[IDCR_Initialize]去掉入参非法字符前lpszConfigXml=<?xml version ="1.0" encoding="utf-8"?><Device>  <DeviceId>IDCard001</DeviceId>  <LogLevel>3</LogLevel></Device>
<<13:25:44.278#信息>>[IDCR_Initialize]去掉入参非法字符后lpszConfigXml=<?xml version ="1.0" encoding="utf-8"?><Device>  <DeviceId>IDCard001</DeviceId>  <LogLevel>3</LogLevel></Device>
<<13:25:44.278#信息>>[IDCR_Initialize]设备标识为：IDCard001,日志级别为：3
<<13:25:44.278#信息>>[IDCR_Initialize]读取串口信息：Com3
<<13:25:44.278#信息>>[IDCR_Initialize]获取身份证阅读器波特率失败, [SDT_GetCOMBaud]返回值：[0X05]
<<13:25:44.278#信息>>[IDCR_Initialize]设置身份证阅读器波特率失败, [SDT_SetCOMBaud]返回值：[0X01]
<<13:25:44.279#信息>>[IDCR_Initialize]端口 3 打开失败, [SDT_OpenPort]返回值：[0X01]
<<13:31:13.749#信息>>[InitializeData]日志保存天数：[30]
<<13:31:13.749#信息>>[InitializeData]GetModuleFileName：[D:\多功能业务柜\Aoto.EMS\Aoto.EMS.MultiSerBox\bin\x86\Debug\]
<<13:31:13.749#信息>>[InitializeData]GetCurrentDirectory：[D:\多功能业务柜\Aoto.EMS\Aoto.EMS.MultiSerBox\bin\x86\Debug]
<<13:31:13.752#信息>>[InitializeData]调用结束
<<13:31:13.754#信息>>[IDCR_Initialize]去掉入参非法字符前lpszConfigXml=<?xml version ="1.0" encoding="utf-8"?><Device>  <DeviceId>IDCard001</DeviceId>  <LogLevel>3</LogLevel></Device>
<<13:31:13.754#信息>>[IDCR_Initialize]去掉入参非法字符后lpszConfigXml=<?xml version ="1.0" encoding="utf-8"?><Device>  <DeviceId>IDCard001</DeviceId>  <LogLevel>3</LogLevel></Device>
<<13:31:13.755#信息>>[IDCR_Initialize]设备标识为：IDCard001,日志级别为：3
<<13:31:13.755#信息>>[IDCR_Initialize]读取串口信息：Com3
<<13:31:13.756#信息>>[IDCR_Initialize]获取身份证阅读器波特率失败, [SDT_GetCOMBaud]返回值：[0X05]
<<13:31:13.756#信息>>[IDCR_Initialize]设置身份证阅读器波特率失败, [SDT_SetCOMBaud]返回值：[0X01]
<<13:31:13.756#信息>>[IDCR_Initialize]端口 3 打开失败, [SDT_OpenPort]返回值：[0X01]
<<13:34:23.824#信息>>[InitializeData]日志保存天数：[30]
<<13:34:23.825#信息>>[InitializeData]GetModuleFileName：[D:\多功能业务柜\Aoto.EMS\Aoto.EMS.MultiSerBox\bin\x86\Debug\]
<<13:34:23.825#信息>>[InitializeData]GetCurrentDirectory：[D:\多功能业务柜\Aoto.EMS\Aoto.EMS.MultiSerBox\bin\x86\Debug]
<<13:34:23.828#信息>>[InitializeData]调用结束
<<13:34:23.830#信息>>[IDCR_Initialize]去掉入参非法字符前lpszConfigXml=<?xml version ="1.0" encoding="utf-8"?><Device>  <DeviceId>IDCard001</DeviceId>  <LogLevel>3</LogLevel></Device>
<<13:34:23.830#信息>>[IDCR_Initialize]去掉入参非法字符后lpszConfigXml=<?xml version ="1.0" encoding="utf-8"?><Device>  <DeviceId>IDCard001</DeviceId>  <LogLevel>3</LogLevel></Device>
<<13:34:23.830#信息>>[IDCR_Initialize]设备标识为：IDCard001,日志级别为：3
<<13:34:23.830#信息>>[IDCR_Initialize]读取串口信息：Com3
<<13:34:23.831#信息>>[IDCR_Initialize]获取身份证阅读器波特率失败, [SDT_GetCOMBaud]返回值：[0X05]
<<13:34:23.831#信息>>[IDCR_Initialize]设置身份证阅读器波特率失败, [SDT_SetCOMBaud]返回值：[0X01]
<<13:34:23.831#信息>>[IDCR_Initialize]端口 3 打开失败, [SDT_OpenPort]返回值：[0X01]
<<13:35:07.364#信息>>[InitializeData]日志保存天数：[30]
<<13:35:07.365#信息>>[InitializeData]GetModuleFileName：[D:\多功能业务柜\Aoto.EMS\Aoto.EMS.MultiSerBox\bin\x86\Debug\]
<<13:35:07.365#信息>>[InitializeData]GetCurrentDirectory：[D:\多功能业务柜\Aoto.EMS\Aoto.EMS.MultiSerBox\bin\x86\Debug]
<<13:35:07.368#信息>>[InitializeData]调用结束
<<13:35:07.370#信息>>[IDCR_Initialize]去掉入参非法字符前lpszConfigXml=<?xml version ="1.0" encoding="utf-8"?><Device>  <DeviceId>IDCard001</DeviceId>  <LogLevel>3</LogLevel></Device>
<<13:35:07.370#信息>>[IDCR_Initialize]去掉入参非法字符后lpszConfigXml=<?xml version ="1.0" encoding="utf-8"?><Device>  <DeviceId>IDCard001</DeviceId>  <LogLevel>3</LogLevel></Device>
<<13:35:07.370#信息>>[IDCR_Initialize]设备标识为：IDCard001,日志级别为：3
<<13:35:07.370#信息>>[IDCR_Initialize]读取串口信息：Com3
<<13:35:07.370#信息>>[IDCR_Initialize]获取身份证阅读器波特率失败, [SDT_GetCOMBaud]返回值：[0X05]
<<13:35:07.371#信息>>[IDCR_Initialize]设置身份证阅读器波特率失败, [SDT_SetCOMBaud]返回值：[0X01]
<<13:35:07.371#信息>>[IDCR_Initialize]端口 3 打开失败, [SDT_OpenPort]返回值：[0X01]
<<14:26:59.655#信息>>[InitializeData]日志保存天数：[30]
<<14:26:59.655#信息>>[InitializeData]GetModuleFileName：[D:\多功能业务柜\Aoto.EMS\Aoto.EMS.MultiSerBox\bin\x86\Debug\]
<<14:26:59.656#信息>>[InitializeData]GetCurrentDirectory：[D:\多功能业务柜\Aoto.EMS\Aoto.EMS.MultiSerBox\bin\x86\Debug]
<<14:26:59.658#信息>>[InitializeData]调用结束
<<14:26:59.660#信息>>[IDCR_Initialize]去掉入参非法字符前lpszConfigXml=<?xml version ="1.0" encoding="utf-8"?><Device>  <DeviceId>IDCard001</DeviceId>  <LogLevel>3</LogLevel></Device>
<<14:26:59.660#信息>>[IDCR_Initialize]去掉入参非法字符后lpszConfigXml=<?xml version ="1.0" encoding="utf-8"?><Device>  <DeviceId>IDCard001</DeviceId>  <LogLevel>3</LogLevel></Device>
<<14:26:59.660#信息>>[IDCR_Initialize]设备标识为：IDCard001,日志级别为：3
<<14:26:59.660#信息>>[IDCR_Initialize]读取串口信息：Com3
<<14:26:59.660#信息>>[IDCR_Initialize]获取身份证阅读器波特率失败, [SDT_GetCOMBaud]返回值：[0X05]
<<14:26:59.661#信息>>[IDCR_Initialize]设置身份证阅读器波特率失败, [SDT_SetCOMBaud]返回值：[0X01]
<<14:26:59.661#信息>>[IDCR_Initialize]端口 3 打开失败, [SDT_OpenPort]返回值：[0X01]
<<14:40:25.574#信息>>[InitializeData]日志保存天数：[30]
<<14:40:25.574#信息>>[InitializeData]GetModuleFileName：[D:\多功能业务柜\Aoto.EMS\Aoto.EMS.MultiSerBox\bin\x86\Debug\]
<<14:40:25.574#信息>>[InitializeData]GetCurrentDirectory：[D:\多功能业务柜\Aoto.EMS\Aoto.EMS.MultiSerBox\bin\x86\Debug]
<<14:40:25.578#信息>>[InitializeData]调用结束
<<14:40:25.580#信息>>[IDCR_Initialize]去掉入参非法字符前lpszConfigXml=<?xml version ="1.0" encoding="utf-8"?><Device>  <DeviceId>IDCard001</DeviceId>  <LogLevel>3</LogLevel></Device>
<<14:40:25.580#信息>>[IDCR_Initialize]去掉入参非法字符后lpszConfigXml=<?xml version ="1.0" encoding="utf-8"?><Device>  <DeviceId>IDCard001</DeviceId>  <LogLevel>3</LogLevel></Device>
<<14:40:25.580#信息>>[IDCR_Initialize]设备标识为：IDCard001,日志级别为：3
<<14:40:25.580#信息>>[IDCR_Initialize]读取串口信息：Com3
<<14:40:25.581#信息>>[IDCR_Initialize]获取身份证阅读器波特率失败, [SDT_GetCOMBaud]返回值：[0X05]
<<14:40:25.581#信息>>[IDCR_Initialize]设置身份证阅读器波特率失败, [SDT_SetCOMBaud]返回值：[0X01]
<<14:40:25.581#信息>>[IDCR_Initialize]端口 3 打开失败, [SDT_OpenPort]返回值：[0X01]
<<14:42:50.448#信息>>[InitializeData]日志保存天数：[30]
<<14:42:50.448#信息>>[InitializeData]GetModuleFileName：[D:\多功能业务柜\Aoto.EMS\Aoto.EMS.MultiSerBox\bin\x86\Debug\]
<<14:42:50.449#信息>>[InitializeData]GetCurrentDirectory：[D:\多功能业务柜\Aoto.EMS\Aoto.EMS.MultiSerBox\bin\x86\Debug]
<<14:42:50.450#信息>>[InitializeData]调用结束
<<14:42:50.452#信息>>[IDCR_Initialize]去掉入参非法字符前lpszConfigXml=<?xml version ="1.0" encoding="utf-8"?><Device>  <DeviceId>IDCard001</DeviceId>  <LogLevel>3</LogLevel></Device>
<<14:42:50.452#信息>>[IDCR_Initialize]去掉入参非法字符后lpszConfigXml=<?xml version ="1.0" encoding="utf-8"?><Device>  <DeviceId>IDCard001</DeviceId>  <LogLevel>3</LogLevel></Device>
<<14:42:50.452#信息>>[IDCR_Initialize]设备标识为：IDCard001,日志级别为：3
<<14:42:50.452#信息>>[IDCR_Initialize]读取串口信息：Com3
<<14:42:50.452#信息>>[IDCR_Initialize]获取身份证阅读器波特率失败, [SDT_GetCOMBaud]返回值：[0X05]
<<14:42:50.452#信息>>[IDCR_Initialize]设置身份证阅读器波特率失败, [SDT_SetCOMBaud]返回值：[0X01]
<<14:42:50.453#信息>>[IDCR_Initialize]端口 3 打开失败, [SDT_OpenPort]返回值：[0X01]
<<14:46:47.894#信息>>[InitializeData]日志保存天数：[30]
<<14:46:47.894#信息>>[InitializeData]GetModuleFileName：[D:\多功能业务柜\Aoto.EMS\Aoto.EMS.MultiSerBox\bin\x86\Debug\]
<<14:46:47.894#信息>>[InitializeData]GetCurrentDirectory：[D:\多功能业务柜\Aoto.EMS\Aoto.EMS.MultiSerBox\bin\x86\Debug]
<<14:46:47.897#信息>>[InitializeData]调用结束
<<14:46:47.899#信息>>[IDCR_Initialize]去掉入参非法字符前lpszConfigXml=<?xml version ="1.0" encoding="utf-8"?><Device>  <DeviceId>IDCard001</DeviceId>  <LogLevel>3</LogLevel></Device>
<<14:46:47.899#信息>>[IDCR_Initialize]去掉入参非法字符后lpszConfigXml=<?xml version ="1.0" encoding="utf-8"?><Device>  <DeviceId>IDCard001</DeviceId>  <LogLevel>3</LogLevel></Device>
<<14:46:47.899#信息>>[IDCR_Initialize]设备标识为：IDCard001,日志级别为：3
<<14:46:47.900#信息>>[IDCR_Initialize]读取串口信息：Com3
<<14:46:47.900#信息>>[IDCR_Initialize]获取身份证阅读器波特率失败, [SDT_GetCOMBaud]返回值：[0X05]
<<14:46:47.900#信息>>[IDCR_Initialize]设置身份证阅读器波特率失败, [SDT_SetCOMBaud]返回值：[0X01]
<<14:46:47.900#信息>>[IDCR_Initialize]端口 3 打开失败, [SDT_OpenPort]返回值：[0X01]
<<14:57:15.622#信息>>[InitializeData]日志保存天数：[30]
<<14:57:15.623#信息>>[InitializeData]GetModuleFileName：[D:\多功能业务柜\Aoto.EMS\Aoto.EMS.MultiSerBox\bin\x86\Debug\]
<<14:57:15.623#信息>>[InitializeData]GetCurrentDirectory：[D:\多功能业务柜\Aoto.EMS\Aoto.EMS.MultiSerBox\bin\x86\Debug]
<<14:57:15.626#信息>>[InitializeData]调用结束
<<14:57:15.629#信息>>[IDCR_Initialize]去掉入参非法字符前lpszConfigXml=<?xml version ="1.0" encoding="utf-8"?><Device>  <DeviceId>IDCard001</DeviceId>  <LogLevel>3</LogLevel></Device>
<<14:57:15.629#信息>>[IDCR_Initialize]去掉入参非法字符后lpszConfigXml=<?xml version ="1.0" encoding="utf-8"?><Device>  <DeviceId>IDCard001</DeviceId>  <LogLevel>3</LogLevel></Device>
<<14:57:15.629#信息>>[IDCR_Initialize]设备标识为：IDCard001,日志级别为：3
<<14:57:15.630#信息>>[IDCR_Initialize]读取串口信息：Com3
<<14:57:15.630#信息>>[IDCR_Initialize]获取身份证阅读器波特率失败, [SDT_GetCOMBaud]返回值：[0X05]
<<14:57:15.630#信息>>[IDCR_Initialize]设置身份证阅读器波特率失败, [SDT_SetCOMBaud]返回值：[0X01]
<<14:57:15.630#信息>>[IDCR_Initialize]端口 3 打开失败, [SDT_OpenPort]返回值：[0X01]
<<15:01:46.785#信息>>[InitializeData]日志保存天数：[30]
<<15:01:46.785#信息>>[InitializeData]GetModuleFileName：[D:\多功能业务柜\Aoto.EMS\Aoto.EMS.MultiSerBox\bin\x86\Debug\]
<<15:01:46.785#信息>>[InitializeData]GetCurrentDirectory：[D:\多功能业务柜\Aoto.EMS\Aoto.EMS.MultiSerBox\bin\x86\Debug]
<<15:01:46.788#信息>>[InitializeData]调用结束
<<15:01:46.789#信息>>[IDCR_Initialize]去掉入参非法字符前lpszConfigXml=<?xml version ="1.0" encoding="utf-8"?><Device>  <DeviceId>IDCard001</DeviceId>  <LogLevel>3</LogLevel></Device>
<<15:01:46.790#信息>>[IDCR_Initialize]去掉入参非法字符后lpszConfigXml=<?xml version ="1.0" encoding="utf-8"?><Device>  <DeviceId>IDCard001</DeviceId>  <LogLevel>3</LogLevel></Device>
<<15:01:46.790#信息>>[IDCR_Initialize]设备标识为：IDCard001,日志级别为：3
<<15:01:46.790#信息>>[IDCR_Initialize]读取串口信息：Com3
<<15:01:46.790#信息>>[IDCR_Initialize]获取身份证阅读器波特率失败, [SDT_GetCOMBaud]返回值：[0X05]
<<15:01:46.790#信息>>[IDCR_Initialize]设置身份证阅读器波特率失败, [SDT_SetCOMBaud]返回值：[0X01]
<<15:01:46.790#信息>>[IDCR_Initialize]端口 3 打开失败, [SDT_OpenPort]返回值：[0X01]
<<15:02:47.517#信息>>[InitializeData]日志保存天数：[30]
<<15:02:47.518#信息>>[InitializeData]GetModuleFileName：[D:\多功能业务柜\Aoto.EMS\Aoto.EMS.MultiSerBox\bin\x86\Debug\]
<<15:02:47.518#信息>>[InitializeData]GetCurrentDirectory：[D:\多功能业务柜\Aoto.EMS\Aoto.EMS.MultiSerBox\bin\x86\Debug]
<<15:02:47.521#信息>>[InitializeData]调用结束
<<15:02:47.522#信息>>[IDCR_Initialize]去掉入参非法字符前lpszConfigXml=<?xml version ="1.0" encoding="utf-8"?><Device>  <DeviceId>IDCard001</DeviceId>  <LogLevel>3</LogLevel></Device>
<<15:02:47.522#信息>>[IDCR_Initialize]去掉入参非法字符后lpszConfigXml=<?xml version ="1.0" encoding="utf-8"?><Device>  <DeviceId>IDCard001</DeviceId>  <LogLevel>3</LogLevel></Device>
<<15:02:47.522#信息>>[IDCR_Initialize]设备标识为：IDCard001,日志级别为：3
<<15:02:47.523#信息>>[IDCR_Initialize]读取串口信息：Com3
<<15:02:47.523#信息>>[IDCR_Initialize]获取身份证阅读器波特率失败, [SDT_GetCOMBaud]返回值：[0X05]
<<15:02:47.523#信息>>[IDCR_Initialize]设置身份证阅读器波特率失败, [SDT_SetCOMBaud]返回值：[0X01]
<<15:02:47.523#信息>>[IDCR_Initialize]端口 3 打开失败, [SDT_OpenPort]返回值：[0X01]
<<15:07:37.774#信息>>[InitializeData]日志保存天数：[30]
<<15:07:37.774#信息>>[InitializeData]GetModuleFileName：[D:\多功能业务柜\Aoto.EMS\Aoto.EMS.MultiSerBox\bin\x86\Debug\]
<<15:07:37.774#信息>>[InitializeData]GetCurrentDirectory：[D:\多功能业务柜\Aoto.EMS\Aoto.EMS.MultiSerBox\bin\x86\Debug]
<<15:07:37.777#信息>>[InitializeData]调用结束
<<15:07:37.779#信息>>[IDCR_Initialize]去掉入参非法字符前lpszConfigXml=<?xml version ="1.0" encoding="utf-8"?><Device>  <DeviceId>IDCard001</DeviceId>  <LogLevel>3</LogLevel></Device>
<<15:07:37.779#信息>>[IDCR_Initialize]去掉入参非法字符后lpszConfigXml=<?xml version ="1.0" encoding="utf-8"?><Device>  <DeviceId>IDCard001</DeviceId>  <LogLevel>3</LogLevel></Device>
<<15:07:37.779#信息>>[IDCR_Initialize]设备标识为：IDCard001,日志级别为：3
<<15:07:37.780#信息>>[IDCR_Initialize]读取串口信息：Com3
<<15:07:37.780#信息>>[IDCR_Initialize]获取身份证阅读器波特率失败, [SDT_GetCOMBaud]返回值：[0X05]
<<15:07:37.780#信息>>[IDCR_Initialize]设置身份证阅读器波特率失败, [SDT_SetCOMBaud]返回值：[0X01]
<<15:07:37.780#信息>>[IDCR_Initialize]端口 3 打开失败, [SDT_OpenPort]返回值：[0X01]
<<15:17:55.360#信息>>[InitializeData]日志保存天数：[30]
<<15:17:55.360#信息>>[InitializeData]GetModuleFileName：[D:\多功能业务柜\Aoto.EMS\Aoto.EMS.MultiSerBox\bin\x86\Debug\]
<<15:17:55.360#信息>>[InitializeData]GetCurrentDirectory：[D:\多功能业务柜\Aoto.EMS\Aoto.EMS.MultiSerBox\bin\x86\Debug]
<<15:17:55.363#信息>>[InitializeData]调用结束
<<15:17:55.364#信息>>[IDCR_Initialize]去掉入参非法字符前lpszConfigXml=<?xml version ="1.0" encoding="utf-8"?><Device>  <DeviceId>IDCard001</DeviceId>  <LogLevel>3</LogLevel></Device>
<<15:17:55.365#信息>>[IDCR_Initialize]去掉入参非法字符后lpszConfigXml=<?xml version ="1.0" encoding="utf-8"?><Device>  <DeviceId>IDCard001</DeviceId>  <LogLevel>3</LogLevel></Device>
<<15:17:55.365#信息>>[IDCR_Initialize]设备标识为：IDCard001,日志级别为：3
<<15:17:55.365#信息>>[IDCR_Initialize]读取串口信息：Com3
<<15:17:55.365#信息>>[IDCR_Initialize]获取身份证阅读器波特率失败, [SDT_GetCOMBaud]返回值：[0X05]
<<15:17:55.365#信息>>[IDCR_Initialize]设置身份证阅读器波特率失败, [SDT_SetCOMBaud]返回值：[0X01]
<<15:17:55.366#信息>>[IDCR_Initialize]端口 3 打开失败, [SDT_OpenPort]返回值：[0X01]
<<15:21:59.663#信息>>[InitializeData]日志保存天数：[30]
<<15:21:59.663#信息>>[InitializeData]GetModuleFileName：[D:\多功能业务柜\Aoto.EMS\Aoto.EMS.MultiSerBox\bin\x86\Debug\]
<<15:21:59.663#信息>>[InitializeData]GetCurrentDirectory：[D:\多功能业务柜\Aoto.EMS\Aoto.EMS.MultiSerBox\bin\x86\Debug]
<<15:21:59.666#信息>>[InitializeData]调用结束
<<15:21:59.668#信息>>[IDCR_Initialize]去掉入参非法字符前lpszConfigXml=<?xml version ="1.0" encoding="utf-8"?><Device>  <DeviceId>IDCard001</DeviceId>  <LogLevel>3</LogLevel></Device>
<<15:21:59.668#信息>>[IDCR_Initialize]去掉入参非法字符后lpszConfigXml=<?xml version ="1.0" encoding="utf-8"?><Device>  <DeviceId>IDCard001</DeviceId>  <LogLevel>3</LogLevel></Device>
<<15:21:59.668#信息>>[IDCR_Initialize]设备标识为：IDCard001,日志级别为：3
<<15:21:59.669#信息>>[IDCR_Initialize]读取串口信息：Com3
<<15:21:59.669#信息>>[IDCR_Initialize]获取身份证阅读器波特率失败, [SDT_GetCOMBaud]返回值：[0X05]
<<15:21:59.669#信息>>[IDCR_Initialize]设置身份证阅读器波特率失败, [SDT_SetCOMBaud]返回值：[0X01]
<<15:21:59.670#信息>>[IDCR_Initialize]端口 3 打开失败, [SDT_OpenPort]返回值：[0X01]
<<15:27:31.861#信息>>[InitializeData]日志保存天数：[30]
<<15:27:31.862#信息>>[InitializeData]GetModuleFileName：[D:\多功能业务柜\Aoto.EMS\Aoto.EMS.MultiSerBox\bin\x86\Debug\]
<<15:27:31.862#信息>>[InitializeData]GetCurrentDirectory：[D:\多功能业务柜\Aoto.EMS\Aoto.EMS.MultiSerBox\bin\x86\Debug]
<<15:27:31.866#信息>>[InitializeData]调用结束
<<15:27:31.868#信息>>[IDCR_Initialize]去掉入参非法字符前lpszConfigXml=<?xml version ="1.0" encoding="utf-8"?><Device>  <DeviceId>IDCard001</DeviceId>  <LogLevel>3</LogLevel></Device>
<<15:27:31.868#信息>>[IDCR_Initialize]去掉入参非法字符后lpszConfigXml=<?xml version ="1.0" encoding="utf-8"?><Device>  <DeviceId>IDCard001</DeviceId>  <LogLevel>3</LogLevel></Device>
<<15:27:31.868#信息>>[IDCR_Initialize]设备标识为：IDCard001,日志级别为：3
<<15:27:31.868#信息>>[IDCR_Initialize]读取串口信息：Com3
<<15:27:31.869#信息>>[IDCR_Initialize]获取身份证阅读器波特率失败, [SDT_GetCOMBaud]返回值：[0X05]
<<15:27:31.869#信息>>[IDCR_Initialize]设置身份证阅读器波特率失败, [SDT_SetCOMBaud]返回值：[0X01]
<<15:27:31.869#信息>>[IDCR_Initialize]端口 3 打开失败, [SDT_OpenPort]返回值：[0X01]
<<15:30:30.096#信息>>[InitializeData]日志保存天数：[30]
<<15:30:30.096#信息>>[InitializeData]GetModuleFileName：[D:\多功能业务柜\Aoto.EMS\Aoto.EMS.MultiSerBox\bin\x86\Debug\]
<<15:30:30.097#信息>>[InitializeData]GetCurrentDirectory：[D:\多功能业务柜\Aoto.EMS\Aoto.EMS.MultiSerBox\bin\x86\Debug]
<<15:30:30.131#信息>>[InitializeData]调用结束
<<15:30:30.132#信息>>[IDCR_Initialize]去掉入参非法字符前lpszConfigXml=<?xml version ="1.0" encoding="utf-8"?><Device>  <DeviceId>IDCard001</DeviceId>  <LogLevel>3</LogLevel></Device>
<<15:30:30.132#信息>>[IDCR_Initialize]去掉入参非法字符后lpszConfigXml=<?xml version ="1.0" encoding="utf-8"?><Device>  <DeviceId>IDCard001</DeviceId>  <LogLevel>3</LogLevel></Device>
<<15:30:30.132#信息>>[IDCR_Initialize]设备标识为：IDCard001,日志级别为：3
<<15:30:30.133#信息>>[IDCR_Initialize]读取串口信息：Com3
<<15:30:30.133#信息>>[IDCR_Initialize]获取身份证阅读器波特率失败, [SDT_GetCOMBaud]返回值：[0X05]
<<15:30:30.133#信息>>[IDCR_Initialize]设置身份证阅读器波特率失败, [SDT_SetCOMBaud]返回值：[0X01]
<<15:30:30.133#信息>>[IDCR_Initialize]端口 3 打开失败, [SDT_OpenPort]返回值：[0X01]
<<15:33:45.746#信息>>[InitializeData]日志保存天数：[30]
<<15:33:45.747#信息>>[InitializeData]GetModuleFileName：[D:\多功能业务柜\Aoto.EMS\Aoto.EMS.MultiSerBox\bin\x86\Debug\]
<<15:33:45.748#信息>>[InitializeData]GetCurrentDirectory：[D:\多功能业务柜\Aoto.EMS\Aoto.EMS.MultiSerBox\bin\x86\Debug]
<<15:33:45.752#信息>>[InitializeData]调用结束
<<15:33:45.753#信息>>[IDCR_Initialize]去掉入参非法字符前lpszConfigXml=<?xml version ="1.0" encoding="utf-8"?><Device>  <DeviceId>IDCard001</DeviceId>  <LogLevel>3</LogLevel></Device>
<<15:33:45.753#信息>>[IDCR_Initialize]去掉入参非法字符后lpszConfigXml=<?xml version ="1.0" encoding="utf-8"?><Device>  <DeviceId>IDCard001</DeviceId>  <LogLevel>3</LogLevel></Device>
<<15:33:45.753#信息>>[IDCR_Initialize]设备标识为：IDCard001,日志级别为：3
<<15:33:45.753#信息>>[IDCR_Initialize]读取串口信息：Com3
<<15:33:45.754#信息>>[IDCR_Initialize]获取身份证阅读器波特率失败, [SDT_GetCOMBaud]返回值：[0X05]
<<15:33:45.754#信息>>[IDCR_Initialize]设置身份证阅读器波特率失败, [SDT_SetCOMBaud]返回值：[0X01]
<<15:33:45.754#信息>>[IDCR_Initialize]端口 3 打开失败, [SDT_OpenPort]返回值：[0X01]
<<15:33:58.896#信息>>[InitializeData]日志保存天数：[30]
<<15:33:58.896#信息>>[InitializeData]GetModuleFileName：[D:\多功能业务柜\Aoto.EMS\Aoto.EMS.MultiSerBox\bin\x86\Debug\]
<<15:33:58.896#信息>>[InitializeData]GetCurrentDirectory：[D:\多功能业务柜\Aoto.EMS\Aoto.EMS.MultiSerBox\bin\x86\Debug]
<<15:33:58.899#信息>>[InitializeData]调用结束
<<15:33:58.900#信息>>[IDCR_Initialize]去掉入参非法字符前lpszConfigXml=<?xml version ="1.0" encoding="utf-8"?><Device>  <DeviceId>IDCard001</DeviceId>  <LogLevel>3</LogLevel></Device>
<<15:33:58.900#信息>>[IDCR_Initialize]去掉入参非法字符后lpszConfigXml=<?xml version ="1.0" encoding="utf-8"?><Device>  <DeviceId>IDCard001</DeviceId>  <LogLevel>3</LogLevel></Device>
<<15:33:58.900#信息>>[IDCR_Initialize]设备标识为：IDCard001,日志级别为：3
<<15:33:58.900#信息>>[IDCR_Initialize]读取串口信息：Com3
<<15:33:58.901#信息>>[IDCR_Initialize]获取身份证阅读器波特率失败, [SDT_GetCOMBaud]返回值：[0X05]
<<15:33:58.901#信息>>[IDCR_Initialize]设置身份证阅读器波特率失败, [SDT_SetCOMBaud]返回值：[0X01]
<<15:33:58.901#信息>>[IDCR_Initialize]端口 3 打开失败, [SDT_OpenPort]返回值：[0X01]
<<15:40:30.876#信息>>[InitializeData]日志保存天数：[30]
<<15:40:30.877#信息>>[InitializeData]GetModuleFileName：[D:\多功能业务柜\Aoto.EMS\Aoto.EMS.MultiSerBox\bin\x86\Debug\]
<<15:40:30.877#信息>>[InitializeData]GetCurrentDirectory：[D:\多功能业务柜\Aoto.EMS\Aoto.EMS.MultiSerBox\bin\x86\Debug]
<<15:40:30.881#信息>>[InitializeData]调用结束
<<15:40:30.883#信息>>[IDCR_Initialize]去掉入参非法字符前lpszConfigXml=<?xml version ="1.0" encoding="utf-8"?><Device>  <DeviceId>IDCard001</DeviceId>  <LogLevel>3</LogLevel></Device>
<<15:40:30.883#信息>>[IDCR_Initialize]去掉入参非法字符后lpszConfigXml=<?xml version ="1.0" encoding="utf-8"?><Device>  <DeviceId>IDCard001</DeviceId>  <LogLevel>3</LogLevel></Device>
<<15:40:30.883#信息>>[IDCR_Initialize]设备标识为：IDCard001,日志级别为：3
<<15:40:30.884#信息>>[IDCR_Initialize]读取串口信息：Com3
<<15:40:30.884#信息>>[IDCR_Initialize]获取身份证阅读器波特率失败, [SDT_GetCOMBaud]返回值：[0X05]
<<15:40:30.884#信息>>[IDCR_Initialize]设置身份证阅读器波特率失败, [SDT_SetCOMBaud]返回值：[0X01]
<<15:40:30.884#信息>>[IDCR_Initialize]端口 3 打开失败, [SDT_OpenPort]返回值：[0X01]
<<15:56:17.881#信息>>[InitializeData]日志保存天数：[30]
<<15:56:17.881#信息>>[InitializeData]GetModuleFileName：[D:\多功能业务柜\Aoto.EMS\Aoto.EMS.MultiSerBox\bin\x86\Debug\]
<<15:56:17.882#信息>>[InitializeData]GetCurrentDirectory：[D:\多功能业务柜\Aoto.EMS\Aoto.EMS.MultiSerBox\bin\x86\Debug]
<<15:56:17.885#信息>>[InitializeData]调用结束
<<15:56:17.886#信息>>[IDCR_Initialize]去掉入参非法字符前lpszConfigXml=<?xml version ="1.0" encoding="utf-8"?><Device>  <DeviceId>IDCard001</DeviceId>  <LogLevel>3</LogLevel></Device>
<<15:56:17.886#信息>>[IDCR_Initialize]去掉入参非法字符后lpszConfigXml=<?xml version ="1.0" encoding="utf-8"?><Device>  <DeviceId>IDCard001</DeviceId>  <LogLevel>3</LogLevel></Device>
<<15:56:17.886#信息>>[IDCR_Initialize]设备标识为：IDCard001,日志级别为：3
<<15:56:17.886#信息>>[IDCR_Initialize]读取串口信息：Com3
<<15:56:17.887#信息>>[IDCR_Initialize]获取身份证阅读器波特率失败, [SDT_GetCOMBaud]返回值：[0X05]
<<15:56:17.887#信息>>[IDCR_Initialize]设置身份证阅读器波特率失败, [SDT_SetCOMBaud]返回值：[0X01]
<<15:56:17.887#信息>>[IDCR_Initialize]端口 3 打开失败, [SDT_OpenPort]返回值：[0X01]
<<15:57:03.851#信息>>[InitializeData]日志保存天数：[30]
<<15:57:03.851#信息>>[InitializeData]GetModuleFileName：[D:\多功能业务柜\Aoto.EMS\Aoto.EMS.MultiSerBox\bin\x86\Debug\]
<<15:57:03.852#信息>>[InitializeData]GetCurrentDirectory：[D:\多功能业务柜\Aoto.EMS\Aoto.EMS.MultiSerBox\bin\x86\Debug]
<<15:57:03.855#信息>>[InitializeData]调用结束
<<15:57:03.857#信息>>[IDCR_Initialize]去掉入参非法字符前lpszConfigXml=<?xml version ="1.0" encoding="utf-8"?><Device>  <DeviceId>IDCard001</DeviceId>  <LogLevel>3</LogLevel></Device>
<<15:57:03.857#信息>>[IDCR_Initialize]去掉入参非法字符后lpszConfigXml=<?xml version ="1.0" encoding="utf-8"?><Device>  <DeviceId>IDCard001</DeviceId>  <LogLevel>3</LogLevel></Device>
<<15:57:03.857#信息>>[IDCR_Initialize]设备标识为：IDCard001,日志级别为：3
<<15:57:03.858#信息>>[IDCR_Initialize]读取串口信息：Com3
<<15:57:03.858#信息>>[IDCR_Initialize]获取身份证阅读器波特率失败, [SDT_GetCOMBaud]返回值：[0X05]
<<15:57:03.858#信息>>[IDCR_Initialize]设置身份证阅读器波特率失败, [SDT_SetCOMBaud]返回值：[0X01]
<<15:57:03.858#信息>>[IDCR_Initialize]端口 3 打开失败, [SDT_OpenPort]返回值：[0X01]
<<15:57:27.105#信息>>[InitializeData]日志保存天数：[30]
<<15:57:27.105#信息>>[InitializeData]GetModuleFileName：[D:\多功能业务柜\Aoto.EMS\Aoto.EMS.MultiSerBox\bin\x86\Debug\]
<<15:57:27.105#信息>>[InitializeData]GetCurrentDirectory：[D:\多功能业务柜\Aoto.EMS\Aoto.EMS.MultiSerBox\bin\x86\Debug]
<<15:57:27.108#信息>>[InitializeData]调用结束
<<15:57:27.109#信息>>[IDCR_Initialize]去掉入参非法字符前lpszConfigXml=<?xml version ="1.0" encoding="utf-8"?><Device>  <DeviceId>IDCard001</DeviceId>  <LogLevel>3</LogLevel></Device>
<<15:57:27.109#信息>>[IDCR_Initialize]去掉入参非法字符后lpszConfigXml=<?xml version ="1.0" encoding="utf-8"?><Device>  <DeviceId>IDCard001</DeviceId>  <LogLevel>3</LogLevel></Device>
<<15:57:27.109#信息>>[IDCR_Initialize]设备标识为：IDCard001,日志级别为：3
<<15:57:27.110#信息>>[IDCR_Initialize]读取串口信息：Com3
<<15:57:27.110#信息>>[IDCR_Initialize]获取身份证阅读器波特率失败, [SDT_GetCOMBaud]返回值：[0X05]
<<15:57:27.110#信息>>[IDCR_Initialize]设置身份证阅读器波特率失败, [SDT_SetCOMBaud]返回值：[0X01]
<<15:57:27.111#信息>>[IDCR_Initialize]端口 3 打开失败, [SDT_OpenPort]返回值：[0X01]
<<16:34:42.849#信息>>[InitializeData]日志保存天数：[30]
<<16:34:42.850#信息>>[InitializeData]GetModuleFileName：[D:\多功能业务柜\Aoto.EMS\Aoto.EMS.MultiSerBox\bin\x86\Debug\]
<<16:34:42.851#信息>>[InitializeData]GetCurrentDirectory：[D:\多功能业务柜\Aoto.EMS\Aoto.EMS.MultiSerBox\bin\x86\Debug]
<<16:34:42.855#信息>>[InitializeData]调用结束
<<16:34:42.857#信息>>[IDCR_Initialize]去掉入参非法字符前lpszConfigXml=<?xml version ="1.0" encoding="utf-8"?><Device>  <DeviceId>IDCard001</DeviceId>  <LogLevel>3</LogLevel></Device>
<<16:34:42.857#信息>>[IDCR_Initialize]去掉入参非法字符后lpszConfigXml=<?xml version ="1.0" encoding="utf-8"?><Device>  <DeviceId>IDCard001</DeviceId>  <LogLevel>3</LogLevel></Device>
<<16:34:42.857#信息>>[IDCR_Initialize]设备标识为：IDCard001,日志级别为：3
<<16:34:42.858#信息>>[IDCR_Initialize]读取串口信息：Com3
<<16:34:42.858#信息>>[IDCR_Initialize]获取身份证阅读器波特率失败, [SDT_GetCOMBaud]返回值：[0X05]
<<16:34:42.858#信息>>[IDCR_Initialize]设置身份证阅读器波特率失败, [SDT_SetCOMBaud]返回值：[0X01]
<<16:34:42.858#信息>>[IDCR_Initialize]端口 3 打开失败, [SDT_OpenPort]返回值：[0X01]
<<17:23:58.161#信息>>[InitializeData]日志保存天数：[30]
<<17:23:58.161#信息>>[InitializeData]GetModuleFileName：[D:\多功能业务柜\Aoto.EMS\Aoto.EMS.MultiSerBox\bin\x86\Debug\]
<<17:23:58.161#信息>>[InitializeData]GetCurrentDirectory：[D:\多功能业务柜\Aoto.EMS\Aoto.EMS.MultiSerBox\bin\x86\Debug]
<<17:23:58.165#信息>>[InitializeData]调用结束
<<17:23:58.167#信息>>[IDCR_Initialize]去掉入参非法字符前lpszConfigXml=<?xml version ="1.0" encoding="utf-8"?><Device>  <DeviceId>IDCard001</DeviceId>  <LogLevel>3</LogLevel></Device>
<<17:23:58.167#信息>>[IDCR_Initialize]去掉入参非法字符后lpszConfigXml=<?xml version ="1.0" encoding="utf-8"?><Device>  <DeviceId>IDCard001</DeviceId>  <LogLevel>3</LogLevel></Device>
<<17:23:58.168#信息>>[IDCR_Initialize]设备标识为：IDCard001,日志级别为：3
<<17:23:58.168#信息>>[IDCR_Initialize]读取串口信息：Com3
<<17:23:58.168#信息>>[IDCR_Initialize]获取身份证阅读器波特率失败, [SDT_GetCOMBaud]返回值：[0X05]
<<17:23:58.169#信息>>[IDCR_Initialize]设置身份证阅读器波特率失败, [SDT_SetCOMBaud]返回值：[0X01]
<<17:23:58.169#信息>>[IDCR_Initialize]端口 3 打开失败, [SDT_OpenPort]返回值：[0X01]
<<17:24:40.861#信息>>[InitializeData]日志保存天数：[30]
<<17:24:40.861#信息>>[InitializeData]GetModuleFileName：[D:\多功能业务柜\Aoto.EMS\Aoto.EMS.MultiSerBox\bin\x86\Debug\]
<<17:24:40.862#信息>>[InitializeData]GetCurrentDirectory：[D:\多功能业务柜\Aoto.EMS\Aoto.EMS.MultiSerBox\bin\x86\Debug]
<<17:24:40.866#信息>>[InitializeData]调用结束
<<17:24:40.867#信息>>[IDCR_Initialize]去掉入参非法字符前lpszConfigXml=<?xml version ="1.0" encoding="utf-8"?><Device>  <DeviceId>IDCard001</DeviceId>  <LogLevel>3</LogLevel></Device>
<<17:24:40.868#信息>>[IDCR_Initialize]去掉入参非法字符后lpszConfigXml=<?xml version ="1.0" encoding="utf-8"?><Device>  <DeviceId>IDCard001</DeviceId>  <LogLevel>3</LogLevel></Device>
<<17:24:40.868#信息>>[IDCR_Initialize]设备标识为：IDCard001,日志级别为：3
<<17:24:40.868#信息>>[IDCR_Initialize]读取串口信息：Com3
<<17:24:40.868#信息>>[IDCR_Initialize]获取身份证阅读器波特率失败, [SDT_GetCOMBaud]返回值：[0X05]
<<17:24:40.868#信息>>[IDCR_Initialize]设置身份证阅读器波特率失败, [SDT_SetCOMBaud]返回值：[0X01]
<<17:24:40.869#信息>>[IDCR_Initialize]端口 3 打开失败, [SDT_OpenPort]返回值：[0X01]
<<17:26:52.466#信息>>[InitializeData]日志保存天数：[30]
<<17:26:52.467#信息>>[InitializeData]GetModuleFileName：[D:\多功能业务柜\Aoto.EMS\Aoto.EMS.MultiSerBox\bin\x86\Debug\]
<<17:26:52.467#信息>>[InitializeData]GetCurrentDirectory：[D:\多功能业务柜\Aoto.EMS\Aoto.EMS.MultiSerBox\bin\x86\Debug]
<<17:26:52.470#信息>>[InitializeData]调用结束
<<17:26:52.472#信息>>[IDCR_Initialize]去掉入参非法字符前lpszConfigXml=<?xml version ="1.0" encoding="utf-8"?><Device>  <DeviceId>IDCard001</DeviceId>  <LogLevel>3</LogLevel></Device>
<<17:26:52.472#信息>>[IDCR_Initialize]去掉入参非法字符后lpszConfigXml=<?xml version ="1.0" encoding="utf-8"?><Device>  <DeviceId>IDCard001</DeviceId>  <LogLevel>3</LogLevel></Device>
<<17:26:52.472#信息>>[IDCR_Initialize]设备标识为：IDCard001,日志级别为：3
<<17:26:52.472#信息>>[IDCR_Initialize]读取串口信息：Com3
<<17:26:52.472#信息>>[IDCR_Initialize]获取身份证阅读器波特率失败, [SDT_GetCOMBaud]返回值：[0X05]
<<17:26:52.472#信息>>[IDCR_Initialize]设置身份证阅读器波特率失败, [SDT_SetCOMBaud]返回值：[0X01]
<<17:26:52.472#信息>>[IDCR_Initialize]端口 3 打开失败, [SDT_OpenPort]返回值：[0X01]
<<18:15:14.875#信息>>[InitializeData]日志保存天数：[30]
<<18:15:14.875#信息>>[InitializeData]GetModuleFileName：[D:\多功能业务柜\Aoto.EMS\Aoto.EMS.MultiSerBox\bin\x86\Debug\]
<<18:15:14.875#信息>>[InitializeData]GetCurrentDirectory：[D:\多功能业务柜\Aoto.EMS\Aoto.EMS.MultiSerBox\bin\x86\Debug]
<<18:15:14.878#信息>>[InitializeData]调用结束
<<18:15:14.880#信息>>[IDCR_Initialize]去掉入参非法字符前lpszConfigXml=<?xml version ="1.0" encoding="utf-8"?><Device>  <DeviceId>IDCard001</DeviceId>  <LogLevel>3</LogLevel></Device>
<<18:15:14.881#信息>>[IDCR_Initialize]去掉入参非法字符后lpszConfigXml=<?xml version ="1.0" encoding="utf-8"?><Device>  <DeviceId>IDCard001</DeviceId>  <LogLevel>3</LogLevel></Device>
<<18:15:14.881#信息>>[IDCR_Initialize]设备标识为：IDCard001,日志级别为：3
<<18:15:14.881#信息>>[IDCR_Initialize]读取串口信息：Com3
<<18:15:14.881#信息>>[IDCR_Initialize]获取身份证阅读器波特率失败, [SDT_GetCOMBaud]返回值：[0X05]
<<18:15:14.881#信息>>[IDCR_Initialize]设置身份证阅读器波特率失败, [SDT_SetCOMBaud]返回值：[0X01]
<<18:15:14.882#信息>>[IDCR_Initialize]端口 3 打开失败, [SDT_OpenPort]返回值：[0X01]
<<18:15:42.187#信息>>[InitializeData]日志保存天数：[30]
<<18:15:42.188#信息>>[InitializeData]GetModuleFileName：[D:\多功能业务柜\Aoto.EMS\Aoto.EMS.MultiSerBox\bin\x86\Debug\]
<<18:15:42.188#信息>>[InitializeData]GetCurrentDirectory：[D:\多功能业务柜\Aoto.EMS\Aoto.EMS.MultiSerBox\bin\x86\Debug]
<<18:15:42.190#信息>>[InitializeData]调用结束
<<18:15:42.191#信息>>[IDCR_Initialize]去掉入参非法字符前lpszConfigXml=<?xml version ="1.0" encoding="utf-8"?><Device>  <DeviceId>IDCard001</DeviceId>  <LogLevel>3</LogLevel></Device>
<<18:15:42.191#信息>>[IDCR_Initialize]去掉入参非法字符后lpszConfigXml=<?xml version ="1.0" encoding="utf-8"?><Device>  <DeviceId>IDCard001</DeviceId>  <LogLevel>3</LogLevel></Device>
<<18:15:42.192#信息>>[IDCR_Initialize]设备标识为：IDCard001,日志级别为：3
<<18:15:42.192#信息>>[IDCR_Initialize]读取串口信息：Com3
<<18:15:42.192#信息>>[IDCR_Initialize]获取身份证阅读器波特率失败, [SDT_GetCOMBaud]返回值：[0X05]
<<18:15:42.192#信息>>[IDCR_Initialize]设置身份证阅读器波特率失败, [SDT_SetCOMBaud]返回值：[0X01]
<<18:15:42.192#信息>>[IDCR_Initialize]端口 3 打开失败, [SDT_OpenPort]返回值：[0X01]
<<18:16:52.044#信息>>[InitializeData]日志保存天数：[30]
<<18:16:52.044#信息>>[InitializeData]GetModuleFileName：[D:\多功能业务柜\Aoto.EMS\Aoto.EMS.MultiSerBox\bin\x86\Debug\]
<<18:16:52.044#信息>>[InitializeData]GetCurrentDirectory：[D:\多功能业务柜\Aoto.EMS\Aoto.EMS.MultiSerBox\bin\x86\Debug]
<<18:16:52.048#信息>>[InitializeData]调用结束
<<18:16:52.050#信息>>[IDCR_Initialize]去掉入参非法字符前lpszConfigXml=<?xml version ="1.0" encoding="utf-8"?><Device>  <DeviceId>IDCard001</DeviceId>  <LogLevel>3</LogLevel></Device>
<<18:16:52.050#信息>>[IDCR_Initialize]去掉入参非法字符后lpszConfigXml=<?xml version ="1.0" encoding="utf-8"?><Device>  <DeviceId>IDCard001</DeviceId>  <LogLevel>3</LogLevel></Device>
<<18:16:52.051#信息>>[IDCR_Initialize]设备标识为：IDCard001,日志级别为：3
<<18:16:52.051#信息>>[IDCR_Initialize]读取串口信息：Com3
<<18:16:52.051#信息>>[IDCR_Initialize]获取身份证阅读器波特率失败, [SDT_GetCOMBaud]返回值：[0X05]
<<18:16:52.052#信息>>[IDCR_Initialize]设置身份证阅读器波特率失败, [SDT_SetCOMBaud]返回值：[0X01]
<<18:16:52.052#信息>>[IDCR_Initialize]端口 3 打开失败, [SDT_OpenPort]返回值：[0X01]
<<18:18:08.147#信息>>[InitializeData]日志保存天数：[30]
<<18:18:08.148#信息>>[InitializeData]GetModuleFileName：[D:\多功能业务柜\Aoto.EMS\Aoto.EMS.MultiSerBox\bin\x86\Debug\]
<<18:18:08.148#信息>>[InitializeData]GetCurrentDirectory：[D:\多功能业务柜\Aoto.EMS\Aoto.EMS.MultiSerBox\bin\x86\Debug]
<<18:18:08.151#信息>>[InitializeData]调用结束
<<18:18:08.152#信息>>[IDCR_Initialize]去掉入参非法字符前lpszConfigXml=<?xml version ="1.0" encoding="utf-8"?><Device>  <DeviceId>IDCard001</DeviceId>  <LogLevel>3</LogLevel></Device>
<<18:18:08.152#信息>>[IDCR_Initialize]去掉入参非法字符后lpszConfigXml=<?xml version ="1.0" encoding="utf-8"?><Device>  <DeviceId>IDCard001</DeviceId>  <LogLevel>3</LogLevel></Device>
<<18:18:08.152#信息>>[IDCR_Initialize]设备标识为：IDCard001,日志级别为：3
<<18:18:08.153#信息>>[IDCR_Initialize]读取串口信息：Com3
<<18:18:08.153#信息>>[IDCR_Initialize]获取身份证阅读器波特率失败, [SDT_GetCOMBaud]返回值：[0X05]
<<18:18:08.153#信息>>[IDCR_Initialize]设置身份证阅读器波特率失败, [SDT_SetCOMBaud]返回值：[0X01]
<<18:18:08.153#信息>>[IDCR_Initialize]端口 3 打开失败, [SDT_OpenPort]返回值：[0X01]
<<18:22:43.177#信息>>[InitializeData]日志保存天数：[30]
<<18:22:43.177#信息>>[InitializeData]GetModuleFileName：[D:\多功能业务柜\Aoto.EMS\Aoto.EMS.MultiSerBox\bin\x86\Debug\]
<<18:22:43.178#信息>>[InitializeData]GetCurrentDirectory：[D:\多功能业务柜\Aoto.EMS\Aoto.EMS.MultiSerBox\bin\x86\Debug]
<<18:22:43.181#信息>>[InitializeData]调用结束
<<18:22:43.182#信息>>[IDCR_Initialize]去掉入参非法字符前lpszConfigXml=<?xml version ="1.0" encoding="utf-8"?><Device>  <DeviceId>IDCard001</DeviceId>  <LogLevel>3</LogLevel></Device>
<<18:22:43.183#信息>>[IDCR_Initialize]去掉入参非法字符后lpszConfigXml=<?xml version ="1.0" encoding="utf-8"?><Device>  <DeviceId>IDCard001</DeviceId>  <LogLevel>3</LogLevel></Device>
<<18:22:43.183#信息>>[IDCR_Initialize]设备标识为：IDCard001,日志级别为：3
<<18:22:43.183#信息>>[IDCR_Initialize]读取串口信息：Com3
<<18:22:43.183#信息>>[IDCR_Initialize]获取身份证阅读器波特率失败, [SDT_GetCOMBaud]返回值：[0X05]
<<18:22:43.183#信息>>[IDCR_Initialize]设置身份证阅读器波特率失败, [SDT_SetCOMBaud]返回值：[0X01]
<<18:22:43.184#信息>>[IDCR_Initialize]端口 3 打开失败, [SDT_OpenPort]返回值：[0X01]
<<18:35:30.573#信息>>[InitializeData]日志保存天数：[30]
<<18:35:30.573#信息>>[InitializeData]GetModuleFileName：[D:\多功能业务柜\Aoto.EMS\Aoto.EMS.MultiSerBox\bin\x86\Debug\]
<<18:35:30.574#信息>>[InitializeData]GetCurrentDirectory：[D:\多功能业务柜\Aoto.EMS\Aoto.EMS.MultiSerBox\bin\x86\Debug]
<<18:35:30.577#信息>>[InitializeData]调用结束
<<18:35:30.579#信息>>[IDCR_Initialize]去掉入参非法字符前lpszConfigXml=<?xml version ="1.0" encoding="utf-8"?><Device>  <DeviceId>IDCard001</DeviceId>  <LogLevel>3</LogLevel></Device>
<<18:35:30.579#信息>>[IDCR_Initialize]去掉入参非法字符后lpszConfigXml=<?xml version ="1.0" encoding="utf-8"?><Device>  <DeviceId>IDCard001</DeviceId>  <LogLevel>3</LogLevel></Device>
<<18:35:30.579#信息>>[IDCR_Initialize]设备标识为：IDCard001,日志级别为：3
<<18:35:30.580#信息>>[IDCR_Initialize]读取串口信息：Com3
<<18:35:30.580#信息>>[IDCR_Initialize]获取身份证阅读器波特率失败, [SDT_GetCOMBaud]返回值：[0X05]
<<18:35:30.580#信息>>[IDCR_Initialize]设置身份证阅读器波特率失败, [SDT_SetCOMBaud]返回值：[0X01]
<<18:35:30.580#信息>>[IDCR_Initialize]端口 3 打开失败, [SDT_OpenPort]返回值：[0X01]
<<18:36:26.815#信息>>[InitializeData]日志保存天数：[30]
<<18:36:26.816#信息>>[InitializeData]GetModuleFileName：[D:\多功能业务柜\Aoto.EMS\Aoto.EMS.MultiSerBox\bin\x86\Debug\]
<<18:36:26.816#信息>>[InitializeData]GetCurrentDirectory：[D:\多功能业务柜\Aoto.EMS\Aoto.EMS.MultiSerBox\bin\x86\Debug]
<<18:36:26.818#信息>>[InitializeData]调用结束
<<18:36:26.819#信息>>[IDCR_Initialize]去掉入参非法字符前lpszConfigXml=<?xml version ="1.0" encoding="utf-8"?><Device>  <DeviceId>IDCard001</DeviceId>  <LogLevel>3</LogLevel></Device>
<<18:36:26.819#信息>>[IDCR_Initialize]去掉入参非法字符后lpszConfigXml=<?xml version ="1.0" encoding="utf-8"?><Device>  <DeviceId>IDCard001</DeviceId>  <LogLevel>3</LogLevel></Device>
<<18:36:26.819#信息>>[IDCR_Initialize]设备标识为：IDCard001,日志级别为：3
<<18:36:26.819#信息>>[IDCR_Initialize]读取串口信息：Com3
<<18:36:26.819#信息>>[IDCR_Initialize]获取身份证阅读器波特率失败, [SDT_GetCOMBaud]返回值：[0X05]
<<18:36:26.819#信息>>[IDCR_Initialize]设置身份证阅读器波特率失败, [SDT_SetCOMBaud]返回值：[0X01]
<<18:36:26.819#信息>>[IDCR_Initialize]端口 3 打开失败, [SDT_OpenPort]返回值：[0X01]
<<18:36:51.240#信息>>[InitializeData]日志保存天数：[30]
<<18:36:51.240#信息>>[InitializeData]GetModuleFileName：[D:\多功能业务柜\Aoto.EMS\Aoto.EMS.MultiSerBox\bin\x86\Debug\]
<<18:36:51.240#信息>>[InitializeData]GetCurrentDirectory：[D:\多功能业务柜\Aoto.EMS\Aoto.EMS.MultiSerBox\bin\x86\Debug]
<<18:36:51.243#信息>>[InitializeData]调用结束
<<18:36:51.244#信息>>[IDCR_Initialize]去掉入参非法字符前lpszConfigXml=<?xml version ="1.0" encoding="utf-8"?><Device>  <DeviceId>IDCard001</DeviceId>  <LogLevel>3</LogLevel></Device>
<<18:36:51.244#信息>>[IDCR_Initialize]去掉入参非法字符后lpszConfigXml=<?xml version ="1.0" encoding="utf-8"?><Device>  <DeviceId>IDCard001</DeviceId>  <LogLevel>3</LogLevel></Device>
<<18:36:51.245#信息>>[IDCR_Initialize]设备标识为：IDCard001,日志级别为：3
<<18:36:51.245#信息>>[IDCR_Initialize]读取串口信息：Com3
<<18:36:51.245#信息>>[IDCR_Initialize]获取身份证阅读器波特率失败, [SDT_GetCOMBaud]返回值：[0X05]
<<18:36:51.245#信息>>[IDCR_Initialize]设置身份证阅读器波特率失败, [SDT_SetCOMBaud]返回值：[0X01]
<<18:36:51.246#信息>>[IDCR_Initialize]端口 3 打开失败, [SDT_OpenPort]返回值：[0X01]
<<18:37:21.310#信息>>[InitializeData]日志保存天数：[30]
<<18:37:21.310#信息>>[InitializeData]GetModuleFileName：[D:\多功能业务柜\Aoto.EMS\Aoto.EMS.MultiSerBox\bin\x86\Debug\]
<<18:37:21.311#信息>>[InitializeData]GetCurrentDirectory：[D:\多功能业务柜\Aoto.EMS\Aoto.EMS.MultiSerBox\bin\x86\Debug]
<<18:37:21.314#信息>>[InitializeData]调用结束
<<18:37:21.315#信息>>[IDCR_Initialize]去掉入参非法字符前lpszConfigXml=<?xml version ="1.0" encoding="utf-8"?><Device>  <DeviceId>IDCard001</DeviceId>  <LogLevel>3</LogLevel></Device>
<<18:37:21.315#信息>>[IDCR_Initialize]去掉入参非法字符后lpszConfigXml=<?xml version ="1.0" encoding="utf-8"?><Device>  <DeviceId>IDCard001</DeviceId>  <LogLevel>3</LogLevel></Device>
<<18:37:21.315#信息>>[IDCR_Initialize]设备标识为：IDCard001,日志级别为：3
<<18:37:21.315#信息>>[IDCR_Initialize]读取串口信息：Com3
<<18:37:21.316#信息>>[IDCR_Initialize]获取身份证阅读器波特率失败, [SDT_GetCOMBaud]返回值：[0X05]
<<18:37:21.316#信息>>[IDCR_Initialize]设置身份证阅读器波特率失败, [SDT_SetCOMBaud]返回值：[0X01]
<<18:37:21.316#信息>>[IDCR_Initialize]端口 3 打开失败, [SDT_OpenPort]返回值：[0X01]
<<18:40:15.495#信息>>[InitializeData]日志保存天数：[30]
<<18:40:15.496#信息>>[InitializeData]GetModuleFileName：[D:\多功能业务柜\Aoto.EMS\Aoto.EMS.MultiSerBox\bin\x86\Debug\]
<<18:40:15.496#信息>>[InitializeData]GetCurrentDirectory：[D:\多功能业务柜\Aoto.EMS\Aoto.EMS.MultiSerBox\bin\x86\Debug]
<<18:40:15.499#信息>>[InitializeData]调用结束
<<18:40:15.500#信息>>[IDCR_Initialize]去掉入参非法字符前lpszConfigXml=<?xml version ="1.0" encoding="utf-8"?><Device>  <DeviceId>IDCard001</DeviceId>  <LogLevel>3</LogLevel></Device>
<<18:40:15.500#信息>>[IDCR_Initialize]去掉入参非法字符后lpszConfigXml=<?xml version ="1.0" encoding="utf-8"?><Device>  <DeviceId>IDCard001</DeviceId>  <LogLevel>3</LogLevel></Device>
<<18:40:15.501#信息>>[IDCR_Initialize]设备标识为：IDCard001,日志级别为：3
<<18:40:15.501#信息>>[IDCR_Initialize]读取串口信息：Com3
<<18:40:15.501#信息>>[IDCR_Initialize]获取身份证阅读器波特率失败, [SDT_GetCOMBaud]返回值：[0X05]
<<18:40:15.501#信息>>[IDCR_Initialize]设置身份证阅读器波特率失败, [SDT_SetCOMBaud]返回值：[0X01]
<<18:40:15.501#信息>>[IDCR_Initialize]端口 3 打开失败, [SDT_OpenPort]返回值：[0X01]
<<18:40:58.915#信息>>[InitializeData]日志保存天数：[30]
<<18:40:58.915#信息>>[InitializeData]GetModuleFileName：[D:\多功能业务柜\Aoto.EMS\Aoto.EMS.MultiSerBox\bin\x86\Debug\]
<<18:40:58.916#信息>>[InitializeData]GetCurrentDirectory：[D:\多功能业务柜\Aoto.EMS\Aoto.EMS.MultiSerBox\bin\x86\Debug]
<<18:40:58.918#信息>>[InitializeData]调用结束
<<18:40:58.920#信息>>[IDCR_Initialize]去掉入参非法字符前lpszConfigXml=<?xml version ="1.0" encoding="utf-8"?><Device>  <DeviceId>IDCard001</DeviceId>  <LogLevel>3</LogLevel></Device>
<<18:40:58.920#信息>>[IDCR_Initialize]去掉入参非法字符后lpszConfigXml=<?xml version ="1.0" encoding="utf-8"?><Device>  <DeviceId>IDCard001</DeviceId>  <LogLevel>3</LogLevel></Device>
<<18:40:58.920#信息>>[IDCR_Initialize]设备标识为：IDCard001,日志级别为：3
<<18:40:58.920#信息>>[IDCR_Initialize]读取串口信息：Com3
<<18:40:58.920#信息>>[IDCR_Initialize]获取身份证阅读器波特率失败, [SDT_GetCOMBaud]返回值：[0X05]
<<18:40:58.921#信息>>[IDCR_Initialize]设置身份证阅读器波特率失败, [SDT_SetCOMBaud]返回值：[0X01]
<<18:40:58.921#信息>>[IDCR_Initialize]端口 3 打开失败, [SDT_OpenPort]返回值：[0X01]
<<18:42:09.043#信息>>[InitializeData]日志保存天数：[30]
<<18:42:09.043#信息>>[InitializeData]GetModuleFileName：[D:\多功能业务柜\Aoto.EMS\Aoto.EMS.MultiSerBox\bin\x86\Debug\]
<<18:42:09.043#信息>>[InitializeData]GetCurrentDirectory：[D:\多功能业务柜\Aoto.EMS\Aoto.EMS.MultiSerBox\bin\x86\Debug]
<<18:42:09.047#信息>>[InitializeData]调用结束
<<18:42:09.048#信息>>[IDCR_Initialize]去掉入参非法字符前lpszConfigXml=<?xml version ="1.0" encoding="utf-8"?><Device>  <DeviceId>IDCard001</DeviceId>  <LogLevel>3</LogLevel></Device>
<<18:42:09.049#信息>>[IDCR_Initialize]去掉入参非法字符后lpszConfigXml=<?xml version ="1.0" encoding="utf-8"?><Device>  <DeviceId>IDCard001</DeviceId>  <LogLevel>3</LogLevel></Device>
<<18:42:09.049#信息>>[IDCR_Initialize]设备标识为：IDCard001,日志级别为：3
<<18:42:09.049#信息>>[IDCR_Initialize]读取串口信息：Com3
<<18:42:09.049#信息>>[IDCR_Initialize]获取身份证阅读器波特率失败, [SDT_GetCOMBaud]返回值：[0X05]
<<18:42:09.050#信息>>[IDCR_Initialize]设置身份证阅读器波特率失败, [SDT_SetCOMBaud]返回值：[0X01]
<<18:42:09.050#信息>>[IDCR_Initialize]端口 3 打开失败, [SDT_OpenPort]返回值：[0X01]
<<18:44:48.031#信息>>[InitializeData]日志保存天数：[30]
<<18:44:48.031#信息>>[InitializeData]GetModuleFileName：[D:\多功能业务柜\Aoto.EMS\Aoto.EMS.MultiSerBox\bin\x86\Debug\]
<<18:44:48.032#信息>>[InitializeData]GetCurrentDirectory：[D:\多功能业务柜\Aoto.EMS\Aoto.EMS.MultiSerBox\bin\x86\Debug]
<<18:44:48.039#信息>>[InitializeData]调用结束
<<18:44:48.040#信息>>[IDCR_Initialize]去掉入参非法字符前lpszConfigXml=<?xml version ="1.0" encoding="utf-8"?><Device>  <DeviceId>IDCard001</DeviceId>  <LogLevel>3</LogLevel></Device>
<<18:44:48.040#信息>>[IDCR_Initialize]去掉入参非法字符后lpszConfigXml=<?xml version ="1.0" encoding="utf-8"?><Device>  <DeviceId>IDCard001</DeviceId>  <LogLevel>3</LogLevel></Device>
<<18:44:48.041#信息>>[IDCR_Initialize]设备标识为：IDCard001,日志级别为：3
<<18:44:48.041#信息>>[IDCR_Initialize]读取串口信息：Com3
<<18:44:48.041#信息>>[IDCR_Initialize]获取身份证阅读器波特率失败, [SDT_GetCOMBaud]返回值：[0X05]
<<18:44:48.041#信息>>[IDCR_Initialize]设置身份证阅读器波特率失败, [SDT_SetCOMBaud]返回值：[0X01]
<<18:44:48.041#信息>>[IDCR_Initialize]端口 3 打开失败, [SDT_OpenPort]返回值：[0X01]
<<18:45:16.276#信息>>[InitializeData]日志保存天数：[30]
<<18:45:16.278#信息>>[InitializeData]GetModuleFileName：[D:\多功能业务柜\Aoto.EMS\Aoto.EMS.MultiSerBox\bin\x86\Debug\]
<<18:45:16.278#信息>>[InitializeData]GetCurrentDirectory：[D:\多功能业务柜\Aoto.EMS\Aoto.EMS.MultiSerBox\bin\x86\Debug]
<<18:45:16.281#信息>>[InitializeData]调用结束
<<18:45:16.283#信息>>[IDCR_Initialize]去掉入参非法字符前lpszConfigXml=<?xml version ="1.0" encoding="utf-8"?><Device>  <DeviceId>IDCard001</DeviceId>  <LogLevel>3</LogLevel></Device>
<<18:45:16.283#信息>>[IDCR_Initialize]去掉入参非法字符后lpszConfigXml=<?xml version ="1.0" encoding="utf-8"?><Device>  <DeviceId>IDCard001</DeviceId>  <LogLevel>3</LogLevel></Device>
<<18:45:16.283#信息>>[IDCR_Initialize]设备标识为：IDCard001,日志级别为：3
<<18:45:16.283#信息>>[IDCR_Initialize]读取串口信息：Com3
<<18:45:16.283#信息>>[IDCR_Initialize]获取身份证阅读器波特率失败, [SDT_GetCOMBaud]返回值：[0X05]
<<18:45:16.283#信息>>[IDCR_Initialize]设置身份证阅读器波特率失败, [SDT_SetCOMBaud]返回值：[0X01]
<<18:45:16.284#信息>>[IDCR_Initialize]端口 3 打开失败, [SDT_OpenPort]返回值：[0X01]
<<18:46:48.814#信息>>[InitializeData]日志保存天数：[30]
<<18:46:48.814#信息>>[InitializeData]GetModuleFileName：[D:\多功能业务柜\Aoto.EMS\Aoto.EMS.MultiSerBox\bin\x86\Debug\]
<<18:46:48.815#信息>>[InitializeData]GetCurrentDirectory：[D:\多功能业务柜\Aoto.EMS\Aoto.EMS.MultiSerBox\bin\x86\Debug]
<<18:46:48.818#信息>>[InitializeData]调用结束
<<18:46:48.819#信息>>[IDCR_Initialize]去掉入参非法字符前lpszConfigXml=<?xml version ="1.0" encoding="utf-8"?><Device>  <DeviceId>IDCard001</DeviceId>  <LogLevel>3</LogLevel></Device>
<<18:46:48.819#信息>>[IDCR_Initialize]去掉入参非法字符后lpszConfigXml=<?xml version ="1.0" encoding="utf-8"?><Device>  <DeviceId>IDCard001</DeviceId>  <LogLevel>3</LogLevel></Device>
<<18:46:48.820#信息>>[IDCR_Initialize]设备标识为：IDCard001,日志级别为：3
<<18:46:48.820#信息>>[IDCR_Initialize]读取串口信息：Com3
<<18:46:48.820#信息>>[IDCR_Initialize]获取身份证阅读器波特率失败, [SDT_GetCOMBaud]返回值：[0X05]
<<18:46:48.820#信息>>[IDCR_Initialize]设置身份证阅读器波特率失败, [SDT_SetCOMBaud]返回值：[0X01]
<<18:46:48.820#信息>>[IDCR_Initialize]端口 3 打开失败, [SDT_OpenPort]返回值：[0X01]
<<18:47:24.623#信息>>[InitializeData]日志保存天数：[30]
<<18:47:24.623#信息>>[InitializeData]GetModuleFileName：[D:\多功能业务柜\Aoto.EMS\Aoto.EMS.MultiSerBox\bin\x86\Debug\]
<<18:47:24.623#信息>>[InitializeData]GetCurrentDirectory：[D:\多功能业务柜\Aoto.EMS\Aoto.EMS.MultiSerBox\bin\x86\Debug]
<<18:47:24.627#信息>>[InitializeData]调用结束
<<18:47:24.628#信息>>[IDCR_Initialize]去掉入参非法字符前lpszConfigXml=<?xml version ="1.0" encoding="utf-8"?><Device>  <DeviceId>IDCard001</DeviceId>  <LogLevel>3</LogLevel></Device>
<<18:47:24.629#信息>>[IDCR_Initialize]去掉入参非法字符后lpszConfigXml=<?xml version ="1.0" encoding="utf-8"?><Device>  <DeviceId>IDCard001</DeviceId>  <LogLevel>3</LogLevel></Device>
<<18:47:24.629#信息>>[IDCR_Initialize]设备标识为：IDCard001,日志级别为：3
<<18:47:24.629#信息>>[IDCR_Initialize]读取串口信息：Com3
<<18:47:24.630#信息>>[IDCR_Initialize]获取身份证阅读器波特率失败, [SDT_GetCOMBaud]返回值：[0X05]
<<18:47:24.630#信息>>[IDCR_Initialize]设置身份证阅读器波特率失败, [SDT_SetCOMBaud]返回值：[0X01]
<<18:47:24.630#信息>>[IDCR_Initialize]端口 3 打开失败, [SDT_OpenPort]返回值：[0X01]
<<18:51:54.409#信息>>[InitializeData]日志保存天数：[30]
<<18:51:54.409#信息>>[InitializeData]GetModuleFileName：[D:\多功能业务柜\Aoto.EMS\Aoto.EMS.MultiSerBox\bin\x86\Debug\]
<<18:51:54.409#信息>>[InitializeData]GetCurrentDirectory：[D:\多功能业务柜\Aoto.EMS\Aoto.EMS.MultiSerBox\bin\x86\Debug]
<<18:51:54.412#信息>>[InitializeData]调用结束
<<18:51:54.414#信息>>[IDCR_Initialize]去掉入参非法字符前lpszConfigXml=<?xml version ="1.0" encoding="utf-8"?><Device>  <DeviceId>IDCard001</DeviceId>  <LogLevel>3</LogLevel></Device>
<<18:51:54.414#信息>>[IDCR_Initialize]去掉入参非法字符后lpszConfigXml=<?xml version ="1.0" encoding="utf-8"?><Device>  <DeviceId>IDCard001</DeviceId>  <LogLevel>3</LogLevel></Device>
<<18:51:54.414#信息>>[IDCR_Initialize]设备标识为：IDCard001,日志级别为：3
<<18:51:54.415#信息>>[IDCR_Initialize]读取串口信息：Com3
<<18:51:54.415#信息>>[IDCR_Initialize]获取身份证阅读器波特率失败, [SDT_GetCOMBaud]返回值：[0X05]
<<18:51:54.415#信息>>[IDCR_Initialize]设置身份证阅读器波特率失败, [SDT_SetCOMBaud]返回值：[0X01]
<<18:51:54.415#信息>>[IDCR_Initialize]端口 3 打开失败, [SDT_OpenPort]返回值：[0X01]
<<18:53:14.890#信息>>[InitializeData]日志保存天数：[30]
<<18:53:14.890#信息>>[InitializeData]GetModuleFileName：[D:\多功能业务柜\Aoto.EMS\Aoto.EMS.MultiSerBox\bin\x86\Debug\]
<<18:53:14.890#信息>>[InitializeData]GetCurrentDirectory：[D:\多功能业务柜\Aoto.EMS\Aoto.EMS.MultiSerBox\bin\x86\Debug]
<<18:53:14.893#信息>>[InitializeData]调用结束
<<18:53:14.895#信息>>[IDCR_Initialize]去掉入参非法字符前lpszConfigXml=<?xml version ="1.0" encoding="utf-8"?><Device>  <DeviceId>IDCard001</DeviceId>  <LogLevel>3</LogLevel></Device>
<<18:53:14.896#信息>>[IDCR_Initialize]去掉入参非法字符后lpszConfigXml=<?xml version ="1.0" encoding="utf-8"?><Device>  <DeviceId>IDCard001</DeviceId>  <LogLevel>3</LogLevel></Device>
<<18:53:14.896#信息>>[IDCR_Initialize]设备标识为：IDCard001,日志级别为：3
<<18:53:14.896#信息>>[IDCR_Initialize]读取串口信息：Com3
<<18:53:14.896#信息>>[IDCR_Initialize]获取身份证阅读器波特率失败, [SDT_GetCOMBaud]返回值：[0X05]
<<18:53:14.897#信息>>[IDCR_Initialize]设置身份证阅读器波特率失败, [SDT_SetCOMBaud]返回值：[0X01]
<<18:53:14.897#信息>>[IDCR_Initialize]端口 3 打开失败, [SDT_OpenPort]返回值：[0X01]
<<18:55:31.554#信息>>[InitializeData]日志保存天数：[30]
<<18:55:31.554#信息>>[InitializeData]GetModuleFileName：[D:\多功能业务柜\Aoto.EMS\Aoto.EMS.MultiSerBox\bin\x86\Debug\]
<<18:55:31.554#信息>>[InitializeData]GetCurrentDirectory：[D:\多功能业务柜\Aoto.EMS\Aoto.EMS.MultiSerBox\bin\x86\Debug]
<<18:55:31.557#信息>>[InitializeData]调用结束
<<18:55:31.558#信息>>[IDCR_Initialize]去掉入参非法字符前lpszConfigXml=<?xml version ="1.0" encoding="utf-8"?><Device>  <DeviceId>IDCard001</DeviceId>  <LogLevel>3</LogLevel></Device>
<<18:55:31.558#信息>>[IDCR_Initialize]去掉入参非法字符后lpszConfigXml=<?xml version ="1.0" encoding="utf-8"?><Device>  <DeviceId>IDCard001</DeviceId>  <LogLevel>3</LogLevel></Device>
<<18:55:31.558#信息>>[IDCR_Initialize]设备标识为：IDCard001,日志级别为：3
<<18:55:31.559#信息>>[IDCR_Initialize]读取串口信息：Com3
<<18:55:31.559#信息>>[IDCR_Initialize]获取身份证阅读器波特率失败, [SDT_GetCOMBaud]返回值：[0X05]
<<18:55:31.559#信息>>[IDCR_Initialize]设置身份证阅读器波特率失败, [SDT_SetCOMBaud]返回值：[0X01]
<<18:55:31.559#信息>>[IDCR_Initialize]端口 3 打开失败, [SDT_OpenPort]返回值：[0X01]
<<18:56:03.103#信息>>[InitializeData]日志保存天数：[30]
<<18:56:03.104#信息>>[InitializeData]GetModuleFileName：[D:\多功能业务柜\Aoto.EMS\Aoto.EMS.MultiSerBox\bin\x86\Debug\]
<<18:56:03.104#信息>>[InitializeData]GetCurrentDirectory：[D:\多功能业务柜\Aoto.EMS\Aoto.EMS.MultiSerBox\bin\x86\Debug]
<<18:56:03.107#信息>>[InitializeData]调用结束
<<18:56:03.109#信息>>[IDCR_Initialize]去掉入参非法字符前lpszConfigXml=<?xml version ="1.0" encoding="utf-8"?><Device>  <DeviceId>IDCard001</DeviceId>  <LogLevel>3</LogLevel></Device>
<<18:56:03.109#信息>>[IDCR_Initialize]去掉入参非法字符后lpszConfigXml=<?xml version ="1.0" encoding="utf-8"?><Device>  <DeviceId>IDCard001</DeviceId>  <LogLevel>3</LogLevel></Device>
<<18:56:03.109#信息>>[IDCR_Initialize]设备标识为：IDCard001,日志级别为：3
<<18:56:03.110#信息>>[IDCR_Initialize]读取串口信息：Com3
<<18:56:03.110#信息>>[IDCR_Initialize]获取身份证阅读器波特率失败, [SDT_GetCOMBaud]返回值：[0X05]
<<18:56:03.110#信息>>[IDCR_Initialize]设置身份证阅读器波特率失败, [SDT_SetCOMBaud]返回值：[0X01]
<<18:56:03.110#信息>>[IDCR_Initialize]端口 3 打开失败, [SDT_OpenPort]返回值：[0X01]
<<18:56:56.312#信息>>[InitializeData]日志保存天数：[30]
<<18:56:56.312#信息>>[InitializeData]GetModuleFileName：[D:\多功能业务柜\Aoto.EMS\Aoto.EMS.MultiSerBox\bin\x86\Debug\]
<<18:56:56.312#信息>>[InitializeData]GetCurrentDirectory：[D:\多功能业务柜\Aoto.EMS\Aoto.EMS.MultiSerBox\bin\x86\Debug]
<<18:56:56.315#信息>>[InitializeData]调用结束
<<18:56:56.316#信息>>[IDCR_Initialize]去掉入参非法字符前lpszConfigXml=<?xml version ="1.0" encoding="utf-8"?><Device>  <DeviceId>IDCard001</DeviceId>  <LogLevel>3</LogLevel></Device>
<<18:56:56.316#信息>>[IDCR_Initialize]去掉入参非法字符后lpszConfigXml=<?xml version ="1.0" encoding="utf-8"?><Device>  <DeviceId>IDCard001</DeviceId>  <LogLevel>3</LogLevel></Device>
<<18:56:56.316#信息>>[IDCR_Initialize]设备标识为：IDCard001,日志级别为：3
<<18:56:56.316#信息>>[IDCR_Initialize]读取串口信息：Com3
<<18:56:56.316#信息>>[IDCR_Initialize]获取身份证阅读器波特率失败, [SDT_GetCOMBaud]返回值：[0X05]
<<18:56:56.316#信息>>[IDCR_Initialize]设置身份证阅读器波特率失败, [SDT_SetCOMBaud]返回值：[0X01]
<<18:56:56.317#信息>>[IDCR_Initialize]端口 3 打开失败, [SDT_OpenPort]返回值：[0X01]
<<18:59:45.753#信息>>[InitializeData]日志保存天数：[30]
<<18:59:45.754#信息>>[InitializeData]GetModuleFileName：[D:\多功能业务柜\Aoto.EMS\Aoto.EMS.MultiSerBox\bin\x86\Debug\]
<<18:59:45.754#信息>>[InitializeData]GetCurrentDirectory：[D:\多功能业务柜\Aoto.EMS\Aoto.EMS.MultiSerBox\bin\x86\Debug]
<<18:59:45.757#信息>>[InitializeData]调用结束
<<18:59:45.758#信息>>[IDCR_Initialize]去掉入参非法字符前lpszConfigXml=<?xml version ="1.0" encoding="utf-8"?><Device>  <DeviceId>IDCard001</DeviceId>  <LogLevel>3</LogLevel></Device>
<<18:59:45.759#信息>>[IDCR_Initialize]去掉入参非法字符后lpszConfigXml=<?xml version ="1.0" encoding="utf-8"?><Device>  <DeviceId>IDCard001</DeviceId>  <LogLevel>3</LogLevel></Device>
<<18:59:45.759#信息>>[IDCR_Initialize]设备标识为：IDCard001,日志级别为：3
<<18:59:45.759#信息>>[IDCR_Initialize]读取串口信息：Com3
<<18:59:45.760#信息>>[IDCR_Initialize]获取身份证阅读器波特率失败, [SDT_GetCOMBaud]返回值：[0X05]
<<18:59:45.760#信息>>[IDCR_Initialize]设置身份证阅读器波特率失败, [SDT_SetCOMBaud]返回值：[0X01]
<<18:59:45.760#信息>>[IDCR_Initialize]端口 3 打开失败, [SDT_OpenPort]返回值：[0X01]
<<19:03:18.580#信息>>[InitializeData]日志保存天数：[30]
<<19:03:18.581#信息>>[InitializeData]GetModuleFileName：[D:\多功能业务柜\Aoto.EMS\Aoto.EMS.MultiSerBox\bin\x86\Debug\]
<<19:03:18.581#信息>>[InitializeData]GetCurrentDirectory：[D:\多功能业务柜\Aoto.EMS\Aoto.EMS.MultiSerBox\bin\x86\Debug]
<<19:03:18.584#信息>>[InitializeData]调用结束
<<19:03:18.585#信息>>[IDCR_Initialize]去掉入参非法字符前lpszConfigXml=<?xml version ="1.0" encoding="utf-8"?><Device>  <DeviceId>IDCard001</DeviceId>  <LogLevel>3</LogLevel></Device>
<<19:03:18.585#信息>>[IDCR_Initialize]去掉入参非法字符后lpszConfigXml=<?xml version ="1.0" encoding="utf-8"?><Device>  <DeviceId>IDCard001</DeviceId>  <LogLevel>3</LogLevel></Device>
<<19:03:18.586#信息>>[IDCR_Initialize]设备标识为：IDCard001,日志级别为：3
<<19:03:18.588#信息>>[IDCR_Initialize]读取串口信息：Com3
<<19:03:18.588#信息>>[IDCR_Initialize]获取身份证阅读器波特率失败, [SDT_GetCOMBaud]返回值：[0X05]
<<19:03:18.588#信息>>[IDCR_Initialize]设置身份证阅读器波特率失败, [SDT_SetCOMBaud]返回值：[0X01]
<<19:03:18.588#信息>>[IDCR_Initialize]端口 3 打开失败, [SDT_OpenPort]返回值：[0X01]
<<19:09:03.993#信息>>[InitializeData]日志保存天数：[30]
<<19:09:03.993#信息>>[InitializeData]GetModuleFileName：[D:\多功能业务柜\Aoto.EMS\Aoto.EMS.MultiSerBox\bin\x86\Debug\]
<<19:09:03.993#信息>>[InitializeData]GetCurrentDirectory：[D:\多功能业务柜\Aoto.EMS\Aoto.EMS.MultiSerBox\bin\x86\Debug]
<<19:09:03.996#信息>>[InitializeData]调用结束
<<19:09:03.997#信息>>[IDCR_Initialize]去掉入参非法字符前lpszConfigXml=<?xml version ="1.0" encoding="utf-8"?><Device>  <DeviceId>IDCard001</DeviceId>  <LogLevel>3</LogLevel></Device>
<<19:09:03.997#信息>>[IDCR_Initialize]去掉入参非法字符后lpszConfigXml=<?xml version ="1.0" encoding="utf-8"?><Device>  <DeviceId>IDCard001</DeviceId>  <LogLevel>3</LogLevel></Device>
<<19:09:03.997#信息>>[IDCR_Initialize]设备标识为：IDCard001,日志级别为：3
<<19:09:03.998#信息>>[IDCR_Initialize]读取串口信息：Com3
<<19:09:03.998#信息>>[IDCR_Initialize]获取身份证阅读器波特率失败, [SDT_GetCOMBaud]返回值：[0X05]
<<19:09:03.998#信息>>[IDCR_Initialize]设置身份证阅读器波特率失败, [SDT_SetCOMBaud]返回值：[0X01]
<<19:09:03.998#信息>>[IDCR_Initialize]端口 3 打开失败, [SDT_OpenPort]返回值：[0X01]
<<19:10:29.675#信息>>[InitializeData]日志保存天数：[30]
<<19:10:29.675#信息>>[InitializeData]GetModuleFileName：[D:\多功能业务柜\Aoto.EMS\Aoto.EMS.MultiSerBox\bin\x86\Debug\]
<<19:10:29.675#信息>>[InitializeData]GetCurrentDirectory：[D:\多功能业务柜\Aoto.EMS\Aoto.EMS.MultiSerBox\bin\x86\Debug]
<<19:10:29.680#信息>>[InitializeData]调用结束
<<19:10:29.682#信息>>[IDCR_Initialize]去掉入参非法字符前lpszConfigXml=<?xml version ="1.0" encoding="utf-8"?><Device>  <DeviceId>IDCard001</DeviceId>  <LogLevel>3</LogLevel></Device>
<<19:10:29.682#信息>>[IDCR_Initialize]去掉入参非法字符后lpszConfigXml=<?xml version ="1.0" encoding="utf-8"?><Device>  <DeviceId>IDCard001</DeviceId>  <LogLevel>3</LogLevel></Device>
<<19:10:29.682#信息>>[IDCR_Initialize]设备标识为：IDCard001,日志级别为：3
<<19:10:29.682#信息>>[IDCR_Initialize]读取串口信息：Com3
<<19:10:29.683#信息>>[IDCR_Initialize]获取身份证阅读器波特率失败, [SDT_GetCOMBaud]返回值：[0X05]
<<19:10:29.683#信息>>[IDCR_Initialize]设置身份证阅读器波特率失败, [SDT_SetCOMBaud]返回值：[0X01]
<<19:10:29.683#信息>>[IDCR_Initialize]端口 3 打开失败, [SDT_OpenPort]返回值：[0X01]
<<19:25:29.121#信息>>[InitializeData]日志保存天数：[30]
<<19:25:29.121#信息>>[InitializeData]GetModuleFileName：[D:\多功能业务柜\Aoto.EMS\Aoto.EMS.MultiSerBox\bin\x86\Debug\]
<<19:25:29.121#信息>>[InitializeData]GetCurrentDirectory：[D:\多功能业务柜\Aoto.EMS\Aoto.EMS.MultiSerBox\bin\x86\Debug]
<<19:25:29.124#信息>>[InitializeData]调用结束
<<19:25:29.126#信息>>[IDCR_Initialize]去掉入参非法字符前lpszConfigXml=<?xml version ="1.0" encoding="utf-8"?><Device>  <DeviceId>IDCard001</DeviceId>  <LogLevel>3</LogLevel></Device>
<<19:25:29.126#信息>>[IDCR_Initialize]去掉入参非法字符后lpszConfigXml=<?xml version ="1.0" encoding="utf-8"?><Device>  <DeviceId>IDCard001</DeviceId>  <LogLevel>3</LogLevel></Device>
<<19:25:29.127#信息>>[IDCR_Initialize]设备标识为：IDCard001,日志级别为：3
<<19:25:29.127#信息>>[IDCR_Initialize]读取串口信息：Com3
<<19:25:29.127#信息>>[IDCR_Initialize]获取身份证阅读器波特率失败, [SDT_GetCOMBaud]返回值：[0X05]
<<19:25:29.127#信息>>[IDCR_Initialize]设置身份证阅读器波特率失败, [SDT_SetCOMBaud]返回值：[0X01]
<<19:25:29.127#信息>>[IDCR_Initialize]端口 3 打开失败, [SDT_OpenPort]返回值：[0X01]
<<19:26:41.115#信息>>[InitializeData]日志保存天数：[30]
<<19:26:41.116#信息>>[InitializeData]GetModuleFileName：[D:\多功能业务柜\Aoto.EMS\Aoto.EMS.MultiSerBox\bin\x86\Debug\]
<<19:26:41.116#信息>>[InitializeData]GetCurrentDirectory：[D:\多功能业务柜\Aoto.EMS\Aoto.EMS.MultiSerBox\bin\x86\Debug]
<<19:26:41.118#信息>>[InitializeData]调用结束
<<19:26:41.119#信息>>[IDCR_Initialize]去掉入参非法字符前lpszConfigXml=<?xml version ="1.0" encoding="utf-8"?><Device>  <DeviceId>IDCard001</DeviceId>  <LogLevel>3</LogLevel></Device>
<<19:26:41.120#信息>>[IDCR_Initialize]去掉入参非法字符后lpszConfigXml=<?xml version ="1.0" encoding="utf-8"?><Device>  <DeviceId>IDCard001</DeviceId>  <LogLevel>3</LogLevel></Device>
<<19:26:41.120#信息>>[IDCR_Initialize]设备标识为：IDCard001,日志级别为：3
<<19:26:41.120#信息>>[IDCR_Initialize]读取串口信息：Com3
<<19:26:41.120#信息>>[IDCR_Initialize]获取身份证阅读器波特率失败, [SDT_GetCOMBaud]返回值：[0X05]
<<19:26:41.120#信息>>[IDCR_Initialize]设置身份证阅读器波特率失败, [SDT_SetCOMBaud]返回值：[0X01]
<<19:26:41.120#信息>>[IDCR_Initialize]端口 3 打开失败, [SDT_OpenPort]返回值：[0X01]
<<19:27:06.007#信息>>[InitializeData]日志保存天数：[30]
<<19:27:06.007#信息>>[InitializeData]GetModuleFileName：[D:\多功能业务柜\Aoto.EMS\Aoto.EMS.MultiSerBox\bin\x86\Debug\]
<<19:27:06.008#信息>>[InitializeData]GetCurrentDirectory：[D:\多功能业务柜\Aoto.EMS\Aoto.EMS.MultiSerBox\bin\x86\Debug]
<<19:27:06.011#信息>>[InitializeData]调用结束
<<19:27:06.013#信息>>[IDCR_Initialize]去掉入参非法字符前lpszConfigXml=<?xml version ="1.0" encoding="utf-8"?><Device>  <DeviceId>IDCard001</DeviceId>  <LogLevel>3</LogLevel></Device>
<<19:27:06.013#信息>>[IDCR_Initialize]去掉入参非法字符后lpszConfigXml=<?xml version ="1.0" encoding="utf-8"?><Device>  <DeviceId>IDCard001</DeviceId>  <LogLevel>3</LogLevel></Device>
<<19:27:06.013#信息>>[IDCR_Initialize]设备标识为：IDCard001,日志级别为：3
<<19:27:06.013#信息>>[IDCR_Initialize]读取串口信息：Com3
<<19:27:06.013#信息>>[IDCR_Initialize]获取身份证阅读器波特率失败, [SDT_GetCOMBaud]返回值：[0X05]
<<19:27:06.014#信息>>[IDCR_Initialize]设置身份证阅读器波特率失败, [SDT_SetCOMBaud]返回值：[0X01]
<<19:27:06.014#信息>>[IDCR_Initialize]端口 3 打开失败, [SDT_OpenPort]返回值：[0X01]
<<19:28:26.213#信息>>[InitializeData]日志保存天数：[30]
<<19:28:26.214#信息>>[InitializeData]GetModuleFileName：[D:\多功能业务柜\Aoto.EMS\Aoto.EMS.MultiSerBox\bin\x86\Debug\]
<<19:28:26.214#信息>>[InitializeData]GetCurrentDirectory：[D:\多功能业务柜\Aoto.EMS\Aoto.EMS.MultiSerBox\bin\x86\Debug]
<<19:28:26.218#信息>>[InitializeData]调用结束
<<19:28:26.219#信息>>[IDCR_Initialize]去掉入参非法字符前lpszConfigXml=<?xml version ="1.0" encoding="utf-8"?><Device>  <DeviceId>IDCard001</DeviceId>  <LogLevel>3</LogLevel></Device>
<<19:28:26.220#信息>>[IDCR_Initialize]去掉入参非法字符后lpszConfigXml=<?xml version ="1.0" encoding="utf-8"?><Device>  <DeviceId>IDCard001</DeviceId>  <LogLevel>3</LogLevel></Device>
<<19:28:26.220#信息>>[IDCR_Initialize]设备标识为：IDCard001,日志级别为：3
<<19:28:26.220#信息>>[IDCR_Initialize]读取串口信息：Com3
<<19:28:26.220#信息>>[IDCR_Initialize]获取身份证阅读器波特率失败, [SDT_GetCOMBaud]返回值：[0X05]
<<19:28:26.220#信息>>[IDCR_Initialize]设置身份证阅读器波特率失败, [SDT_SetCOMBaud]返回值：[0X01]
<<19:28:26.220#信息>>[IDCR_Initialize]端口 3 打开失败, [SDT_OpenPort]返回值：[0X01]
<<19:28:39.937#信息>>[InitializeData]日志保存天数：[30]
<<19:28:39.938#信息>>[InitializeData]GetModuleFileName：[D:\多功能业务柜\Aoto.EMS\Aoto.EMS.MultiSerBox\bin\x86\Debug\]
<<19:28:39.938#信息>>[InitializeData]GetCurrentDirectory：[D:\多功能业务柜\Aoto.EMS\Aoto.EMS.MultiSerBox\bin\x86\Debug]
<<19:28:39.942#信息>>[InitializeData]调用结束
<<19:28:39.943#信息>>[IDCR_Initialize]去掉入参非法字符前lpszConfigXml=<?xml version ="1.0" encoding="utf-8"?><Device>  <DeviceId>IDCard001</DeviceId>  <LogLevel>3</LogLevel></Device>
<<19:28:39.943#信息>>[IDCR_Initialize]去掉入参非法字符后lpszConfigXml=<?xml version ="1.0" encoding="utf-8"?><Device>  <DeviceId>IDCard001</DeviceId>  <LogLevel>3</LogLevel></Device>
<<19:28:39.944#信息>>[IDCR_Initialize]设备标识为：IDCard001,日志级别为：3
<<19:28:39.944#信息>>[IDCR_Initialize]读取串口信息：Com3
<<19:28:39.944#信息>>[IDCR_Initialize]获取身份证阅读器波特率失败, [SDT_GetCOMBaud]返回值：[0X05]
<<19:28:39.944#信息>>[IDCR_Initialize]设置身份证阅读器波特率失败, [SDT_SetCOMBaud]返回值：[0X01]
<<19:28:39.944#信息>>[IDCR_Initialize]端口 3 打开失败, [SDT_OpenPort]返回值：[0X01]
<<19:29:02.735#信息>>[InitializeData]日志保存天数：[30]
<<19:29:02.735#信息>>[InitializeData]GetModuleFileName：[D:\多功能业务柜\Aoto.EMS\Aoto.EMS.MultiSerBox\bin\x86\Debug\]
<<19:29:02.735#信息>>[InitializeData]GetCurrentDirectory：[D:\多功能业务柜\Aoto.EMS\Aoto.EMS.MultiSerBox\bin\x86\Debug]
<<19:29:02.737#信息>>[InitializeData]调用结束
<<19:29:02.739#信息>>[IDCR_Initialize]去掉入参非法字符前lpszConfigXml=<?xml version ="1.0" encoding="utf-8"?><Device>  <DeviceId>IDCard001</DeviceId>  <LogLevel>3</LogLevel></Device>
<<19:29:02.739#信息>>[IDCR_Initialize]去掉入参非法字符后lpszConfigXml=<?xml version ="1.0" encoding="utf-8"?><Device>  <DeviceId>IDCard001</DeviceId>  <LogLevel>3</LogLevel></Device>
<<19:29:02.739#信息>>[IDCR_Initialize]设备标识为：IDCard001,日志级别为：3
<<19:29:02.739#信息>>[IDCR_Initialize]读取串口信息：Com3
<<19:29:02.739#信息>>[IDCR_Initialize]获取身份证阅读器波特率失败, [SDT_GetCOMBaud]返回值：[0X05]
<<19:29:02.740#信息>>[IDCR_Initialize]设置身份证阅读器波特率失败, [SDT_SetCOMBaud]返回值：[0X01]
<<19:29:02.740#信息>>[IDCR_Initialize]端口 3 打开失败, [SDT_OpenPort]返回值：[0X01]
