<<08:47:56.987#信息>>[InitializeData]日志保存天数：[30]
<<08:47:56.988#信息>>[InitializeData]GetModuleFileName：[D:\多功能业务柜\Aoto.EMS\Aoto.EMS.MultiSerBox\bin\x86\Debug\]
<<08:47:56.988#信息>>[InitializeData]GetCurrentDirectory：[D:\多功能业务柜\Aoto.EMS\Aoto.EMS.MultiSerBox\bin\x86\Debug]
<<08:47:56.994#信息>>[InitializeData]调用结束
<<08:47:56.996#信息>>[IDCR_Initialize]去掉入参非法字符前lpszConfigXml=<?xml version ="1.0" encoding="utf-8"?><Device>  <DeviceId>IDCard001</DeviceId>  <LogLevel>3</LogLevel></Device>
<<08:47:56.996#信息>>[IDCR_Initialize]去掉入参非法字符后lpszConfigXml=<?xml version ="1.0" encoding="utf-8"?><Device>  <DeviceId>IDCard001</DeviceId>  <LogLevel>3</LogLevel></Device>
<<08:47:57.003#信息>>[IDCR_Initialize]设备标识为：IDCard001,日志级别为：3
<<08:47:57.004#信息>>[IDCR_Initialize]读取串口信息：Com3
<<08:47:59.810#信息>>[IDCR_Initialize]获取身份证阅读器波特率失败, [SDT_GetCOMBaud]返回值：[0X05]
<<08:47:59.984#信息>>[IDCR_Initialize]设置身份证阅读器波特率失败, [SDT_SetCOMBaud]返回值：[0X02]
<<08:47:59.996#信息>>[IDCR_Initialize]返回值：0(成功)
<<08:47:59.997#信息>>[IDCR_Initialize]调用开始

<<08:52:30.116#信息>>[InitializeData]日志保存天数：[30]
<<08:52:30.117#信息>>[InitializeData]GetModuleFileName：[D:\多功能业务柜\Aoto.EMS\Aoto.EMS.MultiSerBox\bin\x86\Debug\]
<<08:52:30.118#信息>>[InitializeData]GetCurrentDirectory：[D:\多功能业务柜\Aoto.EMS\Aoto.EMS.MultiSerBox\bin\x86\Debug]
<<08:52:30.121#信息>>[InitializeData]调用结束
<<08:52:30.122#信息>>[IDCR_Initialize]去掉入参非法字符前lpszConfigXml=<?xml version ="1.0" encoding="utf-8"?><Device>  <DeviceId>IDCard001</DeviceId>  <LogLevel>3</LogLevel></Device>
<<08:52:30.123#信息>>[IDCR_Initialize]去掉入参非法字符后lpszConfigXml=<?xml version ="1.0" encoding="utf-8"?><Device>  <DeviceId>IDCard001</DeviceId>  <LogLevel>3</LogLevel></Device>
<<08:52:30.123#信息>>[IDCR_Initialize]设备标识为：IDCard001,日志级别为：3
<<08:52:30.124#信息>>[IDCR_Initialize]读取串口信息：Com3
<<08:52:32.949#信息>>[IDCR_Initialize]获取身份证阅读器波特率失败, [SDT_GetCOMBaud]返回值：[0X05]
<<08:52:33.127#信息>>[IDCR_Initialize]设置身份证阅读器波特率失败, [SDT_SetCOMBaud]返回值：[0X02]
<<08:52:33.138#信息>>[IDCR_Initialize]返回值：0(成功)
<<08:52:33.139#信息>>[IDCR_Initialize]调用开始

