<<13:13:54.260#信息>>[InitializeData]日志保存天数：[30]
<<13:13:54.261#信息>>[InitializeData]GetModuleFileName：[D:\多功能业务柜\Aoto.EMS\Aoto.EMS.MultiSerBox\bin\x86\Debug\]
<<13:13:54.261#信息>>[InitializeData]GetCurrentDirectory：[D:\多功能业务柜\Aoto.EMS\Aoto.EMS.MultiSerBox\bin\x86\Debug]
<<13:13:54.264#信息>>[InitializeData]调用结束
<<13:13:54.266#信息>>[IDCR_Initialize]去掉入参非法字符前lpszConfigXml=<?xml version ="1.0" encoding="utf-8"?><Device>  <DeviceId>IDCard001</DeviceId>  <LogLevel>3</LogLevel></Device>
<<13:13:54.266#信息>>[IDCR_Initialize]去掉入参非法字符后lpszConfigXml=<?xml version ="1.0" encoding="utf-8"?><Device>  <DeviceId>IDCard001</DeviceId>  <LogLevel>3</LogLevel></Device>
<<13:13:54.266#信息>>[IDCR_Initialize]设备标识为：IDCard001,日志级别为：3
<<13:13:54.267#信息>>[IDCR_Initialize]读取串口信息：Com4
<<13:13:54.267#信息>>[IDCR_Initialize]获取身份证阅读器波特率失败, [SDT_GetCOMBaud]返回值：[0X05]
<<13:13:54.267#信息>>[IDCR_Initialize]设置身份证阅读器波特率失败, [SDT_SetCOMBaud]返回值：[0X01]
<<13:13:54.267#信息>>[IDCR_Initialize]端口 4 打开失败, [SDT_OpenPort]返回值：[0X01]
<<14:52:30.402#信息>>[InitializeData]日志保存天数：[30]
<<14:52:30.402#信息>>[InitializeData]GetModuleFileName：[D:\多功能业务柜\Aoto.EMS\Aoto.EMS.MultiSerBox\bin\x86\Debug\]
<<14:52:30.402#信息>>[InitializeData]GetCurrentDirectory：[D:\多功能业务柜\Aoto.EMS\Aoto.EMS.MultiSerBox\bin\x86\Debug]
<<14:52:30.405#信息>>[InitializeData]调用结束
<<14:52:30.406#信息>>[IDCR_Initialize]去掉入参非法字符前lpszConfigXml=<?xml version ="1.0" encoding="utf-8"?><Device>  <DeviceId>IDCard001</DeviceId>  <LogLevel>3</LogLevel></Device>
<<14:52:30.407#信息>>[IDCR_Initialize]去掉入参非法字符后lpszConfigXml=<?xml version ="1.0" encoding="utf-8"?><Device>  <DeviceId>IDCard001</DeviceId>  <LogLevel>3</LogLevel></Device>
<<14:52:30.407#信息>>[IDCR_Initialize]设备标识为：IDCard001,日志级别为：3
<<14:52:30.407#信息>>[IDCR_Initialize]读取串口信息：Com4
<<14:52:30.407#信息>>[IDCR_Initialize]获取身份证阅读器波特率失败, [SDT_GetCOMBaud]返回值：[0X05]
<<14:52:30.408#信息>>[IDCR_Initialize]设置身份证阅读器波特率失败, [SDT_SetCOMBaud]返回值：[0X01]
<<14:52:30.408#信息>>[IDCR_Initialize]端口 4 打开失败, [SDT_OpenPort]返回值：[0X01]
<<14:52:43.066#信息>>[InitializeData]日志保存天数：[30]
<<14:52:43.066#信息>>[InitializeData]GetModuleFileName：[D:\多功能业务柜\Aoto.EMS\Aoto.EMS.MultiSerBox\bin\x86\Debug\]
<<14:52:43.066#信息>>[InitializeData]GetCurrentDirectory：[D:\多功能业务柜\Aoto.EMS\Aoto.EMS.MultiSerBox\bin\x86\Debug]
<<14:52:43.069#信息>>[InitializeData]调用结束
<<14:52:43.071#信息>>[IDCR_Initialize]去掉入参非法字符前lpszConfigXml=<?xml version ="1.0" encoding="utf-8"?><Device>  <DeviceId>IDCard001</DeviceId>  <LogLevel>3</LogLevel></Device>
<<14:52:43.071#信息>>[IDCR_Initialize]去掉入参非法字符后lpszConfigXml=<?xml version ="1.0" encoding="utf-8"?><Device>  <DeviceId>IDCard001</DeviceId>  <LogLevel>3</LogLevel></Device>
<<14:52:43.071#信息>>[IDCR_Initialize]设备标识为：IDCard001,日志级别为：3
<<14:52:43.072#信息>>[IDCR_Initialize]读取串口信息：Com4
<<14:52:43.072#信息>>[IDCR_Initialize]获取身份证阅读器波特率失败, [SDT_GetCOMBaud]返回值：[0X05]
<<14:52:43.072#信息>>[IDCR_Initialize]设置身份证阅读器波特率失败, [SDT_SetCOMBaud]返回值：[0X01]
<<14:52:43.072#信息>>[IDCR_Initialize]端口 4 打开失败, [SDT_OpenPort]返回值：[0X01]
<<14:58:29.058#信息>>[InitializeData]日志保存天数：[30]
<<14:58:29.059#信息>>[InitializeData]GetModuleFileName：[D:\多功能业务柜\Aoto.EMS\Aoto.EMS.MultiSerBox\bin\x86\Debug\]
<<14:58:29.059#信息>>[InitializeData]GetCurrentDirectory：[D:\多功能业务柜\Aoto.EMS\Aoto.EMS.MultiSerBox\bin\x86\Debug]
<<14:58:29.062#信息>>[InitializeData]调用结束
<<14:58:29.063#信息>>[IDCR_Initialize]去掉入参非法字符前lpszConfigXml=<?xml version ="1.0" encoding="utf-8"?><Device>  <DeviceId>IDCard001</DeviceId>  <LogLevel>3</LogLevel></Device>
<<14:58:29.064#信息>>[IDCR_Initialize]去掉入参非法字符后lpszConfigXml=<?xml version ="1.0" encoding="utf-8"?><Device>  <DeviceId>IDCard001</DeviceId>  <LogLevel>3</LogLevel></Device>
<<14:58:29.064#信息>>[IDCR_Initialize]设备标识为：IDCard001,日志级别为：3
<<14:58:29.064#信息>>[IDCR_Initialize]读取串口信息：Com4
<<14:58:29.064#信息>>[IDCR_Initialize]获取身份证阅读器波特率失败, [SDT_GetCOMBaud]返回值：[0X05]
<<14:58:29.065#信息>>[IDCR_Initialize]设置身份证阅读器波特率失败, [SDT_SetCOMBaud]返回值：[0X01]
<<14:58:29.065#信息>>[IDCR_Initialize]端口 4 打开失败, [SDT_OpenPort]返回值：[0X01]
<<15:30:12.898#信息>>[InitializeData]日志保存天数：[30]
<<15:30:12.898#信息>>[InitializeData]GetModuleFileName：[D:\多功能业务柜\Aoto.EMS\Aoto.EMS.MultiSerBox\bin\x86\Debug\]
<<15:30:12.898#信息>>[InitializeData]GetCurrentDirectory：[D:\多功能业务柜\Aoto.EMS\Aoto.EMS.MultiSerBox\bin\x86\Debug]
<<15:30:12.901#信息>>[InitializeData]调用结束
<<15:30:12.903#信息>>[IDCR_Initialize]去掉入参非法字符前lpszConfigXml=<?xml version ="1.0" encoding="utf-8"?><Device>  <DeviceId>IDCard001</DeviceId>  <LogLevel>3</LogLevel></Device>
<<15:30:12.903#信息>>[IDCR_Initialize]去掉入参非法字符后lpszConfigXml=<?xml version ="1.0" encoding="utf-8"?><Device>  <DeviceId>IDCard001</DeviceId>  <LogLevel>3</LogLevel></Device>
<<15:30:12.903#信息>>[IDCR_Initialize]设备标识为：IDCard001,日志级别为：3
<<15:30:12.903#信息>>[IDCR_Initialize]读取串口信息：Com4
<<15:30:12.903#信息>>[IDCR_Initialize]获取身份证阅读器波特率失败, [SDT_GetCOMBaud]返回值：[0X05]
<<15:30:12.904#信息>>[IDCR_Initialize]设置身份证阅读器波特率失败, [SDT_SetCOMBaud]返回值：[0X01]
<<15:30:12.904#信息>>[IDCR_Initialize]端口 4 打开失败, [SDT_OpenPort]返回值：[0X01]
<<15:31:49.213#错误>>[IDCR_BeginRead]Error：设备未初始化
<<15:31:49.213#信息>>[IDCR_BeginRead]返回值：3004(失败)
<<15:31:49.213#信息>>[IDCR_BeginRead]调用结束

<<15:31:49.214#信息>>[IDCR_CancelRead]调用开始
<<15:31:49.214#错误>>[IDCR_CancelRead]Error：设备未初始化
<<15:31:49.214#信息>>[IDCR_CancelRead]返回值：3004(失败)
<<15:31:49.214#信息>>[IDCR_CancelRead]调用结束

<<15:32:39.258#信息>>[InitializeData]日志保存天数：[30]
<<15:32:39.258#信息>>[InitializeData]GetModuleFileName：[D:\多功能业务柜\Aoto.EMS\Aoto.EMS.MultiSerBox\bin\x86\Debug\]
<<15:32:39.259#信息>>[InitializeData]GetCurrentDirectory：[D:\多功能业务柜\Aoto.EMS\Aoto.EMS.MultiSerBox\bin\x86\Debug]
<<15:32:39.261#信息>>[InitializeData]调用结束
<<15:32:39.262#信息>>[IDCR_Initialize]去掉入参非法字符前lpszConfigXml=<?xml version ="1.0" encoding="utf-8"?><Device>  <DeviceId>IDCard001</DeviceId>  <LogLevel>3</LogLevel></Device>
<<15:32:39.262#信息>>[IDCR_Initialize]去掉入参非法字符后lpszConfigXml=<?xml version ="1.0" encoding="utf-8"?><Device>  <DeviceId>IDCard001</DeviceId>  <LogLevel>3</LogLevel></Device>
<<15:32:39.262#信息>>[IDCR_Initialize]设备标识为：IDCard001,日志级别为：3
<<15:32:39.263#信息>>[IDCR_Initialize]读取串口信息：Com3
<<15:32:39.400#信息>>[IDCR_Initialize]当前身份证阅读器波特率为: 115200
<<15:32:39.413#信息>>[IDCR_Initialize]返回值：0(成功)
<<15:32:39.413#信息>>[IDCR_Initialize]调用开始

<<15:32:43.407#信息>>[IDCR_DataAvailable]寻卡成功
<<15:32:43.423#信息>>[IDCR_DataAvailable]选卡成功
<<15:32:44.211#信息>>[IDCR_DataAvailable]读卡成功
<<15:32:44.225#信息>>[IDCR_DataAvailable]返回值：0(成功)，lpAvailable:1
<<15:32:44.225#信息>>[IDCR_DataAvailable]调用结束

<<15:32:44.225#信息>>[IDCR_ReadData]调用开始
<<15:32:44.225#信息>>[IDCR_ReadData]参数dwIndex=0,dwBufferSize=256
<<15:32:44.225#信息>>[IDCR_ReadData]调用开始
<<15:32:44.226#信息>>[IDCR_ReadData]参数dwIndex=1,dwBufferSize=200
<<15:32:44.226#信息>>[IDCR_ReadData]读取姓名：王宇
<<15:32:44.226#信息>>[IDCR_ReadData]返回值:0(成功),返回的数据lpBuffer=王宇,有效长度lpNumberOfBytesRead=4
<<15:32:44.226#信息>>[IDCR_ReadData]调用结束

<<15:32:44.226#信息>>[IDCR_ReadData]调用开始
<<15:32:44.226#信息>>[IDCR_ReadData]参数dwIndex=2,dwBufferSize=200
<<15:32:44.226#信息>>[IDCR_ReadData]读取性别：男
<<15:32:44.227#信息>>[IDCR_ReadData]返回值:0(成功),返回的数据lpBuffer=男,有效长度lpNumberOfBytesRead=2
<<15:32:44.227#信息>>[IDCR_ReadData]调用结束

<<15:32:44.227#信息>>[IDCR_ReadData]调用开始
<<15:32:44.227#信息>>[IDCR_ReadData]参数dwIndex=3,dwBufferSize=200
<<15:32:44.227#信息>>[IDCR_ReadData]读取民族：汉族
<<15:32:44.227#信息>>[IDCR_ReadData]返回值:0(成功),返回的数据lpBuffer=汉族,有效长度lpNumberOfBytesRead=4
<<15:32:44.227#信息>>[IDCR_ReadData]调用结束

<<15:32:44.227#信息>>[IDCR_ReadData]调用开始
<<15:32:44.228#信息>>[IDCR_ReadData]参数dwIndex=4,dwBufferSize=200
<<15:32:44.228#信息>>[IDCR_ReadData]读取出生日期：19950624
<<15:32:44.228#信息>>[IDCR_ReadData]返回值:0(成功),返回的数据lpBuffer=19950624,有效长度lpNumberOfBytesRead=8
<<15:32:44.228#信息>>[IDCR_ReadData]调用结束

<<15:32:44.228#信息>>[IDCR_ReadData]调用开始
<<15:32:44.228#信息>>[IDCR_ReadData]参数dwIndex=5,dwBufferSize=200
<<15:32:44.228#信息>>[IDCR_ReadData]读取住址：湖北省天门市皂市镇二龙大道9-003号
<<15:32:44.228#信息>>[IDCR_ReadData]返回值:0(成功),返回的数据lpBuffer=湖北省天门市皂市镇二龙大道9-003号,有效长度lpNumberOfBytesRead=33
<<15:32:44.228#信息>>[IDCR_ReadData]调用结束

<<15:32:44.228#信息>>[IDCR_ReadData]调用开始
<<15:32:44.229#信息>>[IDCR_ReadData]参数dwIndex=6,dwBufferSize=200
<<15:32:44.229#信息>>[IDCR_ReadData]读取身份证号：42900619950624579X
<<15:32:44.229#信息>>[IDCR_ReadData]返回值:0(成功),返回的数据lpBuffer=42900619950624579X,有效长度lpNumberOfBytesRead=18
<<15:32:44.229#信息>>[IDCR_ReadData]调用结束

<<15:32:44.229#信息>>[IDCR_ReadData]调用开始
<<15:32:44.229#信息>>[IDCR_ReadData]参数dwIndex=7,dwBufferSize=200
<<15:32:44.229#信息>>[IDCR_ReadData]读取签发机关：天门市公安局
<<15:32:44.229#信息>>[IDCR_ReadData]返回值:0(成功),返回的数据lpBuffer=天门市公安局,有效长度lpNumberOfBytesRead=12
<<15:32:44.230#信息>>[IDCR_ReadData]调用结束

<<15:32:44.230#信息>>[IDCR_ReadData]调用开始
<<15:32:44.230#信息>>[IDCR_ReadData]参数dwIndex=8,dwBufferSize=200
<<15:32:44.230#信息>>[IDCR_ReadData]读取有效期限--生效日期：20140807
<<15:32:44.230#信息>>[IDCR_ReadData]返回值:0(成功),返回的数据lpBuffer=20140807,有效长度lpNumberOfBytesRead=8
<<15:32:44.230#信息>>[IDCR_ReadData]调用结束

<<15:32:44.230#信息>>[IDCR_ReadData]调用开始
<<15:32:44.230#信息>>[IDCR_ReadData]参数dwIndex=9,dwBufferSize=200
<<15:32:44.230#信息>>[IDCR_ReadData]读取有效期限--失效日期：20240807
<<15:32:44.230#信息>>[IDCR_ReadData]返回值:0(成功),返回的数据lpBuffer=20240807,有效长度lpNumberOfBytesRead=8
<<15:32:44.231#信息>>[IDCR_ReadData]调用结束

<<15:32:44.231#信息>>[IDCR_ReadData]返回值:0(成功),返回的数据lpBuffer=王宇|男|汉族|19950624|湖北省天门市皂市镇二龙大道9-003号|42900619950624579X|天门市公安局|20140807|20240807|D:\多功能业务柜\Aoto.EMS\Aoto.EMS.MultiSerBox\bin\x86\Debug\peripheral\aoto\IDCardlib\image\zp.bmp,有效长度lpNumberOfBytesRead=204
<<15:32:44.231#信息>>[IDCR_ReadData]调用结束

<<15:32:44.231#信息>>[IDCR_CancelRead]调用开始
<<15:32:44.231#信息>>[IDCR_CancelRead]返回值：0(成功)
<<15:32:44.231#信息>>[IDCR_CancelRead]调用结束

<<15:33:27.506#信息>>[InitializeData]日志保存天数：[30]
<<15:33:27.507#信息>>[InitializeData]GetModuleFileName：[D:\多功能业务柜\Aoto.EMS\Aoto.EMS.MultiSerBox\bin\x86\Debug\]
<<15:33:27.507#信息>>[InitializeData]GetCurrentDirectory：[D:\多功能业务柜\Aoto.EMS\Aoto.EMS.MultiSerBox\bin\x86\Debug]
<<15:33:27.510#信息>>[InitializeData]调用结束
<<15:33:27.511#信息>>[IDCR_Initialize]去掉入参非法字符前lpszConfigXml=<?xml version ="1.0" encoding="utf-8"?><Device>  <DeviceId>IDCard001</DeviceId>  <LogLevel>3</LogLevel></Device>
<<15:33:27.511#信息>>[IDCR_Initialize]去掉入参非法字符后lpszConfigXml=<?xml version ="1.0" encoding="utf-8"?><Device>  <DeviceId>IDCard001</DeviceId>  <LogLevel>3</LogLevel></Device>
<<15:33:27.511#信息>>[IDCR_Initialize]设备标识为：IDCard001,日志级别为：3
<<15:33:27.511#信息>>[IDCR_Initialize]读取串口信息：Com3
<<15:33:27.658#信息>>[IDCR_Initialize]当前身份证阅读器波特率为: 115200
<<15:33:27.671#信息>>[IDCR_Initialize]返回值：0(成功)
<<15:33:27.671#信息>>[IDCR_Initialize]调用开始

<<15:33:31.250#信息>>[IDCR_DataAvailable]寻卡成功
<<15:33:31.266#信息>>[IDCR_DataAvailable]选卡成功
<<15:33:32.055#信息>>[IDCR_DataAvailable]读卡成功
<<15:33:32.060#信息>>[IDCR_DataAvailable]返回值：0(成功)，lpAvailable:1
<<15:33:32.061#信息>>[IDCR_DataAvailable]调用结束

<<15:33:32.061#信息>>[IDCR_ReadData]调用开始
<<15:33:32.061#信息>>[IDCR_ReadData]参数dwIndex=0,dwBufferSize=256
<<15:33:32.061#信息>>[IDCR_ReadData]调用开始
<<15:33:32.061#信息>>[IDCR_ReadData]参数dwIndex=1,dwBufferSize=200
<<15:33:32.061#信息>>[IDCR_ReadData]读取姓名：王宇
<<15:33:32.061#信息>>[IDCR_ReadData]返回值:0(成功),返回的数据lpBuffer=王宇,有效长度lpNumberOfBytesRead=4
<<15:33:32.062#信息>>[IDCR_ReadData]调用结束

<<15:33:32.062#信息>>[IDCR_ReadData]调用开始
<<15:33:32.062#信息>>[IDCR_ReadData]参数dwIndex=2,dwBufferSize=200
<<15:33:32.062#信息>>[IDCR_ReadData]读取性别：男
<<15:33:32.062#信息>>[IDCR_ReadData]返回值:0(成功),返回的数据lpBuffer=男,有效长度lpNumberOfBytesRead=2
<<15:33:32.062#信息>>[IDCR_ReadData]调用结束

<<15:33:32.062#信息>>[IDCR_ReadData]调用开始
<<15:33:32.062#信息>>[IDCR_ReadData]参数dwIndex=3,dwBufferSize=200
<<15:33:32.063#信息>>[IDCR_ReadData]读取民族：汉族
<<15:33:32.063#信息>>[IDCR_ReadData]返回值:0(成功),返回的数据lpBuffer=汉族,有效长度lpNumberOfBytesRead=4
<<15:33:32.063#信息>>[IDCR_ReadData]调用结束

<<15:33:32.063#信息>>[IDCR_ReadData]调用开始
<<15:33:32.063#信息>>[IDCR_ReadData]参数dwIndex=4,dwBufferSize=200
<<15:33:32.063#信息>>[IDCR_ReadData]读取出生日期：19950624
<<15:33:32.063#信息>>[IDCR_ReadData]返回值:0(成功),返回的数据lpBuffer=19950624,有效长度lpNumberOfBytesRead=8
<<15:33:32.063#信息>>[IDCR_ReadData]调用结束

<<15:33:32.064#信息>>[IDCR_ReadData]调用开始
<<15:33:32.064#信息>>[IDCR_ReadData]参数dwIndex=5,dwBufferSize=200
<<15:33:32.064#信息>>[IDCR_ReadData]读取住址：湖北省天门市皂市镇二龙大道9-003号
<<15:33:32.064#信息>>[IDCR_ReadData]返回值:0(成功),返回的数据lpBuffer=湖北省天门市皂市镇二龙大道9-003号,有效长度lpNumberOfBytesRead=33
<<15:33:32.064#信息>>[IDCR_ReadData]调用结束

<<15:33:32.064#信息>>[IDCR_ReadData]调用开始
<<15:33:32.064#信息>>[IDCR_ReadData]参数dwIndex=6,dwBufferSize=200
<<15:33:32.064#信息>>[IDCR_ReadData]读取身份证号：42900619950624579X
<<15:33:32.064#信息>>[IDCR_ReadData]返回值:0(成功),返回的数据lpBuffer=42900619950624579X,有效长度lpNumberOfBytesRead=18
<<15:33:32.065#信息>>[IDCR_ReadData]调用结束

<<15:33:32.065#信息>>[IDCR_ReadData]调用开始
<<15:33:32.065#信息>>[IDCR_ReadData]参数dwIndex=7,dwBufferSize=200
<<15:33:32.065#信息>>[IDCR_ReadData]读取签发机关：天门市公安局
<<15:33:32.065#信息>>[IDCR_ReadData]返回值:0(成功),返回的数据lpBuffer=天门市公安局,有效长度lpNumberOfBytesRead=12
<<15:33:32.065#信息>>[IDCR_ReadData]调用结束

<<15:33:32.065#信息>>[IDCR_ReadData]调用开始
<<15:33:32.065#信息>>[IDCR_ReadData]参数dwIndex=8,dwBufferSize=200
<<15:33:32.065#信息>>[IDCR_ReadData]读取有效期限--生效日期：20140807
<<15:33:32.065#信息>>[IDCR_ReadData]返回值:0(成功),返回的数据lpBuffer=20140807,有效长度lpNumberOfBytesRead=8
<<15:33:32.066#信息>>[IDCR_ReadData]调用结束

<<15:33:32.066#信息>>[IDCR_ReadData]调用开始
<<15:33:32.066#信息>>[IDCR_ReadData]参数dwIndex=9,dwBufferSize=200
<<15:33:32.066#信息>>[IDCR_ReadData]读取有效期限--失效日期：20240807
<<15:33:32.066#信息>>[IDCR_ReadData]返回值:0(成功),返回的数据lpBuffer=20240807,有效长度lpNumberOfBytesRead=8
<<15:33:32.066#信息>>[IDCR_ReadData]调用结束

<<15:33:32.066#信息>>[IDCR_ReadData]返回值:0(成功),返回的数据lpBuffer=王宇|男|汉族|19950624|湖北省天门市皂市镇二龙大道9-003号|42900619950624579X|天门市公安局|20140807|20240807|D:\多功能业务柜\Aoto.EMS\Aoto.EMS.MultiSerBox\bin\x86\Debug\peripheral\aoto\IDCardlib\image\zp.bmp,有效长度lpNumberOfBytesRead=204
<<15:33:32.066#信息>>[IDCR_ReadData]调用结束

<<15:33:32.066#信息>>[IDCR_CancelRead]调用开始
<<15:33:32.066#信息>>[IDCR_CancelRead]返回值：0(成功)
<<15:33:32.067#信息>>[IDCR_CancelRead]调用结束

<<15:33:51.385#信息>>[InitializeData]日志保存天数：[30]
<<15:33:51.385#信息>>[InitializeData]GetModuleFileName：[D:\多功能业务柜\Aoto.EMS\Aoto.EMS.MultiSerBox\bin\x86\Debug\]
<<15:33:51.385#信息>>[InitializeData]GetCurrentDirectory：[D:\多功能业务柜\Aoto.EMS\Aoto.EMS.MultiSerBox\bin\x86\Debug]
<<15:33:51.388#信息>>[InitializeData]调用结束
<<15:33:51.389#信息>>[IDCR_Initialize]去掉入参非法字符前lpszConfigXml=<?xml version ="1.0" encoding="utf-8"?><Device>  <DeviceId>IDCard001</DeviceId>  <LogLevel>3</LogLevel></Device>
<<15:33:51.389#信息>>[IDCR_Initialize]去掉入参非法字符后lpszConfigXml=<?xml version ="1.0" encoding="utf-8"?><Device>  <DeviceId>IDCard001</DeviceId>  <LogLevel>3</LogLevel></Device>
<<15:33:51.390#信息>>[IDCR_Initialize]设备标识为：IDCard001,日志级别为：3
<<15:33:51.390#信息>>[IDCR_Initialize]读取串口信息：Com3
<<15:33:51.533#信息>>[IDCR_Initialize]当前身份证阅读器波特率为: 115200
<<15:33:51.545#信息>>[IDCR_Initialize]返回值：0(成功)
<<15:33:51.545#信息>>[IDCR_Initialize]调用开始

<<15:33:55.222#信息>>[IDCR_DataAvailable]寻卡成功
<<15:33:55.238#信息>>[IDCR_DataAvailable]选卡成功
<<15:33:56.026#信息>>[IDCR_DataAvailable]读卡成功
<<15:33:56.032#信息>>[IDCR_DataAvailable]返回值：0(成功)，lpAvailable:1
<<15:33:56.032#信息>>[IDCR_DataAvailable]调用结束

<<15:33:56.032#信息>>[IDCR_ReadData]调用开始
<<15:33:56.032#信息>>[IDCR_ReadData]参数dwIndex=0,dwBufferSize=256
<<15:33:56.032#信息>>[IDCR_ReadData]调用开始
<<15:33:56.033#信息>>[IDCR_ReadData]参数dwIndex=1,dwBufferSize=200
<<15:33:56.033#信息>>[IDCR_ReadData]读取姓名：王宇
<<15:33:56.033#信息>>[IDCR_ReadData]返回值:0(成功),返回的数据lpBuffer=王宇,有效长度lpNumberOfBytesRead=4
<<15:33:56.033#信息>>[IDCR_ReadData]调用结束

<<15:33:56.033#信息>>[IDCR_ReadData]调用开始
<<15:33:56.033#信息>>[IDCR_ReadData]参数dwIndex=2,dwBufferSize=200
<<15:33:56.033#信息>>[IDCR_ReadData]读取性别：男
<<15:33:56.033#信息>>[IDCR_ReadData]返回值:0(成功),返回的数据lpBuffer=男,有效长度lpNumberOfBytesRead=2
<<15:33:56.033#信息>>[IDCR_ReadData]调用结束

<<15:33:56.033#信息>>[IDCR_ReadData]调用开始
<<15:33:56.034#信息>>[IDCR_ReadData]参数dwIndex=3,dwBufferSize=200
<<15:33:56.034#信息>>[IDCR_ReadData]读取民族：汉族
<<15:33:56.034#信息>>[IDCR_ReadData]返回值:0(成功),返回的数据lpBuffer=汉族,有效长度lpNumberOfBytesRead=4
<<15:33:56.034#信息>>[IDCR_ReadData]调用结束

<<15:33:56.034#信息>>[IDCR_ReadData]调用开始
<<15:33:56.034#信息>>[IDCR_ReadData]参数dwIndex=4,dwBufferSize=200
<<15:33:56.034#信息>>[IDCR_ReadData]读取出生日期：19950624
<<15:33:56.034#信息>>[IDCR_ReadData]返回值:0(成功),返回的数据lpBuffer=19950624,有效长度lpNumberOfBytesRead=8
<<15:33:56.034#信息>>[IDCR_ReadData]调用结束

<<15:33:56.034#信息>>[IDCR_ReadData]调用开始
<<15:33:56.035#信息>>[IDCR_ReadData]参数dwIndex=5,dwBufferSize=200
<<15:33:56.035#信息>>[IDCR_ReadData]读取住址：湖北省天门市皂市镇二龙大道9-003号
<<15:33:56.035#信息>>[IDCR_ReadData]返回值:0(成功),返回的数据lpBuffer=湖北省天门市皂市镇二龙大道9-003号,有效长度lpNumberOfBytesRead=33
<<15:33:56.035#信息>>[IDCR_ReadData]调用结束

<<15:33:56.035#信息>>[IDCR_ReadData]调用开始
<<15:33:56.035#信息>>[IDCR_ReadData]参数dwIndex=6,dwBufferSize=200
<<15:33:56.035#信息>>[IDCR_ReadData]读取身份证号：42900619950624579X
<<15:33:56.035#信息>>[IDCR_ReadData]返回值:0(成功),返回的数据lpBuffer=42900619950624579X,有效长度lpNumberOfBytesRead=18
<<15:33:56.036#信息>>[IDCR_ReadData]调用结束

<<15:33:56.036#信息>>[IDCR_ReadData]调用开始
<<15:33:56.036#信息>>[IDCR_ReadData]参数dwIndex=7,dwBufferSize=200
<<15:33:56.036#信息>>[IDCR_ReadData]读取签发机关：天门市公安局
<<15:33:56.036#信息>>[IDCR_ReadData]返回值:0(成功),返回的数据lpBuffer=天门市公安局,有效长度lpNumberOfBytesRead=12
<<15:33:56.036#信息>>[IDCR_ReadData]调用结束

<<15:33:56.036#信息>>[IDCR_ReadData]调用开始
<<15:33:56.037#信息>>[IDCR_ReadData]参数dwIndex=8,dwBufferSize=200
<<15:33:56.037#信息>>[IDCR_ReadData]读取有效期限--生效日期：20140807
<<15:33:56.037#信息>>[IDCR_ReadData]返回值:0(成功),返回的数据lpBuffer=20140807,有效长度lpNumberOfBytesRead=8
<<15:33:56.037#信息>>[IDCR_ReadData]调用结束

<<15:33:56.037#信息>>[IDCR_ReadData]调用开始
<<15:33:56.037#信息>>[IDCR_ReadData]参数dwIndex=9,dwBufferSize=200
<<15:33:56.037#信息>>[IDCR_ReadData]读取有效期限--失效日期：20240807
<<15:33:56.037#信息>>[IDCR_ReadData]返回值:0(成功),返回的数据lpBuffer=20240807,有效长度lpNumberOfBytesRead=8
<<15:33:56.038#信息>>[IDCR_ReadData]调用结束

<<15:33:56.038#信息>>[IDCR_ReadData]返回值:0(成功),返回的数据lpBuffer=王宇|男|汉族|19950624|湖北省天门市皂市镇二龙大道9-003号|42900619950624579X|天门市公安局|20140807|20240807|D:\多功能业务柜\Aoto.EMS\Aoto.EMS.MultiSerBox\bin\x86\Debug\peripheral\aoto\IDCardlib\image\zp.bmp,有效长度lpNumberOfBytesRead=204
<<15:33:56.038#信息>>[IDCR_ReadData]调用结束

<<15:33:56.038#信息>>[IDCR_CancelRead]调用开始
<<15:33:56.038#信息>>[IDCR_CancelRead]返回值：0(成功)
<<15:33:56.038#信息>>[IDCR_CancelRead]调用结束

<<15:35:31.943#信息>>[InitializeData]日志保存天数：[30]
<<15:35:31.943#信息>>[InitializeData]GetModuleFileName：[D:\多功能业务柜\Aoto.EMS\Aoto.EMS.MultiSerBox\bin\x86\Debug\]
<<15:35:31.943#信息>>[InitializeData]GetCurrentDirectory：[D:\多功能业务柜\Aoto.EMS\Aoto.EMS.MultiSerBox\bin\x86\Debug]
<<15:35:31.946#信息>>[InitializeData]调用结束
<<15:35:31.947#信息>>[IDCR_Initialize]去掉入参非法字符前lpszConfigXml=<?xml version ="1.0" encoding="utf-8"?><Device>  <DeviceId>IDCard001</DeviceId>  <LogLevel>3</LogLevel></Device>
<<15:35:31.947#信息>>[IDCR_Initialize]去掉入参非法字符后lpszConfigXml=<?xml version ="1.0" encoding="utf-8"?><Device>  <DeviceId>IDCard001</DeviceId>  <LogLevel>3</LogLevel></Device>
<<15:35:31.947#信息>>[IDCR_Initialize]设备标识为：IDCard001,日志级别为：3
<<15:35:31.948#信息>>[IDCR_Initialize]读取串口信息：Com3
<<15:35:32.090#信息>>[IDCR_Initialize]当前身份证阅读器波特率为: 115200
<<15:35:32.103#信息>>[IDCR_Initialize]返回值：0(成功)
<<15:35:32.103#信息>>[IDCR_Initialize]调用开始

<<15:35:36.258#信息>>[IDCR_DataAvailable]寻卡成功
<<15:35:36.274#信息>>[IDCR_DataAvailable]选卡成功
<<15:35:37.063#信息>>[IDCR_DataAvailable]读卡成功
<<15:35:37.069#信息>>[IDCR_DataAvailable]返回值：0(成功)，lpAvailable:1
<<15:35:37.069#信息>>[IDCR_DataAvailable]调用结束

<<15:35:37.070#信息>>[IDCR_ReadData]调用开始
<<15:35:37.070#信息>>[IDCR_ReadData]参数dwIndex=0,dwBufferSize=256
<<15:35:37.070#信息>>[IDCR_ReadData]调用开始
<<15:35:37.070#信息>>[IDCR_ReadData]参数dwIndex=1,dwBufferSize=200
<<15:35:37.070#信息>>[IDCR_ReadData]读取姓名：王宇
<<15:35:37.070#信息>>[IDCR_ReadData]返回值:0(成功),返回的数据lpBuffer=王宇,有效长度lpNumberOfBytesRead=4
<<15:35:37.070#信息>>[IDCR_ReadData]调用结束

<<15:35:37.070#信息>>[IDCR_ReadData]调用开始
<<15:35:37.071#信息>>[IDCR_ReadData]参数dwIndex=2,dwBufferSize=200
<<15:35:37.071#信息>>[IDCR_ReadData]读取性别：男
<<15:35:37.071#信息>>[IDCR_ReadData]返回值:0(成功),返回的数据lpBuffer=男,有效长度lpNumberOfBytesRead=2
<<15:35:37.071#信息>>[IDCR_ReadData]调用结束

<<15:35:37.071#信息>>[IDCR_ReadData]调用开始
<<15:35:37.071#信息>>[IDCR_ReadData]参数dwIndex=3,dwBufferSize=200
<<15:35:37.071#信息>>[IDCR_ReadData]读取民族：汉族
<<15:35:37.071#信息>>[IDCR_ReadData]返回值:0(成功),返回的数据lpBuffer=汉族,有效长度lpNumberOfBytesRead=4
<<15:35:37.072#信息>>[IDCR_ReadData]调用结束

<<15:35:37.072#信息>>[IDCR_ReadData]调用开始
<<15:35:37.072#信息>>[IDCR_ReadData]参数dwIndex=4,dwBufferSize=200
<<15:35:37.072#信息>>[IDCR_ReadData]读取出生日期：19950624
<<15:35:37.072#信息>>[IDCR_ReadData]返回值:0(成功),返回的数据lpBuffer=19950624,有效长度lpNumberOfBytesRead=8
<<15:35:37.072#信息>>[IDCR_ReadData]调用结束

<<15:35:37.072#信息>>[IDCR_ReadData]调用开始
<<15:35:37.072#信息>>[IDCR_ReadData]参数dwIndex=5,dwBufferSize=200
<<15:35:37.072#信息>>[IDCR_ReadData]读取住址：湖北省天门市皂市镇二龙大道9-003号
<<15:35:37.072#信息>>[IDCR_ReadData]返回值:0(成功),返回的数据lpBuffer=湖北省天门市皂市镇二龙大道9-003号,有效长度lpNumberOfBytesRead=33
<<15:35:37.073#信息>>[IDCR_ReadData]调用结束

<<15:35:37.073#信息>>[IDCR_ReadData]调用开始
<<15:35:37.073#信息>>[IDCR_ReadData]参数dwIndex=6,dwBufferSize=200
<<15:35:37.073#信息>>[IDCR_ReadData]读取身份证号：42900619950624579X
<<15:35:37.073#信息>>[IDCR_ReadData]返回值:0(成功),返回的数据lpBuffer=42900619950624579X,有效长度lpNumberOfBytesRead=18
<<15:35:37.073#信息>>[IDCR_ReadData]调用结束

<<15:35:37.073#信息>>[IDCR_ReadData]调用开始
<<15:35:37.073#信息>>[IDCR_ReadData]参数dwIndex=7,dwBufferSize=200
<<15:35:37.073#信息>>[IDCR_ReadData]读取签发机关：天门市公安局
<<15:35:37.074#信息>>[IDCR_ReadData]返回值:0(成功),返回的数据lpBuffer=天门市公安局,有效长度lpNumberOfBytesRead=12
<<15:35:37.074#信息>>[IDCR_ReadData]调用结束

<<15:35:37.074#信息>>[IDCR_ReadData]调用开始
<<15:35:37.074#信息>>[IDCR_ReadData]参数dwIndex=8,dwBufferSize=200
<<15:35:37.074#信息>>[IDCR_ReadData]读取有效期限--生效日期：20140807
<<15:35:37.074#信息>>[IDCR_ReadData]返回值:0(成功),返回的数据lpBuffer=20140807,有效长度lpNumberOfBytesRead=8
<<15:35:37.074#信息>>[IDCR_ReadData]调用结束

<<15:35:37.074#信息>>[IDCR_ReadData]调用开始
<<15:35:37.074#信息>>[IDCR_ReadData]参数dwIndex=9,dwBufferSize=200
<<15:35:37.074#信息>>[IDCR_ReadData]读取有效期限--失效日期：20240807
<<15:35:37.075#信息>>[IDCR_ReadData]返回值:0(成功),返回的数据lpBuffer=20240807,有效长度lpNumberOfBytesRead=8
<<15:35:37.075#信息>>[IDCR_ReadData]调用结束

<<15:35:37.075#信息>>[IDCR_ReadData]返回值:0(成功),返回的数据lpBuffer=王宇|男|汉族|19950624|湖北省天门市皂市镇二龙大道9-003号|42900619950624579X|天门市公安局|20140807|20240807|D:\多功能业务柜\Aoto.EMS\Aoto.EMS.MultiSerBox\bin\x86\Debug\peripheral\aoto\IDCardlib\image\zp.bmp,有效长度lpNumberOfBytesRead=204
<<15:35:37.075#信息>>[IDCR_ReadData]调用结束

<<15:35:37.075#信息>>[IDCR_CancelRead]调用开始
<<15:35:37.075#信息>>[IDCR_CancelRead]返回值：0(成功)
<<15:35:37.075#信息>>[IDCR_CancelRead]调用结束

<<20:16:32.980#信息>>[InitializeData]日志保存天数：[30]
<<20:16:32.980#信息>>[InitializeData]GetModuleFileName：[D:\多功能业务柜\Aoto.EMS\Aoto.EMS.MultiSerBox\bin\x86\Debug\]
<<20:16:32.981#信息>>[InitializeData]GetCurrentDirectory：[D:\多功能业务柜\Aoto.EMS\Aoto.EMS.MultiSerBox\bin\x86\Debug]
<<20:16:32.982#信息>>[InitializeData]调用结束
<<20:16:32.984#信息>>[IDCR_Initialize]去掉入参非法字符前lpszConfigXml=<?xml version ="1.0" encoding="utf-8"?><Device>  <DeviceId>IDCard001</DeviceId>  <LogLevel>3</LogLevel></Device>
<<20:16:32.984#信息>>[IDCR_Initialize]去掉入参非法字符后lpszConfigXml=<?xml version ="1.0" encoding="utf-8"?><Device>  <DeviceId>IDCard001</DeviceId>  <LogLevel>3</LogLevel></Device>
<<20:16:32.984#信息>>[IDCR_Initialize]设备标识为：IDCard001,日志级别为：3
<<20:16:32.984#信息>>[IDCR_Initialize]读取串口信息：Com3
<<20:16:32.984#信息>>[IDCR_Initialize]获取身份证阅读器波特率失败, [SDT_GetCOMBaud]返回值：[0X05]
<<20:16:32.984#信息>>[IDCR_Initialize]设置身份证阅读器波特率失败, [SDT_SetCOMBaud]返回值：[0X01]
<<20:16:32.985#信息>>[IDCR_Initialize]端口 3 打开失败, [SDT_OpenPort]返回值：[0X01]
<<20:19:10.577#信息>>[InitializeData]日志保存天数：[30]
<<20:19:10.577#信息>>[InitializeData]GetModuleFileName：[D:\多功能业务柜\Aoto.EMS\Aoto.EMS.MultiSerBox\bin\x86\Debug\]
<<20:19:10.578#信息>>[InitializeData]GetCurrentDirectory：[D:\多功能业务柜\Aoto.EMS\Aoto.EMS.MultiSerBox\bin\x86\Debug]
<<20:19:10.580#信息>>[InitializeData]调用结束
<<20:19:10.581#信息>>[IDCR_Initialize]去掉入参非法字符前lpszConfigXml=<?xml version ="1.0" encoding="utf-8"?><Device>  <DeviceId>IDCard001</DeviceId>  <LogLevel>3</LogLevel></Device>
<<20:19:10.581#信息>>[IDCR_Initialize]去掉入参非法字符后lpszConfigXml=<?xml version ="1.0" encoding="utf-8"?><Device>  <DeviceId>IDCard001</DeviceId>  <LogLevel>3</LogLevel></Device>
<<20:19:10.581#信息>>[IDCR_Initialize]设备标识为：IDCard001,日志级别为：3
<<20:19:10.581#信息>>[IDCR_Initialize]读取串口信息：Com3
<<20:19:10.582#信息>>[IDCR_Initialize]获取身份证阅读器波特率失败, [SDT_GetCOMBaud]返回值：[0X05]
<<20:19:10.582#信息>>[IDCR_Initialize]设置身份证阅读器波特率失败, [SDT_SetCOMBaud]返回值：[0X01]
<<20:19:10.582#信息>>[IDCR_Initialize]端口 3 打开失败, [SDT_OpenPort]返回值：[0X01]
<<20:19:27.020#信息>>[InitializeData]日志保存天数：[30]
<<20:19:27.021#信息>>[InitializeData]GetModuleFileName：[D:\多功能业务柜\Aoto.EMS\Aoto.EMS.MultiSerBox\bin\x86\Debug\]
<<20:19:27.021#信息>>[InitializeData]GetCurrentDirectory：[D:\多功能业务柜\Aoto.EMS\Aoto.EMS.MultiSerBox\bin\x86\Debug]
<<20:19:27.023#信息>>[InitializeData]调用结束
<<20:19:27.024#信息>>[IDCR_Initialize]去掉入参非法字符前lpszConfigXml=<?xml version ="1.0" encoding="utf-8"?><Device>  <DeviceId>IDCard001</DeviceId>  <LogLevel>3</LogLevel></Device>
<<20:19:27.024#信息>>[IDCR_Initialize]去掉入参非法字符后lpszConfigXml=<?xml version ="1.0" encoding="utf-8"?><Device>  <DeviceId>IDCard001</DeviceId>  <LogLevel>3</LogLevel></Device>
<<20:19:27.025#信息>>[IDCR_Initialize]设备标识为：IDCard001,日志级别为：3
<<20:19:27.025#信息>>[IDCR_Initialize]读取串口信息：Com3
<<20:19:27.025#信息>>[IDCR_Initialize]获取身份证阅读器波特率失败, [SDT_GetCOMBaud]返回值：[0X05]
<<20:19:27.025#信息>>[IDCR_Initialize]设置身份证阅读器波特率失败, [SDT_SetCOMBaud]返回值：[0X01]
<<20:19:27.025#信息>>[IDCR_Initialize]端口 3 打开失败, [SDT_OpenPort]返回值：[0X01]
<<20:26:16.699#信息>>[InitializeData]日志保存天数：[30]
<<20:26:16.699#信息>>[InitializeData]GetModuleFileName：[D:\多功能业务柜\Aoto.EMS\Aoto.EMS.MultiSerBox\bin\x86\Debug\]
<<20:26:16.699#信息>>[InitializeData]GetCurrentDirectory：[D:\多功能业务柜\Aoto.EMS\Aoto.EMS.MultiSerBox\bin\x86\Debug]
<<20:26:16.701#信息>>[InitializeData]调用结束
<<20:26:16.702#信息>>[IDCR_Initialize]去掉入参非法字符前lpszConfigXml=<?xml version ="1.0" encoding="utf-8"?><Device>  <DeviceId>IDCard001</DeviceId>  <LogLevel>3</LogLevel></Device>
<<20:26:16.702#信息>>[IDCR_Initialize]去掉入参非法字符后lpszConfigXml=<?xml version ="1.0" encoding="utf-8"?><Device>  <DeviceId>IDCard001</DeviceId>  <LogLevel>3</LogLevel></Device>
<<20:26:16.703#信息>>[IDCR_Initialize]设备标识为：IDCard001,日志级别为：3
<<20:26:16.703#信息>>[IDCR_Initialize]读取串口信息：Com3
<<20:26:16.703#信息>>[IDCR_Initialize]获取身份证阅读器波特率失败, [SDT_GetCOMBaud]返回值：[0X05]
<<20:26:16.703#信息>>[IDCR_Initialize]设置身份证阅读器波特率失败, [SDT_SetCOMBaud]返回值：[0X01]
<<20:26:16.703#信息>>[IDCR_Initialize]端口 3 打开失败, [SDT_OpenPort]返回值：[0X01]
<<20:26:28.198#信息>>[InitializeData]日志保存天数：[30]
<<20:26:28.199#信息>>[InitializeData]GetModuleFileName：[D:\多功能业务柜\Aoto.EMS\Aoto.EMS.MultiSerBox\bin\x86\Debug\]
<<20:26:28.199#信息>>[InitializeData]GetCurrentDirectory：[D:\多功能业务柜\Aoto.EMS\Aoto.EMS.MultiSerBox\bin\x86\Debug]
<<20:26:28.201#信息>>[InitializeData]调用结束
<<20:26:28.202#信息>>[IDCR_Initialize]去掉入参非法字符前lpszConfigXml=<?xml version ="1.0" encoding="utf-8"?><Device>  <DeviceId>IDCard001</DeviceId>  <LogLevel>3</LogLevel></Device>
<<20:26:28.202#信息>>[IDCR_Initialize]去掉入参非法字符后lpszConfigXml=<?xml version ="1.0" encoding="utf-8"?><Device>  <DeviceId>IDCard001</DeviceId>  <LogLevel>3</LogLevel></Device>
<<20:26:28.203#信息>>[IDCR_Initialize]设备标识为：IDCard001,日志级别为：3
<<20:26:28.203#信息>>[IDCR_Initialize]读取串口信息：Com3
<<20:26:28.203#信息>>[IDCR_Initialize]获取身份证阅读器波特率失败, [SDT_GetCOMBaud]返回值：[0X05]
<<20:26:28.203#信息>>[IDCR_Initialize]设置身份证阅读器波特率失败, [SDT_SetCOMBaud]返回值：[0X01]
<<20:26:28.203#信息>>[IDCR_Initialize]端口 3 打开失败, [SDT_OpenPort]返回值：[0X01]
<<20:27:52.604#信息>>[InitializeData]日志保存天数：[30]
<<20:27:52.605#信息>>[InitializeData]GetModuleFileName：[D:\多功能业务柜\Aoto.EMS\Aoto.EMS.MultiSerBox\bin\x86\Debug\]
<<20:27:52.605#信息>>[InitializeData]GetCurrentDirectory：[D:\多功能业务柜\Aoto.EMS\Aoto.EMS.MultiSerBox\bin\x86\Debug]
<<20:27:52.607#信息>>[InitializeData]调用结束
<<20:27:52.608#信息>>[IDCR_Initialize]去掉入参非法字符前lpszConfigXml=<?xml version ="1.0" encoding="utf-8"?><Device>  <DeviceId>IDCard001</DeviceId>  <LogLevel>3</LogLevel></Device>
<<20:27:52.608#信息>>[IDCR_Initialize]去掉入参非法字符后lpszConfigXml=<?xml version ="1.0" encoding="utf-8"?><Device>  <DeviceId>IDCard001</DeviceId>  <LogLevel>3</LogLevel></Device>
<<20:27:52.609#信息>>[IDCR_Initialize]设备标识为：IDCard001,日志级别为：3
<<20:27:52.609#信息>>[IDCR_Initialize]读取串口信息：Com3
<<20:27:52.609#信息>>[IDCR_Initialize]获取身份证阅读器波特率失败, [SDT_GetCOMBaud]返回值：[0X05]
<<20:27:52.609#信息>>[IDCR_Initialize]设置身份证阅读器波特率失败, [SDT_SetCOMBaud]返回值：[0X01]
<<20:27:52.609#信息>>[IDCR_Initialize]端口 3 打开失败, [SDT_OpenPort]返回值：[0X01]
<<20:36:21.464#信息>>[InitializeData]日志保存天数：[30]
<<20:36:21.465#信息>>[InitializeData]GetModuleFileName：[D:\多功能业务柜\Aoto.EMS\Aoto.EMS.MultiSerBox\bin\x86\Debug\]
<<20:36:21.465#信息>>[InitializeData]GetCurrentDirectory：[D:\多功能业务柜\Aoto.EMS\Aoto.EMS.MultiSerBox\bin\x86\Debug]
<<20:36:21.467#信息>>[InitializeData]调用结束
<<20:36:21.468#信息>>[IDCR_Initialize]去掉入参非法字符前lpszConfigXml=<?xml version ="1.0" encoding="utf-8"?><Device>  <DeviceId>IDCard001</DeviceId>  <LogLevel>3</LogLevel></Device>
<<20:36:21.469#信息>>[IDCR_Initialize]去掉入参非法字符后lpszConfigXml=<?xml version ="1.0" encoding="utf-8"?><Device>  <DeviceId>IDCard001</DeviceId>  <LogLevel>3</LogLevel></Device>
<<20:36:21.469#信息>>[IDCR_Initialize]设备标识为：IDCard001,日志级别为：3
<<20:36:21.469#信息>>[IDCR_Initialize]读取串口信息：Com3
<<20:36:21.469#信息>>[IDCR_Initialize]获取身份证阅读器波特率失败, [SDT_GetCOMBaud]返回值：[0X05]
<<20:36:21.469#信息>>[IDCR_Initialize]设置身份证阅读器波特率失败, [SDT_SetCOMBaud]返回值：[0X01]
<<20:36:21.469#信息>>[IDCR_Initialize]端口 3 打开失败, [SDT_OpenPort]返回值：[0X01]
<<20:37:07.766#信息>>[InitializeData]日志保存天数：[30]
<<20:37:07.767#信息>>[InitializeData]GetModuleFileName：[D:\多功能业务柜\Aoto.EMS\Aoto.EMS.MultiSerBox\bin\x86\Debug\]
<<20:37:07.767#信息>>[InitializeData]GetCurrentDirectory：[D:\多功能业务柜\Aoto.EMS\Aoto.EMS.MultiSerBox\bin\x86\Debug]
<<20:37:07.770#信息>>[InitializeData]调用结束
<<20:37:07.771#信息>>[IDCR_Initialize]去掉入参非法字符前lpszConfigXml=<?xml version ="1.0" encoding="utf-8"?><Device>  <DeviceId>IDCard001</DeviceId>  <LogLevel>3</LogLevel></Device>
<<20:37:07.771#信息>>[IDCR_Initialize]去掉入参非法字符后lpszConfigXml=<?xml version ="1.0" encoding="utf-8"?><Device>  <DeviceId>IDCard001</DeviceId>  <LogLevel>3</LogLevel></Device>
<<20:37:07.772#信息>>[IDCR_Initialize]设备标识为：IDCard001,日志级别为：3
<<20:37:07.772#信息>>[IDCR_Initialize]读取串口信息：Com3
<<20:37:07.772#信息>>[IDCR_Initialize]获取身份证阅读器波特率失败, [SDT_GetCOMBaud]返回值：[0X05]
<<20:37:07.772#信息>>[IDCR_Initialize]设置身份证阅读器波特率失败, [SDT_SetCOMBaud]返回值：[0X01]
<<20:37:07.773#信息>>[IDCR_Initialize]端口 3 打开失败, [SDT_OpenPort]返回值：[0X01]
