<<08:27:30.469#信息>>[InitializeData]日志保存天数：[30]
<<08:27:30.469#信息>>[InitializeData]GetModuleFileName：[D:\多功能业务柜\Aoto.EMS\Aoto.EMS.MultiSerBox\bin\x86\Debug\]
<<08:27:30.470#信息>>[InitializeData]GetCurrentDirectory：[D:\多功能业务柜\Aoto.EMS\Aoto.EMS.MultiSerBox\bin\x86\Debug]
<<08:27:30.472#信息>>[InitializeData]调用结束
<<08:27:30.474#信息>>[IDCR_Initialize]去掉入参非法字符前lpszConfigXml=<?xml version ="1.0" encoding="utf-8"?><Device>  <DeviceId>IDCard001</DeviceId>  <LogLevel>3</LogLevel></Device>
<<08:27:30.474#信息>>[IDCR_Initialize]去掉入参非法字符后lpszConfigXml=<?xml version ="1.0" encoding="utf-8"?><Device>  <DeviceId>IDCard001</DeviceId>  <LogLevel>3</LogLevel></Device>
<<08:27:30.474#信息>>[IDCR_Initialize]设备标识为：IDCard001,日志级别为：3
<<08:27:30.474#信息>>[IDCR_Initialize]读取串口信息：Com3
<<08:27:30.474#信息>>[IDCR_Initialize]获取身份证阅读器波特率失败, [SDT_GetCOMBaud]返回值：[0X05]
<<08:27:30.474#信息>>[IDCR_Initialize]设置身份证阅读器波特率失败, [SDT_SetCOMBaud]返回值：[0X01]
<<08:27:30.475#信息>>[IDCR_Initialize]端口 3 打开失败, [SDT_OpenPort]返回值：[0X01]
<<08:36:55.482#信息>>[InitializeData]日志保存天数：[30]
<<08:36:55.482#信息>>[InitializeData]GetModuleFileName：[D:\多功能业务柜\Aoto.EMS\Aoto.EMS.MultiSerBox\bin\x86\Debug\]
<<08:36:55.482#信息>>[InitializeData]GetCurrentDirectory：[D:\多功能业务柜\Aoto.EMS\Aoto.EMS.MultiSerBox\bin\x86\Debug]
<<08:36:55.485#信息>>[InitializeData]调用结束
<<08:36:55.487#信息>>[IDCR_Initialize]去掉入参非法字符前lpszConfigXml=<?xml version ="1.0" encoding="utf-8"?><Device>  <DeviceId>IDCard001</DeviceId>  <LogLevel>3</LogLevel></Device>
<<08:36:55.488#信息>>[IDCR_Initialize]去掉入参非法字符后lpszConfigXml=<?xml version ="1.0" encoding="utf-8"?><Device>  <DeviceId>IDCard001</DeviceId>  <LogLevel>3</LogLevel></Device>
<<08:36:55.488#信息>>[IDCR_Initialize]设备标识为：IDCard001,日志级别为：3
<<08:36:55.488#信息>>[IDCR_Initialize]读取串口信息：Com3
<<08:36:55.488#信息>>[IDCR_Initialize]获取身份证阅读器波特率失败, [SDT_GetCOMBaud]返回值：[0X05]
<<08:36:55.489#信息>>[IDCR_Initialize]设置身份证阅读器波特率失败, [SDT_SetCOMBaud]返回值：[0X01]
<<08:36:55.489#信息>>[IDCR_Initialize]端口 3 打开失败, [SDT_OpenPort]返回值：[0X01]
<<08:42:50.587#信息>>[InitializeData]日志保存天数：[30]
<<08:42:50.587#信息>>[InitializeData]GetModuleFileName：[D:\多功能业务柜\Aoto.EMS\Aoto.EMS.MultiSerBox\bin\x86\Debug\]
<<08:42:50.587#信息>>[InitializeData]GetCurrentDirectory：[D:\多功能业务柜\Aoto.EMS\Aoto.EMS.MultiSerBox\bin\x86\Debug]
<<08:42:50.589#信息>>[InitializeData]调用结束
<<08:42:50.590#信息>>[IDCR_Initialize]去掉入参非法字符前lpszConfigXml=<?xml version ="1.0" encoding="utf-8"?><Device>  <DeviceId>IDCard001</DeviceId>  <LogLevel>3</LogLevel></Device>
<<08:42:50.590#信息>>[IDCR_Initialize]去掉入参非法字符后lpszConfigXml=<?xml version ="1.0" encoding="utf-8"?><Device>  <DeviceId>IDCard001</DeviceId>  <LogLevel>3</LogLevel></Device>
<<08:42:50.591#信息>>[IDCR_Initialize]设备标识为：IDCard001,日志级别为：3
<<08:42:50.591#信息>>[IDCR_Initialize]读取串口信息：Com3
<<08:42:50.591#信息>>[IDCR_Initialize]获取身份证阅读器波特率失败, [SDT_GetCOMBaud]返回值：[0X05]
<<08:42:50.591#信息>>[IDCR_Initialize]设置身份证阅读器波特率失败, [SDT_SetCOMBaud]返回值：[0X01]
<<08:42:50.591#信息>>[IDCR_Initialize]端口 3 打开失败, [SDT_OpenPort]返回值：[0X01]
<<08:43:54.283#信息>>[InitializeData]日志保存天数：[30]
<<08:43:54.284#信息>>[InitializeData]GetModuleFileName：[D:\多功能业务柜\Aoto.EMS\Aoto.EMS.MultiSerBox\bin\x86\Debug\]
<<08:43:54.284#信息>>[InitializeData]GetCurrentDirectory：[D:\多功能业务柜\Aoto.EMS\Aoto.EMS.MultiSerBox\bin\x86\Debug]
<<08:43:54.286#信息>>[InitializeData]调用结束
<<08:43:54.287#信息>>[IDCR_Initialize]去掉入参非法字符前lpszConfigXml=<?xml version ="1.0" encoding="utf-8"?><Device>  <DeviceId>IDCard001</DeviceId>  <LogLevel>3</LogLevel></Device>
<<08:43:54.287#信息>>[IDCR_Initialize]去掉入参非法字符后lpszConfigXml=<?xml version ="1.0" encoding="utf-8"?><Device>  <DeviceId>IDCard001</DeviceId>  <LogLevel>3</LogLevel></Device>
<<08:43:54.287#信息>>[IDCR_Initialize]设备标识为：IDCard001,日志级别为：3
<<08:43:54.288#信息>>[IDCR_Initialize]读取串口信息：Com3
<<08:43:54.288#信息>>[IDCR_Initialize]获取身份证阅读器波特率失败, [SDT_GetCOMBaud]返回值：[0X05]
<<08:43:54.288#信息>>[IDCR_Initialize]设置身份证阅读器波特率失败, [SDT_SetCOMBaud]返回值：[0X01]
<<08:43:54.288#信息>>[IDCR_Initialize]端口 3 打开失败, [SDT_OpenPort]返回值：[0X01]
<<08:49:36.976#信息>>[InitializeData]日志保存天数：[30]
<<08:49:36.976#信息>>[InitializeData]GetModuleFileName：[D:\多功能业务柜\Aoto.EMS\Aoto.EMS.MultiSerBox\bin\x86\Debug\]
<<08:49:36.976#信息>>[InitializeData]GetCurrentDirectory：[D:\多功能业务柜\Aoto.EMS\Aoto.EMS.MultiSerBox\bin\x86\Debug]
<<08:49:36.978#信息>>[InitializeData]调用结束
<<08:49:36.979#信息>>[IDCR_Initialize]去掉入参非法字符前lpszConfigXml=<?xml version ="1.0" encoding="utf-8"?><Device>  <DeviceId>IDCard001</DeviceId>  <LogLevel>3</LogLevel></Device>
<<08:49:36.979#信息>>[IDCR_Initialize]去掉入参非法字符后lpszConfigXml=<?xml version ="1.0" encoding="utf-8"?><Device>  <DeviceId>IDCard001</DeviceId>  <LogLevel>3</LogLevel></Device>
<<08:49:36.979#信息>>[IDCR_Initialize]设备标识为：IDCard001,日志级别为：3
<<08:49:36.980#信息>>[IDCR_Initialize]读取串口信息：Com3
<<08:49:36.980#信息>>[IDCR_Initialize]获取身份证阅读器波特率失败, [SDT_GetCOMBaud]返回值：[0X05]
<<08:49:36.980#信息>>[IDCR_Initialize]设置身份证阅读器波特率失败, [SDT_SetCOMBaud]返回值：[0X01]
<<08:49:36.980#信息>>[IDCR_Initialize]端口 3 打开失败, [SDT_OpenPort]返回值：[0X01]
<<08:50:11.853#信息>>[InitializeData]日志保存天数：[30]
<<08:50:11.853#信息>>[InitializeData]GetModuleFileName：[D:\多功能业务柜\Aoto.EMS\Aoto.EMS.MultiSerBox\bin\x86\Debug\]
<<08:50:11.853#信息>>[InitializeData]GetCurrentDirectory：[D:\多功能业务柜\Aoto.EMS\Aoto.EMS.MultiSerBox\bin\x86\Debug]
<<08:50:11.855#信息>>[InitializeData]调用结束
<<08:50:11.857#信息>>[IDCR_Initialize]去掉入参非法字符前lpszConfigXml=<?xml version ="1.0" encoding="utf-8"?><Device>  <DeviceId>IDCard001</DeviceId>  <LogLevel>3</LogLevel></Device>
<<08:50:11.857#信息>>[IDCR_Initialize]去掉入参非法字符后lpszConfigXml=<?xml version ="1.0" encoding="utf-8"?><Device>  <DeviceId>IDCard001</DeviceId>  <LogLevel>3</LogLevel></Device>
<<08:50:11.857#信息>>[IDCR_Initialize]设备标识为：IDCard001,日志级别为：3
<<08:50:11.857#信息>>[IDCR_Initialize]读取串口信息：Com3
<<08:50:11.857#信息>>[IDCR_Initialize]获取身份证阅读器波特率失败, [SDT_GetCOMBaud]返回值：[0X05]
<<08:50:11.858#信息>>[IDCR_Initialize]设置身份证阅读器波特率失败, [SDT_SetCOMBaud]返回值：[0X01]
<<08:50:11.858#信息>>[IDCR_Initialize]端口 3 打开失败, [SDT_OpenPort]返回值：[0X01]
