<<08:43:43.626#信息>>[InitializeData]日志保存天数：[30]
<<08:43:43.627#信息>>[InitializeData]GetModuleFileName：[D:\多功能业务柜\Aoto.EMS\Aoto.EMS.MultiSerBox\bin\x86\Debug\]
<<08:43:43.628#信息>>[InitializeData]GetCurrentDirectory：[D:\多功能业务柜\Aoto.EMS\Aoto.EMS.MultiSerBox\bin\x86\Debug]
<<08:43:43.636#信息>>[InitializeData]调用结束
<<08:43:43.639#信息>>[IDCR_Initialize]去掉入参非法字符前lpszConfigXml=<Device><DeviceId>IDCR001</DeviceId><LogLevel>0</LogLevel></Device>
<<08:43:43.640#信息>>[IDCR_Initialize]去掉入参非法字符后lpszConfigXml=<Device><DeviceId>IDCR001</DeviceId><LogLevel>0</LogLevel></Device>
<<08:43:43.641#信息>>[IDCR_Initialize]设备标识为：IDCR001,日志级别为：0
<<08:43:43.642#信息>>[IDCR_Initialize]读取串口信息：Com7
<<08:43:43.642#信息>>[IDCR_Initialize]获取身份证阅读器波特率失败, [SDT_GetCOMBaud]返回值：[0X05]
<<08:43:43.643#信息>>[IDCR_Initialize]设置身份证阅读器波特率失败, [SDT_SetCOMBaud]返回值：[0X01]
<<08:43:43.644#信息>>[IDCR_Initialize]端口 7 打开失败, [SDT_OpenPort]返回值：[0X01]
<<08:43:43.646#信息>>[IDCR_Initialize]去掉入参非法字符前lpszConfigXml=<Device><DeviceId>IDCR001</DeviceId><LogLevel>0</LogLevel></Device>
<<08:43:43.647#信息>>[IDCR_Initialize]去掉入参非法字符后lpszConfigXml=<Device><DeviceId>IDCR001</DeviceId><LogLevel>0</LogLevel></Device>
<<08:43:43.648#信息>>[IDCR_Initialize]设备标识为：IDCR001,日志级别为：0
<<08:43:43.649#信息>>[IDCR_Initialize]读取串口信息：Com7
<<08:43:43.650#信息>>[IDCR_Initialize]获取身份证阅读器波特率失败, [SDT_GetCOMBaud]返回值：[0X05]
<<08:43:43.650#信息>>[IDCR_Initialize]设置身份证阅读器波特率失败, [SDT_SetCOMBaud]返回值：[0X01]
<<08:43:43.651#信息>>[IDCR_Initialize]端口 7 打开失败, [SDT_OpenPort]返回值：[0X01]
<<08:43:47.417#信息>>[IDCR_Initialize]去掉入参非法字符前lpszConfigXml=<Device><DeviceId>IDCR001</DeviceId><LogLevel>0</LogLevel></Device>
<<08:43:47.418#信息>>[IDCR_Initialize]去掉入参非法字符后lpszConfigXml=<Device><DeviceId>IDCR001</DeviceId><LogLevel>0</LogLevel></Device>
<<08:43:47.419#信息>>[IDCR_Initialize]设备标识为：IDCR001,日志级别为：0
<<08:43:47.420#信息>>[IDCR_Initialize]读取串口信息：Com7
<<08:43:47.420#信息>>[IDCR_Initialize]获取身份证阅读器波特率失败, [SDT_GetCOMBaud]返回值：[0X05]
<<08:43:47.421#信息>>[IDCR_Initialize]设置身份证阅读器波特率失败, [SDT_SetCOMBaud]返回值：[0X01]
<<08:43:47.422#信息>>[IDCR_Initialize]端口 7 打开失败, [SDT_OpenPort]返回值：[0X01]
<<08:43:47.423#信息>>[IDCR_Initialize]去掉入参非法字符前lpszConfigXml=<Device><DeviceId>IDCR001</DeviceId><LogLevel>0</LogLevel></Device>
<<08:43:47.423#信息>>[IDCR_Initialize]去掉入参非法字符后lpszConfigXml=<Device><DeviceId>IDCR001</DeviceId><LogLevel>0</LogLevel></Device>
<<08:43:47.424#信息>>[IDCR_Initialize]设备标识为：IDCR001,日志级别为：0
<<08:43:47.425#信息>>[IDCR_Initialize]读取串口信息：Com7
<<08:43:47.426#信息>>[IDCR_Initialize]获取身份证阅读器波特率失败, [SDT_GetCOMBaud]返回值：[0X05]
<<08:43:47.426#信息>>[IDCR_Initialize]设置身份证阅读器波特率失败, [SDT_SetCOMBaud]返回值：[0X01]
<<08:43:47.427#信息>>[IDCR_Initialize]端口 7 打开失败, [SDT_OpenPort]返回值：[0X01]
<<08:46:00.662#信息>>[InitializeData]日志保存天数：[30]
<<08:46:00.663#信息>>[InitializeData]GetModuleFileName：[D:\多功能业务柜\Aoto.EMS\Aoto.EMS.MultiSerBox\bin\x86\Debug\]
<<08:46:00.664#信息>>[InitializeData]GetCurrentDirectory：[D:\多功能业务柜\Aoto.EMS\Aoto.EMS.MultiSerBox\bin\x86\Debug]
<<08:46:00.667#信息>>[InitializeData]调用结束
<<08:46:00.669#信息>>[IDCR_Initialize]去掉入参非法字符前lpszConfigXml=<Device><DeviceId>IDCR001</DeviceId><LogLevel>0</LogLevel></Device>
<<08:46:00.669#信息>>[IDCR_Initialize]去掉入参非法字符后lpszConfigXml=<Device><DeviceId>IDCR001</DeviceId><LogLevel>0</LogLevel></Device>
<<08:46:00.670#信息>>[IDCR_Initialize]设备标识为：IDCR001,日志级别为：0
<<08:46:00.671#信息>>[IDCR_Initialize]读取串口信息：Com7
<<08:46:00.671#信息>>[IDCR_Initialize]获取身份证阅读器波特率失败, [SDT_GetCOMBaud]返回值：[0X05]
<<08:46:00.672#信息>>[IDCR_Initialize]设置身份证阅读器波特率失败, [SDT_SetCOMBaud]返回值：[0X01]
<<08:46:00.672#信息>>[IDCR_Initialize]端口 7 打开失败, [SDT_OpenPort]返回值：[0X01]
<<08:46:00.673#信息>>[IDCR_Initialize]去掉入参非法字符前lpszConfigXml=<Device><DeviceId>IDCR001</DeviceId><LogLevel>0</LogLevel></Device>
<<08:46:00.674#信息>>[IDCR_Initialize]去掉入参非法字符后lpszConfigXml=<Device><DeviceId>IDCR001</DeviceId><LogLevel>0</LogLevel></Device>
<<08:46:00.675#信息>>[IDCR_Initialize]设备标识为：IDCR001,日志级别为：0
<<08:46:00.676#信息>>[IDCR_Initialize]读取串口信息：Com7
<<08:46:00.676#信息>>[IDCR_Initialize]获取身份证阅读器波特率失败, [SDT_GetCOMBaud]返回值：[0X05]
<<08:46:00.677#信息>>[IDCR_Initialize]设置身份证阅读器波特率失败, [SDT_SetCOMBaud]返回值：[0X01]
<<08:46:00.677#信息>>[IDCR_Initialize]端口 7 打开失败, [SDT_OpenPort]返回值：[0X01]
<<09:00:28.997#信息>>[InitializeData]日志保存天数：[30]
<<09:00:28.998#信息>>[InitializeData]GetModuleFileName：[D:\多功能业务柜\Aoto.EMS\Aoto.EMS.MultiSerBox\bin\x86\Debug\]
<<09:00:28.999#信息>>[InitializeData]GetCurrentDirectory：[D:\多功能业务柜\Aoto.EMS\Aoto.EMS.MultiSerBox\bin\x86\Debug]
<<09:00:29.005#信息>>[InitializeData]调用结束
<<09:00:29.008#信息>>[IDCR_Initialize]去掉入参非法字符前lpszConfigXml=<Device><DeviceId>IDCR001</DeviceId><LogLevel>0</LogLevel></Device>
<<09:00:29.009#信息>>[IDCR_Initialize]去掉入参非法字符后lpszConfigXml=<Device><DeviceId>IDCR001</DeviceId><LogLevel>0</LogLevel></Device>
<<09:00:29.010#信息>>[IDCR_Initialize]设备标识为：IDCR001,日志级别为：0
<<09:00:29.011#信息>>[IDCR_Initialize]读取串口信息：Com7
<<09:00:29.011#信息>>[IDCR_Initialize]获取身份证阅读器波特率失败, [SDT_GetCOMBaud]返回值：[0X05]
<<09:00:29.012#信息>>[IDCR_Initialize]设置身份证阅读器波特率失败, [SDT_SetCOMBaud]返回值：[0X01]
<<09:00:29.013#信息>>[IDCR_Initialize]端口 7 打开失败, [SDT_OpenPort]返回值：[0X01]
<<09:00:29.014#信息>>[IDCR_Initialize]去掉入参非法字符前lpszConfigXml=<Device><DeviceId>IDCR001</DeviceId><LogLevel>0</LogLevel></Device>
<<09:00:29.014#信息>>[IDCR_Initialize]去掉入参非法字符后lpszConfigXml=<Device><DeviceId>IDCR001</DeviceId><LogLevel>0</LogLevel></Device>
<<09:00:29.015#信息>>[IDCR_Initialize]设备标识为：IDCR001,日志级别为：0
<<09:00:29.016#信息>>[IDCR_Initialize]读取串口信息：Com7
<<09:00:29.016#信息>>[IDCR_Initialize]获取身份证阅读器波特率失败, [SDT_GetCOMBaud]返回值：[0X05]
<<09:00:29.017#信息>>[IDCR_Initialize]设置身份证阅读器波特率失败, [SDT_SetCOMBaud]返回值：[0X01]
<<09:00:29.018#信息>>[IDCR_Initialize]端口 7 打开失败, [SDT_OpenPort]返回值：[0X01]
<<09:01:07.189#信息>>[InitializeData]日志保存天数：[30]
<<09:01:07.190#信息>>[InitializeData]GetModuleFileName：[D:\多功能业务柜\Aoto.EMS\Aoto.EMS.MultiSerBox\bin\x86\Debug\]
<<09:01:07.190#信息>>[InitializeData]GetCurrentDirectory：[D:\多功能业务柜\Aoto.EMS\Aoto.EMS.MultiSerBox\bin\x86\Debug]
<<09:01:07.192#信息>>[InitializeData]调用结束
<<09:01:07.194#信息>>[IDCR_Initialize]去掉入参非法字符前lpszConfigXml=<Device><DeviceId>IDCR001</DeviceId><LogLevel>0</LogLevel></Device>
<<09:01:07.195#信息>>[IDCR_Initialize]去掉入参非法字符后lpszConfigXml=<Device><DeviceId>IDCR001</DeviceId><LogLevel>0</LogLevel></Device>
<<09:01:07.195#信息>>[IDCR_Initialize]设备标识为：IDCR001,日志级别为：0
<<09:01:07.196#信息>>[IDCR_Initialize]读取串口信息：Com7
<<09:01:07.196#信息>>[IDCR_Initialize]获取身份证阅读器波特率失败, [SDT_GetCOMBaud]返回值：[0X05]
<<09:01:07.197#信息>>[IDCR_Initialize]设置身份证阅读器波特率失败, [SDT_SetCOMBaud]返回值：[0X01]
<<09:01:07.197#信息>>[IDCR_Initialize]端口 7 打开失败, [SDT_OpenPort]返回值：[0X01]
<<09:01:07.198#信息>>[IDCR_Initialize]去掉入参非法字符前lpszConfigXml=<Device><DeviceId>IDCR001</DeviceId><LogLevel>0</LogLevel></Device>
<<09:01:07.198#信息>>[IDCR_Initialize]去掉入参非法字符后lpszConfigXml=<Device><DeviceId>IDCR001</DeviceId><LogLevel>0</LogLevel></Device>
<<09:01:07.199#信息>>[IDCR_Initialize]设备标识为：IDCR001,日志级别为：0
<<09:01:07.199#信息>>[IDCR_Initialize]读取串口信息：Com7
<<09:01:07.200#信息>>[IDCR_Initialize]获取身份证阅读器波特率失败, [SDT_GetCOMBaud]返回值：[0X05]
<<09:01:07.200#信息>>[IDCR_Initialize]设置身份证阅读器波特率失败, [SDT_SetCOMBaud]返回值：[0X01]
<<09:01:07.201#信息>>[IDCR_Initialize]端口 7 打开失败, [SDT_OpenPort]返回值：[0X01]
<<09:09:59.909#信息>>[InitializeData]日志保存天数：[30]
<<09:09:59.910#信息>>[InitializeData]GetModuleFileName：[D:\多功能业务柜\Aoto.EMS\Aoto.EMS.MultiSerBox\bin\x86\Debug\]
<<09:09:59.910#信息>>[InitializeData]GetCurrentDirectory：[D:\多功能业务柜\Aoto.EMS\Aoto.EMS.MultiSerBox\bin\x86\Debug]
<<09:09:59.913#信息>>[InitializeData]调用结束
<<09:09:59.914#信息>>[IDCR_Initialize]去掉入参非法字符前lpszConfigXml=<Device><DeviceId>IDCR001</DeviceId><LogLevel>0</LogLevel></Device>
<<09:09:59.915#信息>>[IDCR_Initialize]去掉入参非法字符后lpszConfigXml=<Device><DeviceId>IDCR001</DeviceId><LogLevel>0</LogLevel></Device>
<<09:09:59.915#信息>>[IDCR_Initialize]设备标识为：IDCR001,日志级别为：0
<<09:09:59.916#信息>>[IDCR_Initialize]读取串口信息：Com7
<<09:09:59.917#信息>>[IDCR_Initialize]获取身份证阅读器波特率失败, [SDT_GetCOMBaud]返回值：[0X05]
<<09:09:59.917#信息>>[IDCR_Initialize]设置身份证阅读器波特率失败, [SDT_SetCOMBaud]返回值：[0X01]
<<09:09:59.918#信息>>[IDCR_Initialize]端口 7 打开失败, [SDT_OpenPort]返回值：[0X01]
<<09:09:59.918#信息>>[IDCR_Initialize]去掉入参非法字符前lpszConfigXml=<Device><DeviceId>IDCR001</DeviceId><LogLevel>0</LogLevel></Device>
<<09:09:59.919#信息>>[IDCR_Initialize]去掉入参非法字符后lpszConfigXml=<Device><DeviceId>IDCR001</DeviceId><LogLevel>0</LogLevel></Device>
<<09:09:59.919#信息>>[IDCR_Initialize]设备标识为：IDCR001,日志级别为：0
<<09:09:59.920#信息>>[IDCR_Initialize]读取串口信息：Com7
<<09:09:59.920#信息>>[IDCR_Initialize]获取身份证阅读器波特率失败, [SDT_GetCOMBaud]返回值：[0X05]
<<09:09:59.921#信息>>[IDCR_Initialize]设置身份证阅读器波特率失败, [SDT_SetCOMBaud]返回值：[0X01]
<<09:09:59.921#信息>>[IDCR_Initialize]端口 7 打开失败, [SDT_OpenPort]返回值：[0X01]
<<09:10:04.929#信息>>[IDCR_Initialize]去掉入参非法字符前lpszConfigXml=<Device><DeviceId>IDCR001</DeviceId><LogLevel>0</LogLevel></Device>
<<09:10:04.929#信息>>[IDCR_Initialize]去掉入参非法字符后lpszConfigXml=<Device><DeviceId>IDCR001</DeviceId><LogLevel>0</LogLevel></Device>
<<09:10:04.930#信息>>[IDCR_Initialize]设备标识为：IDCR001,日志级别为：0
<<09:10:04.931#信息>>[IDCR_Initialize]读取串口信息：Com7
<<09:10:04.931#信息>>[IDCR_Initialize]获取身份证阅读器波特率失败, [SDT_GetCOMBaud]返回值：[0X05]
<<09:10:04.932#信息>>[IDCR_Initialize]设置身份证阅读器波特率失败, [SDT_SetCOMBaud]返回值：[0X01]
<<09:10:04.932#信息>>[IDCR_Initialize]端口 7 打开失败, [SDT_OpenPort]返回值：[0X01]
<<09:10:05.974#信息>>[IDCR_Initialize]去掉入参非法字符前lpszConfigXml=<Device><DeviceId>IDCR001</DeviceId><LogLevel>0</LogLevel></Device>
<<09:10:05.974#信息>>[IDCR_Initialize]去掉入参非法字符后lpszConfigXml=<Device><DeviceId>IDCR001</DeviceId><LogLevel>0</LogLevel></Device>
<<09:10:05.975#信息>>[IDCR_Initialize]设备标识为：IDCR001,日志级别为：0
<<09:10:05.975#信息>>[IDCR_Initialize]读取串口信息：Com7
<<09:10:05.976#信息>>[IDCR_Initialize]获取身份证阅读器波特率失败, [SDT_GetCOMBaud]返回值：[0X05]
<<09:10:05.976#信息>>[IDCR_Initialize]设置身份证阅读器波特率失败, [SDT_SetCOMBaud]返回值：[0X01]
<<09:10:05.977#信息>>[IDCR_Initialize]端口 7 打开失败, [SDT_OpenPort]返回值：[0X01]
<<09:10:06.180#信息>>[IDCR_Initialize]去掉入参非法字符前lpszConfigXml=<Device><DeviceId>IDCR001</DeviceId><LogLevel>0</LogLevel></Device>
<<09:10:06.181#信息>>[IDCR_Initialize]去掉入参非法字符后lpszConfigXml=<Device><DeviceId>IDCR001</DeviceId><LogLevel>0</LogLevel></Device>
<<09:10:06.181#信息>>[IDCR_Initialize]设备标识为：IDCR001,日志级别为：0
<<09:10:06.182#信息>>[IDCR_Initialize]读取串口信息：Com7
<<09:10:06.183#信息>>[IDCR_Initialize]获取身份证阅读器波特率失败, [SDT_GetCOMBaud]返回值：[0X05]
<<09:10:06.183#信息>>[IDCR_Initialize]设置身份证阅读器波特率失败, [SDT_SetCOMBaud]返回值：[0X01]
<<09:10:06.184#信息>>[IDCR_Initialize]端口 7 打开失败, [SDT_OpenPort]返回值：[0X01]
<<09:10:29.168#信息>>[InitializeData]日志保存天数：[30]
<<09:10:29.169#信息>>[InitializeData]GetModuleFileName：[D:\多功能业务柜\Aoto.EMS\Aoto.EMS.MultiSerBox\bin\x86\Debug\]
<<09:10:29.170#信息>>[InitializeData]GetCurrentDirectory：[D:\多功能业务柜\Aoto.EMS\Aoto.EMS.MultiSerBox\bin\x86\Debug]
<<09:10:29.176#信息>>[InitializeData]调用结束
<<09:10:29.178#信息>>[IDCR_Initialize]去掉入参非法字符前lpszConfigXml=<Device><DeviceId>IDCR001</DeviceId><LogLevel>0</LogLevel></Device>
<<09:10:29.178#信息>>[IDCR_Initialize]去掉入参非法字符后lpszConfigXml=<Device><DeviceId>IDCR001</DeviceId><LogLevel>0</LogLevel></Device>
<<09:10:29.179#信息>>[IDCR_Initialize]设备标识为：IDCR001,日志级别为：0
<<09:10:29.179#信息>>[IDCR_Initialize]读取串口信息：Com7
<<09:10:29.180#信息>>[IDCR_Initialize]获取身份证阅读器波特率失败, [SDT_GetCOMBaud]返回值：[0X05]
<<09:10:29.181#信息>>[IDCR_Initialize]设置身份证阅读器波特率失败, [SDT_SetCOMBaud]返回值：[0X01]
<<09:10:29.181#信息>>[IDCR_Initialize]端口 7 打开失败, [SDT_OpenPort]返回值：[0X01]
<<09:10:29.182#信息>>[IDCR_Initialize]去掉入参非法字符前lpszConfigXml=<Device><DeviceId>IDCR001</DeviceId><LogLevel>0</LogLevel></Device>
<<09:10:29.182#信息>>[IDCR_Initialize]去掉入参非法字符后lpszConfigXml=<Device><DeviceId>IDCR001</DeviceId><LogLevel>0</LogLevel></Device>
<<09:10:29.183#信息>>[IDCR_Initialize]设备标识为：IDCR001,日志级别为：0
<<09:10:29.184#信息>>[IDCR_Initialize]读取串口信息：Com7
<<09:10:29.184#信息>>[IDCR_Initialize]获取身份证阅读器波特率失败, [SDT_GetCOMBaud]返回值：[0X05]
<<09:10:29.185#信息>>[IDCR_Initialize]设置身份证阅读器波特率失败, [SDT_SetCOMBaud]返回值：[0X01]
<<09:10:29.185#信息>>[IDCR_Initialize]端口 7 打开失败, [SDT_OpenPort]返回值：[0X01]
<<09:12:17.416#信息>>[InitializeData]日志保存天数：[30]
<<09:12:17.417#信息>>[InitializeData]GetModuleFileName：[D:\多功能业务柜\Aoto.EMS\Aoto.EMS.MultiSerBox\bin\x86\Debug\]
<<09:12:17.418#信息>>[InitializeData]GetCurrentDirectory：[D:\多功能业务柜\Aoto.EMS\Aoto.EMS.MultiSerBox\bin\x86\Debug]
<<09:12:17.420#信息>>[InitializeData]调用结束
<<09:12:17.423#信息>>[IDCR_Initialize]去掉入参非法字符前lpszConfigXml=<Device><DeviceId>IDCR001</DeviceId><LogLevel>0</LogLevel></Device>
<<09:12:17.423#信息>>[IDCR_Initialize]去掉入参非法字符后lpszConfigXml=<Device><DeviceId>IDCR001</DeviceId><LogLevel>0</LogLevel></Device>
<<09:12:17.424#信息>>[IDCR_Initialize]设备标识为：IDCR001,日志级别为：0
<<09:12:17.425#信息>>[IDCR_Initialize]读取串口信息：Com7
<<09:12:17.426#信息>>[IDCR_Initialize]获取身份证阅读器波特率失败, [SDT_GetCOMBaud]返回值：[0X05]
<<09:12:17.426#信息>>[IDCR_Initialize]设置身份证阅读器波特率失败, [SDT_SetCOMBaud]返回值：[0X01]
<<09:12:17.427#信息>>[IDCR_Initialize]端口 7 打开失败, [SDT_OpenPort]返回值：[0X01]
<<09:12:17.428#信息>>[IDCR_Initialize]去掉入参非法字符前lpszConfigXml=<Device><DeviceId>IDCR001</DeviceId><LogLevel>0</LogLevel></Device>
<<09:12:17.428#信息>>[IDCR_Initialize]去掉入参非法字符后lpszConfigXml=<Device><DeviceId>IDCR001</DeviceId><LogLevel>0</LogLevel></Device>
<<09:12:17.429#信息>>[IDCR_Initialize]设备标识为：IDCR001,日志级别为：0
<<09:12:17.429#信息>>[IDCR_Initialize]读取串口信息：Com7
<<09:12:17.430#信息>>[IDCR_Initialize]获取身份证阅读器波特率失败, [SDT_GetCOMBaud]返回值：[0X05]
<<09:12:17.430#信息>>[IDCR_Initialize]设置身份证阅读器波特率失败, [SDT_SetCOMBaud]返回值：[0X01]
<<09:12:17.431#信息>>[IDCR_Initialize]端口 7 打开失败, [SDT_OpenPort]返回值：[0X01]
<<09:14:33.354#信息>>[InitializeData]日志保存天数：[30]
<<09:14:33.355#信息>>[InitializeData]GetModuleFileName：[D:\多功能业务柜\Aoto.EMS\Aoto.EMS.MultiSerBox\bin\x86\Debug\]
<<09:14:33.355#信息>>[InitializeData]GetCurrentDirectory：[D:\多功能业务柜\Aoto.EMS\Aoto.EMS.MultiSerBox\bin\x86\Debug]
<<09:14:33.358#信息>>[InitializeData]调用结束
<<09:14:33.359#信息>>[IDCR_Initialize]去掉入参非法字符前lpszConfigXml=<Device><DeviceId>IDCR001</DeviceId><LogLevel>3</LogLevel></Device>
<<09:14:33.360#信息>>[IDCR_Initialize]去掉入参非法字符后lpszConfigXml=<Device><DeviceId>IDCR001</DeviceId><LogLevel>3</LogLevel></Device>
<<09:14:33.360#信息>>[IDCR_Initialize]设备标识为：IDCR001,日志级别为：3
<<09:14:33.361#信息>>[IDCR_Initialize]读取串口信息：Com7
<<09:14:33.361#信息>>[IDCR_Initialize]获取身份证阅读器波特率失败, [SDT_GetCOMBaud]返回值：[0X05]
<<09:14:33.362#信息>>[IDCR_Initialize]设置身份证阅读器波特率失败, [SDT_SetCOMBaud]返回值：[0X01]
<<09:14:33.362#信息>>[IDCR_Initialize]端口 7 打开失败, [SDT_OpenPort]返回值：[0X01]
<<09:14:33.363#信息>>[IDCR_Initialize]去掉入参非法字符前lpszConfigXml=<Device><DeviceId>IDCR001</DeviceId><LogLevel>3</LogLevel></Device>
<<09:14:33.364#信息>>[IDCR_Initialize]去掉入参非法字符后lpszConfigXml=<Device><DeviceId>IDCR001</DeviceId><LogLevel>3</LogLevel></Device>
<<09:14:33.364#信息>>[IDCR_Initialize]设备标识为：IDCR001,日志级别为：3
<<09:14:33.365#信息>>[IDCR_Initialize]读取串口信息：Com7
<<09:14:33.365#信息>>[IDCR_Initialize]获取身份证阅读器波特率失败, [SDT_GetCOMBaud]返回值：[0X05]
<<09:14:33.366#信息>>[IDCR_Initialize]设置身份证阅读器波特率失败, [SDT_SetCOMBaud]返回值：[0X01]
<<09:14:33.366#信息>>[IDCR_Initialize]端口 7 打开失败, [SDT_OpenPort]返回值：[0X01]
<<09:14:38.228#错误>>[IDCR_BeginRead]Error：设备未初始化
<<09:14:38.229#信息>>[IDCR_BeginRead]返回值：3004(失败)
<<09:14:38.229#信息>>[IDCR_BeginRead]调用结束

<<09:15:32.796#信息>>[InitializeData]日志保存天数：[30]
<<09:15:32.797#信息>>[InitializeData]GetModuleFileName：[D:\多功能业务柜\Aoto.EMS\Aoto.EMS.MultiSerBox\bin\x86\Debug\]
<<09:15:32.797#信息>>[InitializeData]GetCurrentDirectory：[D:\多功能业务柜\Aoto.EMS\Aoto.EMS.MultiSerBox\bin\x86\Debug]
<<09:15:32.800#信息>>[InitializeData]调用结束
<<09:15:35.629#信息>>[IDCR_Initialize]去掉入参非法字符前lpszConfigXml=<Device><DeviceId>IDCR001</DeviceId><LogLevel>3</LogLevel></Device>
<<09:15:35.630#信息>>[IDCR_Initialize]去掉入参非法字符后lpszConfigXml=<Device><DeviceId>IDCR001</DeviceId><LogLevel>3</LogLevel></Device>
<<09:15:35.631#信息>>[IDCR_Initialize]设备标识为：IDCR001,日志级别为：3
<<09:15:35.631#信息>>[IDCR_Initialize]读取串口信息：Com7
<<09:15:35.632#信息>>[IDCR_Initialize]获取身份证阅读器波特率失败, [SDT_GetCOMBaud]返回值：[0X05]
<<09:15:35.632#信息>>[IDCR_Initialize]设置身份证阅读器波特率失败, [SDT_SetCOMBaud]返回值：[0X01]
<<09:15:35.633#信息>>[IDCR_Initialize]端口 7 打开失败, [SDT_OpenPort]返回值：[0X01]
<<09:17:13.856#信息>>[InitializeData]日志保存天数：[30]
<<09:17:13.856#信息>>[InitializeData]GetModuleFileName：[D:\多功能业务柜\Aoto.EMS\Aoto.EMS.MultiSerBox\bin\x86\Debug\]
<<09:17:13.857#信息>>[InitializeData]GetCurrentDirectory：[D:\多功能业务柜\Aoto.EMS\Aoto.EMS.MultiSerBox\bin\x86\Debug]
<<09:17:13.860#信息>>[InitializeData]调用结束
<<09:17:15.953#信息>>[IDCR_Initialize]去掉入参非法字符前lpszConfigXml=<?xml version ="1.0" encoding="utf-8"?><Device>  <DeviceId>IDCard001</DeviceId>  <LogLevel>3</LogLevel></Device>
<<09:17:15.954#信息>>[IDCR_Initialize]去掉入参非法字符后lpszConfigXml=<?xml version ="1.0" encoding="utf-8"?><Device>  <DeviceId>IDCard001</DeviceId>  <LogLevel>3</LogLevel></Device>
<<09:17:15.954#信息>>[IDCR_Initialize]设备标识为：IDCard001,日志级别为：3
<<09:17:15.955#信息>>[IDCR_Initialize]读取串口信息：Com7
<<09:17:15.956#信息>>[IDCR_Initialize]获取身份证阅读器波特率失败, [SDT_GetCOMBaud]返回值：[0X05]
<<09:17:15.956#信息>>[IDCR_Initialize]设置身份证阅读器波特率失败, [SDT_SetCOMBaud]返回值：[0X01]
<<09:17:15.957#信息>>[IDCR_Initialize]端口 7 打开失败, [SDT_OpenPort]返回值：[0X01]
<<09:17:51.803#信息>>[InitializeData]日志保存天数：[30]
<<09:17:51.804#信息>>[InitializeData]GetModuleFileName：[D:\多功能业务柜\Aoto.EMS\Aoto.EMS.MultiSerBox\bin\x86\Debug\]
<<09:17:51.804#信息>>[InitializeData]GetCurrentDirectory：[D:\多功能业务柜\Aoto.EMS\Aoto.EMS.MultiSerBox\bin\x86\Debug]
<<09:17:51.806#信息>>[InitializeData]调用结束
<<09:18:14.139#信息>>[IDCR_Initialize]去掉入参非法字符前lpszConfigXml=<?xml version ="1.0" encoding="utf-8"?><Device>  <DeviceId>IDCard001</DeviceId>  <LogLevel>3</LogLevel></Device>
<<09:18:14.140#信息>>[IDCR_Initialize]去掉入参非法字符后lpszConfigXml=<?xml version ="1.0" encoding="utf-8"?><Device>  <DeviceId>IDCard001</DeviceId>  <LogLevel>3</LogLevel></Device>
<<09:18:14.141#信息>>[IDCR_Initialize]设备标识为：IDCard001,日志级别为：3
<<09:18:14.141#信息>>[IDCR_Initialize]读取串口信息：Com7
<<09:18:14.142#信息>>[IDCR_Initialize]获取身份证阅读器波特率失败, [SDT_GetCOMBaud]返回值：[0X05]
<<09:18:14.143#信息>>[IDCR_Initialize]设置身份证阅读器波特率失败, [SDT_SetCOMBaud]返回值：[0X01]
<<09:18:14.144#信息>>[IDCR_Initialize]端口 7 打开失败, [SDT_OpenPort]返回值：[0X01]
<<09:19:49.292#信息>>[InitializeData]日志保存天数：[30]
<<09:19:49.292#信息>>[InitializeData]GetModuleFileName：[D:\多功能业务柜\Aoto.EMS\Aoto.EMS.MultiSerBox\bin\x86\Debug\]
<<09:19:49.293#信息>>[InitializeData]GetCurrentDirectory：[D:\多功能业务柜\Aoto.EMS\Aoto.EMS.MultiSerBox\bin\x86\Debug]
<<09:19:49.295#信息>>[InitializeData]调用结束
<<09:19:52.330#信息>>[IDCR_Initialize]去掉入参非法字符前lpszConfigXml=<?xml version ="1.0" encoding="utf-8"?><Device>  <DeviceId>IDCard001</DeviceId>  <LogLevel>3</LogLevel></Device>
<<09:19:52.331#信息>>[IDCR_Initialize]去掉入参非法字符后lpszConfigXml=<?xml version ="1.0" encoding="utf-8"?><Device>  <DeviceId>IDCard001</DeviceId>  <LogLevel>3</LogLevel></Device>
<<09:19:52.332#信息>>[IDCR_Initialize]设备标识为：IDCard001,日志级别为：3
<<09:19:52.332#信息>>[IDCR_Initialize]读取串口信息：Com7
<<09:19:52.333#信息>>[IDCR_Initialize]获取身份证阅读器波特率失败, [SDT_GetCOMBaud]返回值：[0X05]
<<09:19:52.333#信息>>[IDCR_Initialize]设置身份证阅读器波特率失败, [SDT_SetCOMBaud]返回值：[0X01]
<<09:19:52.334#信息>>[IDCR_Initialize]端口 7 打开失败, [SDT_OpenPort]返回值：[0X01]
<<09:20:12.000#信息>>[InitializeData]日志保存天数：[30]
<<09:20:12.000#信息>>[InitializeData]GetModuleFileName：[D:\多功能业务柜\Aoto.EMS\Aoto.EMS.MultiSerBox\bin\x86\Debug\]
<<09:20:12.001#信息>>[InitializeData]GetCurrentDirectory：[D:\多功能业务柜\Aoto.EMS\Aoto.EMS.MultiSerBox\bin\x86\Debug]
<<09:20:12.003#信息>>[InitializeData]调用结束
<<09:20:31.324#信息>>[IDCR_Initialize]去掉入参非法字符前lpszConfigXml=<?xml version ="1.0" encoding="utf-8"?><Device>  <DeviceId>IDCard001</DeviceId>  <LogLevel>3</LogLevel></Device>
<<09:20:31.325#信息>>[IDCR_Initialize]去掉入参非法字符后lpszConfigXml=<?xml version ="1.0" encoding="utf-8"?><Device>  <DeviceId>IDCard001</DeviceId>  <LogLevel>3</LogLevel></Device>
<<09:20:31.325#信息>>[IDCR_Initialize]设备标识为：IDCard001,日志级别为：3
<<09:20:31.326#信息>>[IDCR_Initialize]读取串口信息：Com7
<<09:20:31.327#信息>>[IDCR_Initialize]获取身份证阅读器波特率失败, [SDT_GetCOMBaud]返回值：[0X05]
<<09:20:31.327#信息>>[IDCR_Initialize]设置身份证阅读器波特率失败, [SDT_SetCOMBaud]返回值：[0X01]
<<09:20:31.328#信息>>[IDCR_Initialize]端口 7 打开失败, [SDT_OpenPort]返回值：[0X01]
<<09:21:46.693#信息>>[InitializeData]日志保存天数：[30]
<<09:21:46.693#信息>>[InitializeData]GetModuleFileName：[D:\多功能业务柜\Aoto.EMS\Aoto.EMS.MultiSerBox\bin\x86\Debug\]
<<09:21:46.694#信息>>[InitializeData]GetCurrentDirectory：[D:\多功能业务柜\Aoto.EMS\Aoto.EMS.MultiSerBox\bin\x86\Debug]
<<09:21:46.696#信息>>[InitializeData]调用结束
<<09:21:51.748#信息>>[IDCR_Initialize]去掉入参非法字符前lpszConfigXml=<?xml version ="1.0" encoding="utf-8"?><Device>  <DeviceId>IDCard001</DeviceId>  <LogLevel>3</LogLevel></Device>
<<09:21:51.749#信息>>[IDCR_Initialize]去掉入参非法字符后lpszConfigXml=<?xml version ="1.0" encoding="utf-8"?><Device>  <DeviceId>IDCard001</DeviceId>  <LogLevel>3</LogLevel></Device>
<<09:21:51.750#信息>>[IDCR_Initialize]设备标识为：IDCard001,日志级别为：3
<<09:21:51.750#信息>>[IDCR_Initialize]读取串口信息：Com7
<<09:21:51.751#信息>>[IDCR_Initialize]获取身份证阅读器波特率失败, [SDT_GetCOMBaud]返回值：[0X05]
<<09:21:51.751#信息>>[IDCR_Initialize]设置身份证阅读器波特率失败, [SDT_SetCOMBaud]返回值：[0X01]
<<09:21:51.752#信息>>[IDCR_Initialize]端口 7 打开失败, [SDT_OpenPort]返回值：[0X01]
<<09:22:47.107#信息>>[InitializeData]日志保存天数：[30]
<<09:22:47.108#信息>>[InitializeData]GetModuleFileName：[D:\多功能业务柜\Aoto.EMS\Aoto.EMS.MultiSerBox\bin\x86\Debug\]
<<09:22:47.108#信息>>[InitializeData]GetCurrentDirectory：[D:\多功能业务柜\Aoto.EMS\Aoto.EMS.MultiSerBox\bin\x86\Debug]
<<09:22:47.111#信息>>[InitializeData]调用结束
<<09:22:47.113#信息>>[IDCR_Initialize]去掉入参非法字符前lpszConfigXml=<?xml version ="1.0" encoding="utf-8"?><Device>  <DeviceId>IDCard001</DeviceId>  <LogLevel>3</LogLevel></Device>
<<09:22:47.114#信息>>[IDCR_Initialize]去掉入参非法字符后lpszConfigXml=<?xml version ="1.0" encoding="utf-8"?><Device>  <DeviceId>IDCard001</DeviceId>  <LogLevel>3</LogLevel></Device>
<<09:22:47.114#信息>>[IDCR_Initialize]设备标识为：IDCard001,日志级别为：3
<<09:22:47.115#信息>>[IDCR_Initialize]读取串口信息：Com3
<<09:22:47.263#信息>>[IDCR_Initialize]当前身份证阅读器波特率为: 115200
<<09:22:47.276#信息>>[IDCR_Initialize]返回值：0(成功)
<<09:22:47.276#信息>>[IDCR_Initialize]调用开始

<<09:23:01.318#信息>>[IDCR_DataAvailable]寻卡成功
<<09:23:01.334#信息>>[IDCR_DataAvailable]选卡成功
<<09:23:02.121#信息>>[IDCR_DataAvailable]读卡成功
<<09:23:02.128#信息>>[IDCR_DataAvailable]返回值：0(成功)，lpAvailable:1
<<09:23:02.129#信息>>[IDCR_DataAvailable]调用结束

<<09:23:02.129#信息>>[IDCR_ReadData]调用开始
<<09:23:02.130#信息>>[IDCR_ReadData]参数dwIndex=0,dwBufferSize=256
<<09:23:02.131#信息>>[IDCR_ReadData]调用开始
<<09:23:02.131#信息>>[IDCR_ReadData]参数dwIndex=1,dwBufferSize=200
<<09:23:02.132#信息>>[IDCR_ReadData]读取姓名：陈祥宝
<<09:23:02.132#信息>>[IDCR_ReadData]返回值:0(成功),返回的数据lpBuffer=陈祥宝,有效长度lpNumberOfBytesRead=6
<<09:23:02.133#信息>>[IDCR_ReadData]调用结束

<<09:23:02.133#信息>>[IDCR_ReadData]调用开始
<<09:23:02.134#信息>>[IDCR_ReadData]参数dwIndex=2,dwBufferSize=200
<<09:23:02.134#信息>>[IDCR_ReadData]读取性别：男
<<09:23:02.134#信息>>[IDCR_ReadData]返回值:0(成功),返回的数据lpBuffer=男,有效长度lpNumberOfBytesRead=2
<<09:23:02.135#信息>>[IDCR_ReadData]调用结束

<<09:23:02.135#信息>>[IDCR_ReadData]调用开始
<<09:23:02.136#信息>>[IDCR_ReadData]参数dwIndex=3,dwBufferSize=200
<<09:23:02.136#信息>>[IDCR_ReadData]读取民族：汉族
<<09:23:02.137#信息>>[IDCR_ReadData]返回值:0(成功),返回的数据lpBuffer=汉族,有效长度lpNumberOfBytesRead=4
<<09:23:02.137#信息>>[IDCR_ReadData]调用结束

<<09:23:02.137#信息>>[IDCR_ReadData]调用开始
<<09:23:02.138#信息>>[IDCR_ReadData]参数dwIndex=4,dwBufferSize=200
<<09:23:02.138#信息>>[IDCR_ReadData]读取出生日期：19910121
<<09:23:02.139#信息>>[IDCR_ReadData]返回值:0(成功),返回的数据lpBuffer=19910121,有效长度lpNumberOfBytesRead=8
<<09:23:02.139#信息>>[IDCR_ReadData]调用结束

<<09:23:02.140#信息>>[IDCR_ReadData]调用开始
<<09:23:02.140#信息>>[IDCR_ReadData]参数dwIndex=5,dwBufferSize=200
<<09:23:02.141#信息>>[IDCR_ReadData]读取住址：北京市海淀区西土城路10号北京邮电大学世纪学院计算机科学与技术2011
<<09:23:02.141#信息>>[IDCR_ReadData]返回值:0(成功),返回的数据lpBuffer=北京市海淀区西土城路10号北京邮电大学世纪学院计算机科学与技术2011,有效长度lpNumberOfBytesRead=64
<<09:23:02.141#信息>>[IDCR_ReadData]调用结束

<<09:23:02.142#信息>>[IDCR_ReadData]调用开始
<<09:23:02.142#信息>>[IDCR_ReadData]参数dwIndex=6,dwBufferSize=200
<<09:23:02.142#信息>>[IDCR_ReadData]读取身份证号：371326199101214311
<<09:23:02.142#信息>>[IDCR_ReadData]返回值:0(成功),返回的数据lpBuffer=371326199101214311,有效长度lpNumberOfBytesRead=18
<<09:23:02.143#信息>>[IDCR_ReadData]调用结束

<<09:23:02.143#信息>>[IDCR_ReadData]调用开始
<<09:23:02.144#信息>>[IDCR_ReadData]参数dwIndex=7,dwBufferSize=200
<<09:23:02.144#信息>>[IDCR_ReadData]读取签发机关：北京市公安局海淀分局
<<09:23:02.145#信息>>[IDCR_ReadData]返回值:0(成功),返回的数据lpBuffer=北京市公安局海淀分局,有效长度lpNumberOfBytesRead=20
<<09:23:02.145#信息>>[IDCR_ReadData]调用结束

<<09:23:02.145#信息>>[IDCR_ReadData]调用开始
<<09:23:02.146#信息>>[IDCR_ReadData]参数dwIndex=8,dwBufferSize=200
<<09:23:02.146#信息>>[IDCR_ReadData]读取有效期限--生效日期：20140530
<<09:23:02.147#信息>>[IDCR_ReadData]返回值:0(成功),返回的数据lpBuffer=20140530,有效长度lpNumberOfBytesRead=8
<<09:23:02.147#信息>>[IDCR_ReadData]调用结束

<<09:23:02.148#信息>>[IDCR_ReadData]调用开始
<<09:23:02.148#信息>>[IDCR_ReadData]参数dwIndex=9,dwBufferSize=200
<<09:23:02.149#信息>>[IDCR_ReadData]读取有效期限--失效日期：20240530
<<09:23:02.149#信息>>[IDCR_ReadData]返回值:0(成功),返回的数据lpBuffer=20240530,有效长度lpNumberOfBytesRead=8
<<09:23:02.149#信息>>[IDCR_ReadData]调用结束

<<09:23:02.150#信息>>[IDCR_ReadData]返回值:0(成功),返回的数据lpBuffer=陈祥宝|男|汉族|19910121|北京市海淀区西土城路10号北京邮电大学世纪学院计算机科学与技术2011|371326199101214311|北京市公安局海淀分局|20140530|20240530|D:\多功能业务柜\Aoto.EMS\Aoto.EMS.MultiSerBox\bin\x86\Debug\peripheral\aoto\IDCardlib\image\zp.bmp,有效长度lpNumberOfBytesRead=245
<<09:23:02.150#信息>>[IDCR_ReadData]调用结束

<<09:23:02.151#信息>>[IDCR_CancelRead]调用开始
<<09:23:02.151#信息>>[IDCR_CancelRead]返回值：0(成功)
<<09:23:02.152#信息>>[IDCR_CancelRead]调用结束

<<09:25:12.371#信息>>[InitializeData]日志保存天数：[30]
<<09:25:12.371#信息>>[InitializeData]GetModuleFileName：[D:\多功能业务柜\Aoto.EMS\Aoto.EMS.MultiSerBox\bin\x86\Debug\]
<<09:25:12.372#信息>>[InitializeData]GetCurrentDirectory：[D:\多功能业务柜\Aoto.EMS\Aoto.EMS.MultiSerBox\bin\x86\Debug]
<<09:25:12.375#信息>>[InitializeData]调用结束
<<09:25:12.376#信息>>[IDCR_Initialize]去掉入参非法字符前lpszConfigXml=<?xml version ="1.0" encoding="utf-8"?><Device>  <DeviceId>IDCard001</DeviceId>  <LogLevel>3</LogLevel></Device>
<<09:25:12.377#信息>>[IDCR_Initialize]去掉入参非法字符后lpszConfigXml=<?xml version ="1.0" encoding="utf-8"?><Device>  <DeviceId>IDCard001</DeviceId>  <LogLevel>3</LogLevel></Device>
<<09:25:12.377#信息>>[IDCR_Initialize]设备标识为：IDCard001,日志级别为：3
<<09:25:12.378#信息>>[IDCR_Initialize]读取串口信息：Com3
<<09:25:12.524#信息>>[IDCR_Initialize]当前身份证阅读器波特率为: 115200
<<09:25:12.536#信息>>[IDCR_Initialize]返回值：0(成功)
<<09:25:12.536#信息>>[IDCR_Initialize]调用开始

<<09:26:05.247#信息>>[InitializeData]日志保存天数：[30]
<<09:26:05.248#信息>>[InitializeData]GetModuleFileName：[D:\多功能业务柜\Aoto.EMS\Aoto.EMS.MultiSerBox\bin\x86\Debug\]
<<09:26:05.249#信息>>[InitializeData]GetCurrentDirectory：[D:\多功能业务柜\Aoto.EMS\Aoto.EMS.MultiSerBox\bin\x86\Debug]
<<09:26:05.252#信息>>[InitializeData]调用结束
<<09:26:05.253#信息>>[IDCR_Initialize]去掉入参非法字符前lpszConfigXml=<?xml version ="1.0" encoding="utf-8"?><Device>  <DeviceId>IDCard001</DeviceId>  <LogLevel>3</LogLevel></Device>
<<09:26:05.254#信息>>[IDCR_Initialize]去掉入参非法字符后lpszConfigXml=<?xml version ="1.0" encoding="utf-8"?><Device>  <DeviceId>IDCard001</DeviceId>  <LogLevel>3</LogLevel></Device>
<<09:26:05.254#信息>>[IDCR_Initialize]设备标识为：IDCard001,日志级别为：3
<<09:26:05.255#信息>>[IDCR_Initialize]读取串口信息：Com3
<<09:26:05.401#信息>>[IDCR_Initialize]当前身份证阅读器波特率为: 115200
<<09:26:05.413#信息>>[IDCR_Initialize]返回值：0(成功)
<<09:26:05.414#信息>>[IDCR_Initialize]调用开始

<<09:26:14.689#信息>>[IDCR_DataAvailable]寻卡成功
<<09:26:14.704#信息>>[IDCR_DataAvailable]选卡成功
<<09:26:15.491#信息>>[IDCR_DataAvailable]读卡成功
<<09:26:15.498#信息>>[IDCR_DataAvailable]返回值：0(成功)，lpAvailable:1
<<09:26:15.499#信息>>[IDCR_DataAvailable]调用结束

<<09:26:15.499#信息>>[IDCR_ReadData]调用开始
<<09:26:15.500#信息>>[IDCR_ReadData]参数dwIndex=0,dwBufferSize=256
<<09:26:15.500#信息>>[IDCR_ReadData]调用开始
<<09:26:15.501#信息>>[IDCR_ReadData]参数dwIndex=1,dwBufferSize=200
<<09:26:15.501#信息>>[IDCR_ReadData]读取姓名：陈祥宝
<<09:26:15.502#信息>>[IDCR_ReadData]返回值:0(成功),返回的数据lpBuffer=陈祥宝,有效长度lpNumberOfBytesRead=6
<<09:26:15.502#信息>>[IDCR_ReadData]调用结束

<<09:26:15.503#信息>>[IDCR_ReadData]调用开始
<<09:26:15.503#信息>>[IDCR_ReadData]参数dwIndex=2,dwBufferSize=200
<<09:26:15.504#信息>>[IDCR_ReadData]读取性别：男
<<09:26:15.504#信息>>[IDCR_ReadData]返回值:0(成功),返回的数据lpBuffer=男,有效长度lpNumberOfBytesRead=2
<<09:26:15.504#信息>>[IDCR_ReadData]调用结束

<<09:26:15.505#信息>>[IDCR_ReadData]调用开始
<<09:26:15.505#信息>>[IDCR_ReadData]参数dwIndex=3,dwBufferSize=200
<<09:26:15.506#信息>>[IDCR_ReadData]读取民族：汉族
<<09:26:15.506#信息>>[IDCR_ReadData]返回值:0(成功),返回的数据lpBuffer=汉族,有效长度lpNumberOfBytesRead=4
<<09:26:15.507#信息>>[IDCR_ReadData]调用结束

<<09:26:15.507#信息>>[IDCR_ReadData]调用开始
<<09:26:15.507#信息>>[IDCR_ReadData]参数dwIndex=4,dwBufferSize=200
<<09:26:15.508#信息>>[IDCR_ReadData]读取出生日期：19910121
<<09:26:15.508#信息>>[IDCR_ReadData]返回值:0(成功),返回的数据lpBuffer=19910121,有效长度lpNumberOfBytesRead=8
<<09:26:15.509#信息>>[IDCR_ReadData]调用结束

<<09:26:15.509#信息>>[IDCR_ReadData]调用开始
<<09:26:15.510#信息>>[IDCR_ReadData]参数dwIndex=5,dwBufferSize=200
<<09:26:15.510#信息>>[IDCR_ReadData]读取住址：北京市海淀区西土城路10号北京邮电大学世纪学院计算机科学与技术2011
<<09:26:15.511#信息>>[IDCR_ReadData]返回值:0(成功),返回的数据lpBuffer=北京市海淀区西土城路10号北京邮电大学世纪学院计算机科学与技术2011,有效长度lpNumberOfBytesRead=64
<<09:26:15.511#信息>>[IDCR_ReadData]调用结束

<<09:26:15.511#信息>>[IDCR_ReadData]调用开始
<<09:26:15.512#信息>>[IDCR_ReadData]参数dwIndex=6,dwBufferSize=200
<<09:26:15.512#信息>>[IDCR_ReadData]读取身份证号：371326199101214311
<<09:26:15.513#信息>>[IDCR_ReadData]返回值:0(成功),返回的数据lpBuffer=371326199101214311,有效长度lpNumberOfBytesRead=18
<<09:26:15.513#信息>>[IDCR_ReadData]调用结束

<<09:26:15.514#信息>>[IDCR_ReadData]调用开始
<<09:26:15.514#信息>>[IDCR_ReadData]参数dwIndex=7,dwBufferSize=200
<<09:26:15.514#信息>>[IDCR_ReadData]读取签发机关：北京市公安局海淀分局
<<09:26:15.515#信息>>[IDCR_ReadData]返回值:0(成功),返回的数据lpBuffer=北京市公安局海淀分局,有效长度lpNumberOfBytesRead=20
<<09:26:15.515#信息>>[IDCR_ReadData]调用结束

<<09:26:15.516#信息>>[IDCR_ReadData]调用开始
<<09:26:15.516#信息>>[IDCR_ReadData]参数dwIndex=8,dwBufferSize=200
<<09:26:15.517#信息>>[IDCR_ReadData]读取有效期限--生效日期：20140530
<<09:26:15.517#信息>>[IDCR_ReadData]返回值:0(成功),返回的数据lpBuffer=20140530,有效长度lpNumberOfBytesRead=8
<<09:26:15.517#信息>>[IDCR_ReadData]调用结束

<<09:26:15.518#信息>>[IDCR_ReadData]调用开始
<<09:26:15.518#信息>>[IDCR_ReadData]参数dwIndex=9,dwBufferSize=200
<<09:26:15.519#信息>>[IDCR_ReadData]读取有效期限--失效日期：20240530
<<09:26:15.519#信息>>[IDCR_ReadData]返回值:0(成功),返回的数据lpBuffer=20240530,有效长度lpNumberOfBytesRead=8
<<09:26:15.520#信息>>[IDCR_ReadData]调用结束

<<09:26:15.520#信息>>[IDCR_ReadData]返回值:0(成功),返回的数据lpBuffer=陈祥宝|男|汉族|19910121|北京市海淀区西土城路10号北京邮电大学世纪学院计算机科学与技术2011|371326199101214311|北京市公安局海淀分局|20140530|20240530|D:\多功能业务柜\Aoto.EMS\Aoto.EMS.MultiSerBox\bin\x86\Debug\peripheral\aoto\IDCardlib\image\zp.bmp,有效长度lpNumberOfBytesRead=245
<<09:26:15.521#信息>>[IDCR_ReadData]调用结束

<<09:26:15.521#信息>>[IDCR_CancelRead]调用开始
<<09:26:15.521#信息>>[IDCR_CancelRead]返回值：0(成功)
<<09:26:15.522#信息>>[IDCR_CancelRead]调用结束

