<<12:00:37.687#信息>>[ReadCardInfo] SN=[{"ATR":"0778B3B4024744","CODE":"0","SLOT":"1","SLOT_NAME":"Contactless","UID":"470626C1"}]
<<12:00:37.703#信息>>HaltAerial ret=0 message={"CODE":"0"}
<<12:00:37.875#信息>>GetInformation ret=0 message={"CODE":"0","CardNumber":"6253373256690639"}
<<12:00:37.875#信息>>GetInformationmessage=6253373256690639
<<12:00:42.234#信息>>[ReadCardInfo] SN=[{"ATR":"0778B3B4024744","CODE":"0","SLOT":"1","SLOT_NAME":"Contactless","UID":"470626C1"}]
<<12:00:42.234#信息>>HaltAerial ret=0 message={"CODE":"0"}
<<12:00:42.453#信息>>GetInformation ret=0 message={"CODE":"0","CardNumber":"6253373256690639"}
<<12:00:42.453#信息>>GetInformationmessage=6253373256690639
<<12:00:56.063#信息>>[ReadCardInfo] SN=[{"ATR":"3B6200004744","CODE":"0","SLOT":"2","SLOT_NAME":"Contact"}]
<<12:01:01.297#信息>>[ReadCardInfo] SN=[{"ATR":"3B6200004744","CODE":"0","SLOT":"2","SLOT_NAME":"Contact"}]
<<12:01:05.796#信息>>[ReadCardInfo] SN=[{"ATR":"3B6200004744","CODE":"0","SLOT":"2","SLOT_NAME":"Contact"}]
<<12:01:08.859#信息>>[ReadCardInfo] SN=[{"ATR":"3B6200004744","CODE":"0","SLOT":"2","SLOT_NAME":"Contact"}]
<<12:01:59.656#信息>>[ReadCardInfo] SN=[{"ATR":"0778B3B4024744","CODE":"0","SLOT":"1","SLOT_NAME":"Contactless","UID":"470626C1"}]
<<12:01:59.671#信息>>HaltAerial ret=0 message={"CODE":"0"}
<<12:01:59.874#信息>>GetInformation ret=0 message={"CODE":"0","CardNumber":"6253373256690639"}
<<12:01:59.874#信息>>GetInformationmessage=6253373256690639
<<12:02:18.203#信息>>[ReadCardInfo] SN=[{"ATR":"0778B3B4024744","CODE":"0","SLOT":"1","SLOT_NAME":"Contactless","UID":"470626C1"}]
<<12:02:18.219#信息>>HaltAerial ret=0 message={"CODE":"0"}
<<12:02:18.422#信息>>GetInformation ret=0 message={"CODE":"0","CardNumber":"6253373256690639"}
<<12:02:18.422#信息>>GetInformationmessage=6253373256690639
<<12:02:25.656#信息>>[ReadCardInfo] SN=[{"ATR":"3B6200004744","CODE":"0","SLOT":"2","SLOT_NAME":"Contact"}]
<<12:02:28.499#信息>>[ReadCardInfo] SN=[{"ATR":"3B6200004744","CODE":"0","SLOT":"2","SLOT_NAME":"Contact"}]
<<12:02:31.001#信息>>[ReadCardInfo] SN=[{"ATR":"3B6200004744","CODE":"0","SLOT":"2","SLOT_NAME":"Contact"}]
<<12:02:37.282#信息>>[ReadCardInfo] SN=[{"ATR":"3B6200004744","CODE":"0","SLOT":"2","SLOT_NAME":"Contact"}]
<<12:02:42.438#信息>>[ReadCardInfo] SN=[{"ATR":"0610EC00000000003432313131110100","CODE":"0","SLOT":"1","SLOT_NAME":"Contactless","UID":""}]
<<12:02:42.438#信息>>HaltAerial ret=0 message={"CODE":"0"}
<<12:03:06.594#信息>>[ReadCardInfo] SN=[{"ATR":"","CODE":"0","SLOT":"1","SLOT_NAME":"Contactless","UID":""}]
<<12:03:08.594#信息>>HaltAerial ret=24 message=
