<<11:24:59.946#信息>>[DllMain]-------------动态库加载-------20140924-----------
<<11:24:59.962#信息>>[DllMain]日志保存天数：[10]
<<11:24:59.962#信息>>[DllMain]GetModuleFileName：[C:\Users\Administrator\Desktop\client\]
<<11:24:59.977#信息>>[DllMain]GetCurrentDirectory：[C:\Users\Administrator\Desktop\client]
<<11:24:59.977#信息>>[CRDR_Initialize]去掉入参非法字符前lpszConfigXml=<Device><DeviceId>CRDR001</DeviceId><LogLevel>0</LogLevel></Device>
<<11:24:59.993#信息>>[CRDR_Initialize]去掉入参非法字符后lpszConfigXml=<Device><DeviceId>CRDR001</DeviceId><LogLevel>0</LogLevel></Device>
<<11:24:59.993#信息>>[CRDR_Initialize]设备标识为：CRDR001,日志级别为：0
<<11:25:00.009#信息>>[CRDR_Initialize]打开的串口为串口1
<<11:25:00.009#信息>>[CRDR_Initialize]返回值：0(成功)
<<11:25:00.009#信息>>[CRDR_Initialize]调用结束

<<11:27:50.594#信息>>[DllMain]-------------动态库卸载------------------

<<14:31:07.168#信息>>[DllMain]-------------动态库加载-------20140924-----------
<<14:31:07.183#信息>>[DllMain]日志保存天数：[10]
<<14:31:07.183#信息>>[DllMain]GetModuleFileName：[C:\Users\Administrator\Desktop\client\]
<<14:31:07.199#信息>>[DllMain]GetCurrentDirectory：[C:\Users\Administrator\Desktop\client]
<<14:31:07.199#信息>>[CRDR_Initialize]去掉入参非法字符前lpszConfigXml=<Device><DeviceId>CRDR001</DeviceId><LogLevel>0</LogLevel></Device>
<<14:31:07.199#信息>>[CRDR_Initialize]去掉入参非法字符后lpszConfigXml=<Device><DeviceId>CRDR001</DeviceId><LogLevel>0</LogLevel></Device>
<<14:31:07.199#信息>>[CRDR_Initialize]设备标识为：CRDR001,日志级别为：0
<<14:31:07.215#信息>>[CRDR_Initialize]打开的串口为串口1
<<14:31:07.215#信息>>[CRDR_Initialize]返回值：0(成功)
<<14:31:07.215#信息>>[CRDR_Initialize]调用结束

<<14:55:49.134#信息>>[DllMain]-------------动态库加载-------20140924-----------
<<14:55:49.134#信息>>[DllMain]日志保存天数：[10]
<<14:55:49.150#信息>>[DllMain]GetModuleFileName：[C:\Users\Administrator\Desktop\client\]
<<14:55:49.150#信息>>[DllMain]GetCurrentDirectory：[C:\Users\Administrator\Desktop\client]
<<14:55:49.165#信息>>[CRDR_Initialize]去掉入参非法字符前lpszConfigXml=<Device><DeviceId>CRDR001</DeviceId><LogLevel>0</LogLevel></Device>
<<14:55:49.165#信息>>[CRDR_Initialize]去掉入参非法字符后lpszConfigXml=<Device><DeviceId>CRDR001</DeviceId><LogLevel>0</LogLevel></Device>
<<14:55:49.165#信息>>[CRDR_Initialize]设备标识为：CRDR001,日志级别为：0
<<14:55:49.181#信息>>[CRDR_Initialize]打开的串口为串口1
<<14:55:49.181#信息>>[CRDR_Initialize]返回值：0(成功)
<<14:55:49.197#信息>>[CRDR_Initialize]调用结束

