<<11:25:00.399#信息>>[InitInstance] 加载动态库，20160725
<<11:25:00.399#信息>>[InitInstance]日志保存天数：[10]
<<11:25:00.462#信息>>[PRNT_Initialize]去掉非法字符前lpszConfigXml=<Device><DeviceId>PRNT001</DeviceId><LogLevel>0</LogLevel></Device>
<<11:25:00.462#信息>>[PRNT_Initialize]去掉非法字符后lpszConfigXml=<Device><DeviceId>PRNT001</DeviceId><LogLevel>0</LogLevel></Device>,
<<11:25:00.462#信息>>[PRNT_Initialize]设备标识为：PRNT001,日志级别为：0
<<11:25:00.602#信息>>[Prt_Init] LeftMargin = 2 , PicLeftMargin = 20 
<<11:25:00.602#信息>>[Prt_Init]配置文件路径：C:\Users\Administrator\Desktop\client\peripheral\aoto\\config\DeviceDriverConf.ini,字号=285，行间距=0，字符宽=19，字符高=38,字体=宋体
<<11:25:02.977#信息>>[Prt_Detective]打印机名称：BT-T080R(U) 1
<<11:25:02.993#信息>>[Prt_Detective]打印机名称：BT-T080R(U) 1
<<11:25:03.055#信息>>[Prt_Detective]打印机名称：BT-T080R(U) 1
<<11:25:03.071#信息>>[PRNT_Ticket]调用开始,lpszData=个人业务,lpszTicketNo=A0001,lpszWNumber=0
<<11:25:03.071#信息>>[PRNT_Ticket] lpszWAD=温馨提示：为了节省您的时间，如果您需要办理2万元以下卡存、取业务，请至我行ATM机自助处理；如果您需要办理账户查询、卡内转账汇款、分行特色缴费等业务，请于我行自助终端办理。
<<11:25:03.086#信息>>[Prt_Detective]打印机名称：BT-T080R(U) 1
<<11:25:03.461#信息>>[PRNT_Ticket]调用结束
<<11:25:06.024#信息>>[Prt_Detective]打印机名称：BT-T080R(U) 1
<<11:25:06.039#信息>>[Prt_Detective]打印机名称：BT-T080R(U) 1
<<11:25:06.071#信息>>[Prt_Detective]打印机名称：BT-T080R(U) 1
<<11:25:06.086#信息>>[PRNT_Ticket]调用开始,lpszData=个人业务,lpszTicketNo=A0002,lpszWNumber=1
<<11:25:06.102#信息>>[PRNT_Ticket] lpszWAD=温馨提示：为了节省您的时间，如果您需要办理2万元以下卡存、取业务，请至我行ATM机自助处理；如果您需要办理账户查询、卡内转账汇款、分行特色缴费等业务，请于我行自助终端办理。
<<11:25:06.102#信息>>[Prt_Detective]打印机名称：BT-T080R(U) 1
<<11:25:06.149#信息>>[PRNT_Ticket]调用结束
<<11:25:08.057#信息>>[Prt_Detective]打印机名称：BT-T080R(U) 1
<<11:25:08.057#信息>>[Prt_Detective]打印机名称：BT-T080R(U) 1
<<11:25:08.103#信息>>[Prt_Detective]打印机名称：BT-T080R(U) 1
<<11:25:08.103#信息>>[PRNT_Ticket]调用开始,lpszData=个人业务,lpszTicketNo=A0003,lpszWNumber=2
<<11:25:08.119#信息>>[PRNT_Ticket] lpszWAD=温馨提示：为了节省您的时间，如果您需要办理2万元以下卡存、取业务，请至我行ATM机自助处理；如果您需要办理账户查询、卡内转账汇款、分行特色缴费等业务，请于我行自助终端办理。
<<11:25:08.119#信息>>[Prt_Detective]打印机名称：BT-T080R(U) 1
<<11:25:08.182#信息>>[PRNT_Ticket]调用结束
<<11:25:18.775#信息>>[Prt_Detective]打印机名称：BT-T080R(U) 1
<<11:25:18.790#信息>>[Prt_Detective]打印机名称：BT-T080R(U) 1
<<11:25:18.821#信息>>[Prt_Detective]打印机名称：BT-T080R(U) 1
<<11:25:18.821#信息>>[PRNT_Ticket]调用开始,lpszData=个人业务,lpszTicketNo=A0004,lpszWNumber=3
<<11:25:18.837#信息>>[PRNT_Ticket] lpszWAD=温馨提示：为了节省您的时间，如果您需要办理2万元以下卡存、取业务，请至我行ATM机自助处理；如果您需要办理账户查询、卡内转账汇款、分行特色缴费等业务，请于我行自助终端办理。
<<11:25:18.837#信息>>[Prt_Detective]打印机名称：BT-T080R(U) 1
<<11:25:18.884#信息>>[PRNT_Ticket]调用结束
<<11:25:22.946#信息>>[Prt_Detective]打印机名称：BT-T080R(U) 1
<<11:25:22.962#信息>>[Prt_Detective]打印机名称：BT-T080R(U) 1
<<11:25:22.993#信息>>[Prt_Detective]打印机名称：BT-T080R(U) 1
<<11:25:23.009#信息>>[PRNT_Ticket]调用开始,lpszData=个人业务,lpszTicketNo=A0005,lpszWNumber=4
<<11:25:23.009#信息>>[PRNT_Ticket] lpszWAD=温馨提示：为了节省您的时间，如果您需要办理2万元以下卡存、取业务，请至我行ATM机自助处理；如果您需要办理账户查询、卡内转账汇款、分行特色缴费等业务，请于我行自助终端办理。
<<11:25:23.024#信息>>[Prt_Detective]打印机名称：BT-T080R(U) 1
<<11:25:23.071#信息>>[PRNT_Ticket]调用结束
<<11:25:25.040#信息>>[Prt_Detective]打印机名称：BT-T080R(U) 1
<<11:25:25.055#信息>>[Prt_Detective]打印机名称：BT-T080R(U) 1
<<11:25:25.102#信息>>[Prt_Detective]打印机名称：BT-T080R(U) 1
<<11:25:25.102#信息>>[PRNT_Ticket]调用开始,lpszData=个人业务,lpszTicketNo=A0006,lpszWNumber=5
<<11:25:25.118#信息>>[PRNT_Ticket] lpszWAD=温馨提示：为了节省您的时间，如果您需要办理2万元以下卡存、取业务，请至我行ATM机自助处理；如果您需要办理账户查询、卡内转账汇款、分行特色缴费等业务，请于我行自助终端办理。
<<11:25:25.133#信息>>[Prt_Detective]打印机名称：BT-T080R(U) 1
<<11:25:25.165#信息>>[PRNT_Ticket]调用结束
<<11:25:26.915#信息>>[Prt_Detective]打印机名称：BT-T080R(U) 1
<<11:25:26.930#信息>>[Prt_Detective]打印机名称：BT-T080R(U) 1
<<11:25:26.961#信息>>[Prt_Detective]打印机名称：BT-T080R(U) 1
<<11:25:26.961#信息>>[PRNT_Ticket]调用开始,lpszData=个人业务,lpszTicketNo=A0007,lpszWNumber=6
<<11:25:26.961#信息>>[PRNT_Ticket] lpszWAD=温馨提示：为了节省您的时间，如果您需要办理2万元以下卡存、取业务，请至我行ATM机自助处理；如果您需要办理账户查询、卡内转账汇款、分行特色缴费等业务，请于我行自助终端办理。
<<11:25:26.977#信息>>[Prt_Detective]打印机名称：BT-T080R(U) 1
<<11:25:27.024#信息>>[PRNT_Ticket]调用结束
<<11:25:34.572#信息>>[Prt_Detective]打印机名称：BT-T080R(U) 1
<<11:25:34.587#信息>>[Prt_Detective]打印机名称：BT-T080R(U) 1
<<11:25:34.619#信息>>[Prt_Detective]打印机名称：BT-T080R(U) 1
<<11:25:34.619#信息>>[PRNT_Ticket]调用开始,lpszData=个人业务,lpszTicketNo=A0008,lpszWNumber=7
<<11:25:34.634#信息>>[PRNT_Ticket] lpszWAD=温馨提示：为了节省您的时间，如果您需要办理2万元以下卡存、取业务，请至我行ATM机自助处理；如果您需要办理账户查询、卡内转账汇款、分行特色缴费等业务，请于我行自助终端办理。
<<11:25:34.634#信息>>[Prt_Detective]打印机名称：BT-T080R(U) 1
<<11:25:34.681#信息>>[PRNT_Ticket]调用结束
<<11:25:36.650#信息>>[Prt_Detective]打印机名称：BT-T080R(U) 1
<<11:25:36.665#信息>>[Prt_Detective]打印机名称：BT-T080R(U) 1
<<11:25:36.697#信息>>[Prt_Detective]打印机名称：BT-T080R(U) 1
<<11:25:36.697#信息>>[PRNT_Ticket]调用开始,lpszData=个人业务,lpszTicketNo=A0009,lpszWNumber=8
<<11:25:36.712#信息>>[PRNT_Ticket] lpszWAD=温馨提示：为了节省您的时间，如果您需要办理2万元以下卡存、取业务，请至我行ATM机自助处理；如果您需要办理账户查询、卡内转账汇款、分行特色缴费等业务，请于我行自助终端办理。
<<11:25:36.712#信息>>[Prt_Detective]打印机名称：BT-T080R(U) 1
<<11:25:36.759#信息>>[PRNT_Ticket]调用结束
<<11:25:38.540#信息>>[Prt_Detective]打印机名称：BT-T080R(U) 1
<<11:25:38.556#信息>>[Prt_Detective]打印机名称：BT-T080R(U) 1
<<11:25:38.587#信息>>[Prt_Detective]打印机名称：BT-T080R(U) 1
<<11:25:38.587#信息>>[PRNT_Ticket]调用开始,lpszData=个人业务,lpszTicketNo=A0010,lpszWNumber=9
<<11:25:38.603#信息>>[PRNT_Ticket] lpszWAD=温馨提示：为了节省您的时间，如果您需要办理2万元以下卡存、取业务，请至我行ATM机自助处理；如果您需要办理账户查询、卡内转账汇款、分行特色缴费等业务，请于我行自助终端办理。
<<11:25:38.603#信息>>[Prt_Detective]打印机名称：BT-T080R(U) 1
<<11:25:38.665#信息>>[PRNT_Ticket]调用结束
<<11:26:22.212#信息>>[Prt_Detective]打印机名称：BT-T080R(U) 1
<<11:26:22.228#信息>>[Prt_Detective]打印机名称：BT-T080R(U) 1
<<11:26:22.259#信息>>[Prt_Detective]打印机名称：BT-T080R(U) 1
<<11:26:22.275#信息>>[PRNT_Ticket]调用开始,lpszData=个人业务,lpszTicketNo=A0011,lpszWNumber=10
<<11:26:22.275#信息>>[PRNT_Ticket] lpszWAD=温馨提示：为了节省您的时间，如果您需要办理2万元以下卡存、取业务，请至我行ATM机自助处理；如果您需要办理账户查询、卡内转账汇款、分行特色缴费等业务，请于我行自助终端办理。
<<11:26:22.290#信息>>[Prt_Detective]打印机名称：BT-T080R(U) 1
<<11:26:22.337#信息>>[PRNT_Ticket]调用结束
<<11:26:25.759#信息>>[Prt_Detective]打印机名称：BT-T080R(U) 1
<<11:26:25.759#信息>>[Prt_Detective]打印机名称：BT-T080R(U) 1
<<11:26:25.790#信息>>[Prt_Detective]打印机名称：BT-T080R(U) 1
<<11:26:25.790#信息>>[PRNT_Ticket]调用开始,lpszData=个人业务,lpszTicketNo=A0012,lpszWNumber=11
<<11:26:25.806#信息>>[PRNT_Ticket] lpszWAD=温馨提示：为了节省您的时间，如果您需要办理2万元以下卡存、取业务，请至我行ATM机自助处理；如果您需要办理账户查询、卡内转账汇款、分行特色缴费等业务，请于我行自助终端办理。
<<11:26:25.806#信息>>[Prt_Detective]打印机名称：BT-T080R(U) 1
<<11:26:25.884#信息>>[PRNT_Ticket]调用结束
<<14:31:07.453#信息>>[InitInstance] 加载动态库，20160725
<<14:31:07.453#信息>>[InitInstance]日志保存天数：[10]
<<14:31:07.468#信息>>[PRNT_Initialize]去掉非法字符前lpszConfigXml=<Device><DeviceId>PRNT001</DeviceId><LogLevel>0</LogLevel></Device>
<<14:31:07.468#信息>>[PRNT_Initialize]去掉非法字符后lpszConfigXml=<Device><DeviceId>PRNT001</DeviceId><LogLevel>0</LogLevel></Device>,
<<14:31:07.468#信息>>[PRNT_Initialize]设备标识为：PRNT001,日志级别为：0
<<14:31:07.593#信息>>[Prt_Init] LeftMargin = 2 , PicLeftMargin = 20 
<<14:31:07.609#信息>>[Prt_Init]配置文件路径：C:\Users\Administrator\Desktop\client\peripheral\aoto\\config\DeviceDriverConf.ini,字号=285，行间距=0，字符宽=19，字符高=38,字体=宋体
<<14:31:09.203#信息>>[Prt_Detective]打印机名称：BT-T080R(U) 1
<<14:31:09.218#信息>>[Prt_Detective]打印机名称：BT-T080R(U) 1
<<14:31:09.265#信息>>[Prt_Detective]打印机名称：BT-T080R(U) 1
<<14:31:09.265#信息>>[PRNT_Ticket]调用开始,lpszData=个人业务,lpszTicketNo=A0031,lpszWNumber=30
<<14:31:09.281#信息>>[PRNT_Ticket] lpszWAD=温馨提示：为了节省您的时间，如果您需要办理2万元以下卡存、取业务，请至我行ATM机自助处理；如果您需要办理账户查询、卡内转账汇款、分行特色缴费等业务，请于我行自助终端办理。
<<14:31:09.281#信息>>[Prt_Detective]打印机名称：BT-T080R(U) 1
<<14:31:09.546#信息>>[PRNT_Ticket]调用结束
<<14:33:04.568#信息>>[Prt_Detective]打印机名称：BT-T080R(U) 1
<<14:33:20.084#信息>>[Prt_Detective]打印机名称：BT-T080R(U) 1
<<14:33:20.178#信息>>[Prt_Detective]打印机名称：BT-T080R(U) 1
<<14:33:20.209#信息>>[Prt_Detective]打印机名称：BT-T080R(U) 1
<<14:33:20.240#信息>>[Prt_Detective]打印机名称：BT-T080R(U) 1
<<14:33:20.350#信息>>[Prt_Detective]打印机名称：BT-T080R(U) 1
<<14:33:20.459#信息>>[Prt_Detective]打印机名称：BT-T080R(U) 1
<<14:33:20.537#信息>>[Prt_Detective]打印机名称：BT-T080R(U) 1
<<14:33:20.615#信息>>[Prt_Detective]打印机名称：BT-T080R(U) 1
<<14:33:20.646#信息>>[Prt_Detective]打印机名称：BT-T080R(U) 1
<<14:33:20.709#信息>>[Prt_Detective]打印机名称：BT-T080R(U) 1
<<14:33:20.756#信息>>[Prt_Detective]打印机名称：BT-T080R(U) 1
<<14:33:20.803#信息>>[Prt_Detective]打印机名称：BT-T080R(U) 1
<<14:33:20.803#信息>>[PRNT_Ticket]调用开始,lpszData=个人业务,lpszTicketNo=A0032,lpszWNumber=31
<<14:33:20.818#信息>>[PRNT_Ticket] lpszWAD=温馨提示：为了节省您的时间，如果您需要办理2万元以下卡存、取业务，请至我行ATM机自助处理；如果您需要办理账户查询、卡内转账汇款、分行特色缴费等业务，请于我行自助终端办理。
<<14:33:20.834#信息>>[Prt_Detective]打印机名称：BT-T080R(U) 1
<<14:33:20.928#信息>>[PRNT_Ticket]调用结束
<<14:33:20.975#信息>>[Prt_Detective]打印机名称：BT-T080R(U) 1
<<14:33:20.990#信息>>[Prt_Detective]打印机正在打印中
<<14:33:20.990#信息>>[Prt_Detective]打印机状态值：0x00000400
<<14:33:21.021#信息>>[Prt_Detective]打印机名称：BT-T080R(U) 1
<<14:33:21.021#信息>>[Prt_Detective]打印机正在打印中
<<14:33:21.037#信息>>[Prt_Detective]打印机状态值：0x00000400
<<14:33:21.053#信息>>[Prt_Detective]打印机名称：BT-T080R(U) 1
<<14:33:21.068#信息>>[Prt_Detective]打印机正在打印中
<<14:33:21.084#信息>>[Prt_Detective]打印机状态值：0x00000400
<<14:33:21.100#信息>>[Prt_Detective]打印机名称：BT-T080R(U) 1
<<14:33:21.115#信息>>[Prt_Detective]打印机正在打印中
<<14:33:21.115#信息>>[Prt_Detective]打印机状态值：0x00000400
<<14:33:21.178#信息>>[Prt_Detective]打印机名称：BT-T080R(U) 1
<<14:33:21.193#信息>>[Prt_Detective]打印机正在打印中
<<14:33:21.193#信息>>[Prt_Detective]打印机状态值：0x00000400
<<14:34:19.069#信息>>[Prt_Detective]打印机名称：BT-T080R(U) 1
<<14:34:19.194#信息>>[Prt_Detective]打印机名称：BT-T080R(U) 1
<<14:34:19.241#信息>>[Prt_Detective]打印机名称：BT-T080R(U) 1
<<14:34:19.257#信息>>[Prt_Detective]打印机名称：BT-T080R(U) 1
<<14:34:19.288#信息>>[Prt_Detective]打印机名称：BT-T080R(U) 1
<<14:34:19.304#信息>>[Prt_Detective]打印机名称：BT-T080R(U) 1
<<14:34:19.335#信息>>[Prt_Detective]打印机名称：BT-T080R(U) 1
<<14:34:19.382#信息>>[Prt_Detective]打印机名称：BT-T080R(U) 1
<<14:34:19.397#信息>>[Prt_Detective]打印机名称：BT-T080R(U) 1
<<14:34:19.429#信息>>[Prt_Detective]打印机名称：BT-T080R(U) 1
<<14:34:19.476#信息>>[Prt_Detective]打印机名称：BT-T080R(U) 1
<<14:34:19.491#信息>>[Prt_Detective]打印机名称：BT-T080R(U) 1
<<14:34:19.507#信息>>[Prt_Detective]打印机名称：BT-T080R(U) 1
<<14:34:19.522#信息>>[Prt_Detective]打印机名称：BT-T080R(U) 1
<<14:34:19.554#信息>>[Prt_Detective]打印机名称：BT-T080R(U) 1
<<14:34:19.554#信息>>[PRNT_Ticket]调用开始,lpszData=个人业务,lpszTicketNo=A0038,lpszWNumber=37
<<14:34:19.554#信息>>[PRNT_Ticket] lpszWAD=温馨提示：为了节省您的时间，如果您需要办理2万元以下卡存、取业务，请至我行ATM机自助处理；如果您需要办理账户查询、卡内转账汇款、分行特色缴费等业务，请于我行自助终端办理。
<<14:34:19.585#信息>>[Prt_Detective]打印机名称：BT-T080R(U) 1
<<14:34:19.663#信息>>[PRNT_Ticket]调用结束
<<14:34:19.663#信息>>[PRNT_Ticket]调用开始,lpszData=个人业务,lpszTicketNo=A0039,lpszWNumber=38
<<14:34:19.679#信息>>[PRNT_Ticket] lpszWAD=温馨提示：为了节省您的时间，如果您需要办理2万元以下卡存、取业务，请至我行ATM机自助处理；如果您需要办理账户查询、卡内转账汇款、分行特色缴费等业务，请于我行自助终端办理。
<<14:34:19.710#信息>>[Prt_Detective]打印机名称：BT-T080R(U) 1
<<14:34:19.710#信息>>[Prt_Detective]打印机正在打印中
<<14:34:19.726#信息>>[Prt_Detective]打印机状态值：0x00000400
<<14:34:19.804#信息>>[PRNT_Ticket]调用结束
<<14:34:19.804#信息>>[PRNT_Ticket]调用开始,lpszData=个人业务,lpszTicketNo=A0040,lpszWNumber=39
<<14:34:19.819#信息>>[PRNT_Ticket] lpszWAD=温馨提示：为了节省您的时间，如果您需要办理2万元以下卡存、取业务，请至我行ATM机自助处理；如果您需要办理账户查询、卡内转账汇款、分行特色缴费等业务，请于我行自助终端办理。
<<14:34:19.835#信息>>[Prt_Detective]打印机名称：BT-T080R(U) 1
<<14:34:19.835#信息>>[Prt_Detective]打印机正在打印中
<<14:34:19.851#信息>>[Prt_Detective]打印机状态值：0x00000400
<<14:34:19.944#信息>>[PRNT_Ticket]调用结束
<<14:34:19.944#信息>>[PRNT_Ticket]调用开始,lpszData=个人业务,lpszTicketNo=A0041,lpszWNumber=40
<<14:34:19.944#信息>>[PRNT_Ticket] lpszWAD=温馨提示：为了节省您的时间，如果您需要办理2万元以下卡存、取业务，请至我行ATM机自助处理；如果您需要办理账户查询、卡内转账汇款、分行特色缴费等业务，请于我行自助终端办理。
<<14:34:19.960#信息>>[Prt_Detective]打印机名称：BT-T080R(U) 1
<<14:34:19.976#信息>>[Prt_Detective]打印机正在打印中
<<14:34:19.976#信息>>[Prt_Detective]打印机状态值：0x00000400
<<14:34:20.054#信息>>[PRNT_Ticket]调用结束
<<14:34:20.054#信息>>[PRNT_Ticket]调用开始,lpszData=个人业务,lpszTicketNo=A0042,lpszWNumber=41
<<14:34:20.069#信息>>[PRNT_Ticket] lpszWAD=温馨提示：为了节省您的时间，如果您需要办理2万元以下卡存、取业务，请至我行ATM机自助处理；如果您需要办理账户查询、卡内转账汇款、分行特色缴费等业务，请于我行自助终端办理。
<<14:34:20.085#信息>>[Prt_Detective]打印机名称：BT-T080R(U) 1
<<14:34:20.100#信息>>[Prt_Detective]打印机正在打印中
<<14:34:20.100#信息>>[Prt_Detective]打印机状态值：0x00000400
<<14:34:20.210#信息>>[PRNT_Ticket]调用结束
<<14:34:20.225#信息>>[Prt_Detective]打印机名称：BT-T080R(U) 1
<<14:34:20.225#信息>>[Prt_Detective]打印机正在打印中
<<14:34:20.241#信息>>[Prt_Detective]打印机状态值：0x00000400
<<14:34:20.257#信息>>[Prt_Detective]打印机名称：BT-T080R(U) 1
<<14:34:20.257#信息>>[Prt_Detective]打印机正在打印中
<<14:34:20.272#信息>>[Prt_Detective]打印机状态值：0x00000400
<<14:34:20.288#信息>>[Prt_Detective]打印机名称：BT-T080R(U) 1
<<14:34:20.304#信息>>[Prt_Detective]打印机正在打印中
<<14:34:20.304#信息>>[Prt_Detective]打印机状态值：0x00000400
<<14:34:20.319#信息>>[Prt_Detective]打印机名称：BT-T080R(U) 1
<<14:34:20.335#信息>>[Prt_Detective]打印机正在打印中
<<14:34:20.335#信息>>[Prt_Detective]打印机状态值：0x00000400
<<14:34:20.350#信息>>[Prt_Detective]打印机名称：BT-T080R(U) 1
<<14:34:20.366#信息>>[Prt_Detective]打印机正在打印中
<<14:34:20.366#信息>>[Prt_Detective]打印机状态值：0x00000400
<<14:34:20.397#信息>>[Prt_Detective]打印机名称：BT-T080R(U) 1
<<14:34:20.397#信息>>[Prt_Detective]打印机正在打印中
<<14:34:20.413#信息>>[Prt_Detective]打印机状态值：0x00000400
<<14:34:20.444#信息>>[Prt_Detective]打印机名称：BT-T080R(U) 1
<<14:34:20.491#信息>>[Prt_Detective]打印机正在打印中
<<14:34:20.491#信息>>[Prt_Detective]打印机状态值：0x00000400
<<14:34:20.522#信息>>[Prt_Detective]打印机名称：BT-T080R(U) 1
<<14:34:20.538#信息>>[Prt_Detective]打印机正在打印中
<<14:34:20.538#信息>>[Prt_Detective]打印机状态值：0x00000400
<<14:34:20.569#信息>>[Prt_Detective]打印机名称：BT-T080R(U) 1
<<14:34:20.569#信息>>[Prt_Detective]打印机正在打印中
<<14:34:20.585#信息>>[Prt_Detective]打印机状态值：0x00000400
<<14:34:20.600#信息>>[Prt_Detective]打印机名称：BT-T080R(U) 1
<<14:34:20.616#信息>>[Prt_Detective]打印机正在打印中
<<14:34:20.616#信息>>[Prt_Detective]打印机状态值：0x00000400
<<14:34:21.241#信息>>[Prt_Detective]打印机名称：BT-T080R(U) 1
<<14:34:21.257#信息>>[Prt_Detective]打印机正在打印中
<<14:34:21.257#信息>>[Prt_Detective]打印机状态值：0x00000400
<<14:34:21.272#信息>>[Prt_Detective]打印机名称：BT-T080R(U) 1
<<14:34:21.288#信息>>[Prt_Detective]打印机正在打印中
<<14:34:21.288#信息>>[Prt_Detective]打印机状态值：0x00000400
<<14:34:22.866#信息>>[Prt_Detective]打印机名称：BT-T080R(U) 1
<<14:34:22.882#信息>>[Prt_Detective]打印机正在打印中
<<14:34:22.882#信息>>[Prt_Detective]打印机状态值：0x00000400
<<14:34:22.897#信息>>[Prt_Detective]打印机名称：BT-T080R(U) 1
<<14:34:22.913#信息>>[Prt_Detective]打印机正在打印中
<<14:34:22.913#信息>>[Prt_Detective]打印机状态值：0x00000400
<<14:34:23.756#信息>>[Prt_Detective]打印机名称：BT-T080R(U) 1
<<14:34:23.756#信息>>[Prt_Detective]打印机正在打印中
<<14:34:23.772#信息>>[Prt_Detective]打印机状态值：0x00000400
<<14:34:23.788#信息>>[Prt_Detective]打印机名称：BT-T080R(U) 1
<<14:34:23.788#信息>>[Prt_Detective]打印机正在打印中
<<14:34:23.803#信息>>[Prt_Detective]打印机状态值：0x00000400
<<14:34:23.819#信息>>[Prt_Detective]打印机名称：BT-T080R(U) 1
<<14:34:23.819#信息>>[Prt_Detective]打印机正在打印中
<<14:34:23.835#信息>>[Prt_Detective]打印机状态值：0x00000400
<<14:34:23.850#信息>>[Prt_Detective]打印机名称：BT-T080R(U) 1
<<14:34:23.866#信息>>[Prt_Detective]打印机正在打印中
<<14:34:23.866#信息>>[Prt_Detective]打印机状态值：0x00000400
<<14:34:24.631#信息>>[Prt_Detective]打印机名称：BT-T080R(U) 1
<<14:34:24.647#信息>>[Prt_Detective]打印机正在打印中
<<14:34:24.647#信息>>[Prt_Detective]打印机状态值：0x00000400
<<14:34:24.663#信息>>[Prt_Detective]打印机名称：BT-T080R(U) 1
<<14:34:24.678#信息>>[Prt_Detective]打印机正在打印中
<<14:34:24.678#信息>>[Prt_Detective]打印机状态值：0x00000400
<<14:34:25.085#信息>>[Prt_Detective]打印机名称：BT-T080R(U) 1
<<14:34:25.085#信息>>[Prt_Detective]打印机正在打印中
<<14:34:25.100#信息>>[Prt_Detective]打印机状态值：0x00000400
<<14:34:25.116#信息>>[Prt_Detective]打印机名称：BT-T080R(U) 1
<<14:34:25.116#信息>>[Prt_Detective]打印机正在打印中
<<14:34:25.131#信息>>[Prt_Detective]打印机状态值：0x00000400
<<14:34:25.428#信息>>[Prt_Detective]打印机名称：BT-T080R(U) 1
<<14:34:25.428#信息>>[Prt_Detective]打印机正在打印中
<<14:34:25.444#信息>>[Prt_Detective]打印机状态值：0x00000400
<<14:34:25.459#信息>>[Prt_Detective]打印机名称：BT-T080R(U) 1
<<14:34:25.459#信息>>[Prt_Detective]打印机正在打印中
<<14:34:25.475#信息>>[Prt_Detective]打印机状态值：0x00000400
<<14:34:26.194#信息>>[Prt_Detective]打印机名称：BT-T080R(U) 1
<<14:34:26.209#信息>>[Prt_Detective]打印机正在打印中
<<14:34:26.225#信息>>[Prt_Detective]打印机状态值：0x00000400
<<14:34:26.241#信息>>[Prt_Detective]打印机名称：BT-T080R(U) 1
<<14:34:26.241#信息>>[Prt_Detective]打印机正在打印中
<<14:34:26.241#信息>>[Prt_Detective]打印机状态值：0x00000400
<<14:34:26.741#信息>>[Prt_Detective]打印机名称：BT-T080R(U) 1
<<14:34:26.756#信息>>[Prt_Detective]打印机正在打印中
<<14:34:26.756#信息>>[Prt_Detective]打印机状态值：0x00000400
<<14:34:26.772#信息>>[Prt_Detective]打印机名称：BT-T080R(U) 1
<<14:34:26.788#信息>>[Prt_Detective]打印机正在打印中
<<14:34:26.788#信息>>[Prt_Detective]打印机状态值：0x00000400
<<14:34:26.897#信息>>[Prt_Detective]打印机名称：BT-T080R(U) 1
<<14:34:26.897#信息>>[Prt_Detective]打印机正在打印中
<<14:34:26.913#信息>>[Prt_Detective]打印机状态值：0x00000400
<<14:34:26.928#信息>>[Prt_Detective]打印机名称：BT-T080R(U) 1
<<14:34:26.928#信息>>[Prt_Detective]打印机正在打印中
<<14:34:26.944#信息>>[Prt_Detective]打印机状态值：0x00000400
<<14:34:27.616#信息>>[Prt_Detective]打印机名称：BT-T080R(U) 1
<<14:34:27.631#信息>>[Prt_Detective]打印机名称：BT-T080R(U) 1
<<14:34:27.678#信息>>[Prt_Detective]打印机名称：BT-T080R(U) 1
<<14:34:27.694#信息>>[PRNT_Ticket]调用开始,lpszData=个人业务,lpszTicketNo=A0043,lpszWNumber=42
<<14:34:27.694#信息>>[PRNT_Ticket] lpszWAD=温馨提示：为了节省您的时间，如果您需要办理2万元以下卡存、取业务，请至我行ATM机自助处理；如果您需要办理账户查询、卡内转账汇款、分行特色缴费等业务，请于我行自助终端办理。
<<14:34:27.709#信息>>[Prt_Detective]打印机名称：BT-T080R(U) 1
<<14:34:27.772#信息>>[PRNT_Ticket]调用结束
<<14:34:27.803#信息>>[Prt_Detective]打印机名称：BT-T080R(U) 1
<<14:34:27.819#信息>>[Prt_Detective]打印机正在打印中
<<14:34:27.819#信息>>[Prt_Detective]打印机状态值：0x00000400
<<14:34:27.834#信息>>[Prt_Detective]打印机名称：BT-T080R(U) 1
<<14:34:27.850#信息>>[Prt_Detective]打印机正在打印中
<<14:34:27.850#信息>>[Prt_Detective]打印机状态值：0x00000400
<<14:34:54.668#信息>>[Prt_Detective]打印机名称：BT-T080R(U) 1
<<14:34:54.746#信息>>[Prt_Detective]打印机名称：BT-T080R(U) 1
<<14:34:54.793#信息>>[Prt_Detective]打印机名称：BT-T080R(U) 1
<<14:34:54.824#信息>>[Prt_Detective]打印机名称：BT-T080R(U) 1
<<14:34:54.840#信息>>[Prt_Detective]打印机名称：BT-T080R(U) 1
<<14:34:54.918#信息>>[Prt_Detective]打印机名称：BT-T080R(U) 1
<<14:34:54.933#信息>>[Prt_Detective]打印机名称：BT-T080R(U) 1
<<14:34:54.965#信息>>[Prt_Detective]打印机名称：BT-T080R(U) 1
<<14:34:54.996#信息>>[Prt_Detective]打印机名称：BT-T080R(U) 1
<<14:34:55.027#信息>>[Prt_Detective]打印机名称：BT-T080R(U) 1
<<14:34:55.043#信息>>[Prt_Detective]打印机名称：BT-T080R(U) 1
<<14:34:55.105#信息>>[Prt_Detective]打印机名称：BT-T080R(U) 1
<<14:34:55.152#信息>>[Prt_Detective]打印机名称：BT-T080R(U) 1
<<14:34:55.168#信息>>[Prt_Detective]打印机名称：BT-T080R(U) 1
<<14:34:55.183#信息>>[Prt_Detective]打印机名称：BT-T080R(U) 1
<<14:34:55.199#信息>>[Prt_Detective]打印机名称：BT-T080R(U) 1
<<14:34:55.215#信息>>[Prt_Detective]打印机名称：BT-T080R(U) 1
<<14:34:55.215#信息>>[Prt_Detective]打印机名称：BT-T080R(U) 1
<<14:34:55.230#信息>>[PRNT_Ticket]调用开始,lpszData=个人业务,lpszTicketNo=A0044,lpszWNumber=43
<<14:34:55.230#信息>>[PRNT_Ticket] lpszWAD=温馨提示：为了节省您的时间，如果您需要办理2万元以下卡存、取业务，请至我行ATM机自助处理；如果您需要办理账户查询、卡内转账汇款、分行特色缴费等业务，请于我行自助终端办理。
<<14:34:55.246#信息>>[Prt_Detective]打印机名称：BT-T080R(U) 1
<<14:34:55.340#信息>>[PRNT_Ticket]调用结束
<<14:34:55.340#信息>>[PRNT_Ticket]调用开始,lpszData=个人业务,lpszTicketNo=A0045,lpszWNumber=44
<<14:34:55.340#信息>>[PRNT_Ticket] lpszWAD=温馨提示：为了节省您的时间，如果您需要办理2万元以下卡存、取业务，请至我行ATM机自助处理；如果您需要办理账户查询、卡内转账汇款、分行特色缴费等业务，请于我行自助终端办理。
<<14:34:55.355#信息>>[Prt_Detective]打印机名称：BT-T080R(U) 1
<<14:34:55.371#信息>>[Prt_Detective]打印机正在打印中
<<14:34:55.371#信息>>[Prt_Detective]打印机状态值：0x00000400
<<14:34:55.433#信息>>[PRNT_Ticket]调用结束
<<14:34:55.449#信息>>[PRNT_Ticket]调用开始,lpszData=个人业务,lpszTicketNo=A0046,lpszWNumber=45
<<14:34:55.449#信息>>[PRNT_Ticket] lpszWAD=温馨提示：为了节省您的时间，如果您需要办理2万元以下卡存、取业务，请至我行ATM机自助处理；如果您需要办理账户查询、卡内转账汇款、分行特色缴费等业务，请于我行自助终端办理。
<<14:34:55.465#信息>>[Prt_Detective]打印机名称：BT-T080R(U) 1
<<14:34:55.465#信息>>[Prt_Detective]打印机正在打印中
<<14:34:55.465#信息>>[Prt_Detective]打印机状态值：0x00000400
<<14:34:55.527#信息>>[PRNT_Ticket]调用结束
<<14:34:55.527#信息>>[PRNT_Ticket]调用开始,lpszData=个人业务,lpszTicketNo=A0047,lpszWNumber=46
<<14:34:55.527#信息>>[PRNT_Ticket] lpszWAD=温馨提示：为了节省您的时间，如果您需要办理2万元以下卡存、取业务，请至我行ATM机自助处理；如果您需要办理账户查询、卡内转账汇款、分行特色缴费等业务，请于我行自助终端办理。
<<14:34:55.543#信息>>[Prt_Detective]打印机名称：BT-T080R(U) 1
<<14:34:55.558#信息>>[Prt_Detective]打印机正在打印中
<<14:34:55.558#信息>>[Prt_Detective]打印机状态值：0x00000400
<<14:34:55.621#信息>>[PRNT_Ticket]调用结束
<<14:34:55.621#信息>>[PRNT_Ticket]调用开始,lpszData=个人业务,lpszTicketNo=A0048,lpszWNumber=47
<<14:34:55.636#信息>>[PRNT_Ticket] lpszWAD=温馨提示：为了节省您的时间，如果您需要办理2万元以下卡存、取业务，请至我行ATM机自助处理；如果您需要办理账户查询、卡内转账汇款、分行特色缴费等业务，请于我行自助终端办理。
<<14:34:55.652#信息>>[Prt_Detective]打印机名称：BT-T080R(U) 1
<<14:34:55.652#信息>>[Prt_Detective]打印机正在打印中
<<14:34:55.652#信息>>[Prt_Detective]打印机状态值：0x00000400
<<14:34:55.715#信息>>[PRNT_Ticket]调用结束
<<14:34:55.730#信息>>[PRNT_Ticket]调用开始,lpszData=个人业务,lpszTicketNo=A0049,lpszWNumber=48
<<14:34:55.730#信息>>[PRNT_Ticket] lpszWAD=温馨提示：为了节省您的时间，如果您需要办理2万元以下卡存、取业务，请至我行ATM机自助处理；如果您需要办理账户查询、卡内转账汇款、分行特色缴费等业务，请于我行自助终端办理。
<<14:34:55.746#信息>>[Prt_Detective]打印机名称：BT-T080R(U) 1
<<14:34:55.746#信息>>[Prt_Detective]打印机正在打印中
<<14:34:55.761#信息>>[Prt_Detective]打印机状态值：0x00000400
<<14:34:55.808#信息>>[PRNT_Ticket]调用结束
<<14:34:55.824#信息>>[Prt_Detective]打印机名称：BT-T080R(U) 1
<<14:34:55.840#信息>>[Prt_Detective]打印机正在打印中
<<14:34:55.840#信息>>[Prt_Detective]打印机状态值：0x00000400
<<14:34:55.855#信息>>[Prt_Detective]打印机名称：BT-T080R(U) 1
<<14:34:55.871#信息>>[Prt_Detective]打印机正在打印中
<<14:34:55.871#信息>>[Prt_Detective]打印机状态值：0x00000400
<<14:45:17.445#信息>>[Prt_Detective]打印机名称：BT-T080R(U) 1
<<14:45:17.461#信息>>[Prt_Detective]打印机名称：BT-T080R(U) 1
<<14:45:27.617#信息>>[Prt_Detective]打印机名称：BT-T080R(U) 1
<<14:45:52.555#信息>>[Prt_Detective]打印机名称：BT-T080R(U) 1
<<14:46:31.070#信息>>[Prt_Detective]打印机名称：BT-T080R(U) 1
<<14:46:31.085#信息>>[Prt_Detective]打印机名称：BT-T080R(U) 1
<<14:46:31.117#信息>>[Prt_Detective]打印机名称：BT-T080R(U) 1
<<14:46:31.165#信息>>[Prt_Detective]打印机名称：BT-T080R(U) 1
<<14:46:31.181#信息>>[Prt_Detective]打印机名称：BT-T080R(U) 1
<<14:46:31.228#信息>>[Prt_Detective]打印机名称：BT-T080R(U) 1
<<14:46:31.290#信息>>[Prt_Detective]打印机名称：BT-T080R(U) 1
<<14:46:31.306#信息>>[Prt_Detective]打印机名称：BT-T080R(U) 1
<<14:46:31.322#信息>>[Prt_Detective]打印机名称：BT-T080R(U) 1
<<14:46:31.337#信息>>[Prt_Detective]打印机名称：BT-T080R(U) 1
<<14:46:31.368#信息>>[Prt_Detective]打印机名称：BT-T080R(U) 1
<<14:46:31.384#信息>>[Prt_Detective]打印机名称：BT-T080R(U) 1
<<14:46:31.415#信息>>[Prt_Detective]打印机名称：BT-T080R(U) 1
<<14:46:31.431#信息>>[Prt_Detective]打印机名称：BT-T080R(U) 1
<<14:46:31.447#信息>>[Prt_Detective]打印机名称：BT-T080R(U) 1
<<14:46:31.462#信息>>[Prt_Detective]打印机名称：BT-T080R(U) 1
<<14:46:31.493#信息>>[Prt_Detective]打印机名称：BT-T080R(U) 1
<<14:46:31.509#信息>>[Prt_Detective]打印机名称：BT-T080R(U) 1
<<14:46:31.556#信息>>[Prt_Detective]打印机名称：BT-T080R(U) 1
<<14:46:31.587#信息>>[Prt_Detective]打印机名称：BT-T080R(U) 1
<<14:46:31.587#信息>>[PRNT_Ticket]调用开始,lpszData=个人业务,lpszTicketNo=A0052,lpszWNumber=51
<<14:46:31.603#信息>>[PRNT_Ticket] lpszWAD=温馨提示：为了节省您的时间，如果您需要办理2万元以下卡存、取业务，请至我行ATM机自助处理；如果您需要办理账户查询、卡内转账汇款、分行特色缴费等业务，请于我行自助终端办理。
<<14:46:31.618#信息>>[Prt_Detective]打印机名称：BT-T080R(U) 1
<<14:46:31.681#信息>>[PRNT_Ticket]调用结束
<<14:46:31.697#信息>>[Prt_Detective]打印机名称：BT-T080R(U) 1
<<14:46:31.712#信息>>[Prt_Detective]打印机正在打印中
<<14:46:31.712#信息>>[Prt_Detective]打印机状态值：0x00000400
<<14:46:31.712#信息>>[PRNT_Ticket]调用开始,lpszData=个人业务,lpszTicketNo=A0053,lpszWNumber=52
<<14:46:31.728#信息>>[PRNT_Ticket] lpszWAD=温馨提示：为了节省您的时间，如果您需要办理2万元以下卡存、取业务，请至我行ATM机自助处理；如果您需要办理账户查询、卡内转账汇款、分行特色缴费等业务，请于我行自助终端办理。
<<14:46:31.743#信息>>[Prt_Detective]打印机名称：BT-T080R(U) 1
<<14:46:31.759#信息>>[Prt_Detective]打印机正在打印中
<<14:46:31.759#信息>>[Prt_Detective]打印机状态值：0x00000400
<<14:46:31.806#信息>>[PRNT_Ticket]调用结束
<<14:46:31.822#信息>>[PRNT_Ticket]调用开始,lpszData=个人业务,lpszTicketNo=A0054,lpszWNumber=53
<<14:46:31.822#信息>>[PRNT_Ticket] lpszWAD=温馨提示：为了节省您的时间，如果您需要办理2万元以下卡存、取业务，请至我行ATM机自助处理；如果您需要办理账户查询、卡内转账汇款、分行特色缴费等业务，请于我行自助终端办理。
<<14:46:31.853#信息>>[Prt_Detective]打印机名称：BT-T080R(U) 1
<<14:46:31.868#信息>>[Prt_Detective]打印机正在打印中
<<14:46:31.868#信息>>[Prt_Detective]打印机状态值：0x00000400
<<14:46:36.931#信息>>[PRNT_Ticket]调用结束
<<14:46:36.946#信息>>[PRNT_Ticket]调用开始,lpszData=个人业务,lpszTicketNo=A0055,lpszWNumber=54
<<14:46:36.946#信息>>[PRNT_Ticket] lpszWAD=温馨提示：为了节省您的时间，如果您需要办理2万元以下卡存、取业务，请至我行ATM机自助处理；如果您需要办理账户查询、卡内转账汇款、分行特色缴费等业务，请于我行自助终端办理。
<<14:46:36.962#信息>>[Prt_Detective]打印机名称：BT-T080R(U) 1
<<14:46:36.977#信息>>[Prt_Detective]打印机正在打印中
<<14:46:36.977#信息>>[Prt_Detective]打印机状态值：0x00000400
<<14:46:37.040#信息>>[PRNT_Ticket]调用结束
<<14:46:37.040#信息>>[PRNT_Ticket]调用开始,lpszData=个人业务,lpszTicketNo=A0056,lpszWNumber=55
<<14:46:37.040#信息>>[PRNT_Ticket] lpszWAD=温馨提示：为了节省您的时间，如果您需要办理2万元以下卡存、取业务，请至我行ATM机自助处理；如果您需要办理账户查询、卡内转账汇款、分行特色缴费等业务，请于我行自助终端办理。
<<14:46:37.071#信息>>[Prt_Detective]打印机名称：BT-T080R(U) 1
<<14:46:37.087#信息>>[Prt_Detective]打印机正在打印中
<<14:46:37.087#信息>>[Prt_Detective]打印机状态值：0x00000400
<<14:46:37.134#信息>>[PRNT_Ticket]调用结束
<<14:46:37.149#信息>>[PRNT_Ticket]调用开始,lpszData=个人业务,lpszTicketNo=A0057,lpszWNumber=56
<<14:46:37.149#信息>>[PRNT_Ticket] lpszWAD=温馨提示：为了节省您的时间，如果您需要办理2万元以下卡存、取业务，请至我行ATM机自助处理；如果您需要办理账户查询、卡内转账汇款、分行特色缴费等业务，请于我行自助终端办理。
<<14:46:37.181#信息>>[Prt_Detective]打印机名称：BT-T080R(U) 1
<<14:46:37.196#信息>>[Prt_Detective]打印机正在打印中
<<14:46:37.196#信息>>[Prt_Detective]打印机状态值：0x00000400
<<14:46:37.243#信息>>[PRNT_Ticket]调用结束
<<14:47:46.557#信息>>[Prt_Detective]打印机名称：BT-T080R(U) 1
<<14:47:57.243#信息>>[Prt_Detective]打印机名称：BT-T080R(U) 1
<<14:47:58.618#信息>>[Prt_Detective]打印机名称：BT-T080R(U) 1
<<14:48:11.494#信息>>[Prt_Detective]打印机名称：BT-T080R(U) 1
<<14:48:16.244#信息>>[Prt_Detective]打印机名称：BT-T080R(U) 1
<<14:48:24.556#信息>>[Prt_Detective]打印机名称：BT-T080R(U) 1
<<14:48:24.556#信息>>[PRNT_Ticket]调用开始,lpszData=个人业务,lpszTicketNo=A0059,lpszWNumber=58
<<14:48:24.571#信息>>[PRNT_Ticket] lpszWAD=温馨提示：为了节省您的时间，如果您需要办理2万元以下卡存、取业务，请至我行ATM机自助处理；如果您需要办理账户查询、卡内转账汇款、分行特色缴费等业务，请于我行自助终端办理。
<<14:49:01.369#信息>>[Prt_Detective]打印机名称：BT-T080R(U) 1
<<14:49:50.072#信息>>[PRNT_Ticket]调用结束
<<14:49:50.088#信息>>[PRNT_Ticket]调用开始,lpszData=个人业务,lpszTicketNo=A0060,lpszWNumber=59
<<14:49:50.088#信息>>[PRNT_Ticket] lpszWAD=温馨提示：为了节省您的时间，如果您需要办理2万元以下卡存、取业务，请至我行ATM机自助处理；如果您需要办理账户查询、卡内转账汇款、分行特色缴费等业务，请于我行自助终端办理。
<<14:50:49.432#信息>>[Prt_Detective]打印机名称：BT-T080R(U) 1
<<14:51:55.637#信息>>[PRNT_Ticket]调用结束
<<14:53:27.358#信息>>[Prt_Detective]打印机名称：BT-T080R(U) 1
<<14:53:33.504#信息>>[Prt_Detective]打印机名称：BT-T080R(U) 1
<<14:55:49.654#信息>>[InitInstance] 加载动态库，20160725
<<14:55:49.654#信息>>[InitInstance]日志保存天数：[10]
<<14:55:49.701#信息>>[PRNT_Initialize]去掉非法字符前lpszConfigXml=<Device><DeviceId>PRNT001</DeviceId><LogLevel>0</LogLevel></Device>
<<14:55:49.716#信息>>[PRNT_Initialize]去掉非法字符后lpszConfigXml=<Device><DeviceId>PRNT001</DeviceId><LogLevel>0</LogLevel></Device>,
<<14:55:49.716#信息>>[PRNT_Initialize]设备标识为：PRNT001,日志级别为：0
<<14:55:49.841#信息>>[Prt_Init] LeftMargin = 2 , PicLeftMargin = 20 
<<14:55:49.841#信息>>[Prt_Init]配置文件路径：C:\Users\Administrator\Desktop\client\peripheral\aoto\\config\DeviceDriverConf.ini,字号=285，行间距=0，字符宽=19，字符高=38,字体=宋体
<<14:58:00.986#信息>>[Prt_Detective]打印机名称：BT-T080R(U) 1
<<14:58:01.080#信息>>[Prt_Detective]打印机名称：BT-T080R(U) 1
<<14:58:01.189#信息>>[Prt_Detective]打印机名称：BT-T080R(U) 1
<<14:58:01.205#信息>>[PRNT_Ticket]调用开始,lpszData=个人业务,lpszTicketNo=A0061,lpszWNumber=60
<<14:58:01.205#信息>>[PRNT_Ticket] lpszWAD=温馨提示：为了节省您的时间，如果您需要办理2万元以下卡存、取业务，请至我行ATM机自助处理；如果您需要办理账户查询、卡内转账汇款、分行特色缴费等业务，请于我行自助终端办理。
<<14:58:01.268#信息>>[Prt_Detective]打印机名称：BT-T080R(U) 1
<<14:58:02.002#信息>>[PRNT_Ticket]调用结束
<<14:58:21.533#信息>>[Prt_Detective]打印机名称：BT-T080R(U) 1
<<14:58:27.470#信息>>[Prt_Detective]打印机名称：BT-T080R(U) 1
<<14:58:54.781#信息>>[Prt_Detective]打印机名称：BT-T080R(U) 1
<<14:58:54.781#信息>>[PRNT_Ticket]调用开始,lpszData=个人业务,lpszTicketNo=A0062,lpszWNumber=61
<<14:58:54.796#信息>>[PRNT_Ticket] lpszWAD=温馨提示：为了节省您的时间，如果您需要办理2万元以下卡存、取业务，请至我行ATM机自助处理；如果您需要办理账户查询、卡内转账汇款、分行特色缴费等业务，请于我行自助终端办理。
<<14:59:18.531#信息>>[Prt_Detective]打印机名称：BT-T080R(U) 1
<<15:01:39.141#信息>>[PRNT_Ticket]调用结束
<<15:02:38.032#信息>>[Prt_Detective]打印机名称：BT-T080R(U) 1
<<15:02:48.721#信息>>[Prt_Detective]打印机名称：BT-T080R(U) 1
<<15:03:09.752#信息>>[Prt_Detective]打印机名称：BT-T080R(U) 1
<<15:03:09.752#信息>>[PRNT_Ticket]调用开始,lpszData=个人业务,lpszTicketNo=A0063,lpszWNumber=62
<<15:03:09.752#信息>>[PRNT_Ticket] lpszWAD=温馨提示：为了节省您的时间，如果您需要办理2万元以下卡存、取业务，请至我行ATM机自助处理；如果您需要办理账户查询、卡内转账汇款、分行特色缴费等业务，请于我行自助终端办理。
<<15:03:09.767#信息>>[Prt_Detective]打印机名称：BT-T080R(U) 1
<<15:03:09.877#信息>>[PRNT_Ticket]调用结束
<<15:03:44.532#信息>>[Prt_Detective]打印机名称：BT-T080R(U) 1
<<15:03:52.845#信息>>[Prt_Detective]打印机名称：BT-T080R(U) 1
<<15:03:52.892#信息>>[Prt_Detective]打印机名称：BT-T080R(U) 1
<<15:03:52.892#信息>>[PRNT_Ticket]调用开始,lpszData=个人业务,lpszTicketNo=A0064,lpszWNumber=63
<<15:03:52.908#信息>>[PRNT_Ticket] lpszWAD=温馨提示：为了节省您的时间，如果您需要办理2万元以下卡存、取业务，请至我行ATM机自助处理；如果您需要办理账户查询、卡内转账汇款、分行特色缴费等业务，请于我行自助终端办理。
<<15:03:57.595#信息>>[Prt_Detective]打印机名称：BT-T080R(U) 1
<<15:05:19.533#信息>>[PRNT_Ticket]调用结束
<<15:05:46.049#信息>>[Prt_Detective]打印机名称：BT-T080R(U) 1
<<15:05:46.081#信息>>[Prt_Detective]打印机名称：BT-T080R(U) 1
<<15:05:46.143#信息>>[Prt_Detective]打印机名称：BT-T080R(U) 1
<<15:05:46.143#信息>>[PRNT_Ticket]调用开始,lpszData=个人业务,lpszTicketNo=A0065,lpszWNumber=64
<<15:05:46.143#信息>>[PRNT_Ticket] lpszWAD=温馨提示：为了节省您的时间，如果您需要办理2万元以下卡存、取业务，请至我行ATM机自助处理；如果您需要办理账户查询、卡内转账汇款、分行特色缴费等业务，请于我行自助终端办理。
<<15:05:46.174#信息>>[Prt_Detective]打印机名称：BT-T080R(U) 1
<<15:05:46.237#信息>>[PRNT_Ticket]调用结束
<<15:06:30.784#信息>>[Prt_Detective]打印机名称：BT-T080R(U) 1
<<15:06:35.533#信息>>[Prt_Detective]打印机名称：BT-T080R(U) 1
<<15:06:40.283#信息>>[Prt_Detective]打印机名称：BT-T080R(U) 1
<<15:06:40.283#信息>>[PRNT_Ticket]调用开始,lpszData=个人业务,lpszTicketNo=A0066,lpszWNumber=65
<<15:06:40.299#信息>>[PRNT_Ticket] lpszWAD=温馨提示：为了节省您的时间，如果您需要办理2万元以下卡存、取业务，请至我行ATM机自助处理；如果您需要办理账户查询、卡内转账汇款、分行特色缴费等业务，请于我行自助终端办理。
<<15:06:50.971#信息>>[Prt_Detective]打印机名称：BT-T080R(U) 1
<<15:07:43.220#信息>>[PRNT_Ticket]调用结束
<<15:07:55.455#信息>>[Prt_Detective]打印机名称：BT-T080R(U) 1
<<15:07:55.471#信息>>[Prt_Detective]打印机状态值：0x00000010
<<15:09:39.612#信息>>[Prt_Detective]打印机名称：BT-T080R(U) 1
<<15:09:39.659#信息>>[Prt_Detective]打印机名称：BT-T080R(U) 1
<<15:09:39.784#信息>>[Prt_Detective]打印机名称：BT-T080R(U) 1
<<15:09:39.784#信息>>[PRNT_Ticket]调用开始,lpszData=个人业务,lpszTicketNo=A0067,lpszWNumber=66
<<15:09:39.799#信息>>[PRNT_Ticket] lpszWAD=温馨提示：为了节省您的时间，如果您需要办理2万元以下卡存、取业务，请至我行ATM机自助处理；如果您需要办理账户查询、卡内转账汇款、分行特色缴费等业务，请于我行自助终端办理。
<<15:09:39.815#信息>>[Prt_Detective]打印机名称：BT-T080R(U) 1
<<15:09:39.955#信息>>[PRNT_Ticket]调用结束
<<15:09:57.409#信息>>[Prt_Detective]打印机名称：BT-T080R(U) 1
<<15:10:09.285#信息>>[Prt_Detective]打印机名称：BT-T080R(U) 1
<<15:10:18.784#信息>>[Prt_Detective]打印机名称：BT-T080R(U) 1
<<15:10:18.784#信息>>[PRNT_Ticket]调用开始,lpszData=个人业务,lpszTicketNo=A0068,lpszWNumber=67
<<15:10:18.799#信息>>[PRNT_Ticket] lpszWAD=温馨提示：为了节省您的时间，如果您需要办理2万元以下卡存、取业务，请至我行ATM机自助处理；如果您需要办理账户查询、卡内转账汇款、分行特色缴费等业务，请于我行自助终端办理。
<<15:10:22.346#信息>>[Prt_Detective]打印机名称：BT-T080R(U) 1
<<15:11:05.363#信息>>[PRNT_Ticket]调用结束
<<15:11:20.534#信息>>[Prt_Detective]打印机名称：BT-T080R(U) 1
<<15:11:25.285#信息>>[Prt_Detective]打印机名称：BT-T080R(U) 1
<<15:11:26.473#信息>>[Prt_Detective]打印机名称：BT-T080R(U) 1
<<15:11:26.488#信息>>[PRNT_Ticket]调用开始,lpszData=个人业务,lpszTicketNo=A0069,lpszWNumber=68
<<15:11:26.488#信息>>[PRNT_Ticket] lpszWAD=温馨提示：为了节省您的时间，如果您需要办理2万元以下卡存、取业务，请至我行ATM机自助处理；如果您需要办理账户查询、卡内转账汇款、分行特色缴费等业务，请于我行自助终端办理。
<<15:11:34.785#信息>>[Prt_Detective]打印机名称：BT-T080R(U) 1
<<15:12:19.909#信息>>[PRNT_Ticket]调用结束
<<15:12:29.410#信息>>[Prt_Detective]打印机名称：BT-T080R(U) 1
<<15:12:29.426#信息>>[Prt_Detective]打印机名称：BT-T080R(U) 1
<<15:12:34.160#信息>>[Prt_Detective]打印机名称：BT-T080R(U) 1
<<15:12:34.160#信息>>[PRNT_Ticket]调用开始,lpszData=个人业务,lpszTicketNo=A0070,lpszWNumber=69
<<15:12:34.175#信息>>[PRNT_Ticket] lpszWAD=温馨提示：为了节省您的时间，如果您需要办理2万元以下卡存、取业务，请至我行ATM机自助处理；如果您需要办理账户查询、卡内转账汇款、分行特色缴费等业务，请于我行自助终端办理。
<<15:12:40.487#信息>>[Prt_Detective]打印机名称：BT-T080R(U) 1
<<15:13:29.973#信息>>[PRNT_Ticket]调用结束
<<15:13:35.910#信息>>[Prt_Detective]打印机名称：BT-T080R(U) 1
<<15:13:41.847#信息>>[Prt_Detective]打印机名称：BT-T080R(U) 1
<<15:13:43.035#信息>>[Prt_Detective]打印机名称：BT-T080R(U) 1
<<15:13:43.035#信息>>[PRNT_Ticket]调用开始,lpszData=个人业务,lpszTicketNo=A0071,lpszWNumber=70
<<15:13:43.050#信息>>[PRNT_Ticket] lpszWAD=温馨提示：为了节省您的时间，如果您需要办理2万元以下卡存、取业务，请至我行ATM机自助处理；如果您需要办理账户查询、卡内转账汇款、分行特色缴费等业务，请于我行自助终端办理。
<<15:13:51.348#信息>>[Prt_Detective]打印机名称：BT-T080R(U) 1
<<15:13:57.223#信息>>[PRNT_Ticket]调用结束
<<15:14:13.911#信息>>[Prt_Detective]打印机名称：BT-T080R(U) 1
<<15:14:19.848#信息>>[Prt_Detective]打印机名称：BT-T080R(U) 1
<<15:14:24.597#信息>>[Prt_Detective]打印机名称：BT-T080R(U) 1
<<15:14:24.597#信息>>[PRNT_Ticket]调用开始,lpszData=个人业务,lpszTicketNo=A0072,lpszWNumber=71
<<15:14:24.613#信息>>[PRNT_Ticket] lpszWAD=温馨提示：为了节省您的时间，如果您需要办理2万元以下卡存、取业务，请至我行ATM机自助处理；如果您需要办理账户查询、卡内转账汇款、分行特色缴费等业务，请于我行自助终端办理。
<<15:14:31.723#信息>>[Prt_Detective]打印机名称：BT-T080R(U) 1
<<15:15:12.098#信息>>[PRNT_Ticket]调用结束
<<15:15:29.911#信息>>[Prt_Detective]打印机名称：BT-T080R(U) 1
<<15:15:29.927#信息>>[Prt_Detective]打印机名称：BT-T080R(U) 1
<<15:15:34.661#信息>>[Prt_Detective]打印机名称：BT-T080R(U) 1
<<15:15:34.676#信息>>[PRNT_Ticket]调用开始,lpszData=个人业务,lpszTicketNo=A0073,lpszWNumber=72
<<15:15:34.676#信息>>[PRNT_Ticket] lpszWAD=温馨提示：为了节省您的时间，如果您需要办理2万元以下卡存、取业务，请至我行ATM机自助处理；如果您需要办理账户查询、卡内转账汇款、分行特色缴费等业务，请于我行自助终端办理。
<<15:15:48.911#信息>>[Prt_Detective]打印机名称：BT-T080R(U) 1
<<15:16:44.723#信息>>[PRNT_Ticket]调用结束
<<15:17:02.536#信息>>[Prt_Detective]打印机名称：BT-T080R(U) 1
<<15:17:02.567#信息>>[Prt_Detective]打印机名称：BT-T080R(U) 1
<<15:17:16.786#信息>>[Prt_Detective]打印机名称：BT-T080R(U) 1
<<15:17:16.802#信息>>[PRNT_Ticket]调用开始,lpszData=个人业务,lpszTicketNo=A0074,lpszWNumber=73
<<15:17:16.802#信息>>[PRNT_Ticket] lpszWAD=温馨提示：为了节省您的时间，如果您需要办理2万元以下卡存、取业务，请至我行ATM机自助处理；如果您需要办理账户查询、卡内转账汇款、分行特色缴费等业务，请于我行自助终端办理。
<<15:17:20.348#信息>>[Prt_Detective]打印机名称：BT-T080R(U) 1
<<15:18:26.848#信息>>[PRNT_Ticket]调用结束
<<15:18:45.848#信息>>[Prt_Detective]打印机名称：BT-T080R(U) 1
<<15:18:52.974#信息>>[Prt_Detective]打印机名称：BT-T080R(U) 1
<<15:18:55.349#信息>>[Prt_Detective]打印机名称：BT-T080R(U) 1
<<15:18:55.349#信息>>[PRNT_Ticket]调用开始,lpszData=个人业务,lpszTicketNo=A0075,lpszWNumber=74
<<15:18:55.365#信息>>[PRNT_Ticket] lpszWAD=温馨提示：为了节省您的时间，如果您需要办理2万元以下卡存、取业务，请至我行ATM机自助处理；如果您需要办理账户查询、卡内转账汇款、分行特色缴费等业务，请于我行自助终端办理。
<<15:18:57.724#信息>>[Prt_Detective]打印机名称：BT-T080R(U) 1
<<15:19:01.989#信息>>[PRNT_Ticket]调用结束
<<15:19:32.162#信息>>[Prt_Detective]打印机名称：BT-T080R(U) 1
<<15:19:35.724#信息>>[Prt_Detective]打印机名称：BT-T080R(U) 1
<<15:19:52.350#信息>>[Prt_Detective]打印机名称：BT-T080R(U) 1
<<15:19:52.350#信息>>[PRNT_Ticket]调用开始,lpszData=个人业务,lpszTicketNo=A0076,lpszWNumber=75
<<15:19:52.365#信息>>[PRNT_Ticket] lpszWAD=温馨提示：为了节省您的时间，如果您需要办理2万元以下卡存、取业务，请至我行ATM机自助处理；如果您需要办理账户查询、卡内转账汇款、分行特色缴费等业务，请于我行自助终端办理。
<<15:19:54.725#信息>>[Prt_Detective]打印机名称：BT-T080R(U) 1
<<15:20:55.287#信息>>[PRNT_Ticket]调用结束
<<15:21:22.599#信息>>[Prt_Detective]打印机名称：BT-T080R(U) 1
<<15:21:29.725#信息>>[Prt_Detective]打印机名称：BT-T080R(U) 1
<<15:21:36.131#信息>>[Prt_Detective]打印机名称：BT-T080R(U) 1
<<15:21:36.131#信息>>[PRNT_Ticket]调用开始,lpszData=个人业务,lpszTicketNo=A0077,lpszWNumber=76
<<15:21:36.131#信息>>[PRNT_Ticket] lpszWAD=温馨提示：为了节省您的时间，如果您需要办理2万元以下卡存、取业务，请至我行ATM机自助处理；如果您需要办理账户查询、卡内转账汇款、分行特色缴费等业务，请于我行自助终端办理。
<<15:21:36.162#信息>>[Prt_Detective]打印机名称：BT-T080R(U) 1
<<15:21:36.225#信息>>[PRNT_Ticket]调用结束
<<15:21:46.349#信息>>[Prt_Detective]打印机名称：BT-T080R(U) 1
<<15:21:48.725#信息>>[Prt_Detective]打印机名称：BT-T080R(U) 1
<<15:21:55.850#信息>>[Prt_Detective]打印机名称：BT-T080R(U) 1
<<15:21:55.850#信息>>[PRNT_Ticket]调用开始,lpszData=个人业务,lpszTicketNo=A0078,lpszWNumber=77
<<15:21:55.865#信息>>[PRNT_Ticket] lpszWAD=温馨提示：为了节省您的时间，如果您需要办理2万元以下卡存、取业务，请至我行ATM机自助处理；如果您需要办理账户查询、卡内转账汇款、分行特色缴费等业务，请于我行自助终端办理。
<<15:21:55.881#信息>>[Prt_Detective]打印机名称：BT-T080R(U) 1
<<15:22:50.475#信息>>[PRNT_Ticket]调用结束
<<15:23:14.225#信息>>[Prt_Detective]打印机名称：BT-T080R(U) 1
<<15:23:15.413#信息>>[Prt_Detective]打印机名称：BT-T080R(U) 1
<<15:23:23.725#信息>>[Prt_Detective]打印机名称：BT-T080R(U) 1
<<15:23:23.740#信息>>[PRNT_Ticket]调用开始,lpszData=个人业务,lpszTicketNo=A0079,lpszWNumber=78
<<15:23:23.740#信息>>[PRNT_Ticket] lpszWAD=温馨提示：为了节省您的时间，如果您需要办理2万元以下卡存、取业务，请至我行ATM机自助处理；如果您需要办理账户查询、卡内转账汇款、分行特色缴费等业务，请于我行自助终端办理。
<<15:23:28.474#信息>>[Prt_Detective]打印机名称：BT-T080R(U) 1
<<15:24:16.960#信息>>[PRNT_Ticket]调用结束
<<15:24:27.850#信息>>[Prt_Detective]打印机名称：BT-T080R(U) 1
<<15:24:39.491#信息>>[Prt_Detective]打印机名称：BT-T080R(U) 1
<<15:24:39.538#信息>>[Prt_Detective]打印机名称：BT-T080R(U) 1
<<15:24:39.553#信息>>[PRNT_Ticket]调用开始,lpszData=个人业务,lpszTicketNo=A0080,lpszWNumber=79
<<15:24:39.553#信息>>[PRNT_Ticket] lpszWAD=温馨提示：为了节省您的时间，如果您需要办理2万元以下卡存、取业务，请至我行ATM机自助处理；如果您需要办理账户查询、卡内转账汇款、分行特色缴费等业务，请于我行自助终端办理。
<<15:24:49.226#信息>>[Prt_Detective]打印机名称：BT-T080R(U) 1
<<15:25:39.101#信息>>[PRNT_Ticket]调用结束
<<15:25:59.288#信息>>[Prt_Detective]打印机名称：BT-T080R(U) 1
<<15:25:59.304#信息>>[Prt_Detective]打印机名称：BT-T080R(U) 1
<<15:26:09.976#信息>>[Prt_Detective]打印机名称：BT-T080R(U) 1
<<15:26:09.976#信息>>[PRNT_Ticket]调用开始,lpszData=个人业务,lpszTicketNo=A0081,lpszWNumber=80
<<15:26:09.992#信息>>[PRNT_Ticket] lpszWAD=温馨提示：为了节省您的时间，如果您需要办理2万元以下卡存、取业务，请至我行ATM机自助处理；如果您需要办理账户查询、卡内转账汇款、分行特色缴费等业务，请于我行自助终端办理。
<<15:26:21.851#信息>>[Prt_Detective]打印机名称：BT-T080R(U) 1
<<15:27:17.664#信息>>[PRNT_Ticket]调用结束
