<<08:41:58.123#信息>>[InitializeData]日志保存天数：[30]
<<08:41:58.124#信息>>[InitializeData]GetModuleFileName：[E:\lwh\安装包V1.2\Debug\]
<<08:41:58.124#信息>>[InitializeData]GetCurrentDirectory：[E:\lwh\安装包V1.2\Debug]
<<08:41:58.130#信息>>[InitializeData]调用结束
<<08:41:58.133#信息>>[IDCR_Initialize]去掉入参非法字符前lpszConfigXml=<?xml version ="1.0" encoding="utf-8"?><Device>  <DeviceId>IDCard001</DeviceId>  <LogLevel>3</LogLevel></Device>
<<08:41:58.134#信息>>[IDCR_Initialize]去掉入参非法字符后lpszConfigXml=<?xml version ="1.0" encoding="utf-8"?><Device>  <DeviceId>IDCard001</DeviceId>  <LogLevel>3</LogLevel></Device>
<<08:41:58.134#信息>>[IDCR_Initialize]设备标识为：IDCard001,日志级别为：3
<<08:41:58.136#信息>>[IDCR_Initialize]读取串口信息：Com12
<<08:41:58.271#信息>>[IDCR_Initialize]当前身份证阅读器波特率为: 115200
<<08:41:58.285#信息>>[IDCR_Initialize]返回值：0(成功)
<<08:41:58.287#信息>>[IDCR_Initialize]调用开始

<<08:41:59.816#信息>>[IDCR_DataAvailable]寻卡成功
<<08:41:59.832#信息>>[IDCR_DataAvailable]选卡成功
<<08:42:00.620#信息>>[IDCR_DataAvailable]读卡成功
<<08:42:00.628#信息>>[IDCR_DataAvailable]返回值：0(成功)，lpAvailable:1
<<08:42:00.628#信息>>[IDCR_DataAvailable]调用结束

<<08:42:00.629#信息>>[IDCR_ReadData]调用开始
<<08:42:00.629#信息>>[IDCR_ReadData]参数dwIndex=0,dwBufferSize=256
<<08:42:00.630#信息>>[IDCR_ReadData]调用开始
<<08:42:00.630#信息>>[IDCR_ReadData]参数dwIndex=1,dwBufferSize=200
<<08:42:00.630#信息>>[IDCR_ReadData]读取姓名：王宇
<<08:42:00.631#信息>>[IDCR_ReadData]返回值:0(成功),返回的数据lpBuffer=王宇,有效长度lpNumberOfBytesRead=4
<<08:42:00.631#信息>>[IDCR_ReadData]调用结束

<<08:42:00.632#信息>>[IDCR_ReadData]调用开始
<<08:42:00.632#信息>>[IDCR_ReadData]参数dwIndex=2,dwBufferSize=200
<<08:42:00.632#信息>>[IDCR_ReadData]读取性别：男
<<08:42:00.633#信息>>[IDCR_ReadData]返回值:0(成功),返回的数据lpBuffer=男,有效长度lpNumberOfBytesRead=2
<<08:42:00.633#信息>>[IDCR_ReadData]调用结束

<<08:42:00.633#信息>>[IDCR_ReadData]调用开始
<<08:42:00.634#信息>>[IDCR_ReadData]参数dwIndex=3,dwBufferSize=200
<<08:42:00.634#信息>>[IDCR_ReadData]读取民族：汉族
<<08:42:00.634#信息>>[IDCR_ReadData]返回值:0(成功),返回的数据lpBuffer=汉族,有效长度lpNumberOfBytesRead=4
<<08:42:00.635#信息>>[IDCR_ReadData]调用结束

<<08:42:00.635#信息>>[IDCR_ReadData]调用开始
<<08:42:00.636#信息>>[IDCR_ReadData]参数dwIndex=4,dwBufferSize=200
<<08:42:00.636#信息>>[IDCR_ReadData]读取出生日期：19950624
<<08:42:00.636#信息>>[IDCR_ReadData]返回值:0(成功),返回的数据lpBuffer=19950624,有效长度lpNumberOfBytesRead=8
<<08:42:00.637#信息>>[IDCR_ReadData]调用结束

<<08:42:00.637#信息>>[IDCR_ReadData]调用开始
<<08:42:00.637#信息>>[IDCR_ReadData]参数dwIndex=5,dwBufferSize=200
<<08:42:00.638#信息>>[IDCR_ReadData]读取住址：湖北省天门市皂市镇二龙大道9-003号
<<08:42:00.638#信息>>[IDCR_ReadData]返回值:0(成功),返回的数据lpBuffer=湖北省天门市皂市镇二龙大道9-003号,有效长度lpNumberOfBytesRead=33
<<08:42:00.639#信息>>[IDCR_ReadData]调用结束

<<08:42:00.639#信息>>[IDCR_ReadData]调用开始
<<08:42:00.639#信息>>[IDCR_ReadData]参数dwIndex=6,dwBufferSize=200
<<08:42:00.640#信息>>[IDCR_ReadData]读取身份证号：42900619950624579X
<<08:42:00.640#信息>>[IDCR_ReadData]返回值:0(成功),返回的数据lpBuffer=42900619950624579X,有效长度lpNumberOfBytesRead=18
<<08:42:00.640#信息>>[IDCR_ReadData]调用结束

<<08:42:00.641#信息>>[IDCR_ReadData]调用开始
<<08:42:00.641#信息>>[IDCR_ReadData]参数dwIndex=7,dwBufferSize=200
<<08:42:00.641#信息>>[IDCR_ReadData]读取签发机关：天门市公安局
<<08:42:00.642#信息>>[IDCR_ReadData]返回值:0(成功),返回的数据lpBuffer=天门市公安局,有效长度lpNumberOfBytesRead=12
<<08:42:00.642#信息>>[IDCR_ReadData]调用结束

<<08:42:00.643#信息>>[IDCR_ReadData]调用开始
<<08:42:00.643#信息>>[IDCR_ReadData]参数dwIndex=8,dwBufferSize=200
<<08:42:00.643#信息>>[IDCR_ReadData]读取有效期限--生效日期：20140807
<<08:42:00.644#信息>>[IDCR_ReadData]返回值:0(成功),返回的数据lpBuffer=20140807,有效长度lpNumberOfBytesRead=8
<<08:42:00.644#信息>>[IDCR_ReadData]调用结束

<<08:42:00.644#信息>>[IDCR_ReadData]调用开始
<<08:42:00.645#信息>>[IDCR_ReadData]参数dwIndex=9,dwBufferSize=200
<<08:42:00.645#信息>>[IDCR_ReadData]读取有效期限--失效日期：20240807
<<08:42:00.646#信息>>[IDCR_ReadData]返回值:0(成功),返回的数据lpBuffer=20240807,有效长度lpNumberOfBytesRead=8
<<08:42:00.646#信息>>[IDCR_ReadData]调用结束

<<08:42:00.646#信息>>[IDCR_ReadData]返回值:0(成功),返回的数据lpBuffer=王宇|男|汉族|19950624|湖北省天门市皂市镇二龙大道9-003号|42900619950624579X|天门市公安局|20140807|20240807|E:\lwh\安装包V1.2\Debug\peripheral\aoto\IDCardlib\image\zp.bmp,有效长度lpNumberOfBytesRead=168
<<08:42:00.647#信息>>[IDCR_ReadData]调用结束

<<08:42:00.647#信息>>[IDCR_CancelRead]调用开始
<<08:42:00.647#信息>>[IDCR_CancelRead]返回值：0(成功)
<<08:42:00.648#信息>>[IDCR_CancelRead]调用结束

<<08:43:53.047#信息>>[IDCR_CancelRead]调用开始
<<08:43:53.050#信息>>[IDCR_CancelRead]返回值：0(成功)
<<08:43:53.052#信息>>[IDCR_CancelRead]调用结束

<<08:44:08.390#信息>>[IDCR_CancelRead]调用开始
<<08:44:08.393#信息>>[IDCR_CancelRead]返回值：0(成功)
<<08:44:08.395#信息>>[IDCR_CancelRead]调用结束

<<08:44:09.065#信息>>[DllMain]-------------动态库卸载------------------

<<08:44:15.163#信息>>[InitializeData]日志保存天数：[30]
<<08:44:15.164#信息>>[InitializeData]GetModuleFileName：[E:\lwh\安装包V1.2\Debug\]
<<08:44:15.164#信息>>[InitializeData]GetCurrentDirectory：[E:\lwh\安装包V1.2\Debug]
<<08:44:15.168#信息>>[InitializeData]调用结束
<<08:44:15.169#信息>>[IDCR_Initialize]去掉入参非法字符前lpszConfigXml=<?xml version ="1.0" encoding="utf-8"?><Device>  <DeviceId>IDCard001</DeviceId>  <LogLevel>3</LogLevel></Device>
<<08:44:15.170#信息>>[IDCR_Initialize]去掉入参非法字符后lpszConfigXml=<?xml version ="1.0" encoding="utf-8"?><Device>  <DeviceId>IDCard001</DeviceId>  <LogLevel>3</LogLevel></Device>
<<08:44:15.170#信息>>[IDCR_Initialize]设备标识为：IDCard001,日志级别为：3
<<08:44:15.171#信息>>[IDCR_Initialize]读取串口信息：Com12
<<08:44:15.314#信息>>[IDCR_Initialize]当前身份证阅读器波特率为: 115200
<<08:44:15.328#信息>>[IDCR_Initialize]返回值：0(成功)
<<08:44:15.330#信息>>[IDCR_Initialize]调用开始

<<08:44:16.857#信息>>[IDCR_DataAvailable]寻卡成功
<<08:44:16.873#信息>>[IDCR_DataAvailable]选卡成功
<<08:44:17.662#信息>>[IDCR_DataAvailable]读卡成功
<<08:44:17.669#信息>>[IDCR_DataAvailable]返回值：0(成功)，lpAvailable:1
<<08:44:17.669#信息>>[IDCR_DataAvailable]调用结束

<<08:44:17.670#信息>>[IDCR_ReadData]调用开始
<<08:44:17.670#信息>>[IDCR_ReadData]参数dwIndex=0,dwBufferSize=256
<<08:44:17.671#信息>>[IDCR_ReadData]调用开始
<<08:44:17.671#信息>>[IDCR_ReadData]参数dwIndex=1,dwBufferSize=200
<<08:44:17.671#信息>>[IDCR_ReadData]读取姓名：王宇
<<08:44:17.672#信息>>[IDCR_ReadData]返回值:0(成功),返回的数据lpBuffer=王宇,有效长度lpNumberOfBytesRead=4
<<08:44:17.672#信息>>[IDCR_ReadData]调用结束

<<08:44:17.672#信息>>[IDCR_ReadData]调用开始
<<08:44:17.673#信息>>[IDCR_ReadData]参数dwIndex=2,dwBufferSize=200
<<08:44:17.673#信息>>[IDCR_ReadData]读取性别：男
<<08:44:17.673#信息>>[IDCR_ReadData]返回值:0(成功),返回的数据lpBuffer=男,有效长度lpNumberOfBytesRead=2
<<08:44:17.674#信息>>[IDCR_ReadData]调用结束

<<08:44:17.674#信息>>[IDCR_ReadData]调用开始
<<08:44:17.675#信息>>[IDCR_ReadData]参数dwIndex=3,dwBufferSize=200
<<08:44:17.675#信息>>[IDCR_ReadData]读取民族：汉族
<<08:44:17.675#信息>>[IDCR_ReadData]返回值:0(成功),返回的数据lpBuffer=汉族,有效长度lpNumberOfBytesRead=4
<<08:44:17.676#信息>>[IDCR_ReadData]调用结束

<<08:44:17.676#信息>>[IDCR_ReadData]调用开始
<<08:44:17.676#信息>>[IDCR_ReadData]参数dwIndex=4,dwBufferSize=200
<<08:44:17.677#信息>>[IDCR_ReadData]读取出生日期：19950624
<<08:44:17.677#信息>>[IDCR_ReadData]返回值:0(成功),返回的数据lpBuffer=19950624,有效长度lpNumberOfBytesRead=8
<<08:44:17.677#信息>>[IDCR_ReadData]调用结束

<<08:44:17.678#信息>>[IDCR_ReadData]调用开始
<<08:44:17.678#信息>>[IDCR_ReadData]参数dwIndex=5,dwBufferSize=200
<<08:44:17.679#信息>>[IDCR_ReadData]读取住址：湖北省天门市皂市镇二龙大道9-003号
<<08:44:17.679#信息>>[IDCR_ReadData]返回值:0(成功),返回的数据lpBuffer=湖北省天门市皂市镇二龙大道9-003号,有效长度lpNumberOfBytesRead=33
<<08:44:17.679#信息>>[IDCR_ReadData]调用结束

<<08:44:17.680#信息>>[IDCR_ReadData]调用开始
<<08:44:17.680#信息>>[IDCR_ReadData]参数dwIndex=6,dwBufferSize=200
<<08:44:17.680#信息>>[IDCR_ReadData]读取身份证号：42900619950624579X
<<08:44:17.681#信息>>[IDCR_ReadData]返回值:0(成功),返回的数据lpBuffer=42900619950624579X,有效长度lpNumberOfBytesRead=18
<<08:44:17.681#信息>>[IDCR_ReadData]调用结束

<<08:44:17.681#信息>>[IDCR_ReadData]调用开始
<<08:44:17.682#信息>>[IDCR_ReadData]参数dwIndex=7,dwBufferSize=200
<<08:44:17.682#信息>>[IDCR_ReadData]读取签发机关：天门市公安局
<<08:44:17.683#信息>>[IDCR_ReadData]返回值:0(成功),返回的数据lpBuffer=天门市公安局,有效长度lpNumberOfBytesRead=12
<<08:44:17.683#信息>>[IDCR_ReadData]调用结束

<<08:44:17.683#信息>>[IDCR_ReadData]调用开始
<<08:44:17.684#信息>>[IDCR_ReadData]参数dwIndex=8,dwBufferSize=200
<<08:44:17.684#信息>>[IDCR_ReadData]读取有效期限--生效日期：20140807
<<08:44:17.685#信息>>[IDCR_ReadData]返回值:0(成功),返回的数据lpBuffer=20140807,有效长度lpNumberOfBytesRead=8
<<08:44:17.685#信息>>[IDCR_ReadData]调用结束

<<08:44:17.685#信息>>[IDCR_ReadData]调用开始
<<08:44:17.686#信息>>[IDCR_ReadData]参数dwIndex=9,dwBufferSize=200
<<08:44:17.686#信息>>[IDCR_ReadData]读取有效期限--失效日期：20240807
<<08:44:17.686#信息>>[IDCR_ReadData]返回值:0(成功),返回的数据lpBuffer=20240807,有效长度lpNumberOfBytesRead=8
<<08:44:17.687#信息>>[IDCR_ReadData]调用结束

<<08:44:17.687#信息>>[IDCR_ReadData]返回值:0(成功),返回的数据lpBuffer=王宇|男|汉族|19950624|湖北省天门市皂市镇二龙大道9-003号|42900619950624579X|天门市公安局|20140807|20240807|E:\lwh\安装包V1.2\Debug\peripheral\aoto\IDCardlib\image\zp.bmp,有效长度lpNumberOfBytesRead=168
<<08:44:17.687#信息>>[IDCR_ReadData]调用结束

<<08:44:17.688#信息>>[IDCR_CancelRead]调用开始
<<08:44:17.688#信息>>[IDCR_CancelRead]返回值：0(成功)
<<08:44:17.688#信息>>[IDCR_CancelRead]调用结束

<<08:45:15.002#信息>>[DllMain]-------------动态库卸载------------------

<<08:46:24.120#信息>>[InitializeData]日志保存天数：[30]
<<08:46:24.121#信息>>[InitializeData]GetModuleFileName：[E:\lwh\安装包V1.2\Debug\]
<<08:46:24.121#信息>>[InitializeData]GetCurrentDirectory：[E:\lwh\安装包V1.2\Debug]
<<08:46:24.125#信息>>[InitializeData]调用结束
<<08:46:24.126#信息>>[IDCR_Initialize]去掉入参非法字符前lpszConfigXml=<?xml version ="1.0" encoding="utf-8"?><Device>  <DeviceId>IDCard001</DeviceId>  <LogLevel>3</LogLevel></Device>
<<08:46:24.127#信息>>[IDCR_Initialize]去掉入参非法字符后lpszConfigXml=<?xml version ="1.0" encoding="utf-8"?><Device>  <DeviceId>IDCard001</DeviceId>  <LogLevel>3</LogLevel></Device>
<<08:46:24.127#信息>>[IDCR_Initialize]设备标识为：IDCard001,日志级别为：3
<<08:46:24.128#信息>>[IDCR_Initialize]读取串口信息：Com12
<<08:46:24.279#信息>>[IDCR_Initialize]当前身份证阅读器波特率为: 115200
<<08:46:24.292#信息>>[IDCR_Initialize]返回值：0(成功)
<<08:46:24.293#信息>>[IDCR_Initialize]调用开始

<<08:46:25.808#信息>>[IDCR_DataAvailable]寻卡成功
<<08:46:25.824#信息>>[IDCR_DataAvailable]选卡成功
<<08:46:26.612#信息>>[IDCR_DataAvailable]读卡成功
<<08:46:26.620#信息>>[IDCR_DataAvailable]返回值：0(成功)，lpAvailable:1
<<08:46:26.620#信息>>[IDCR_DataAvailable]调用结束

<<08:46:26.620#信息>>[IDCR_ReadData]调用开始
<<08:46:26.621#信息>>[IDCR_ReadData]参数dwIndex=0,dwBufferSize=256
<<08:46:26.621#信息>>[IDCR_ReadData]调用开始
<<08:46:26.622#信息>>[IDCR_ReadData]参数dwIndex=1,dwBufferSize=200
<<08:46:26.622#信息>>[IDCR_ReadData]读取姓名：王宇
<<08:46:26.622#信息>>[IDCR_ReadData]返回值:0(成功),返回的数据lpBuffer=王宇,有效长度lpNumberOfBytesRead=4
<<08:46:26.623#信息>>[IDCR_ReadData]调用结束

<<08:46:26.623#信息>>[IDCR_ReadData]调用开始
<<08:46:26.623#信息>>[IDCR_ReadData]参数dwIndex=2,dwBufferSize=200
<<08:46:26.624#信息>>[IDCR_ReadData]读取性别：男
<<08:46:26.624#信息>>[IDCR_ReadData]返回值:0(成功),返回的数据lpBuffer=男,有效长度lpNumberOfBytesRead=2
<<08:46:26.625#信息>>[IDCR_ReadData]调用结束

<<08:46:26.625#信息>>[IDCR_ReadData]调用开始
<<08:46:26.625#信息>>[IDCR_ReadData]参数dwIndex=3,dwBufferSize=200
<<08:46:26.626#信息>>[IDCR_ReadData]读取民族：汉族
<<08:46:26.626#信息>>[IDCR_ReadData]返回值:0(成功),返回的数据lpBuffer=汉族,有效长度lpNumberOfBytesRead=4
<<08:46:26.626#信息>>[IDCR_ReadData]调用结束

<<08:46:26.627#信息>>[IDCR_ReadData]调用开始
<<08:46:26.627#信息>>[IDCR_ReadData]参数dwIndex=4,dwBufferSize=200
<<08:46:26.627#信息>>[IDCR_ReadData]读取出生日期：19950624
<<08:46:26.628#信息>>[IDCR_ReadData]返回值:0(成功),返回的数据lpBuffer=19950624,有效长度lpNumberOfBytesRead=8
<<08:46:26.628#信息>>[IDCR_ReadData]调用结束

<<08:46:26.629#信息>>[IDCR_ReadData]调用开始
<<08:46:26.629#信息>>[IDCR_ReadData]参数dwIndex=5,dwBufferSize=200
<<08:46:26.629#信息>>[IDCR_ReadData]读取住址：湖北省天门市皂市镇二龙大道9-003号
<<08:46:26.630#信息>>[IDCR_ReadData]返回值:0(成功),返回的数据lpBuffer=湖北省天门市皂市镇二龙大道9-003号,有效长度lpNumberOfBytesRead=33
<<08:46:26.630#信息>>[IDCR_ReadData]调用结束

<<08:46:26.630#信息>>[IDCR_ReadData]调用开始
<<08:46:26.631#信息>>[IDCR_ReadData]参数dwIndex=6,dwBufferSize=200
<<08:46:26.631#信息>>[IDCR_ReadData]读取身份证号：42900619950624579X
<<08:46:26.631#信息>>[IDCR_ReadData]返回值:0(成功),返回的数据lpBuffer=42900619950624579X,有效长度lpNumberOfBytesRead=18
<<08:46:26.632#信息>>[IDCR_ReadData]调用结束

<<08:46:26.632#信息>>[IDCR_ReadData]调用开始
<<08:46:26.633#信息>>[IDCR_ReadData]参数dwIndex=7,dwBufferSize=200
<<08:46:26.633#信息>>[IDCR_ReadData]读取签发机关：天门市公安局
<<08:46:26.633#信息>>[IDCR_ReadData]返回值:0(成功),返回的数据lpBuffer=天门市公安局,有效长度lpNumberOfBytesRead=12
<<08:46:26.634#信息>>[IDCR_ReadData]调用结束

<<08:46:26.634#信息>>[IDCR_ReadData]调用开始
<<08:46:26.635#信息>>[IDCR_ReadData]参数dwIndex=8,dwBufferSize=200
<<08:46:26.635#信息>>[IDCR_ReadData]读取有效期限--生效日期：20140807
<<08:46:26.635#信息>>[IDCR_ReadData]返回值:0(成功),返回的数据lpBuffer=20140807,有效长度lpNumberOfBytesRead=8
<<08:46:26.636#信息>>[IDCR_ReadData]调用结束

<<08:46:26.636#信息>>[IDCR_ReadData]调用开始
<<08:46:26.636#信息>>[IDCR_ReadData]参数dwIndex=9,dwBufferSize=200
<<08:46:26.637#信息>>[IDCR_ReadData]读取有效期限--失效日期：20240807
<<08:46:26.637#信息>>[IDCR_ReadData]返回值:0(成功),返回的数据lpBuffer=20240807,有效长度lpNumberOfBytesRead=8
<<08:46:26.637#信息>>[IDCR_ReadData]调用结束

<<08:46:26.638#信息>>[IDCR_ReadData]返回值:0(成功),返回的数据lpBuffer=王宇|男|汉族|19950624|湖北省天门市皂市镇二龙大道9-003号|42900619950624579X|天门市公安局|20140807|20240807|E:\lwh\安装包V1.2\Debug\peripheral\aoto\IDCardlib\image\zp.bmp,有效长度lpNumberOfBytesRead=168
<<08:46:26.638#信息>>[IDCR_ReadData]调用结束

<<08:46:26.638#信息>>[IDCR_CancelRead]调用开始
<<08:46:26.639#信息>>[IDCR_CancelRead]返回值：0(成功)
<<08:46:26.639#信息>>[IDCR_CancelRead]调用结束

<<08:47:09.718#信息>>[DllMain]-------------动态库卸载------------------

<<08:49:16.984#信息>>[InitializeData]日志保存天数：[30]
<<08:49:16.984#信息>>[InitializeData]GetModuleFileName：[E:\lwh\安装包V1.2\Debug\]
<<08:49:16.985#信息>>[InitializeData]GetCurrentDirectory：[E:\lwh\安装包V1.2\Debug]
<<08:49:16.989#信息>>[InitializeData]调用结束
<<08:49:16.990#信息>>[IDCR_Initialize]去掉入参非法字符前lpszConfigXml=<?xml version ="1.0" encoding="utf-8"?><Device>  <DeviceId>IDCard001</DeviceId>  <LogLevel>3</LogLevel></Device>
<<08:49:16.990#信息>>[IDCR_Initialize]去掉入参非法字符后lpszConfigXml=<?xml version ="1.0" encoding="utf-8"?><Device>  <DeviceId>IDCard001</DeviceId>  <LogLevel>3</LogLevel></Device>
<<08:49:16.991#信息>>[IDCR_Initialize]设备标识为：IDCard001,日志级别为：3
<<08:49:16.991#信息>>[IDCR_Initialize]读取串口信息：Com12
<<08:49:17.139#信息>>[IDCR_Initialize]当前身份证阅读器波特率为: 115200
<<08:49:17.153#信息>>[IDCR_Initialize]返回值：0(成功)
<<08:49:17.153#信息>>[IDCR_Initialize]调用开始

<<08:49:18.668#信息>>[IDCR_DataAvailable]寻卡成功
<<08:49:18.684#信息>>[IDCR_DataAvailable]选卡成功
<<08:49:19.473#信息>>[IDCR_DataAvailable]读卡成功
<<08:49:19.480#信息>>[IDCR_DataAvailable]返回值：0(成功)，lpAvailable:1
<<08:49:19.480#信息>>[IDCR_DataAvailable]调用结束

<<08:49:19.480#信息>>[IDCR_ReadData]调用开始
<<08:49:19.481#信息>>[IDCR_ReadData]参数dwIndex=0,dwBufferSize=256
<<08:49:19.481#信息>>[IDCR_ReadData]调用开始
<<08:49:19.482#信息>>[IDCR_ReadData]参数dwIndex=1,dwBufferSize=200
<<08:49:19.482#信息>>[IDCR_ReadData]读取姓名：王宇
<<08:49:19.482#信息>>[IDCR_ReadData]返回值:0(成功),返回的数据lpBuffer=王宇,有效长度lpNumberOfBytesRead=4
<<08:49:19.483#信息>>[IDCR_ReadData]调用结束

<<08:49:19.483#信息>>[IDCR_ReadData]调用开始
<<08:49:19.483#信息>>[IDCR_ReadData]参数dwIndex=2,dwBufferSize=200
<<08:49:19.484#信息>>[IDCR_ReadData]读取性别：男
<<08:49:19.484#信息>>[IDCR_ReadData]返回值:0(成功),返回的数据lpBuffer=男,有效长度lpNumberOfBytesRead=2
<<08:49:19.485#信息>>[IDCR_ReadData]调用结束

<<08:49:19.485#信息>>[IDCR_ReadData]调用开始
<<08:49:19.485#信息>>[IDCR_ReadData]参数dwIndex=3,dwBufferSize=200
<<08:49:19.486#信息>>[IDCR_ReadData]读取民族：汉族
<<08:49:19.486#信息>>[IDCR_ReadData]返回值:0(成功),返回的数据lpBuffer=汉族,有效长度lpNumberOfBytesRead=4
<<08:49:19.486#信息>>[IDCR_ReadData]调用结束

<<08:49:19.487#信息>>[IDCR_ReadData]调用开始
<<08:49:19.487#信息>>[IDCR_ReadData]参数dwIndex=4,dwBufferSize=200
<<08:49:19.487#信息>>[IDCR_ReadData]读取出生日期：19950624
<<08:49:19.488#信息>>[IDCR_ReadData]返回值:0(成功),返回的数据lpBuffer=19950624,有效长度lpNumberOfBytesRead=8
<<08:49:19.488#信息>>[IDCR_ReadData]调用结束

<<08:49:19.489#信息>>[IDCR_ReadData]调用开始
<<08:49:19.489#信息>>[IDCR_ReadData]参数dwIndex=5,dwBufferSize=200
<<08:49:19.489#信息>>[IDCR_ReadData]读取住址：湖北省天门市皂市镇二龙大道9-003号
<<08:49:19.490#信息>>[IDCR_ReadData]返回值:0(成功),返回的数据lpBuffer=湖北省天门市皂市镇二龙大道9-003号,有效长度lpNumberOfBytesRead=33
<<08:49:19.490#信息>>[IDCR_ReadData]调用结束

<<08:49:19.490#信息>>[IDCR_ReadData]调用开始
<<08:49:19.491#信息>>[IDCR_ReadData]参数dwIndex=6,dwBufferSize=200
<<08:49:19.491#信息>>[IDCR_ReadData]读取身份证号：42900619950624579X
<<08:49:19.491#信息>>[IDCR_ReadData]返回值:0(成功),返回的数据lpBuffer=42900619950624579X,有效长度lpNumberOfBytesRead=18
<<08:49:19.492#信息>>[IDCR_ReadData]调用结束

<<08:49:19.492#信息>>[IDCR_ReadData]调用开始
<<08:49:19.493#信息>>[IDCR_ReadData]参数dwIndex=7,dwBufferSize=200
<<08:49:19.493#信息>>[IDCR_ReadData]读取签发机关：天门市公安局
<<08:49:19.493#信息>>[IDCR_ReadData]返回值:0(成功),返回的数据lpBuffer=天门市公安局,有效长度lpNumberOfBytesRead=12
<<08:49:19.494#信息>>[IDCR_ReadData]调用结束

<<08:49:19.494#信息>>[IDCR_ReadData]调用开始
<<08:49:19.494#信息>>[IDCR_ReadData]参数dwIndex=8,dwBufferSize=200
<<08:49:19.495#信息>>[IDCR_ReadData]读取有效期限--生效日期：20140807
<<08:49:19.495#信息>>[IDCR_ReadData]返回值:0(成功),返回的数据lpBuffer=20140807,有效长度lpNumberOfBytesRead=8
<<08:49:19.496#信息>>[IDCR_ReadData]调用结束

<<08:49:19.496#信息>>[IDCR_ReadData]调用开始
<<08:49:19.496#信息>>[IDCR_ReadData]参数dwIndex=9,dwBufferSize=200
<<08:49:19.497#信息>>[IDCR_ReadData]读取有效期限--失效日期：20240807
<<08:49:19.497#信息>>[IDCR_ReadData]返回值:0(成功),返回的数据lpBuffer=20240807,有效长度lpNumberOfBytesRead=8
<<08:49:19.497#信息>>[IDCR_ReadData]调用结束

<<08:49:19.498#信息>>[IDCR_ReadData]返回值:0(成功),返回的数据lpBuffer=王宇|男|汉族|19950624|湖北省天门市皂市镇二龙大道9-003号|42900619950624579X|天门市公安局|20140807|20240807|E:\lwh\安装包V1.2\Debug\peripheral\aoto\IDCardlib\image\zp.bmp,有效长度lpNumberOfBytesRead=168
<<08:49:19.498#信息>>[IDCR_ReadData]调用结束

<<08:49:19.498#信息>>[IDCR_CancelRead]调用开始
<<08:49:19.499#信息>>[IDCR_CancelRead]返回值：0(成功)
<<08:49:19.499#信息>>[IDCR_CancelRead]调用结束

<<08:49:57.731#信息>>[DllMain]-------------动态库卸载------------------

<<09:14:53.388#信息>>[InitializeData]日志保存天数：[30]
<<09:14:53.389#信息>>[InitializeData]GetModuleFileName：[E:\lwh\安装包V1.2\Debug\]
<<09:14:53.389#信息>>[InitializeData]GetCurrentDirectory：[E:\lwh\安装包V1.2\Debug]
<<09:14:53.393#信息>>[InitializeData]调用结束
<<09:14:53.394#信息>>[IDCR_Initialize]去掉入参非法字符前lpszConfigXml=<?xml version ="1.0" encoding="utf-8"?><Device>  <DeviceId>IDCard001</DeviceId>  <LogLevel>3</LogLevel></Device>
<<09:14:53.394#信息>>[IDCR_Initialize]去掉入参非法字符后lpszConfigXml=<?xml version ="1.0" encoding="utf-8"?><Device>  <DeviceId>IDCard001</DeviceId>  <LogLevel>3</LogLevel></Device>
<<09:14:53.395#信息>>[IDCR_Initialize]设备标识为：IDCard001,日志级别为：3
<<09:14:53.395#信息>>[IDCR_Initialize]读取串口信息：Com12
<<09:14:53.534#信息>>[IDCR_Initialize]当前身份证阅读器波特率为: 115200
<<09:14:53.548#信息>>[IDCR_Initialize]返回值：0(成功)
<<09:14:53.550#信息>>[IDCR_Initialize]调用开始

<<09:14:57.189#信息>>[IDCR_DataAvailable]寻卡成功
<<09:14:57.204#信息>>[IDCR_DataAvailable]选卡成功
<<09:14:57.994#信息>>[IDCR_DataAvailable]读卡成功
<<09:14:58.001#信息>>[IDCR_DataAvailable]返回值：0(成功)，lpAvailable:1
<<09:14:58.001#信息>>[IDCR_DataAvailable]调用结束

<<09:14:58.002#信息>>[IDCR_ReadData]调用开始
<<09:14:58.002#信息>>[IDCR_ReadData]参数dwIndex=0,dwBufferSize=256
<<09:14:58.003#信息>>[IDCR_ReadData]调用开始
<<09:14:58.003#信息>>[IDCR_ReadData]参数dwIndex=1,dwBufferSize=200
<<09:14:58.003#信息>>[IDCR_ReadData]读取姓名：王宇
<<09:14:58.004#信息>>[IDCR_ReadData]返回值:0(成功),返回的数据lpBuffer=王宇,有效长度lpNumberOfBytesRead=4
<<09:14:58.004#信息>>[IDCR_ReadData]调用结束

<<09:14:58.004#信息>>[IDCR_ReadData]调用开始
<<09:14:58.005#信息>>[IDCR_ReadData]参数dwIndex=2,dwBufferSize=200
<<09:14:58.005#信息>>[IDCR_ReadData]读取性别：男
<<09:14:58.006#信息>>[IDCR_ReadData]返回值:0(成功),返回的数据lpBuffer=男,有效长度lpNumberOfBytesRead=2
<<09:14:58.006#信息>>[IDCR_ReadData]调用结束

<<09:14:58.006#信息>>[IDCR_ReadData]调用开始
<<09:14:58.007#信息>>[IDCR_ReadData]参数dwIndex=3,dwBufferSize=200
<<09:14:58.007#信息>>[IDCR_ReadData]读取民族：汉族
<<09:14:58.007#信息>>[IDCR_ReadData]返回值:0(成功),返回的数据lpBuffer=汉族,有效长度lpNumberOfBytesRead=4
<<09:14:58.008#信息>>[IDCR_ReadData]调用结束

<<09:14:58.008#信息>>[IDCR_ReadData]调用开始
<<09:14:58.008#信息>>[IDCR_ReadData]参数dwIndex=4,dwBufferSize=200
<<09:14:58.009#信息>>[IDCR_ReadData]读取出生日期：19950624
<<09:14:58.009#信息>>[IDCR_ReadData]返回值:0(成功),返回的数据lpBuffer=19950624,有效长度lpNumberOfBytesRead=8
<<09:14:58.010#信息>>[IDCR_ReadData]调用结束

<<09:14:58.010#信息>>[IDCR_ReadData]调用开始
<<09:14:58.010#信息>>[IDCR_ReadData]参数dwIndex=5,dwBufferSize=200
<<09:14:58.011#信息>>[IDCR_ReadData]读取住址：湖北省天门市皂市镇二龙大道9-003号
<<09:14:58.011#信息>>[IDCR_ReadData]返回值:0(成功),返回的数据lpBuffer=湖北省天门市皂市镇二龙大道9-003号,有效长度lpNumberOfBytesRead=33
<<09:14:58.011#信息>>[IDCR_ReadData]调用结束

<<09:14:58.012#信息>>[IDCR_ReadData]调用开始
<<09:14:58.012#信息>>[IDCR_ReadData]参数dwIndex=6,dwBufferSize=200
<<09:14:58.013#信息>>[IDCR_ReadData]读取身份证号：42900619950624579X
<<09:14:58.013#信息>>[IDCR_ReadData]返回值:0(成功),返回的数据lpBuffer=42900619950624579X,有效长度lpNumberOfBytesRead=18
<<09:14:58.014#信息>>[IDCR_ReadData]调用结束

<<09:14:58.014#信息>>[IDCR_ReadData]调用开始
<<09:14:58.014#信息>>[IDCR_ReadData]参数dwIndex=7,dwBufferSize=200
<<09:14:58.015#信息>>[IDCR_ReadData]读取签发机关：天门市公安局
<<09:14:58.015#信息>>[IDCR_ReadData]返回值:0(成功),返回的数据lpBuffer=天门市公安局,有效长度lpNumberOfBytesRead=12
<<09:14:58.015#信息>>[IDCR_ReadData]调用结束

<<09:14:58.016#信息>>[IDCR_ReadData]调用开始
<<09:14:58.016#信息>>[IDCR_ReadData]参数dwIndex=8,dwBufferSize=200
<<09:14:58.017#信息>>[IDCR_ReadData]读取有效期限--生效日期：20140807
<<09:14:58.017#信息>>[IDCR_ReadData]返回值:0(成功),返回的数据lpBuffer=20140807,有效长度lpNumberOfBytesRead=8
<<09:14:58.017#信息>>[IDCR_ReadData]调用结束

<<09:14:58.018#信息>>[IDCR_ReadData]调用开始
<<09:14:58.018#信息>>[IDCR_ReadData]参数dwIndex=9,dwBufferSize=200
<<09:14:58.018#信息>>[IDCR_ReadData]读取有效期限--失效日期：20240807
<<09:14:58.019#信息>>[IDCR_ReadData]返回值:0(成功),返回的数据lpBuffer=20240807,有效长度lpNumberOfBytesRead=8
<<09:14:58.019#信息>>[IDCR_ReadData]调用结束

<<09:14:58.020#信息>>[IDCR_ReadData]返回值:0(成功),返回的数据lpBuffer=王宇|男|汉族|19950624|湖北省天门市皂市镇二龙大道9-003号|42900619950624579X|天门市公安局|20140807|20240807|E:\lwh\安装包V1.2\Debug\peripheral\aoto\IDCardlib\image\zp.bmp,有效长度lpNumberOfBytesRead=168
<<09:14:58.020#信息>>[IDCR_ReadData]调用结束

<<09:14:58.020#信息>>[IDCR_CancelRead]调用开始
<<09:14:58.021#信息>>[IDCR_CancelRead]返回值：0(成功)
<<09:14:58.021#信息>>[IDCR_CancelRead]调用结束

<<09:15:17.497#信息>>[DllMain]-------------动态库卸载------------------

