<<15:10:49.205#信息>>[InitializeData]日志保存天数：[30]
<<15:10:49.211#信息>>[InitializeData]GetModuleFileName：[D:\童瑞堂文件\智慧邮局项目管理\其他\02测试\测试安装包\安装包V1.1\Debug\]
<<15:10:49.211#信息>>[InitializeData]GetCurrentDirectory：[D:\童瑞堂文件\智慧邮局项目管理\其他\02测试\测试安装包\安装包V1.1\Debug]
<<15:10:49.219#信息>>[InitializeData]调用结束
<<15:10:49.220#信息>>[IDCR_Initialize]去掉入参非法字符前lpszConfigXml=<?xml version ="1.0" encoding="utf-8"?><Device>  <DeviceId>IDCard001</DeviceId>  <LogLevel>3</LogLevel></Device>
<<15:10:49.221#信息>>[IDCR_Initialize]去掉入参非法字符后lpszConfigXml=<?xml version ="1.0" encoding="utf-8"?><Device>  <DeviceId>IDCard001</DeviceId>  <LogLevel>3</LogLevel></Device>
<<15:10:49.221#信息>>[IDCR_Initialize]设备标识为：IDCard001,日志级别为：3
<<15:10:49.222#信息>>[IDCR_Initialize]读取串口信息：Com3
<<15:10:49.368#信息>>[IDCR_Initialize]当前身份证阅读器波特率为: 115200
<<15:10:49.383#信息>>[IDCR_Initialize]返回值：0(成功)
<<15:10:49.385#信息>>[IDCR_Initialize]调用开始

<<15:10:52.321#信息>>[IDCR_DataAvailable]寻卡成功
<<15:10:52.337#信息>>[IDCR_DataAvailable]选卡成功
<<15:10:53.123#信息>>[IDCR_DataAvailable]读卡成功
<<15:10:53.130#信息>>[IDCR_DataAvailable]返回值：0(成功)，lpAvailable:1
<<15:10:53.131#信息>>[IDCR_DataAvailable]调用结束

<<15:10:53.131#信息>>[IDCR_ReadData]调用开始
<<15:10:53.132#信息>>[IDCR_ReadData]参数dwIndex=0,dwBufferSize=256
<<15:10:53.132#信息>>[IDCR_ReadData]调用开始
<<15:10:53.133#信息>>[IDCR_ReadData]参数dwIndex=1,dwBufferSize=200
<<15:10:53.133#信息>>[IDCR_ReadData]读取姓名：陈祥宝
<<15:10:53.134#信息>>[IDCR_ReadData]返回值:0(成功),返回的数据lpBuffer=陈祥宝,有效长度lpNumberOfBytesRead=6
<<15:10:53.134#信息>>[IDCR_ReadData]调用结束

<<15:10:53.135#信息>>[IDCR_ReadData]调用开始
<<15:10:53.136#信息>>[IDCR_ReadData]参数dwIndex=2,dwBufferSize=200
<<15:10:53.136#信息>>[IDCR_ReadData]读取性别：男
<<15:10:53.137#信息>>[IDCR_ReadData]返回值:0(成功),返回的数据lpBuffer=男,有效长度lpNumberOfBytesRead=2
<<15:10:53.137#信息>>[IDCR_ReadData]调用结束

<<15:10:53.138#信息>>[IDCR_ReadData]调用开始
<<15:10:53.138#信息>>[IDCR_ReadData]参数dwIndex=3,dwBufferSize=200
<<15:10:53.139#信息>>[IDCR_ReadData]读取民族：汉族
<<15:10:53.139#信息>>[IDCR_ReadData]返回值:0(成功),返回的数据lpBuffer=汉族,有效长度lpNumberOfBytesRead=4
<<15:10:53.140#信息>>[IDCR_ReadData]调用结束

<<15:10:53.140#信息>>[IDCR_ReadData]调用开始
<<15:10:53.141#信息>>[IDCR_ReadData]参数dwIndex=4,dwBufferSize=200
<<15:10:53.141#信息>>[IDCR_ReadData]读取出生日期：19910121
<<15:10:53.142#信息>>[IDCR_ReadData]返回值:0(成功),返回的数据lpBuffer=19910121,有效长度lpNumberOfBytesRead=8
<<15:10:53.142#信息>>[IDCR_ReadData]调用结束

<<15:10:53.143#信息>>[IDCR_ReadData]调用开始
<<15:10:53.143#信息>>[IDCR_ReadData]参数dwIndex=5,dwBufferSize=200
<<15:10:53.144#信息>>[IDCR_ReadData]读取住址：北京市海淀区西土城路10号北京邮电大学世纪学院计算机科学与技术2011
<<15:10:53.144#信息>>[IDCR_ReadData]返回值:0(成功),返回的数据lpBuffer=北京市海淀区西土城路10号北京邮电大学世纪学院计算机科学与技术2011,有效长度lpNumberOfBytesRead=64
<<15:10:53.145#信息>>[IDCR_ReadData]调用结束

<<15:10:53.145#信息>>[IDCR_ReadData]调用开始
<<15:10:53.146#信息>>[IDCR_ReadData]参数dwIndex=6,dwBufferSize=200
<<15:10:53.146#信息>>[IDCR_ReadData]读取身份证号：371326199101214311
<<15:10:53.147#信息>>[IDCR_ReadData]返回值:0(成功),返回的数据lpBuffer=371326199101214311,有效长度lpNumberOfBytesRead=18
<<15:10:53.147#信息>>[IDCR_ReadData]调用结束

<<15:10:53.148#信息>>[IDCR_ReadData]调用开始
<<15:10:53.148#信息>>[IDCR_ReadData]参数dwIndex=7,dwBufferSize=200
<<15:10:53.149#信息>>[IDCR_ReadData]读取签发机关：北京市公安局海淀分局
<<15:10:53.149#信息>>[IDCR_ReadData]返回值:0(成功),返回的数据lpBuffer=北京市公安局海淀分局,有效长度lpNumberOfBytesRead=20
<<15:10:53.150#信息>>[IDCR_ReadData]调用结束

<<15:10:53.151#信息>>[IDCR_ReadData]调用开始
<<15:10:53.151#信息>>[IDCR_ReadData]参数dwIndex=8,dwBufferSize=200
<<15:10:53.152#信息>>[IDCR_ReadData]读取有效期限--生效日期：20140530
<<15:10:53.152#信息>>[IDCR_ReadData]返回值:0(成功),返回的数据lpBuffer=20140530,有效长度lpNumberOfBytesRead=8
<<15:10:53.153#信息>>[IDCR_ReadData]调用结束

<<15:10:53.153#信息>>[IDCR_ReadData]调用开始
<<15:10:53.154#信息>>[IDCR_ReadData]参数dwIndex=9,dwBufferSize=200
<<15:10:53.154#信息>>[IDCR_ReadData]读取有效期限--失效日期：20240530
<<15:10:53.155#信息>>[IDCR_ReadData]返回值:0(成功),返回的数据lpBuffer=20240530,有效长度lpNumberOfBytesRead=8
<<15:10:53.155#信息>>[IDCR_ReadData]调用结束

<<15:10:53.156#信息>>[IDCR_ReadData]返回值:0(成功),返回的数据lpBuffer=陈祥宝|男|汉族|19910121|北京市海淀区西土城路10号北京邮电大学世纪学院计算机科学与技术2011|371326199101214311|北京市公安局海淀分局|20140530|20240530|D:\童瑞堂文件\智慧邮局项目管理\其他\02测试\测试安装包\安装包V1.1\Debug\peripheral\aoto\IDCardlib\image\zp.bmp,有效长度lpNumberOfBytesRead=256
<<15:10:53.156#信息>>[IDCR_ReadData]调用结束

<<15:10:53.157#信息>>[IDCR_CancelRead]调用开始
<<15:10:53.157#信息>>[IDCR_CancelRead]返回值：0(成功)
<<15:10:53.158#信息>>[IDCR_CancelRead]调用结束

<<15:20:03.137#信息>>[DllMain]-------------动态库卸载------------------

<<15:20:25.491#信息>>[InitializeData]日志保存天数：[30]
<<15:20:25.492#信息>>[InitializeData]GetModuleFileName：[D:\童瑞堂文件\智慧邮局项目管理\其他\02测试\测试安装包\安装包V1.1\Debug\]
<<15:20:25.493#信息>>[InitializeData]GetCurrentDirectory：[D:\童瑞堂文件\智慧邮局项目管理\其他\02测试\测试安装包\安装包V1.1\Debug]
<<15:20:25.498#信息>>[InitializeData]调用结束
<<15:20:25.500#信息>>[IDCR_Initialize]去掉入参非法字符前lpszConfigXml=<?xml version ="1.0" encoding="utf-8"?><Device>  <DeviceId>IDCard001</DeviceId>  <LogLevel>3</LogLevel></Device>
<<15:20:25.501#信息>>[IDCR_Initialize]去掉入参非法字符后lpszConfigXml=<?xml version ="1.0" encoding="utf-8"?><Device>  <DeviceId>IDCard001</DeviceId>  <LogLevel>3</LogLevel></Device>
<<15:20:25.501#信息>>[IDCR_Initialize]设备标识为：IDCard001,日志级别为：3
<<15:20:25.502#信息>>[IDCR_Initialize]读取串口信息：Com3
<<15:20:25.503#信息>>[IDCR_Initialize]获取身份证阅读器波特率失败, [SDT_GetCOMBaud]返回值：[0X05]
<<15:20:25.503#信息>>[IDCR_Initialize]设置身份证阅读器波特率失败, [SDT_SetCOMBaud]返回值：[0X01]
<<15:20:25.504#信息>>[IDCR_Initialize]端口 3 打开失败, [SDT_OpenPort]返回值：[0X01]
<<15:20:25.507#错误>>[IDCR_BeginRead]Error：设备未初始化
<<15:20:25.507#信息>>[IDCR_BeginRead]返回值：3004(失败)
<<15:20:25.508#信息>>[IDCR_BeginRead]调用结束

<<15:20:25.509#信息>>[IDCR_CancelRead]调用开始
<<15:20:25.509#错误>>[IDCR_CancelRead]Error：设备未初始化
<<15:20:25.510#信息>>[IDCR_CancelRead]返回值：3004(失败)
<<15:20:25.510#信息>>[IDCR_CancelRead]调用结束

<<15:21:27.309#信息>>[DllMain]-------------动态库卸载------------------

<<15:21:36.393#信息>>[InitializeData]日志保存天数：[30]
<<15:21:36.394#信息>>[InitializeData]GetModuleFileName：[D:\童瑞堂文件\智慧邮局项目管理\其他\02测试\测试安装包\安装包V1.1\Debug\]
<<15:21:36.394#信息>>[InitializeData]GetCurrentDirectory：[D:\童瑞堂文件\智慧邮局项目管理\其他\02测试\测试安装包\安装包V1.1\Debug]
<<15:21:36.398#信息>>[InitializeData]调用结束
<<15:21:36.399#信息>>[IDCR_Initialize]去掉入参非法字符前lpszConfigXml=<?xml version ="1.0" encoding="utf-8"?><Device>  <DeviceId>IDCard001</DeviceId>  <LogLevel>3</LogLevel></Device>
<<15:21:36.400#信息>>[IDCR_Initialize]去掉入参非法字符后lpszConfigXml=<?xml version ="1.0" encoding="utf-8"?><Device>  <DeviceId>IDCard001</DeviceId>  <LogLevel>3</LogLevel></Device>
<<15:21:36.401#信息>>[IDCR_Initialize]设备标识为：IDCard001,日志级别为：3
<<15:21:36.401#信息>>[IDCR_Initialize]读取串口信息：Com3
<<15:21:36.545#信息>>[IDCR_Initialize]当前身份证阅读器波特率为: 115200
<<15:21:36.555#信息>>[IDCR_Initialize]返回值：0(成功)
<<15:21:36.556#信息>>[IDCR_Initialize]调用开始

<<15:21:40.184#信息>>[IDCR_DataAvailable]寻卡成功
<<15:21:40.200#信息>>[IDCR_DataAvailable]选卡成功
<<15:21:41.703#信息>>[IDCR_DataAvailable]读卡失败, [SDT_ReadBaseMsg]返回值：[0X41]

<<15:21:43.622#信息>>[IDCR_DataAvailable]寻卡成功
<<15:21:43.638#信息>>[IDCR_DataAvailable]选卡成功
<<15:21:44.614#信息>>[IDCR_DataAvailable]读卡失败, [SDT_ReadBaseMsg]返回值：[0X41]

<<15:21:47.130#信息>>[IDCR_CancelRead]调用开始
<<15:21:47.132#信息>>[IDCR_CancelRead]返回值：0(成功)
<<15:21:47.135#信息>>[IDCR_CancelRead]调用结束

<<15:21:55.316#信息>>[DllMain]-------------动态库卸载------------------

<<15:22:02.051#信息>>[InitializeData]日志保存天数：[30]
<<15:22:02.051#信息>>[InitializeData]GetModuleFileName：[D:\童瑞堂文件\智慧邮局项目管理\其他\02测试\测试安装包\安装包V1.1\Debug\]
<<15:22:02.052#信息>>[InitializeData]GetCurrentDirectory：[D:\童瑞堂文件\智慧邮局项目管理\其他\02测试\测试安装包\安装包V1.1\Debug]
<<15:22:02.056#信息>>[InitializeData]调用结束
<<15:22:02.058#信息>>[IDCR_Initialize]去掉入参非法字符前lpszConfigXml=<?xml version ="1.0" encoding="utf-8"?><Device>  <DeviceId>IDCard001</DeviceId>  <LogLevel>3</LogLevel></Device>
<<15:22:02.058#信息>>[IDCR_Initialize]去掉入参非法字符后lpszConfigXml=<?xml version ="1.0" encoding="utf-8"?><Device>  <DeviceId>IDCard001</DeviceId>  <LogLevel>3</LogLevel></Device>
<<15:22:02.059#信息>>[IDCR_Initialize]设备标识为：IDCard001,日志级别为：3
<<15:22:02.060#信息>>[IDCR_Initialize]读取串口信息：Com3
<<15:22:02.197#信息>>[IDCR_Initialize]当前身份证阅读器波特率为: 115200
<<15:22:02.211#信息>>[IDCR_Initialize]返回值：0(成功)
<<15:22:02.214#信息>>[IDCR_Initialize]调用开始

<<15:22:07.965#信息>>[IDCR_DataAvailable]寻卡成功
<<15:22:07.981#信息>>[IDCR_DataAvailable]选卡成功
<<15:22:08.766#信息>>[IDCR_DataAvailable]读卡成功
<<15:22:08.774#信息>>[IDCR_DataAvailable]返回值：0(成功)，lpAvailable:1
<<15:22:08.774#信息>>[IDCR_DataAvailable]调用结束

<<15:22:08.775#信息>>[IDCR_ReadData]调用开始
<<15:22:08.775#信息>>[IDCR_ReadData]参数dwIndex=0,dwBufferSize=256
<<15:22:08.776#信息>>[IDCR_ReadData]调用开始
<<15:22:08.776#信息>>[IDCR_ReadData]参数dwIndex=1,dwBufferSize=200
<<15:22:08.777#信息>>[IDCR_ReadData]读取姓名：陈祥宝
<<15:22:08.778#信息>>[IDCR_ReadData]返回值:0(成功),返回的数据lpBuffer=陈祥宝,有效长度lpNumberOfBytesRead=6
<<15:22:08.779#信息>>[IDCR_ReadData]调用结束

<<15:22:08.779#信息>>[IDCR_ReadData]调用开始
<<15:22:08.780#信息>>[IDCR_ReadData]参数dwIndex=2,dwBufferSize=200
<<15:22:08.780#信息>>[IDCR_ReadData]读取性别：男
<<15:22:08.781#信息>>[IDCR_ReadData]返回值:0(成功),返回的数据lpBuffer=男,有效长度lpNumberOfBytesRead=2
<<15:22:08.781#信息>>[IDCR_ReadData]调用结束

<<15:22:08.781#信息>>[IDCR_ReadData]调用开始
<<15:22:08.782#信息>>[IDCR_ReadData]参数dwIndex=3,dwBufferSize=200
<<15:22:08.783#信息>>[IDCR_ReadData]读取民族：汉族
<<15:22:08.783#信息>>[IDCR_ReadData]返回值:0(成功),返回的数据lpBuffer=汉族,有效长度lpNumberOfBytesRead=4
<<15:22:08.784#信息>>[IDCR_ReadData]调用结束

<<15:22:08.784#信息>>[IDCR_ReadData]调用开始
<<15:22:08.785#信息>>[IDCR_ReadData]参数dwIndex=4,dwBufferSize=200
<<15:22:08.785#信息>>[IDCR_ReadData]读取出生日期：19910121
<<15:22:08.786#信息>>[IDCR_ReadData]返回值:0(成功),返回的数据lpBuffer=19910121,有效长度lpNumberOfBytesRead=8
<<15:22:08.786#信息>>[IDCR_ReadData]调用结束

<<15:22:08.786#信息>>[IDCR_ReadData]调用开始
<<15:22:08.787#信息>>[IDCR_ReadData]参数dwIndex=5,dwBufferSize=200
<<15:22:08.787#信息>>[IDCR_ReadData]读取住址：北京市海淀区西土城路10号北京邮电大学世纪学院计算机科学与技术2011
<<15:22:08.788#信息>>[IDCR_ReadData]返回值:0(成功),返回的数据lpBuffer=北京市海淀区西土城路10号北京邮电大学世纪学院计算机科学与技术2011,有效长度lpNumberOfBytesRead=64
<<15:22:08.788#信息>>[IDCR_ReadData]调用结束

<<15:22:08.789#信息>>[IDCR_ReadData]调用开始
<<15:22:08.789#信息>>[IDCR_ReadData]参数dwIndex=6,dwBufferSize=200
<<15:22:08.790#信息>>[IDCR_ReadData]读取身份证号：371326199101214311
<<15:22:08.790#信息>>[IDCR_ReadData]返回值:0(成功),返回的数据lpBuffer=371326199101214311,有效长度lpNumberOfBytesRead=18
<<15:22:08.791#信息>>[IDCR_ReadData]调用结束

<<15:22:08.791#信息>>[IDCR_ReadData]调用开始
<<15:22:08.792#信息>>[IDCR_ReadData]参数dwIndex=7,dwBufferSize=200
<<15:22:08.792#信息>>[IDCR_ReadData]读取签发机关：北京市公安局海淀分局
<<15:22:08.793#信息>>[IDCR_ReadData]返回值:0(成功),返回的数据lpBuffer=北京市公安局海淀分局,有效长度lpNumberOfBytesRead=20
<<15:22:08.793#信息>>[IDCR_ReadData]调用结束

<<15:22:08.794#信息>>[IDCR_ReadData]调用开始
<<15:22:08.794#信息>>[IDCR_ReadData]参数dwIndex=8,dwBufferSize=200
<<15:22:08.795#信息>>[IDCR_ReadData]读取有效期限--生效日期：20140530
<<15:22:08.795#信息>>[IDCR_ReadData]返回值:0(成功),返回的数据lpBuffer=20140530,有效长度lpNumberOfBytesRead=8
<<15:22:08.796#信息>>[IDCR_ReadData]调用结束

<<15:22:08.796#信息>>[IDCR_ReadData]调用开始
<<15:22:08.797#信息>>[IDCR_ReadData]参数dwIndex=9,dwBufferSize=200
<<15:22:08.797#信息>>[IDCR_ReadData]读取有效期限--失效日期：20240530
<<15:22:08.798#信息>>[IDCR_ReadData]返回值:0(成功),返回的数据lpBuffer=20240530,有效长度lpNumberOfBytesRead=8
<<15:22:08.798#信息>>[IDCR_ReadData]调用结束

<<15:22:08.799#信息>>[IDCR_ReadData]返回值:0(成功),返回的数据lpBuffer=陈祥宝|男|汉族|19910121|北京市海淀区西土城路10号北京邮电大学世纪学院计算机科学与技术2011|371326199101214311|北京市公安局海淀分局|20140530|20240530|D:\童瑞堂文件\智慧邮局项目管理\其他\02测试\测试安装包\安装包V1.1\Debug\peripheral\aoto\IDCardlib\image\zp.bmp,有效长度lpNumberOfBytesRead=256
<<15:22:08.799#信息>>[IDCR_ReadData]调用结束

<<15:22:08.800#信息>>[IDCR_CancelRead]调用开始
<<15:22:08.800#信息>>[IDCR_CancelRead]返回值：0(成功)
<<15:22:08.801#信息>>[IDCR_CancelRead]调用结束

<<15:24:40.412#信息>>[IDCR_CancelRead]调用开始
<<15:24:40.415#信息>>[IDCR_CancelRead]返回值：0(成功)
<<15:24:40.415#信息>>[IDCR_CancelRead]调用结束

<<15:25:46.043#信息>>[IDCR_CancelRead]调用开始
<<15:25:46.046#信息>>[IDCR_CancelRead]返回值：0(成功)
<<15:25:46.046#信息>>[IDCR_CancelRead]调用结束

<<15:26:03.307#信息>>[IDCR_CancelRead]调用开始
<<15:26:03.307#信息>>[IDCR_CancelRead]返回值：0(成功)
<<15:26:03.308#信息>>[IDCR_CancelRead]调用结束

<<15:26:06.493#信息>>[DllMain]-------------动态库卸载------------------

<<15:26:29.898#信息>>[InitializeData]日志保存天数：[30]
<<15:26:29.899#信息>>[InitializeData]GetModuleFileName：[D:\童瑞堂文件\智慧邮局项目管理\其他\02测试\测试安装包\安装包V1.1\Debug\]
<<15:26:29.899#信息>>[InitializeData]GetCurrentDirectory：[D:\童瑞堂文件\智慧邮局项目管理\其他\02测试\测试安装包\安装包V1.1\Debug]
<<15:26:29.904#信息>>[InitializeData]调用结束
<<15:26:29.905#信息>>[IDCR_Initialize]去掉入参非法字符前lpszConfigXml=<?xml version ="1.0" encoding="utf-8"?><Device>  <DeviceId>IDCard001</DeviceId>  <LogLevel>3</LogLevel></Device>
<<15:26:29.906#信息>>[IDCR_Initialize]去掉入参非法字符后lpszConfigXml=<?xml version ="1.0" encoding="utf-8"?><Device>  <DeviceId>IDCard001</DeviceId>  <LogLevel>3</LogLevel></Device>
<<15:26:29.906#信息>>[IDCR_Initialize]设备标识为：IDCard001,日志级别为：3
<<15:26:29.907#信息>>[IDCR_Initialize]读取串口信息：Com3
<<15:26:30.057#信息>>[IDCR_Initialize]当前身份证阅读器波特率为: 115200
<<15:26:30.071#信息>>[IDCR_Initialize]返回值：0(成功)
<<15:26:30.072#信息>>[IDCR_Initialize]调用开始

<<15:26:32.289#信息>>[IDCR_DataAvailable]寻卡成功
<<15:26:32.305#信息>>[IDCR_DataAvailable]选卡成功
<<15:26:33.092#信息>>[IDCR_DataAvailable]读卡成功
<<15:26:33.100#信息>>[IDCR_DataAvailable]返回值：0(成功)，lpAvailable:1
<<15:26:33.100#信息>>[IDCR_DataAvailable]调用结束

<<15:26:33.101#信息>>[IDCR_ReadData]调用开始
<<15:26:33.101#信息>>[IDCR_ReadData]参数dwIndex=0,dwBufferSize=256
<<15:26:33.102#信息>>[IDCR_ReadData]调用开始
<<15:26:33.102#信息>>[IDCR_ReadData]参数dwIndex=1,dwBufferSize=200
<<15:26:33.103#信息>>[IDCR_ReadData]读取姓名：陈祥宝
<<15:26:33.103#信息>>[IDCR_ReadData]返回值:0(成功),返回的数据lpBuffer=陈祥宝,有效长度lpNumberOfBytesRead=6
<<15:26:33.104#信息>>[IDCR_ReadData]调用结束

<<15:26:33.104#信息>>[IDCR_ReadData]调用开始
<<15:26:33.105#信息>>[IDCR_ReadData]参数dwIndex=2,dwBufferSize=200
<<15:26:33.105#信息>>[IDCR_ReadData]读取性别：男
<<15:26:33.106#信息>>[IDCR_ReadData]返回值:0(成功),返回的数据lpBuffer=男,有效长度lpNumberOfBytesRead=2
<<15:26:33.107#信息>>[IDCR_ReadData]调用结束

<<15:26:33.107#信息>>[IDCR_ReadData]调用开始
<<15:26:33.108#信息>>[IDCR_ReadData]参数dwIndex=3,dwBufferSize=200
<<15:26:33.108#信息>>[IDCR_ReadData]读取民族：汉族
<<15:26:33.109#信息>>[IDCR_ReadData]返回值:0(成功),返回的数据lpBuffer=汉族,有效长度lpNumberOfBytesRead=4
<<15:26:33.109#信息>>[IDCR_ReadData]调用结束

<<15:26:33.110#信息>>[IDCR_ReadData]调用开始
<<15:26:33.110#信息>>[IDCR_ReadData]参数dwIndex=4,dwBufferSize=200
<<15:26:33.111#信息>>[IDCR_ReadData]读取出生日期：19910121
<<15:26:33.111#信息>>[IDCR_ReadData]返回值:0(成功),返回的数据lpBuffer=19910121,有效长度lpNumberOfBytesRead=8
<<15:26:33.112#信息>>[IDCR_ReadData]调用结束

<<15:26:33.112#信息>>[IDCR_ReadData]调用开始
<<15:26:33.113#信息>>[IDCR_ReadData]参数dwIndex=5,dwBufferSize=200
<<15:26:33.114#信息>>[IDCR_ReadData]读取住址：北京市海淀区西土城路10号北京邮电大学世纪学院计算机科学与技术2011
<<15:26:33.114#信息>>[IDCR_ReadData]返回值:0(成功),返回的数据lpBuffer=北京市海淀区西土城路10号北京邮电大学世纪学院计算机科学与技术2011,有效长度lpNumberOfBytesRead=64
<<15:26:33.115#信息>>[IDCR_ReadData]调用结束

<<15:26:33.115#信息>>[IDCR_ReadData]调用开始
<<15:26:33.116#信息>>[IDCR_ReadData]参数dwIndex=6,dwBufferSize=200
<<15:26:33.116#信息>>[IDCR_ReadData]读取身份证号：371326199101214311
<<15:26:33.117#信息>>[IDCR_ReadData]返回值:0(成功),返回的数据lpBuffer=371326199101214311,有效长度lpNumberOfBytesRead=18
<<15:26:33.117#信息>>[IDCR_ReadData]调用结束

<<15:26:33.118#信息>>[IDCR_ReadData]调用开始
<<15:26:33.118#信息>>[IDCR_ReadData]参数dwIndex=7,dwBufferSize=200
<<15:26:33.119#信息>>[IDCR_ReadData]读取签发机关：北京市公安局海淀分局
<<15:26:33.119#信息>>[IDCR_ReadData]返回值:0(成功),返回的数据lpBuffer=北京市公安局海淀分局,有效长度lpNumberOfBytesRead=20
<<15:26:33.120#信息>>[IDCR_ReadData]调用结束

<<15:26:33.120#信息>>[IDCR_ReadData]调用开始
<<15:26:33.121#信息>>[IDCR_ReadData]参数dwIndex=8,dwBufferSize=200
<<15:26:33.121#信息>>[IDCR_ReadData]读取有效期限--生效日期：20140530
<<15:26:33.122#信息>>[IDCR_ReadData]返回值:0(成功),返回的数据lpBuffer=20140530,有效长度lpNumberOfBytesRead=8
<<15:26:33.122#信息>>[IDCR_ReadData]调用结束

<<15:26:33.123#信息>>[IDCR_ReadData]调用开始
<<15:26:33.123#信息>>[IDCR_ReadData]参数dwIndex=9,dwBufferSize=200
<<15:26:33.124#信息>>[IDCR_ReadData]读取有效期限--失效日期：20240530
<<15:26:33.124#信息>>[IDCR_ReadData]返回值:0(成功),返回的数据lpBuffer=20240530,有效长度lpNumberOfBytesRead=8
<<15:26:33.125#信息>>[IDCR_ReadData]调用结束

<<15:26:33.125#信息>>[IDCR_ReadData]返回值:0(成功),返回的数据lpBuffer=陈祥宝|男|汉族|19910121|北京市海淀区西土城路10号北京邮电大学世纪学院计算机科学与技术2011|371326199101214311|北京市公安局海淀分局|20140530|20240530|D:\童瑞堂文件\智慧邮局项目管理\其他\02测试\测试安装包\安装包V1.1\Debug\peripheral\aoto\IDCardlib\image\zp.bmp,有效长度lpNumberOfBytesRead=256
<<15:26:33.126#信息>>[IDCR_ReadData]调用结束

<<15:26:33.126#信息>>[IDCR_CancelRead]调用开始
<<15:26:33.127#信息>>[IDCR_CancelRead]返回值：0(成功)
<<15:26:33.127#信息>>[IDCR_CancelRead]调用结束

<<15:26:46.488#信息>>[IDCR_DataAvailable]寻卡成功
<<15:26:46.504#信息>>[IDCR_DataAvailable]选卡成功
<<15:26:47.291#信息>>[IDCR_DataAvailable]读卡成功
<<15:26:47.298#信息>>[IDCR_DataAvailable]返回值：0(成功)，lpAvailable:1
<<15:26:47.299#信息>>[IDCR_DataAvailable]调用结束

<<15:26:47.299#信息>>[IDCR_ReadData]调用开始
<<15:26:47.300#信息>>[IDCR_ReadData]参数dwIndex=0,dwBufferSize=256
<<15:26:47.300#信息>>[IDCR_ReadData]调用开始
<<15:26:47.301#信息>>[IDCR_ReadData]参数dwIndex=1,dwBufferSize=200
<<15:26:47.302#信息>>[IDCR_ReadData]读取姓名：陈祥宝
<<15:26:47.302#信息>>[IDCR_ReadData]返回值:0(成功),返回的数据lpBuffer=陈祥宝,有效长度lpNumberOfBytesRead=6
<<15:26:47.303#信息>>[IDCR_ReadData]调用结束

<<15:26:47.303#信息>>[IDCR_ReadData]调用开始
<<15:26:47.304#信息>>[IDCR_ReadData]参数dwIndex=2,dwBufferSize=200
<<15:26:47.304#信息>>[IDCR_ReadData]读取性别：男
<<15:26:47.305#信息>>[IDCR_ReadData]返回值:0(成功),返回的数据lpBuffer=男,有效长度lpNumberOfBytesRead=2
<<15:26:47.306#信息>>[IDCR_ReadData]调用结束

<<15:26:47.306#信息>>[IDCR_ReadData]调用开始
<<15:26:47.307#信息>>[IDCR_ReadData]参数dwIndex=3,dwBufferSize=200
<<15:26:47.307#信息>>[IDCR_ReadData]读取民族：汉族
<<15:26:47.308#信息>>[IDCR_ReadData]返回值:0(成功),返回的数据lpBuffer=汉族,有效长度lpNumberOfBytesRead=4
<<15:26:47.308#信息>>[IDCR_ReadData]调用结束

<<15:26:47.309#信息>>[IDCR_ReadData]调用开始
<<15:26:47.309#信息>>[IDCR_ReadData]参数dwIndex=4,dwBufferSize=200
<<15:26:47.310#信息>>[IDCR_ReadData]读取出生日期：19910121
<<15:26:47.311#信息>>[IDCR_ReadData]返回值:0(成功),返回的数据lpBuffer=19910121,有效长度lpNumberOfBytesRead=8
<<15:26:47.311#信息>>[IDCR_ReadData]调用结束

<<15:26:47.312#信息>>[IDCR_ReadData]调用开始
<<15:26:47.312#信息>>[IDCR_ReadData]参数dwIndex=5,dwBufferSize=200
<<15:26:47.313#信息>>[IDCR_ReadData]读取住址：北京市海淀区西土城路10号北京邮电大学世纪学院计算机科学与技术2011
<<15:26:47.313#信息>>[IDCR_ReadData]返回值:0(成功),返回的数据lpBuffer=北京市海淀区西土城路10号北京邮电大学世纪学院计算机科学与技术2011,有效长度lpNumberOfBytesRead=64
<<15:26:47.314#信息>>[IDCR_ReadData]调用结束

<<15:26:47.314#信息>>[IDCR_ReadData]调用开始
<<15:26:47.315#信息>>[IDCR_ReadData]参数dwIndex=6,dwBufferSize=200
<<15:26:47.315#信息>>[IDCR_ReadData]读取身份证号：371326199101214311
<<15:26:47.316#信息>>[IDCR_ReadData]返回值:0(成功),返回的数据lpBuffer=371326199101214311,有效长度lpNumberOfBytesRead=18
<<15:26:47.317#信息>>[IDCR_ReadData]调用结束

<<15:26:47.317#信息>>[IDCR_ReadData]调用开始
<<15:26:47.318#信息>>[IDCR_ReadData]参数dwIndex=7,dwBufferSize=200
<<15:26:47.318#信息>>[IDCR_ReadData]读取签发机关：北京市公安局海淀分局
<<15:26:47.319#信息>>[IDCR_ReadData]返回值:0(成功),返回的数据lpBuffer=北京市公安局海淀分局,有效长度lpNumberOfBytesRead=20
<<15:26:47.319#信息>>[IDCR_ReadData]调用结束

<<15:26:47.320#信息>>[IDCR_ReadData]调用开始
<<15:26:47.320#信息>>[IDCR_ReadData]参数dwIndex=8,dwBufferSize=200
<<15:26:47.321#信息>>[IDCR_ReadData]读取有效期限--生效日期：20140530
<<15:26:47.321#信息>>[IDCR_ReadData]返回值:0(成功),返回的数据lpBuffer=20140530,有效长度lpNumberOfBytesRead=8
<<15:26:47.322#信息>>[IDCR_ReadData]调用结束

<<15:26:47.322#信息>>[IDCR_ReadData]调用开始
<<15:26:47.323#信息>>[IDCR_ReadData]参数dwIndex=9,dwBufferSize=200
<<15:26:47.323#信息>>[IDCR_ReadData]读取有效期限--失效日期：20240530
<<15:26:47.324#信息>>[IDCR_ReadData]返回值:0(成功),返回的数据lpBuffer=20240530,有效长度lpNumberOfBytesRead=8
<<15:26:47.325#信息>>[IDCR_ReadData]调用结束

<<15:26:47.325#信息>>[IDCR_ReadData]返回值:0(成功),返回的数据lpBuffer=陈祥宝|男|汉族|19910121|北京市海淀区西土城路10号北京邮电大学世纪学院计算机科学与技术2011|371326199101214311|北京市公安局海淀分局|20140530|20240530|D:\童瑞堂文件\智慧邮局项目管理\其他\02测试\测试安装包\安装包V1.1\Debug\peripheral\aoto\IDCardlib\image\zp.bmp,有效长度lpNumberOfBytesRead=256
<<15:26:47.326#信息>>[IDCR_ReadData]调用结束

<<15:26:47.326#信息>>[IDCR_CancelRead]调用开始
<<15:26:47.327#信息>>[IDCR_CancelRead]返回值：0(成功)
<<15:26:47.327#信息>>[IDCR_CancelRead]调用结束

<<15:28:16.814#信息>>[IDCR_DataAvailable]寻卡成功
<<15:28:16.830#信息>>[IDCR_DataAvailable]选卡成功
<<15:28:17.616#信息>>[IDCR_DataAvailable]读卡成功
<<15:28:17.624#信息>>[IDCR_DataAvailable]返回值：0(成功)，lpAvailable:1
<<15:28:17.624#信息>>[IDCR_DataAvailable]调用结束

<<15:28:17.625#信息>>[IDCR_ReadData]调用开始
<<15:28:17.626#信息>>[IDCR_ReadData]参数dwIndex=0,dwBufferSize=256
<<15:28:17.626#信息>>[IDCR_ReadData]调用开始
<<15:28:17.627#信息>>[IDCR_ReadData]参数dwIndex=1,dwBufferSize=200
<<15:28:17.627#信息>>[IDCR_ReadData]读取姓名：陈祥宝
<<15:28:17.628#信息>>[IDCR_ReadData]返回值:0(成功),返回的数据lpBuffer=陈祥宝,有效长度lpNumberOfBytesRead=6
<<15:28:17.628#信息>>[IDCR_ReadData]调用结束

<<15:28:17.629#信息>>[IDCR_ReadData]调用开始
<<15:28:17.629#信息>>[IDCR_ReadData]参数dwIndex=2,dwBufferSize=200
<<15:28:17.630#信息>>[IDCR_ReadData]读取性别：男
<<15:28:17.631#信息>>[IDCR_ReadData]返回值:0(成功),返回的数据lpBuffer=男,有效长度lpNumberOfBytesRead=2
<<15:28:17.631#信息>>[IDCR_ReadData]调用结束

<<15:28:17.632#信息>>[IDCR_ReadData]调用开始
<<15:28:17.632#信息>>[IDCR_ReadData]参数dwIndex=3,dwBufferSize=200
<<15:28:17.633#信息>>[IDCR_ReadData]读取民族：汉族
<<15:28:17.633#信息>>[IDCR_ReadData]返回值:0(成功),返回的数据lpBuffer=汉族,有效长度lpNumberOfBytesRead=4
<<15:28:17.634#信息>>[IDCR_ReadData]调用结束

<<15:28:17.634#信息>>[IDCR_ReadData]调用开始
<<15:28:17.635#信息>>[IDCR_ReadData]参数dwIndex=4,dwBufferSize=200
<<15:28:17.635#信息>>[IDCR_ReadData]读取出生日期：19910121
<<15:28:17.636#信息>>[IDCR_ReadData]返回值:0(成功),返回的数据lpBuffer=19910121,有效长度lpNumberOfBytesRead=8
<<15:28:17.636#信息>>[IDCR_ReadData]调用结束

<<15:28:17.637#信息>>[IDCR_ReadData]调用开始
<<15:28:17.637#信息>>[IDCR_ReadData]参数dwIndex=5,dwBufferSize=200
<<15:28:17.638#信息>>[IDCR_ReadData]读取住址：北京市海淀区西土城路10号北京邮电大学世纪学院计算机科学与技术2011
<<15:28:17.638#信息>>[IDCR_ReadData]返回值:0(成功),返回的数据lpBuffer=北京市海淀区西土城路10号北京邮电大学世纪学院计算机科学与技术2011,有效长度lpNumberOfBytesRead=64
<<15:28:17.639#信息>>[IDCR_ReadData]调用结束

<<15:28:17.640#信息>>[IDCR_ReadData]调用开始
<<15:28:17.640#信息>>[IDCR_ReadData]参数dwIndex=6,dwBufferSize=200
<<15:28:17.641#信息>>[IDCR_ReadData]读取身份证号：371326199101214311
<<15:28:17.641#信息>>[IDCR_ReadData]返回值:0(成功),返回的数据lpBuffer=371326199101214311,有效长度lpNumberOfBytesRead=18
<<15:28:17.642#信息>>[IDCR_ReadData]调用结束

<<15:28:17.642#信息>>[IDCR_ReadData]调用开始
<<15:28:17.643#信息>>[IDCR_ReadData]参数dwIndex=7,dwBufferSize=200
<<15:28:17.643#信息>>[IDCR_ReadData]读取签发机关：北京市公安局海淀分局
<<15:28:17.644#信息>>[IDCR_ReadData]返回值:0(成功),返回的数据lpBuffer=北京市公安局海淀分局,有效长度lpNumberOfBytesRead=20
<<15:28:17.644#信息>>[IDCR_ReadData]调用结束

<<15:28:17.645#信息>>[IDCR_ReadData]调用开始
<<15:28:17.645#信息>>[IDCR_ReadData]参数dwIndex=8,dwBufferSize=200
<<15:28:17.646#信息>>[IDCR_ReadData]读取有效期限--生效日期：20140530
<<15:28:17.646#信息>>[IDCR_ReadData]返回值:0(成功),返回的数据lpBuffer=20140530,有效长度lpNumberOfBytesRead=8
<<15:28:17.647#信息>>[IDCR_ReadData]调用结束

<<15:28:17.647#信息>>[IDCR_ReadData]调用开始
<<15:28:17.648#信息>>[IDCR_ReadData]参数dwIndex=9,dwBufferSize=200
<<15:28:17.648#信息>>[IDCR_ReadData]读取有效期限--失效日期：20240530
<<15:28:17.649#信息>>[IDCR_ReadData]返回值:0(成功),返回的数据lpBuffer=20240530,有效长度lpNumberOfBytesRead=8
<<15:28:17.650#信息>>[IDCR_ReadData]调用结束

<<15:28:17.650#信息>>[IDCR_ReadData]返回值:0(成功),返回的数据lpBuffer=陈祥宝|男|汉族|19910121|北京市海淀区西土城路10号北京邮电大学世纪学院计算机科学与技术2011|371326199101214311|北京市公安局海淀分局|20140530|20240530|D:\童瑞堂文件\智慧邮局项目管理\其他\02测试\测试安装包\安装包V1.1\Debug\peripheral\aoto\IDCardlib\image\zp.bmp,有效长度lpNumberOfBytesRead=256
<<15:28:17.651#信息>>[IDCR_ReadData]调用结束

<<15:28:17.652#信息>>[IDCR_CancelRead]调用开始
<<15:28:17.652#信息>>[IDCR_CancelRead]返回值：0(成功)
<<15:28:17.653#信息>>[IDCR_CancelRead]调用结束

<<15:28:43.594#信息>>[IDCR_DataAvailable]寻卡成功
<<15:28:43.610#信息>>[IDCR_DataAvailable]选卡成功
<<15:28:44.397#信息>>[IDCR_DataAvailable]读卡成功
<<15:28:44.405#信息>>[IDCR_DataAvailable]返回值：0(成功)，lpAvailable:1
<<15:28:44.405#信息>>[IDCR_DataAvailable]调用结束

<<15:28:44.406#信息>>[IDCR_ReadData]调用开始
<<15:28:44.407#信息>>[IDCR_ReadData]参数dwIndex=0,dwBufferSize=256
<<15:28:44.407#信息>>[IDCR_ReadData]调用开始
<<15:28:44.408#信息>>[IDCR_ReadData]参数dwIndex=1,dwBufferSize=200
<<15:28:44.408#信息>>[IDCR_ReadData]读取姓名：陈祥宝
<<15:28:44.409#信息>>[IDCR_ReadData]返回值:0(成功),返回的数据lpBuffer=陈祥宝,有效长度lpNumberOfBytesRead=6
<<15:28:44.409#信息>>[IDCR_ReadData]调用结束

<<15:28:44.410#信息>>[IDCR_ReadData]调用开始
<<15:28:44.410#信息>>[IDCR_ReadData]参数dwIndex=2,dwBufferSize=200
<<15:28:44.411#信息>>[IDCR_ReadData]读取性别：男
<<15:28:44.411#信息>>[IDCR_ReadData]返回值:0(成功),返回的数据lpBuffer=男,有效长度lpNumberOfBytesRead=2
<<15:28:44.412#信息>>[IDCR_ReadData]调用结束

<<15:28:44.412#信息>>[IDCR_ReadData]调用开始
<<15:28:44.413#信息>>[IDCR_ReadData]参数dwIndex=3,dwBufferSize=200
<<15:28:44.413#信息>>[IDCR_ReadData]读取民族：汉族
<<15:28:44.414#信息>>[IDCR_ReadData]返回值:0(成功),返回的数据lpBuffer=汉族,有效长度lpNumberOfBytesRead=4
<<15:28:44.414#信息>>[IDCR_ReadData]调用结束

<<15:28:44.415#信息>>[IDCR_ReadData]调用开始
<<15:28:44.415#信息>>[IDCR_ReadData]参数dwIndex=4,dwBufferSize=200
<<15:28:44.416#信息>>[IDCR_ReadData]读取出生日期：19910121
<<15:28:44.416#信息>>[IDCR_ReadData]返回值:0(成功),返回的数据lpBuffer=19910121,有效长度lpNumberOfBytesRead=8
<<15:28:44.417#信息>>[IDCR_ReadData]调用结束

<<15:28:44.417#信息>>[IDCR_ReadData]调用开始
<<15:28:44.418#信息>>[IDCR_ReadData]参数dwIndex=5,dwBufferSize=200
<<15:28:44.419#信息>>[IDCR_ReadData]读取住址：北京市海淀区西土城路10号北京邮电大学世纪学院计算机科学与技术2011
<<15:28:44.419#信息>>[IDCR_ReadData]返回值:0(成功),返回的数据lpBuffer=北京市海淀区西土城路10号北京邮电大学世纪学院计算机科学与技术2011,有效长度lpNumberOfBytesRead=64
<<15:28:44.420#信息>>[IDCR_ReadData]调用结束

<<15:28:44.420#信息>>[IDCR_ReadData]调用开始
<<15:28:44.421#信息>>[IDCR_ReadData]参数dwIndex=6,dwBufferSize=200
<<15:28:44.421#信息>>[IDCR_ReadData]读取身份证号：371326199101214311
<<15:28:44.422#信息>>[IDCR_ReadData]返回值:0(成功),返回的数据lpBuffer=371326199101214311,有效长度lpNumberOfBytesRead=18
<<15:28:44.422#信息>>[IDCR_ReadData]调用结束

<<15:28:44.423#信息>>[IDCR_ReadData]调用开始
<<15:28:44.423#信息>>[IDCR_ReadData]参数dwIndex=7,dwBufferSize=200
<<15:28:44.424#信息>>[IDCR_ReadData]读取签发机关：北京市公安局海淀分局
<<15:28:44.424#信息>>[IDCR_ReadData]返回值:0(成功),返回的数据lpBuffer=北京市公安局海淀分局,有效长度lpNumberOfBytesRead=20
<<15:28:44.424#信息>>[IDCR_ReadData]调用结束

<<15:28:44.425#信息>>[IDCR_ReadData]调用开始
<<15:28:44.425#信息>>[IDCR_ReadData]参数dwIndex=8,dwBufferSize=200
<<15:28:44.426#信息>>[IDCR_ReadData]读取有效期限--生效日期：20140530
<<15:28:44.426#信息>>[IDCR_ReadData]返回值:0(成功),返回的数据lpBuffer=20140530,有效长度lpNumberOfBytesRead=8
<<15:28:44.427#信息>>[IDCR_ReadData]调用结束

<<15:28:44.427#信息>>[IDCR_ReadData]调用开始
<<15:28:44.428#信息>>[IDCR_ReadData]参数dwIndex=9,dwBufferSize=200
<<15:28:44.428#信息>>[IDCR_ReadData]读取有效期限--失效日期：20240530
<<15:28:44.429#信息>>[IDCR_ReadData]返回值:0(成功),返回的数据lpBuffer=20240530,有效长度lpNumberOfBytesRead=8
<<15:28:44.429#信息>>[IDCR_ReadData]调用结束

<<15:28:44.430#信息>>[IDCR_ReadData]返回值:0(成功),返回的数据lpBuffer=陈祥宝|男|汉族|19910121|北京市海淀区西土城路10号北京邮电大学世纪学院计算机科学与技术2011|371326199101214311|北京市公安局海淀分局|20140530|20240530|D:\童瑞堂文件\智慧邮局项目管理\其他\02测试\测试安装包\安装包V1.1\Debug\peripheral\aoto\IDCardlib\image\zp.bmp,有效长度lpNumberOfBytesRead=256
<<15:28:44.430#信息>>[IDCR_ReadData]调用结束

<<15:28:44.431#信息>>[IDCR_CancelRead]调用开始
<<15:28:44.431#信息>>[IDCR_CancelRead]返回值：0(成功)
<<15:28:44.432#信息>>[IDCR_CancelRead]调用结束

<<15:31:05.017#信息>>[DllMain]-------------动态库卸载------------------

<<15:31:42.233#信息>>[InitializeData]日志保存天数：[30]
<<15:31:42.233#信息>>[InitializeData]GetModuleFileName：[D:\童瑞堂文件\智慧邮局项目管理\其他\02测试\测试安装包\安装包V1.1\Debug\]
<<15:31:42.234#信息>>[InitializeData]GetCurrentDirectory：[D:\童瑞堂文件\智慧邮局项目管理\其他\02测试\测试安装包\安装包V1.1\Debug]
<<15:31:42.238#信息>>[InitializeData]调用结束
<<15:31:42.239#信息>>[IDCR_Initialize]去掉入参非法字符前lpszConfigXml=<?xml version ="1.0" encoding="utf-8"?><Device>  <DeviceId>IDCard001</DeviceId>  <LogLevel>3</LogLevel></Device>
<<15:31:42.240#信息>>[IDCR_Initialize]去掉入参非法字符后lpszConfigXml=<?xml version ="1.0" encoding="utf-8"?><Device>  <DeviceId>IDCard001</DeviceId>  <LogLevel>3</LogLevel></Device>
<<15:31:42.240#信息>>[IDCR_Initialize]设备标识为：IDCard001,日志级别为：3
<<15:31:42.241#信息>>[IDCR_Initialize]读取串口信息：Com3
<<15:31:42.392#信息>>[IDCR_Initialize]当前身份证阅读器波特率为: 115200
<<15:31:42.405#信息>>[IDCR_Initialize]返回值：0(成功)
<<15:31:42.405#信息>>[IDCR_Initialize]调用开始

<<15:31:43.919#信息>>[IDCR_DataAvailable]寻卡成功
<<15:31:43.935#信息>>[IDCR_DataAvailable]选卡成功
<<15:31:44.722#信息>>[IDCR_DataAvailable]读卡成功
<<15:31:44.729#信息>>[IDCR_DataAvailable]返回值：0(成功)，lpAvailable:1
<<15:31:44.730#信息>>[IDCR_DataAvailable]调用结束

<<15:31:44.730#信息>>[IDCR_ReadData]调用开始
<<15:31:44.731#信息>>[IDCR_ReadData]参数dwIndex=0,dwBufferSize=256
<<15:31:44.731#信息>>[IDCR_ReadData]调用开始
<<15:31:44.732#信息>>[IDCR_ReadData]参数dwIndex=1,dwBufferSize=200
<<15:31:44.732#信息>>[IDCR_ReadData]读取姓名：陈祥宝
<<15:31:44.733#信息>>[IDCR_ReadData]返回值:0(成功),返回的数据lpBuffer=陈祥宝,有效长度lpNumberOfBytesRead=6
<<15:31:44.733#信息>>[IDCR_ReadData]调用结束

<<15:31:44.734#信息>>[IDCR_ReadData]调用开始
<<15:31:44.735#信息>>[IDCR_ReadData]参数dwIndex=2,dwBufferSize=200
<<15:31:44.735#信息>>[IDCR_ReadData]读取性别：男
<<15:31:44.736#信息>>[IDCR_ReadData]返回值:0(成功),返回的数据lpBuffer=男,有效长度lpNumberOfBytesRead=2
<<15:31:44.736#信息>>[IDCR_ReadData]调用结束

<<15:31:44.737#信息>>[IDCR_ReadData]调用开始
<<15:31:44.737#信息>>[IDCR_ReadData]参数dwIndex=3,dwBufferSize=200
<<15:31:44.738#信息>>[IDCR_ReadData]读取民族：汉族
<<15:31:44.739#信息>>[IDCR_ReadData]返回值:0(成功),返回的数据lpBuffer=汉族,有效长度lpNumberOfBytesRead=4
<<15:31:44.739#信息>>[IDCR_ReadData]调用结束

<<15:31:44.740#信息>>[IDCR_ReadData]调用开始
<<15:31:44.740#信息>>[IDCR_ReadData]参数dwIndex=4,dwBufferSize=200
<<15:31:44.741#信息>>[IDCR_ReadData]读取出生日期：19910121
<<15:31:44.741#信息>>[IDCR_ReadData]返回值:0(成功),返回的数据lpBuffer=19910121,有效长度lpNumberOfBytesRead=8
<<15:31:44.742#信息>>[IDCR_ReadData]调用结束

<<15:31:44.742#信息>>[IDCR_ReadData]调用开始
<<15:31:44.743#信息>>[IDCR_ReadData]参数dwIndex=5,dwBufferSize=200
<<15:31:44.743#信息>>[IDCR_ReadData]读取住址：北京市海淀区西土城路10号北京邮电大学世纪学院计算机科学与技术2011
<<15:31:44.744#信息>>[IDCR_ReadData]返回值:0(成功),返回的数据lpBuffer=北京市海淀区西土城路10号北京邮电大学世纪学院计算机科学与技术2011,有效长度lpNumberOfBytesRead=64
<<15:31:44.744#信息>>[IDCR_ReadData]调用结束

<<15:31:44.745#信息>>[IDCR_ReadData]调用开始
<<15:31:44.745#信息>>[IDCR_ReadData]参数dwIndex=6,dwBufferSize=200
<<15:31:44.746#信息>>[IDCR_ReadData]读取身份证号：371326199101214311
<<15:31:44.746#信息>>[IDCR_ReadData]返回值:0(成功),返回的数据lpBuffer=371326199101214311,有效长度lpNumberOfBytesRead=18
<<15:31:44.747#信息>>[IDCR_ReadData]调用结束

<<15:31:44.747#信息>>[IDCR_ReadData]调用开始
<<15:31:44.748#信息>>[IDCR_ReadData]参数dwIndex=7,dwBufferSize=200
<<15:31:44.748#信息>>[IDCR_ReadData]读取签发机关：北京市公安局海淀分局
<<15:31:44.749#信息>>[IDCR_ReadData]返回值:0(成功),返回的数据lpBuffer=北京市公安局海淀分局,有效长度lpNumberOfBytesRead=20
<<15:31:44.749#信息>>[IDCR_ReadData]调用结束

<<15:31:44.750#信息>>[IDCR_ReadData]调用开始
<<15:31:44.750#信息>>[IDCR_ReadData]参数dwIndex=8,dwBufferSize=200
<<15:31:44.751#信息>>[IDCR_ReadData]读取有效期限--生效日期：20140530
<<15:31:44.751#信息>>[IDCR_ReadData]返回值:0(成功),返回的数据lpBuffer=20140530,有效长度lpNumberOfBytesRead=8
<<15:31:44.752#信息>>[IDCR_ReadData]调用结束

<<15:31:44.752#信息>>[IDCR_ReadData]调用开始
<<15:31:44.753#信息>>[IDCR_ReadData]参数dwIndex=9,dwBufferSize=200
<<15:31:44.753#信息>>[IDCR_ReadData]读取有效期限--失效日期：20240530
<<15:31:44.754#信息>>[IDCR_ReadData]返回值:0(成功),返回的数据lpBuffer=20240530,有效长度lpNumberOfBytesRead=8
<<15:31:44.754#信息>>[IDCR_ReadData]调用结束

<<15:31:44.755#信息>>[IDCR_ReadData]返回值:0(成功),返回的数据lpBuffer=陈祥宝|男|汉族|19910121|北京市海淀区西土城路10号北京邮电大学世纪学院计算机科学与技术2011|371326199101214311|北京市公安局海淀分局|20140530|20240530|D:\童瑞堂文件\智慧邮局项目管理\其他\02测试\测试安装包\安装包V1.1\Debug\peripheral\aoto\IDCardlib\image\zp.bmp,有效长度lpNumberOfBytesRead=256
<<15:31:44.755#信息>>[IDCR_ReadData]调用结束

<<15:31:44.756#信息>>[IDCR_CancelRead]调用开始
<<15:31:44.756#信息>>[IDCR_CancelRead]返回值：0(成功)
<<15:31:44.757#信息>>[IDCR_CancelRead]调用结束

<<15:33:46.397#信息>>[DllMain]-------------动态库卸载------------------

<<15:36:53.552#信息>>[InitializeData]日志保存天数：[30]
<<15:36:53.553#信息>>[InitializeData]GetModuleFileName：[D:\童瑞堂文件\智慧邮局项目管理\其他\02测试\测试安装包\安装包V1.1\Debug\]
<<15:36:53.553#信息>>[InitializeData]GetCurrentDirectory：[D:\童瑞堂文件\智慧邮局项目管理\其他\02测试\测试安装包\安装包V1.1\Debug]
<<15:36:53.557#信息>>[InitializeData]调用结束
<<15:36:53.558#信息>>[IDCR_Initialize]去掉入参非法字符前lpszConfigXml=<?xml version ="1.0" encoding="utf-8"?><Device>  <DeviceId>IDCard001</DeviceId>  <LogLevel>3</LogLevel></Device>
<<15:36:53.559#信息>>[IDCR_Initialize]去掉入参非法字符后lpszConfigXml=<?xml version ="1.0" encoding="utf-8"?><Device>  <DeviceId>IDCard001</DeviceId>  <LogLevel>3</LogLevel></Device>
<<15:36:53.560#信息>>[IDCR_Initialize]设备标识为：IDCard001,日志级别为：3
<<15:36:53.560#信息>>[IDCR_Initialize]读取串口信息：Com3
<<15:36:53.708#信息>>[IDCR_Initialize]当前身份证阅读器波特率为: 115200
<<15:36:53.722#信息>>[IDCR_Initialize]返回值：0(成功)
<<15:36:53.725#信息>>[IDCR_Initialize]调用开始

<<15:36:58.772#信息>>[IDCR_DataAvailable]寻卡成功
<<15:36:58.788#信息>>[IDCR_DataAvailable]选卡成功
<<15:36:59.574#信息>>[IDCR_DataAvailable]读卡成功
<<15:36:59.582#信息>>[IDCR_DataAvailable]返回值：0(成功)，lpAvailable:1
<<15:36:59.583#信息>>[IDCR_DataAvailable]调用结束

<<15:36:59.583#信息>>[IDCR_ReadData]调用开始
<<15:36:59.584#信息>>[IDCR_ReadData]参数dwIndex=0,dwBufferSize=256
<<15:36:59.584#信息>>[IDCR_ReadData]调用开始
<<15:36:59.585#信息>>[IDCR_ReadData]参数dwIndex=1,dwBufferSize=200
<<15:36:59.586#信息>>[IDCR_ReadData]读取姓名：陈祥宝
<<15:36:59.586#信息>>[IDCR_ReadData]返回值:0(成功),返回的数据lpBuffer=陈祥宝,有效长度lpNumberOfBytesRead=6
<<15:36:59.587#信息>>[IDCR_ReadData]调用结束

<<15:36:59.587#信息>>[IDCR_ReadData]调用开始
<<15:36:59.588#信息>>[IDCR_ReadData]参数dwIndex=2,dwBufferSize=200
<<15:36:59.588#信息>>[IDCR_ReadData]读取性别：男
<<15:36:59.589#信息>>[IDCR_ReadData]返回值:0(成功),返回的数据lpBuffer=男,有效长度lpNumberOfBytesRead=2
<<15:36:59.589#信息>>[IDCR_ReadData]调用结束

<<15:36:59.590#信息>>[IDCR_ReadData]调用开始
<<15:36:59.591#信息>>[IDCR_ReadData]参数dwIndex=3,dwBufferSize=200
<<15:36:59.591#信息>>[IDCR_ReadData]读取民族：汉族
<<15:36:59.592#信息>>[IDCR_ReadData]返回值:0(成功),返回的数据lpBuffer=汉族,有效长度lpNumberOfBytesRead=4
<<15:36:59.592#信息>>[IDCR_ReadData]调用结束

<<15:36:59.593#信息>>[IDCR_ReadData]调用开始
<<15:36:59.593#信息>>[IDCR_ReadData]参数dwIndex=4,dwBufferSize=200
<<15:36:59.594#信息>>[IDCR_ReadData]读取出生日期：19910121
<<15:36:59.594#信息>>[IDCR_ReadData]返回值:0(成功),返回的数据lpBuffer=19910121,有效长度lpNumberOfBytesRead=8
<<15:36:59.595#信息>>[IDCR_ReadData]调用结束

<<15:36:59.595#信息>>[IDCR_ReadData]调用开始
<<15:36:59.596#信息>>[IDCR_ReadData]参数dwIndex=5,dwBufferSize=200
<<15:36:59.596#信息>>[IDCR_ReadData]读取住址：北京市海淀区西土城路10号北京邮电大学世纪学院计算机科学与技术2011
<<15:36:59.597#信息>>[IDCR_ReadData]返回值:0(成功),返回的数据lpBuffer=北京市海淀区西土城路10号北京邮电大学世纪学院计算机科学与技术2011,有效长度lpNumberOfBytesRead=64
<<15:36:59.597#信息>>[IDCR_ReadData]调用结束

<<15:36:59.598#信息>>[IDCR_ReadData]调用开始
<<15:36:59.599#信息>>[IDCR_ReadData]参数dwIndex=6,dwBufferSize=200
<<15:36:59.599#信息>>[IDCR_ReadData]读取身份证号：371326199101214311
<<15:36:59.600#信息>>[IDCR_ReadData]返回值:0(成功),返回的数据lpBuffer=371326199101214311,有效长度lpNumberOfBytesRead=18
<<15:36:59.600#信息>>[IDCR_ReadData]调用结束

<<15:36:59.601#信息>>[IDCR_ReadData]调用开始
<<15:36:59.601#信息>>[IDCR_ReadData]参数dwIndex=7,dwBufferSize=200
<<15:36:59.602#信息>>[IDCR_ReadData]读取签发机关：北京市公安局海淀分局
<<15:36:59.602#信息>>[IDCR_ReadData]返回值:0(成功),返回的数据lpBuffer=北京市公安局海淀分局,有效长度lpNumberOfBytesRead=20
<<15:36:59.603#信息>>[IDCR_ReadData]调用结束

<<15:36:59.603#信息>>[IDCR_ReadData]调用开始
<<15:36:59.604#信息>>[IDCR_ReadData]参数dwIndex=8,dwBufferSize=200
<<15:36:59.604#信息>>[IDCR_ReadData]读取有效期限--生效日期：20140530
<<15:36:59.605#信息>>[IDCR_ReadData]返回值:0(成功),返回的数据lpBuffer=20140530,有效长度lpNumberOfBytesRead=8
<<15:36:59.605#信息>>[IDCR_ReadData]调用结束

<<15:36:59.605#信息>>[IDCR_ReadData]调用开始
<<15:36:59.606#信息>>[IDCR_ReadData]参数dwIndex=9,dwBufferSize=200
<<15:36:59.606#信息>>[IDCR_ReadData]读取有效期限--失效日期：20240530
<<15:36:59.607#信息>>[IDCR_ReadData]返回值:0(成功),返回的数据lpBuffer=20240530,有效长度lpNumberOfBytesRead=8
<<15:36:59.607#信息>>[IDCR_ReadData]调用结束

<<15:36:59.608#信息>>[IDCR_ReadData]返回值:0(成功),返回的数据lpBuffer=陈祥宝|男|汉族|19910121|北京市海淀区西土城路10号北京邮电大学世纪学院计算机科学与技术2011|371326199101214311|北京市公安局海淀分局|20140530|20240530|D:\童瑞堂文件\智慧邮局项目管理\其他\02测试\测试安装包\安装包V1.1\Debug\peripheral\aoto\IDCardlib\image\zp.bmp,有效长度lpNumberOfBytesRead=256
<<15:36:59.608#信息>>[IDCR_ReadData]调用结束

<<15:36:59.609#信息>>[IDCR_CancelRead]调用开始
<<15:36:59.609#信息>>[IDCR_CancelRead]返回值：0(成功)
<<15:36:59.610#信息>>[IDCR_CancelRead]调用结束

<<15:42:58.564#信息>>[IDCR_DataAvailable]寻卡成功
<<15:42:58.580#信息>>[IDCR_DataAvailable]选卡成功
<<15:42:59.366#信息>>[IDCR_DataAvailable]读卡成功
<<15:42:59.373#信息>>[IDCR_DataAvailable]返回值：0(成功)，lpAvailable:1
<<15:42:59.374#信息>>[IDCR_DataAvailable]调用结束

<<15:42:59.374#信息>>[IDCR_ReadData]调用开始
<<15:42:59.375#信息>>[IDCR_ReadData]参数dwIndex=0,dwBufferSize=256
<<15:42:59.376#信息>>[IDCR_ReadData]调用开始
<<15:42:59.376#信息>>[IDCR_ReadData]参数dwIndex=1,dwBufferSize=200
<<15:42:59.377#信息>>[IDCR_ReadData]读取姓名：陈祥宝
<<15:42:59.377#信息>>[IDCR_ReadData]返回值:0(成功),返回的数据lpBuffer=陈祥宝,有效长度lpNumberOfBytesRead=6
<<15:42:59.378#信息>>[IDCR_ReadData]调用结束

<<15:42:59.378#信息>>[IDCR_ReadData]调用开始
<<15:42:59.379#信息>>[IDCR_ReadData]参数dwIndex=2,dwBufferSize=200
<<15:42:59.379#信息>>[IDCR_ReadData]读取性别：男
<<15:42:59.380#信息>>[IDCR_ReadData]返回值:0(成功),返回的数据lpBuffer=男,有效长度lpNumberOfBytesRead=2
<<15:42:59.381#信息>>[IDCR_ReadData]调用结束

<<15:42:59.381#信息>>[IDCR_ReadData]调用开始
<<15:42:59.382#信息>>[IDCR_ReadData]参数dwIndex=3,dwBufferSize=200
<<15:42:59.382#信息>>[IDCR_ReadData]读取民族：汉族
<<15:42:59.383#信息>>[IDCR_ReadData]返回值:0(成功),返回的数据lpBuffer=汉族,有效长度lpNumberOfBytesRead=4
<<15:42:59.383#信息>>[IDCR_ReadData]调用结束

<<15:42:59.384#信息>>[IDCR_ReadData]调用开始
<<15:42:59.384#信息>>[IDCR_ReadData]参数dwIndex=4,dwBufferSize=200
<<15:42:59.385#信息>>[IDCR_ReadData]读取出生日期：19910121
<<15:42:59.385#信息>>[IDCR_ReadData]返回值:0(成功),返回的数据lpBuffer=19910121,有效长度lpNumberOfBytesRead=8
<<15:42:59.386#信息>>[IDCR_ReadData]调用结束

<<15:42:59.387#信息>>[IDCR_ReadData]调用开始
<<15:42:59.387#信息>>[IDCR_ReadData]参数dwIndex=5,dwBufferSize=200
<<15:42:59.388#信息>>[IDCR_ReadData]读取住址：北京市海淀区西土城路10号北京邮电大学世纪学院计算机科学与技术2011
<<15:42:59.389#信息>>[IDCR_ReadData]返回值:0(成功),返回的数据lpBuffer=北京市海淀区西土城路10号北京邮电大学世纪学院计算机科学与技术2011,有效长度lpNumberOfBytesRead=64
<<15:42:59.389#信息>>[IDCR_ReadData]调用结束

<<15:42:59.389#信息>>[IDCR_ReadData]调用开始
<<15:42:59.389#信息>>[IDCR_ReadData]参数dwIndex=6,dwBufferSize=200
<<15:42:59.389#信息>>[IDCR_ReadData]读取身份证号：371326199101214311
<<15:42:59.390#信息>>[IDCR_ReadData]返回值:0(成功),返回的数据lpBuffer=371326199101214311,有效长度lpNumberOfBytesRead=18
<<15:42:59.390#信息>>[IDCR_ReadData]调用结束

<<15:42:59.391#信息>>[IDCR_ReadData]调用开始
<<15:42:59.391#信息>>[IDCR_ReadData]参数dwIndex=7,dwBufferSize=200
<<15:42:59.392#信息>>[IDCR_ReadData]读取签发机关：北京市公安局海淀分局
<<15:42:59.392#信息>>[IDCR_ReadData]返回值:0(成功),返回的数据lpBuffer=北京市公安局海淀分局,有效长度lpNumberOfBytesRead=20
<<15:42:59.393#信息>>[IDCR_ReadData]调用结束

<<15:42:59.393#信息>>[IDCR_ReadData]调用开始
<<15:42:59.394#信息>>[IDCR_ReadData]参数dwIndex=8,dwBufferSize=200
<<15:42:59.394#信息>>[IDCR_ReadData]读取有效期限--生效日期：20140530
<<15:42:59.395#信息>>[IDCR_ReadData]返回值:0(成功),返回的数据lpBuffer=20140530,有效长度lpNumberOfBytesRead=8
<<15:42:59.395#信息>>[IDCR_ReadData]调用结束

<<15:42:59.396#信息>>[IDCR_ReadData]调用开始
<<15:42:59.396#信息>>[IDCR_ReadData]参数dwIndex=9,dwBufferSize=200
<<15:42:59.397#信息>>[IDCR_ReadData]读取有效期限--失效日期：20240530
<<15:42:59.397#信息>>[IDCR_ReadData]返回值:0(成功),返回的数据lpBuffer=20240530,有效长度lpNumberOfBytesRead=8
<<15:42:59.398#信息>>[IDCR_ReadData]调用结束

<<15:42:59.398#信息>>[IDCR_ReadData]返回值:0(成功),返回的数据lpBuffer=陈祥宝|男|汉族|19910121|北京市海淀区西土城路10号北京邮电大学世纪学院计算机科学与技术2011|371326199101214311|北京市公安局海淀分局|20140530|20240530|D:\童瑞堂文件\智慧邮局项目管理\其他\02测试\测试安装包\安装包V1.1\Debug\peripheral\aoto\IDCardlib\image\zp.bmp,有效长度lpNumberOfBytesRead=256
<<15:42:59.399#信息>>[IDCR_ReadData]调用结束

<<15:42:59.399#信息>>[IDCR_CancelRead]调用开始
<<15:42:59.399#信息>>[IDCR_CancelRead]返回值：0(成功)
<<15:42:59.400#信息>>[IDCR_CancelRead]调用结束

<<15:45:03.824#信息>>[DllMain]-------------动态库卸载------------------

<<15:47:40.512#信息>>[InitializeData]日志保存天数：[30]
<<15:47:40.513#信息>>[InitializeData]GetModuleFileName：[D:\童瑞堂文件\智慧邮局项目管理\其他\02测试\测试安装包\安装包V1.1\Debug\]
<<15:47:40.514#信息>>[InitializeData]GetCurrentDirectory：[D:\童瑞堂文件\智慧邮局项目管理\其他\02测试\测试安装包\安装包V1.1\Debug]
<<15:47:40.519#信息>>[InitializeData]调用结束
<<15:47:40.520#信息>>[IDCR_Initialize]去掉入参非法字符前lpszConfigXml=<?xml version ="1.0" encoding="utf-8"?><Device>  <DeviceId>IDCard001</DeviceId>  <LogLevel>3</LogLevel></Device>
<<15:47:40.521#信息>>[IDCR_Initialize]去掉入参非法字符后lpszConfigXml=<?xml version ="1.0" encoding="utf-8"?><Device>  <DeviceId>IDCard001</DeviceId>  <LogLevel>3</LogLevel></Device>
<<15:47:40.521#信息>>[IDCR_Initialize]设备标识为：IDCard001,日志级别为：3
<<15:47:40.522#信息>>[IDCR_Initialize]读取串口信息：Com3
<<15:47:51.101#信息>>[IDCR_Initialize]获取身份证阅读器波特率失败, [SDT_GetCOMBaud]返回值：[0X05]
<<15:47:53.213#信息>>[IDCR_Initialize]设置身份证阅读器波特率失败, [SDT_SetCOMBaud]返回值：[0X02]
<<15:47:53.227#信息>>[IDCR_Initialize]返回值：0(成功)
<<15:47:53.229#信息>>[IDCR_Initialize]调用开始

<<15:48:05.192#信息>>[IDCR_CancelRead]调用开始
<<15:48:05.193#信息>>[IDCR_CancelRead]返回值：0(成功)
<<15:48:05.194#信息>>[IDCR_CancelRead]调用结束

<<15:48:06.118#信息>>[DllMain]-------------动态库卸载------------------

<<15:48:22.464#信息>>[InitializeData]日志保存天数：[30]
<<15:48:22.465#信息>>[InitializeData]GetModuleFileName：[D:\童瑞堂文件\智慧邮局项目管理\其他\02测试\测试安装包\安装包V1.1\Debug\]
<<15:48:22.466#信息>>[InitializeData]GetCurrentDirectory：[D:\童瑞堂文件\智慧邮局项目管理\其他\02测试\测试安装包\安装包V1.1\Debug]
<<15:48:22.471#信息>>[InitializeData]调用结束
<<15:48:22.473#信息>>[IDCR_Initialize]去掉入参非法字符前lpszConfigXml=<?xml version ="1.0" encoding="utf-8"?><Device>  <DeviceId>IDCard001</DeviceId>  <LogLevel>3</LogLevel></Device>
<<15:48:22.473#信息>>[IDCR_Initialize]去掉入参非法字符后lpszConfigXml=<?xml version ="1.0" encoding="utf-8"?><Device>  <DeviceId>IDCard001</DeviceId>  <LogLevel>3</LogLevel></Device>
<<15:48:22.474#信息>>[IDCR_Initialize]设备标识为：IDCard001,日志级别为：3
<<15:48:22.475#信息>>[IDCR_Initialize]读取串口信息：Com3
<<15:48:22.617#信息>>[IDCR_Initialize]当前身份证阅读器波特率为: 115200
<<15:48:22.630#信息>>[IDCR_Initialize]返回值：0(成功)
<<15:48:22.633#信息>>[IDCR_Initialize]调用开始

<<15:48:23.458#信息>>[IDCR_DataAvailable]寻卡成功
<<15:48:23.474#信息>>[IDCR_DataAvailable]选卡成功
<<15:48:24.261#信息>>[IDCR_DataAvailable]读卡成功
<<15:48:24.268#信息>>[IDCR_DataAvailable]返回值：0(成功)，lpAvailable:1
<<15:48:24.269#信息>>[IDCR_DataAvailable]调用结束

<<15:48:24.269#信息>>[IDCR_ReadData]调用开始
<<15:48:24.270#信息>>[IDCR_ReadData]参数dwIndex=0,dwBufferSize=256
<<15:48:24.270#信息>>[IDCR_ReadData]调用开始
<<15:48:24.271#信息>>[IDCR_ReadData]参数dwIndex=1,dwBufferSize=200
<<15:48:24.271#信息>>[IDCR_ReadData]读取姓名：陈祥宝
<<15:48:24.272#信息>>[IDCR_ReadData]返回值:0(成功),返回的数据lpBuffer=陈祥宝,有效长度lpNumberOfBytesRead=6
<<15:48:24.273#信息>>[IDCR_ReadData]调用结束

<<15:48:24.273#信息>>[IDCR_ReadData]调用开始
<<15:48:24.274#信息>>[IDCR_ReadData]参数dwIndex=2,dwBufferSize=200
<<15:48:24.274#信息>>[IDCR_ReadData]读取性别：男
<<15:48:24.275#信息>>[IDCR_ReadData]返回值:0(成功),返回的数据lpBuffer=男,有效长度lpNumberOfBytesRead=2
<<15:48:24.275#信息>>[IDCR_ReadData]调用结束

<<15:48:24.276#信息>>[IDCR_ReadData]调用开始
<<15:48:24.276#信息>>[IDCR_ReadData]参数dwIndex=3,dwBufferSize=200
<<15:48:24.277#信息>>[IDCR_ReadData]读取民族：汉族
<<15:48:24.277#信息>>[IDCR_ReadData]返回值:0(成功),返回的数据lpBuffer=汉族,有效长度lpNumberOfBytesRead=4
<<15:48:24.278#信息>>[IDCR_ReadData]调用结束

<<15:48:24.278#信息>>[IDCR_ReadData]调用开始
<<15:48:24.279#信息>>[IDCR_ReadData]参数dwIndex=4,dwBufferSize=200
<<15:48:24.280#信息>>[IDCR_ReadData]读取出生日期：19910121
<<15:48:24.280#信息>>[IDCR_ReadData]返回值:0(成功),返回的数据lpBuffer=19910121,有效长度lpNumberOfBytesRead=8
<<15:48:24.281#信息>>[IDCR_ReadData]调用结束

<<15:48:24.281#信息>>[IDCR_ReadData]调用开始
<<15:48:24.282#信息>>[IDCR_ReadData]参数dwIndex=5,dwBufferSize=200
<<15:48:24.282#信息>>[IDCR_ReadData]读取住址：北京市海淀区西土城路10号北京邮电大学世纪学院计算机科学与技术2011
<<15:48:24.283#信息>>[IDCR_ReadData]返回值:0(成功),返回的数据lpBuffer=北京市海淀区西土城路10号北京邮电大学世纪学院计算机科学与技术2011,有效长度lpNumberOfBytesRead=64
<<15:48:24.283#信息>>[IDCR_ReadData]调用结束

<<15:48:24.283#信息>>[IDCR_ReadData]调用开始
<<15:48:24.283#信息>>[IDCR_ReadData]参数dwIndex=6,dwBufferSize=200
<<15:48:24.284#信息>>[IDCR_ReadData]读取身份证号：371326199101214311
<<15:48:24.284#信息>>[IDCR_ReadData]返回值:0(成功),返回的数据lpBuffer=371326199101214311,有效长度lpNumberOfBytesRead=18
<<15:48:24.285#信息>>[IDCR_ReadData]调用结束

<<15:48:24.285#信息>>[IDCR_ReadData]调用开始
<<15:48:24.286#信息>>[IDCR_ReadData]参数dwIndex=7,dwBufferSize=200
<<15:48:24.286#信息>>[IDCR_ReadData]读取签发机关：北京市公安局海淀分局
<<15:48:24.287#信息>>[IDCR_ReadData]返回值:0(成功),返回的数据lpBuffer=北京市公安局海淀分局,有效长度lpNumberOfBytesRead=20
<<15:48:24.287#信息>>[IDCR_ReadData]调用结束

<<15:48:24.288#信息>>[IDCR_ReadData]调用开始
<<15:48:24.288#信息>>[IDCR_ReadData]参数dwIndex=8,dwBufferSize=200
<<15:48:24.289#信息>>[IDCR_ReadData]读取有效期限--生效日期：20140530
<<15:48:24.289#信息>>[IDCR_ReadData]返回值:0(成功),返回的数据lpBuffer=20140530,有效长度lpNumberOfBytesRead=8
<<15:48:24.290#信息>>[IDCR_ReadData]调用结束

<<15:48:24.290#信息>>[IDCR_ReadData]调用开始
<<15:48:24.291#信息>>[IDCR_ReadData]参数dwIndex=9,dwBufferSize=200
<<15:48:24.291#信息>>[IDCR_ReadData]读取有效期限--失效日期：20240530
<<15:48:24.292#信息>>[IDCR_ReadData]返回值:0(成功),返回的数据lpBuffer=20240530,有效长度lpNumberOfBytesRead=8
<<15:48:24.293#信息>>[IDCR_ReadData]调用结束

<<15:48:24.293#信息>>[IDCR_ReadData]返回值:0(成功),返回的数据lpBuffer=陈祥宝|男|汉族|19910121|北京市海淀区西土城路10号北京邮电大学世纪学院计算机科学与技术2011|371326199101214311|北京市公安局海淀分局|20140530|20240530|D:\童瑞堂文件\智慧邮局项目管理\其他\02测试\测试安装包\安装包V1.1\Debug\peripheral\aoto\IDCardlib\image\zp.bmp,有效长度lpNumberOfBytesRead=256
<<15:48:24.294#信息>>[IDCR_ReadData]调用结束

<<15:48:24.294#信息>>[IDCR_CancelRead]调用开始
<<15:48:24.295#信息>>[IDCR_CancelRead]返回值：0(成功)
<<15:48:24.295#信息>>[IDCR_CancelRead]调用结束

<<15:48:42.851#信息>>[DllMain]-------------动态库卸载------------------

<<15:51:38.084#信息>>[InitializeData]日志保存天数：[30]
<<15:51:38.085#信息>>[InitializeData]GetModuleFileName：[D:\童瑞堂文件\智慧邮局项目管理\其他\02测试\测试安装包\安装包V1.1\Debug\]
<<15:51:38.086#信息>>[InitializeData]GetCurrentDirectory：[D:\童瑞堂文件\智慧邮局项目管理\其他\02测试\测试安装包\安装包V1.1\Debug]
<<15:51:38.089#信息>>[InitializeData]调用结束
<<15:51:38.090#信息>>[IDCR_Initialize]去掉入参非法字符前lpszConfigXml=<?xml version ="1.0" encoding="utf-8"?><Device>  <DeviceId>IDCard001</DeviceId>  <LogLevel>3</LogLevel></Device>
<<15:51:38.091#信息>>[IDCR_Initialize]去掉入参非法字符后lpszConfigXml=<?xml version ="1.0" encoding="utf-8"?><Device>  <DeviceId>IDCard001</DeviceId>  <LogLevel>3</LogLevel></Device>
<<15:51:38.091#信息>>[IDCR_Initialize]设备标识为：IDCard001,日志级别为：3
<<15:51:38.092#信息>>[IDCR_Initialize]读取串口信息：Com3
<<15:51:38.232#信息>>[IDCR_Initialize]当前身份证阅读器波特率为: 115200
<<15:51:38.246#信息>>[IDCR_Initialize]返回值：0(成功)
<<15:51:38.249#信息>>[IDCR_Initialize]调用开始

<<15:51:41.201#信息>>[IDCR_DataAvailable]寻卡成功
<<15:51:41.217#信息>>[IDCR_DataAvailable]选卡成功
<<15:51:42.004#信息>>[IDCR_DataAvailable]读卡成功
<<15:51:42.011#信息>>[IDCR_DataAvailable]返回值：0(成功)，lpAvailable:1
<<15:51:42.011#信息>>[IDCR_DataAvailable]调用结束

<<15:51:42.012#信息>>[IDCR_ReadData]调用开始
<<15:51:42.013#信息>>[IDCR_ReadData]参数dwIndex=0,dwBufferSize=256
<<15:51:42.013#信息>>[IDCR_ReadData]调用开始
<<15:51:42.014#信息>>[IDCR_ReadData]参数dwIndex=1,dwBufferSize=200
<<15:51:42.014#信息>>[IDCR_ReadData]读取姓名：陈祥宝
<<15:51:42.015#信息>>[IDCR_ReadData]返回值:0(成功),返回的数据lpBuffer=陈祥宝,有效长度lpNumberOfBytesRead=6
<<15:51:42.015#信息>>[IDCR_ReadData]调用结束

<<15:51:42.016#信息>>[IDCR_ReadData]调用开始
<<15:51:42.016#信息>>[IDCR_ReadData]参数dwIndex=2,dwBufferSize=200
<<15:51:42.017#信息>>[IDCR_ReadData]读取性别：男
<<15:51:42.017#信息>>[IDCR_ReadData]返回值:0(成功),返回的数据lpBuffer=男,有效长度lpNumberOfBytesRead=2
<<15:51:42.018#信息>>[IDCR_ReadData]调用结束

<<15:51:42.019#信息>>[IDCR_ReadData]调用开始
<<15:51:42.019#信息>>[IDCR_ReadData]参数dwIndex=3,dwBufferSize=200
<<15:51:42.020#信息>>[IDCR_ReadData]读取民族：汉族
<<15:51:42.020#信息>>[IDCR_ReadData]返回值:0(成功),返回的数据lpBuffer=汉族,有效长度lpNumberOfBytesRead=4
<<15:51:42.021#信息>>[IDCR_ReadData]调用结束

<<15:51:42.021#信息>>[IDCR_ReadData]调用开始
<<15:51:42.022#信息>>[IDCR_ReadData]参数dwIndex=4,dwBufferSize=200
<<15:51:42.022#信息>>[IDCR_ReadData]读取出生日期：19910121
<<15:51:42.023#信息>>[IDCR_ReadData]返回值:0(成功),返回的数据lpBuffer=19910121,有效长度lpNumberOfBytesRead=8
<<15:51:42.023#信息>>[IDCR_ReadData]调用结束

<<15:51:42.024#信息>>[IDCR_ReadData]调用开始
<<15:51:42.024#信息>>[IDCR_ReadData]参数dwIndex=5,dwBufferSize=200
<<15:51:42.025#信息>>[IDCR_ReadData]读取住址：北京市海淀区西土城路10号北京邮电大学世纪学院计算机科学与技术2011
<<15:51:42.025#信息>>[IDCR_ReadData]返回值:0(成功),返回的数据lpBuffer=北京市海淀区西土城路10号北京邮电大学世纪学院计算机科学与技术2011,有效长度lpNumberOfBytesRead=64
<<15:51:42.026#信息>>[IDCR_ReadData]调用结束

<<15:51:42.026#信息>>[IDCR_ReadData]调用开始
<<15:51:42.027#信息>>[IDCR_ReadData]参数dwIndex=6,dwBufferSize=200
<<15:51:42.027#信息>>[IDCR_ReadData]读取身份证号：371326199101214311
<<15:51:42.028#信息>>[IDCR_ReadData]返回值:0(成功),返回的数据lpBuffer=371326199101214311,有效长度lpNumberOfBytesRead=18
<<15:51:42.028#信息>>[IDCR_ReadData]调用结束

<<15:51:42.029#信息>>[IDCR_ReadData]调用开始
<<15:51:42.029#信息>>[IDCR_ReadData]参数dwIndex=7,dwBufferSize=200
<<15:51:42.030#信息>>[IDCR_ReadData]读取签发机关：北京市公安局海淀分局
<<15:51:42.030#信息>>[IDCR_ReadData]返回值:0(成功),返回的数据lpBuffer=北京市公安局海淀分局,有效长度lpNumberOfBytesRead=20
<<15:51:42.031#信息>>[IDCR_ReadData]调用结束

<<15:51:42.031#信息>>[IDCR_ReadData]调用开始
<<15:51:42.032#信息>>[IDCR_ReadData]参数dwIndex=8,dwBufferSize=200
<<15:51:42.032#信息>>[IDCR_ReadData]读取有效期限--生效日期：20140530
<<15:51:42.033#信息>>[IDCR_ReadData]返回值:0(成功),返回的数据lpBuffer=20140530,有效长度lpNumberOfBytesRead=8
<<15:51:42.033#信息>>[IDCR_ReadData]调用结束

<<15:51:42.034#信息>>[IDCR_ReadData]调用开始
<<15:51:42.034#信息>>[IDCR_ReadData]参数dwIndex=9,dwBufferSize=200
<<15:51:42.035#信息>>[IDCR_ReadData]读取有效期限--失效日期：20240530
<<15:51:42.035#信息>>[IDCR_ReadData]返回值:0(成功),返回的数据lpBuffer=20240530,有效长度lpNumberOfBytesRead=8
<<15:51:42.036#信息>>[IDCR_ReadData]调用结束

<<15:51:42.036#信息>>[IDCR_ReadData]返回值:0(成功),返回的数据lpBuffer=陈祥宝|男|汉族|19910121|北京市海淀区西土城路10号北京邮电大学世纪学院计算机科学与技术2011|371326199101214311|北京市公安局海淀分局|20140530|20240530|D:\童瑞堂文件\智慧邮局项目管理\其他\02测试\测试安装包\安装包V1.1\Debug\peripheral\aoto\IDCardlib\image\zp.bmp,有效长度lpNumberOfBytesRead=256
<<15:51:42.037#信息>>[IDCR_ReadData]调用结束

<<15:51:42.037#信息>>[IDCR_CancelRead]调用开始
<<15:51:42.038#信息>>[IDCR_CancelRead]返回值：0(成功)
<<15:51:42.038#信息>>[IDCR_CancelRead]调用结束

<<15:51:50.904#信息>>[DllMain]-------------动态库卸载------------------

<<15:52:32.670#信息>>[InitializeData]日志保存天数：[30]
<<15:52:32.671#信息>>[InitializeData]GetModuleFileName：[D:\童瑞堂文件\智慧邮局项目管理\其他\02测试\测试安装包\安装包V1.1\Debug\]
<<15:52:32.671#信息>>[InitializeData]GetCurrentDirectory：[D:\童瑞堂文件\智慧邮局项目管理\其他\02测试\测试安装包\安装包V1.1\Debug]
<<15:52:32.676#信息>>[InitializeData]调用结束
<<15:52:32.678#信息>>[IDCR_Initialize]去掉入参非法字符前lpszConfigXml=<?xml version ="1.0" encoding="utf-8"?><Device>  <DeviceId>IDCard001</DeviceId>  <LogLevel>3</LogLevel></Device>
<<15:52:32.679#信息>>[IDCR_Initialize]去掉入参非法字符后lpszConfigXml=<?xml version ="1.0" encoding="utf-8"?><Device>  <DeviceId>IDCard001</DeviceId>  <LogLevel>3</LogLevel></Device>
<<15:52:32.679#信息>>[IDCR_Initialize]设备标识为：IDCard001,日志级别为：3
<<15:52:32.680#信息>>[IDCR_Initialize]读取串口信息：Com3
<<15:52:32.832#信息>>[IDCR_Initialize]当前身份证阅读器波特率为: 115200
<<15:52:32.846#信息>>[IDCR_Initialize]返回值：0(成功)
<<15:52:32.849#信息>>[IDCR_Initialize]调用开始

<<15:52:35.177#信息>>[IDCR_DataAvailable]寻卡成功
<<15:52:35.193#信息>>[IDCR_DataAvailable]选卡成功
<<15:52:35.979#信息>>[IDCR_DataAvailable]读卡成功
<<15:52:35.987#信息>>[IDCR_DataAvailable]返回值：0(成功)，lpAvailable:1
<<15:52:35.987#信息>>[IDCR_DataAvailable]调用结束

<<15:52:35.988#信息>>[IDCR_ReadData]调用开始
<<15:52:35.989#信息>>[IDCR_ReadData]参数dwIndex=0,dwBufferSize=256
<<15:52:35.989#信息>>[IDCR_ReadData]调用开始
<<15:52:35.990#信息>>[IDCR_ReadData]参数dwIndex=1,dwBufferSize=200
<<15:52:35.990#信息>>[IDCR_ReadData]读取姓名：陈祥宝
<<15:52:35.991#信息>>[IDCR_ReadData]返回值:0(成功),返回的数据lpBuffer=陈祥宝,有效长度lpNumberOfBytesRead=6
<<15:52:35.991#信息>>[IDCR_ReadData]调用结束

<<15:52:35.992#信息>>[IDCR_ReadData]调用开始
<<15:52:35.992#信息>>[IDCR_ReadData]参数dwIndex=2,dwBufferSize=200
<<15:52:35.993#信息>>[IDCR_ReadData]读取性别：男
<<15:52:35.993#信息>>[IDCR_ReadData]返回值:0(成功),返回的数据lpBuffer=男,有效长度lpNumberOfBytesRead=2
<<15:52:35.994#信息>>[IDCR_ReadData]调用结束

<<15:52:35.994#信息>>[IDCR_ReadData]调用开始
<<15:52:35.995#信息>>[IDCR_ReadData]参数dwIndex=3,dwBufferSize=200
<<15:52:35.995#信息>>[IDCR_ReadData]读取民族：汉族
<<15:52:35.996#信息>>[IDCR_ReadData]返回值:0(成功),返回的数据lpBuffer=汉族,有效长度lpNumberOfBytesRead=4
<<15:52:35.996#信息>>[IDCR_ReadData]调用结束

<<15:52:35.997#信息>>[IDCR_ReadData]调用开始
<<15:52:35.997#信息>>[IDCR_ReadData]参数dwIndex=4,dwBufferSize=200
<<15:52:35.998#信息>>[IDCR_ReadData]读取出生日期：19910121
<<15:52:35.998#信息>>[IDCR_ReadData]返回值:0(成功),返回的数据lpBuffer=19910121,有效长度lpNumberOfBytesRead=8
<<15:52:35.999#信息>>[IDCR_ReadData]调用结束

<<15:52:35.999#信息>>[IDCR_ReadData]调用开始
<<15:52:36.000#信息>>[IDCR_ReadData]参数dwIndex=5,dwBufferSize=200
<<15:52:36.000#信息>>[IDCR_ReadData]读取住址：北京市海淀区西土城路10号北京邮电大学世纪学院计算机科学与技术2011
<<15:52:36.001#信息>>[IDCR_ReadData]返回值:0(成功),返回的数据lpBuffer=北京市海淀区西土城路10号北京邮电大学世纪学院计算机科学与技术2011,有效长度lpNumberOfBytesRead=64
<<15:52:36.001#信息>>[IDCR_ReadData]调用结束

<<15:52:36.002#信息>>[IDCR_ReadData]调用开始
<<15:52:36.002#信息>>[IDCR_ReadData]参数dwIndex=6,dwBufferSize=200
<<15:52:36.003#信息>>[IDCR_ReadData]读取身份证号：371326199101214311
<<15:52:36.003#信息>>[IDCR_ReadData]返回值:0(成功),返回的数据lpBuffer=371326199101214311,有效长度lpNumberOfBytesRead=18
<<15:52:36.004#信息>>[IDCR_ReadData]调用结束

<<15:52:36.004#信息>>[IDCR_ReadData]调用开始
<<15:52:36.005#信息>>[IDCR_ReadData]参数dwIndex=7,dwBufferSize=200
<<15:52:36.005#信息>>[IDCR_ReadData]读取签发机关：北京市公安局海淀分局
<<15:52:36.006#信息>>[IDCR_ReadData]返回值:0(成功),返回的数据lpBuffer=北京市公安局海淀分局,有效长度lpNumberOfBytesRead=20
<<15:52:36.006#信息>>[IDCR_ReadData]调用结束

<<15:52:36.007#信息>>[IDCR_ReadData]调用开始
<<15:52:36.007#信息>>[IDCR_ReadData]参数dwIndex=8,dwBufferSize=200
<<15:52:36.008#信息>>[IDCR_ReadData]读取有效期限--生效日期：20140530
<<15:52:36.008#信息>>[IDCR_ReadData]返回值:0(成功),返回的数据lpBuffer=20140530,有效长度lpNumberOfBytesRead=8
<<15:52:36.009#信息>>[IDCR_ReadData]调用结束

<<15:52:36.009#信息>>[IDCR_ReadData]调用开始
<<15:52:36.010#信息>>[IDCR_ReadData]参数dwIndex=9,dwBufferSize=200
<<15:52:36.010#信息>>[IDCR_ReadData]读取有效期限--失效日期：20240530
<<15:52:36.011#信息>>[IDCR_ReadData]返回值:0(成功),返回的数据lpBuffer=20240530,有效长度lpNumberOfBytesRead=8
<<15:52:36.011#信息>>[IDCR_ReadData]调用结束

<<15:52:36.012#信息>>[IDCR_ReadData]返回值:0(成功),返回的数据lpBuffer=陈祥宝|男|汉族|19910121|北京市海淀区西土城路10号北京邮电大学世纪学院计算机科学与技术2011|371326199101214311|北京市公安局海淀分局|20140530|20240530|D:\童瑞堂文件\智慧邮局项目管理\其他\02测试\测试安装包\安装包V1.1\Debug\peripheral\aoto\IDCardlib\image\zp.bmp,有效长度lpNumberOfBytesRead=256
<<15:52:36.012#信息>>[IDCR_ReadData]调用结束

<<15:52:36.013#信息>>[IDCR_CancelRead]调用开始
<<15:52:36.013#信息>>[IDCR_CancelRead]返回值：0(成功)
<<15:52:36.014#信息>>[IDCR_CancelRead]调用结束

<<15:54:29.315#信息>>[DllMain]-------------动态库卸载------------------

<<15:55:25.139#信息>>[InitializeData]日志保存天数：[30]
<<15:55:25.140#信息>>[InitializeData]GetModuleFileName：[D:\童瑞堂文件\智慧邮局项目管理\其他\02测试\测试安装包\安装包V1.2\Debug\]
<<15:55:25.140#信息>>[InitializeData]GetCurrentDirectory：[D:\童瑞堂文件\智慧邮局项目管理\其他\02测试\测试安装包\安装包V1.2\Debug]
<<15:55:25.146#信息>>[InitializeData]调用结束
<<15:55:25.148#信息>>[IDCR_Initialize]去掉入参非法字符前lpszConfigXml=<?xml version ="1.0" encoding="utf-8"?><Device>  <DeviceId>IDCard001</DeviceId>  <LogLevel>3</LogLevel></Device>
<<15:55:25.148#信息>>[IDCR_Initialize]去掉入参非法字符后lpszConfigXml=<?xml version ="1.0" encoding="utf-8"?><Device>  <DeviceId>IDCard001</DeviceId>  <LogLevel>3</LogLevel></Device>
<<15:55:25.149#信息>>[IDCR_Initialize]设备标识为：IDCard001,日志级别为：3
<<15:55:25.149#信息>>[IDCR_Initialize]读取串口信息：Com3
<<15:55:25.294#信息>>[IDCR_Initialize]当前身份证阅读器波特率为: 115200
<<15:55:25.307#信息>>[IDCR_Initialize]返回值：0(成功)
<<15:55:25.308#信息>>[IDCR_Initialize]调用开始

<<15:55:27.544#信息>>[IDCR_DataAvailable]寻卡成功
<<15:55:27.560#信息>>[IDCR_DataAvailable]选卡成功
<<15:55:28.347#信息>>[IDCR_DataAvailable]读卡成功
<<15:55:28.353#信息>>[IDCR_DataAvailable]返回值：0(成功)，lpAvailable:1
<<15:55:28.354#信息>>[IDCR_DataAvailable]调用结束

<<15:55:28.354#信息>>[IDCR_ReadData]调用开始
<<15:55:28.355#信息>>[IDCR_ReadData]参数dwIndex=0,dwBufferSize=256
<<15:55:28.355#信息>>[IDCR_ReadData]调用开始
<<15:55:28.356#信息>>[IDCR_ReadData]参数dwIndex=1,dwBufferSize=200
<<15:55:28.356#信息>>[IDCR_ReadData]读取姓名：陈祥宝
<<15:55:28.357#信息>>[IDCR_ReadData]返回值:0(成功),返回的数据lpBuffer=陈祥宝,有效长度lpNumberOfBytesRead=6
<<15:55:28.357#信息>>[IDCR_ReadData]调用结束

<<15:55:28.358#信息>>[IDCR_ReadData]调用开始
<<15:55:28.359#信息>>[IDCR_ReadData]参数dwIndex=2,dwBufferSize=200
<<15:55:28.359#信息>>[IDCR_ReadData]读取性别：男
<<15:55:28.360#信息>>[IDCR_ReadData]返回值:0(成功),返回的数据lpBuffer=男,有效长度lpNumberOfBytesRead=2
<<15:55:28.360#信息>>[IDCR_ReadData]调用结束

<<15:55:28.361#信息>>[IDCR_ReadData]调用开始
<<15:55:28.361#信息>>[IDCR_ReadData]参数dwIndex=3,dwBufferSize=200
<<15:55:28.362#信息>>[IDCR_ReadData]读取民族：汉族
<<15:55:28.362#信息>>[IDCR_ReadData]返回值:0(成功),返回的数据lpBuffer=汉族,有效长度lpNumberOfBytesRead=4
<<15:55:28.363#信息>>[IDCR_ReadData]调用结束

<<15:55:28.363#信息>>[IDCR_ReadData]调用开始
<<15:55:28.364#信息>>[IDCR_ReadData]参数dwIndex=4,dwBufferSize=200
<<15:55:28.364#信息>>[IDCR_ReadData]读取出生日期：19910121
<<15:55:28.365#信息>>[IDCR_ReadData]返回值:0(成功),返回的数据lpBuffer=19910121,有效长度lpNumberOfBytesRead=8
<<15:55:28.365#信息>>[IDCR_ReadData]调用结束

<<15:55:28.366#信息>>[IDCR_ReadData]调用开始
<<15:55:28.366#信息>>[IDCR_ReadData]参数dwIndex=5,dwBufferSize=200
<<15:55:28.367#信息>>[IDCR_ReadData]读取住址：北京市海淀区西土城路10号北京邮电大学世纪学院计算机科学与技术2011
<<15:55:28.367#信息>>[IDCR_ReadData]返回值:0(成功),返回的数据lpBuffer=北京市海淀区西土城路10号北京邮电大学世纪学院计算机科学与技术2011,有效长度lpNumberOfBytesRead=64
<<15:55:28.368#信息>>[IDCR_ReadData]调用结束

<<15:55:28.368#信息>>[IDCR_ReadData]调用开始
<<15:55:28.369#信息>>[IDCR_ReadData]参数dwIndex=6,dwBufferSize=200
<<15:55:28.369#信息>>[IDCR_ReadData]读取身份证号：371326199101214311
<<15:55:28.370#信息>>[IDCR_ReadData]返回值:0(成功),返回的数据lpBuffer=371326199101214311,有效长度lpNumberOfBytesRead=18
<<15:55:28.370#信息>>[IDCR_ReadData]调用结束

<<15:55:28.371#信息>>[IDCR_ReadData]调用开始
<<15:55:28.371#信息>>[IDCR_ReadData]参数dwIndex=7,dwBufferSize=200
<<15:55:28.372#信息>>[IDCR_ReadData]读取签发机关：北京市公安局海淀分局
<<15:55:28.372#信息>>[IDCR_ReadData]返回值:0(成功),返回的数据lpBuffer=北京市公安局海淀分局,有效长度lpNumberOfBytesRead=20
<<15:55:28.373#信息>>[IDCR_ReadData]调用结束

<<15:55:28.373#信息>>[IDCR_ReadData]调用开始
<<15:55:28.374#信息>>[IDCR_ReadData]参数dwIndex=8,dwBufferSize=200
<<15:55:28.374#信息>>[IDCR_ReadData]读取有效期限--生效日期：20140530
<<15:55:28.375#信息>>[IDCR_ReadData]返回值:0(成功),返回的数据lpBuffer=20140530,有效长度lpNumberOfBytesRead=8
<<15:55:28.375#信息>>[IDCR_ReadData]调用结束

<<15:55:28.375#信息>>[IDCR_ReadData]调用开始
<<15:55:28.376#信息>>[IDCR_ReadData]参数dwIndex=9,dwBufferSize=200
<<15:55:28.376#信息>>[IDCR_ReadData]读取有效期限--失效日期：20240530
<<15:55:28.377#信息>>[IDCR_ReadData]返回值:0(成功),返回的数据lpBuffer=20240530,有效长度lpNumberOfBytesRead=8
<<15:55:28.377#信息>>[IDCR_ReadData]调用结束

<<15:55:28.378#信息>>[IDCR_ReadData]返回值:0(成功),返回的数据lpBuffer=陈祥宝|男|汉族|19910121|北京市海淀区西土城路10号北京邮电大学世纪学院计算机科学与技术2011|371326199101214311|北京市公安局海淀分局|20140530|20240530|D:\童瑞堂文件\智慧邮局项目管理\其他\02测试\测试安装包\安装包V1.2\Debug\peripheral\aoto\IDCardlib\image\zp.bmp,有效长度lpNumberOfBytesRead=256
<<15:55:28.378#信息>>[IDCR_ReadData]调用结束

<<15:55:28.379#信息>>[IDCR_CancelRead]调用开始
<<15:55:28.379#信息>>[IDCR_CancelRead]返回值：0(成功)
<<15:55:28.380#信息>>[IDCR_CancelRead]调用结束

<<15:55:49.788#信息>>[DllMain]-------------动态库卸载------------------

