<<10:45:27.365#信息>>[InitializeData]日志保存天数：[30]
<<10:45:27.366#信息>>[InitializeData]GetModuleFileName：[E:\lwh\安装包V1.2\Debug\]
<<10:45:27.367#信息>>[InitializeData]GetCurrentDirectory：[E:\lwh\安装包V1.2\Debug]
<<10:45:27.374#信息>>[InitializeData]调用结束
<<10:45:27.375#信息>>[IDCR_Initialize]去掉入参非法字符前lpszConfigXml=<?xml version ="1.0" encoding="utf-8"?><Device>  <DeviceId>IDCard001</DeviceId>  <LogLevel>3</LogLevel></Device>
<<10:45:27.376#信息>>[IDCR_Initialize]去掉入参非法字符后lpszConfigXml=<?xml version ="1.0" encoding="utf-8"?><Device>  <DeviceId>IDCard001</DeviceId>  <LogLevel>3</LogLevel></Device>
<<10:45:27.376#信息>>[IDCR_Initialize]设备标识为：IDCard001,日志级别为：3
<<10:45:27.378#信息>>[IDCR_Initialize]读取串口信息：Com3
<<10:45:27.378#信息>>[IDCR_Initialize]获取身份证阅读器波特率失败, [SDT_GetCOMBaud]返回值：[0X05]
<<10:45:27.378#信息>>[IDCR_Initialize]设置身份证阅读器波特率失败, [SDT_SetCOMBaud]返回值：[0X01]
<<10:45:27.379#信息>>[IDCR_Initialize]端口 3 打开失败, [SDT_OpenPort]返回值：[0X01]
<<10:45:27.388#错误>>[IDCR_BeginRead]Error：设备未初始化
<<10:45:27.388#信息>>[IDCR_BeginRead]返回值：3004(失败)
<<10:45:27.388#信息>>[IDCR_BeginRead]调用结束

<<10:45:27.389#信息>>[IDCR_CancelRead]调用开始
<<10:45:27.389#错误>>[IDCR_CancelRead]Error：设备未初始化
<<10:45:27.390#信息>>[IDCR_CancelRead]返回值：3004(失败)
<<10:45:27.390#信息>>[IDCR_CancelRead]调用结束

<<10:46:04.314#信息>>[DllMain]-------------动态库卸载------------------

<<10:46:56.132#信息>>[InitializeData]日志保存天数：[30]
<<10:46:56.132#信息>>[InitializeData]GetModuleFileName：[E:\lwh\安装包V1.2\Debug\]
<<10:46:56.133#信息>>[InitializeData]GetCurrentDirectory：[E:\lwh\安装包V1.2\Debug]
<<10:46:56.137#信息>>[InitializeData]调用结束
<<10:46:56.138#信息>>[IDCR_Initialize]去掉入参非法字符前lpszConfigXml=<?xml version ="1.0" encoding="utf-8"?><Device>  <DeviceId>IDCard001</DeviceId>  <LogLevel>3</LogLevel></Device>
<<10:46:56.139#信息>>[IDCR_Initialize]去掉入参非法字符后lpszConfigXml=<?xml version ="1.0" encoding="utf-8"?><Device>  <DeviceId>IDCard001</DeviceId>  <LogLevel>3</LogLevel></Device>
<<10:46:56.139#信息>>[IDCR_Initialize]设备标识为：IDCard001,日志级别为：3
<<10:46:56.140#信息>>[IDCR_Initialize]读取串口信息：Com3
<<10:46:56.140#信息>>[IDCR_Initialize]获取身份证阅读器波特率失败, [SDT_GetCOMBaud]返回值：[0X05]
<<10:46:56.141#信息>>[IDCR_Initialize]设置身份证阅读器波特率失败, [SDT_SetCOMBaud]返回值：[0X01]
<<10:46:56.141#信息>>[IDCR_Initialize]端口 3 打开失败, [SDT_OpenPort]返回值：[0X01]
<<10:46:56.144#错误>>[IDCR_BeginRead]Error：设备未初始化
<<10:46:56.145#信息>>[IDCR_BeginRead]返回值：3004(失败)
<<10:46:56.145#信息>>[IDCR_BeginRead]调用结束

<<10:46:56.146#信息>>[IDCR_CancelRead]调用开始
<<10:46:56.146#错误>>[IDCR_CancelRead]Error：设备未初始化
<<10:46:56.147#信息>>[IDCR_CancelRead]返回值：3004(失败)
<<10:46:56.147#信息>>[IDCR_CancelRead]调用结束

<<10:47:11.849#信息>>[DllMain]-------------动态库卸载------------------

<<10:47:26.423#信息>>[InitializeData]日志保存天数：[30]
<<10:47:26.423#信息>>[InitializeData]GetModuleFileName：[E:\lwh\安装包V1.2\Debug\]
<<10:47:26.424#信息>>[InitializeData]GetCurrentDirectory：[E:\lwh\安装包V1.2\Debug]
<<10:47:26.428#信息>>[InitializeData]调用结束
<<10:47:26.429#信息>>[IDCR_Initialize]去掉入参非法字符前lpszConfigXml=<?xml version ="1.0" encoding="utf-8"?><Device>  <DeviceId>IDCard001</DeviceId>  <LogLevel>3</LogLevel></Device>
<<10:47:26.429#信息>>[IDCR_Initialize]去掉入参非法字符后lpszConfigXml=<?xml version ="1.0" encoding="utf-8"?><Device>  <DeviceId>IDCard001</DeviceId>  <LogLevel>3</LogLevel></Device>
<<10:47:26.430#信息>>[IDCR_Initialize]设备标识为：IDCard001,日志级别为：3
<<10:47:26.430#信息>>[IDCR_Initialize]读取串口信息：Com3
<<10:47:26.430#信息>>[IDCR_Initialize]获取身份证阅读器波特率失败, [SDT_GetCOMBaud]返回值：[0X05]
<<10:47:26.431#信息>>[IDCR_Initialize]设置身份证阅读器波特率失败, [SDT_SetCOMBaud]返回值：[0X01]
<<10:47:26.431#信息>>[IDCR_Initialize]端口 3 打开失败, [SDT_OpenPort]返回值：[0X01]
<<10:47:26.434#错误>>[IDCR_BeginRead]Error：设备未初始化
<<10:47:26.435#信息>>[IDCR_BeginRead]返回值：3004(失败)
<<10:47:26.435#信息>>[IDCR_BeginRead]调用结束

<<10:47:26.436#信息>>[IDCR_CancelRead]调用开始
<<10:47:26.436#错误>>[IDCR_CancelRead]Error：设备未初始化
<<10:47:26.437#信息>>[IDCR_CancelRead]返回值：3004(失败)
<<10:47:26.437#信息>>[IDCR_CancelRead]调用结束

<<10:47:32.272#信息>>[DllMain]-------------动态库卸载------------------

<<10:48:00.144#信息>>[InitializeData]日志保存天数：[30]
<<10:48:00.145#信息>>[InitializeData]GetModuleFileName：[E:\lwh\安装包V1.2\Debug\]
<<10:48:00.145#信息>>[InitializeData]GetCurrentDirectory：[E:\lwh\安装包V1.2\Debug]
<<10:48:00.149#信息>>[InitializeData]调用结束
<<10:48:00.150#信息>>[IDCR_Initialize]去掉入参非法字符前lpszConfigXml=<?xml version ="1.0" encoding="utf-8"?><Device>  <DeviceId>IDCard001</DeviceId>  <LogLevel>3</LogLevel></Device>
<<10:48:00.151#信息>>[IDCR_Initialize]去掉入参非法字符后lpszConfigXml=<?xml version ="1.0" encoding="utf-8"?><Device>  <DeviceId>IDCard001</DeviceId>  <LogLevel>3</LogLevel></Device>
<<10:48:00.151#信息>>[IDCR_Initialize]设备标识为：IDCard001,日志级别为：3
<<10:48:00.152#信息>>[IDCR_Initialize]读取串口信息：Com12
<<10:48:00.298#信息>>[IDCR_Initialize]当前身份证阅读器波特率为: 115200
<<10:48:00.311#信息>>[IDCR_Initialize]返回值：0(成功)
<<10:48:00.311#信息>>[IDCR_Initialize]调用开始

<<10:48:01.829#信息>>[IDCR_DataAvailable]寻卡成功
<<10:48:01.845#信息>>[IDCR_DataAvailable]选卡成功
<<10:48:02.633#信息>>[IDCR_DataAvailable]读卡成功
<<10:48:02.641#信息>>[IDCR_DataAvailable]返回值：0(成功)，lpAvailable:1
<<10:48:02.641#信息>>[IDCR_DataAvailable]调用结束

<<10:48:02.641#信息>>[IDCR_ReadData]调用开始
<<10:48:02.642#信息>>[IDCR_ReadData]参数dwIndex=0,dwBufferSize=256
<<10:48:02.642#信息>>[IDCR_ReadData]调用开始
<<10:48:02.643#信息>>[IDCR_ReadData]参数dwIndex=1,dwBufferSize=200
<<10:48:02.643#信息>>[IDCR_ReadData]读取姓名：王宇
<<10:48:02.643#信息>>[IDCR_ReadData]返回值:0(成功),返回的数据lpBuffer=王宇,有效长度lpNumberOfBytesRead=4
<<10:48:02.644#信息>>[IDCR_ReadData]调用结束

<<10:48:02.644#信息>>[IDCR_ReadData]调用开始
<<10:48:02.645#信息>>[IDCR_ReadData]参数dwIndex=2,dwBufferSize=200
<<10:48:02.645#信息>>[IDCR_ReadData]读取性别：男
<<10:48:02.645#信息>>[IDCR_ReadData]返回值:0(成功),返回的数据lpBuffer=男,有效长度lpNumberOfBytesRead=2
<<10:48:02.646#信息>>[IDCR_ReadData]调用结束

<<10:48:02.646#信息>>[IDCR_ReadData]调用开始
<<10:48:02.646#信息>>[IDCR_ReadData]参数dwIndex=3,dwBufferSize=200
<<10:48:02.647#信息>>[IDCR_ReadData]读取民族：汉族
<<10:48:02.647#信息>>[IDCR_ReadData]返回值:0(成功),返回的数据lpBuffer=汉族,有效长度lpNumberOfBytesRead=4
<<10:48:02.648#信息>>[IDCR_ReadData]调用结束

<<10:48:02.648#信息>>[IDCR_ReadData]调用开始
<<10:48:02.649#信息>>[IDCR_ReadData]参数dwIndex=4,dwBufferSize=200
<<10:48:02.649#信息>>[IDCR_ReadData]读取出生日期：19950624
<<10:48:02.649#信息>>[IDCR_ReadData]返回值:0(成功),返回的数据lpBuffer=19950624,有效长度lpNumberOfBytesRead=8
<<10:48:02.650#信息>>[IDCR_ReadData]调用结束

<<10:48:02.650#信息>>[IDCR_ReadData]调用开始
<<10:48:02.650#信息>>[IDCR_ReadData]参数dwIndex=5,dwBufferSize=200
<<10:48:02.651#信息>>[IDCR_ReadData]读取住址：湖北省天门市皂市镇二龙大道9-003号
<<10:48:02.651#信息>>[IDCR_ReadData]返回值:0(成功),返回的数据lpBuffer=湖北省天门市皂市镇二龙大道9-003号,有效长度lpNumberOfBytesRead=33
<<10:48:02.651#信息>>[IDCR_ReadData]调用结束

<<10:48:02.652#信息>>[IDCR_ReadData]调用开始
<<10:48:02.652#信息>>[IDCR_ReadData]参数dwIndex=6,dwBufferSize=200
<<10:48:02.652#信息>>[IDCR_ReadData]读取身份证号：42900619950624579X
<<10:48:02.653#信息>>[IDCR_ReadData]返回值:0(成功),返回的数据lpBuffer=42900619950624579X,有效长度lpNumberOfBytesRead=18
<<10:48:02.653#信息>>[IDCR_ReadData]调用结束

<<10:48:02.654#信息>>[IDCR_ReadData]调用开始
<<10:48:02.654#信息>>[IDCR_ReadData]参数dwIndex=7,dwBufferSize=200
<<10:48:02.654#信息>>[IDCR_ReadData]读取签发机关：天门市公安局
<<10:48:02.655#信息>>[IDCR_ReadData]返回值:0(成功),返回的数据lpBuffer=天门市公安局,有效长度lpNumberOfBytesRead=12
<<10:48:02.655#信息>>[IDCR_ReadData]调用结束

<<10:48:02.655#信息>>[IDCR_ReadData]调用开始
<<10:48:02.656#信息>>[IDCR_ReadData]参数dwIndex=8,dwBufferSize=200
<<10:48:02.656#信息>>[IDCR_ReadData]读取有效期限--生效日期：20140807
<<10:48:02.656#信息>>[IDCR_ReadData]返回值:0(成功),返回的数据lpBuffer=20140807,有效长度lpNumberOfBytesRead=8
<<10:48:02.657#信息>>[IDCR_ReadData]调用结束

<<10:48:02.657#信息>>[IDCR_ReadData]调用开始
<<10:48:02.657#信息>>[IDCR_ReadData]参数dwIndex=9,dwBufferSize=200
<<10:48:02.658#信息>>[IDCR_ReadData]读取有效期限--失效日期：20240807
<<10:48:02.658#信息>>[IDCR_ReadData]返回值:0(成功),返回的数据lpBuffer=20240807,有效长度lpNumberOfBytesRead=8
<<10:48:02.658#信息>>[IDCR_ReadData]调用结束

<<10:48:02.659#信息>>[IDCR_ReadData]返回值:0(成功),返回的数据lpBuffer=王宇|男|汉族|19950624|湖北省天门市皂市镇二龙大道9-003号|42900619950624579X|天门市公安局|20140807|20240807|E:\lwh\安装包V1.2\Debug\peripheral\aoto\IDCardlib\image\zp.bmp,有效长度lpNumberOfBytesRead=168
<<10:48:02.659#信息>>[IDCR_ReadData]调用结束

<<10:48:02.660#信息>>[IDCR_CancelRead]调用开始
<<10:48:02.660#信息>>[IDCR_CancelRead]返回值：0(成功)
<<10:48:02.660#信息>>[IDCR_CancelRead]调用结束

<<10:50:44.838#信息>>[IDCR_CancelRead]调用开始
<<10:50:44.840#信息>>[IDCR_CancelRead]返回值：0(成功)
<<10:50:44.842#信息>>[IDCR_CancelRead]调用结束

<<10:51:31.200#信息>>[IDCR_CancelRead]调用开始
<<10:51:31.203#信息>>[IDCR_CancelRead]返回值：0(成功)
<<10:51:31.205#信息>>[IDCR_CancelRead]调用结束

<<10:51:38.736#信息>>[DllMain]-------------动态库卸载------------------

<<10:51:44.393#信息>>[InitializeData]日志保存天数：[30]
<<10:51:44.393#信息>>[InitializeData]GetModuleFileName：[E:\lwh\安装包V1.2\Debug\]
<<10:51:44.394#信息>>[InitializeData]GetCurrentDirectory：[E:\lwh\安装包V1.2\Debug]
<<10:51:44.397#信息>>[InitializeData]调用结束
<<10:51:44.399#信息>>[IDCR_Initialize]去掉入参非法字符前lpszConfigXml=<?xml version ="1.0" encoding="utf-8"?><Device>  <DeviceId>IDCard001</DeviceId>  <LogLevel>3</LogLevel></Device>
<<10:51:44.399#信息>>[IDCR_Initialize]去掉入参非法字符后lpszConfigXml=<?xml version ="1.0" encoding="utf-8"?><Device>  <DeviceId>IDCard001</DeviceId>  <LogLevel>3</LogLevel></Device>
<<10:51:44.400#信息>>[IDCR_Initialize]设备标识为：IDCard001,日志级别为：3
<<10:51:44.400#信息>>[IDCR_Initialize]读取串口信息：Com12
<<10:51:44.401#信息>>[IDCR_Initialize]获取身份证阅读器波特率失败, [SDT_GetCOMBaud]返回值：[0X05]
<<10:51:44.401#信息>>[IDCR_Initialize]设置身份证阅读器波特率失败, [SDT_SetCOMBaud]返回值：[0X01]
<<10:51:44.402#信息>>[IDCR_Initialize]端口 12 打开失败, [SDT_OpenPort]返回值：[0X01]
<<10:51:44.404#错误>>[IDCR_BeginRead]Error：设备未初始化
<<10:51:44.405#信息>>[IDCR_BeginRead]返回值：3004(失败)
<<10:51:44.405#信息>>[IDCR_BeginRead]调用结束

<<10:51:44.406#信息>>[IDCR_CancelRead]调用开始
<<10:51:44.406#错误>>[IDCR_CancelRead]Error：设备未初始化
<<10:51:44.406#信息>>[IDCR_CancelRead]返回值：3004(失败)
<<10:51:44.407#信息>>[IDCR_CancelRead]调用结束

<<10:52:26.938#信息>>[DllMain]-------------动态库卸载------------------

<<10:52:45.606#信息>>[InitializeData]日志保存天数：[30]
<<10:52:45.607#信息>>[InitializeData]GetModuleFileName：[E:\lwh\安装包V1.2\Debug\]
<<10:52:45.607#信息>>[InitializeData]GetCurrentDirectory：[E:\lwh\安装包V1.2\Debug]
<<10:52:45.611#信息>>[InitializeData]调用结束
<<10:52:45.612#信息>>[IDCR_Initialize]去掉入参非法字符前lpszConfigXml=<?xml version ="1.0" encoding="utf-8"?><Device>  <DeviceId>IDCard001</DeviceId>  <LogLevel>3</LogLevel></Device>
<<10:52:45.613#信息>>[IDCR_Initialize]去掉入参非法字符后lpszConfigXml=<?xml version ="1.0" encoding="utf-8"?><Device>  <DeviceId>IDCard001</DeviceId>  <LogLevel>3</LogLevel></Device>
<<10:52:45.613#信息>>[IDCR_Initialize]设备标识为：IDCard001,日志级别为：3
<<10:52:45.613#信息>>[IDCR_Initialize]读取串口信息：Com12
<<10:52:45.750#信息>>[IDCR_Initialize]当前身份证阅读器波特率为: 115200
<<10:52:45.764#信息>>[IDCR_Initialize]返回值：0(成功)
<<10:52:45.766#信息>>[IDCR_Initialize]调用开始

<<10:52:47.295#信息>>[IDCR_DataAvailable]寻卡成功
<<10:52:47.311#信息>>[IDCR_DataAvailable]选卡成功
<<10:52:48.099#信息>>[IDCR_DataAvailable]读卡成功
<<10:52:48.106#信息>>[IDCR_DataAvailable]返回值：0(成功)，lpAvailable:1
<<10:52:48.107#信息>>[IDCR_DataAvailable]调用结束

<<10:52:48.107#信息>>[IDCR_ReadData]调用开始
<<10:52:48.108#信息>>[IDCR_ReadData]参数dwIndex=0,dwBufferSize=256
<<10:52:48.108#信息>>[IDCR_ReadData]调用开始
<<10:52:48.108#信息>>[IDCR_ReadData]参数dwIndex=1,dwBufferSize=200
<<10:52:48.109#信息>>[IDCR_ReadData]读取姓名：王宇
<<10:52:48.109#信息>>[IDCR_ReadData]返回值:0(成功),返回的数据lpBuffer=王宇,有效长度lpNumberOfBytesRead=4
<<10:52:48.110#信息>>[IDCR_ReadData]调用结束

<<10:52:48.110#信息>>[IDCR_ReadData]调用开始
<<10:52:48.110#信息>>[IDCR_ReadData]参数dwIndex=2,dwBufferSize=200
<<10:52:48.111#信息>>[IDCR_ReadData]读取性别：男
<<10:52:48.111#信息>>[IDCR_ReadData]返回值:0(成功),返回的数据lpBuffer=男,有效长度lpNumberOfBytesRead=2
<<10:52:48.112#信息>>[IDCR_ReadData]调用结束

<<10:52:48.112#信息>>[IDCR_ReadData]调用开始
<<10:52:48.112#信息>>[IDCR_ReadData]参数dwIndex=3,dwBufferSize=200
<<10:52:48.113#信息>>[IDCR_ReadData]读取民族：汉族
<<10:52:48.113#信息>>[IDCR_ReadData]返回值:0(成功),返回的数据lpBuffer=汉族,有效长度lpNumberOfBytesRead=4
<<10:52:48.114#信息>>[IDCR_ReadData]调用结束

<<10:52:48.114#信息>>[IDCR_ReadData]调用开始
<<10:52:48.114#信息>>[IDCR_ReadData]参数dwIndex=4,dwBufferSize=200
<<10:52:48.115#信息>>[IDCR_ReadData]读取出生日期：19950624
<<10:52:48.115#信息>>[IDCR_ReadData]返回值:0(成功),返回的数据lpBuffer=19950624,有效长度lpNumberOfBytesRead=8
<<10:52:48.115#信息>>[IDCR_ReadData]调用结束

<<10:52:48.116#信息>>[IDCR_ReadData]调用开始
<<10:52:48.116#信息>>[IDCR_ReadData]参数dwIndex=5,dwBufferSize=200
<<10:52:48.117#信息>>[IDCR_ReadData]读取住址：湖北省天门市皂市镇二龙大道9-003号
<<10:52:48.117#信息>>[IDCR_ReadData]返回值:0(成功),返回的数据lpBuffer=湖北省天门市皂市镇二龙大道9-003号,有效长度lpNumberOfBytesRead=33
<<10:52:48.117#信息>>[IDCR_ReadData]调用结束

<<10:52:48.118#信息>>[IDCR_ReadData]调用开始
<<10:52:48.118#信息>>[IDCR_ReadData]参数dwIndex=6,dwBufferSize=200
<<10:52:48.119#信息>>[IDCR_ReadData]读取身份证号：42900619950624579X
<<10:52:48.119#信息>>[IDCR_ReadData]返回值:0(成功),返回的数据lpBuffer=42900619950624579X,有效长度lpNumberOfBytesRead=18
<<10:52:48.120#信息>>[IDCR_ReadData]调用结束

<<10:52:48.120#信息>>[IDCR_ReadData]调用开始
<<10:52:48.120#信息>>[IDCR_ReadData]参数dwIndex=7,dwBufferSize=200
<<10:52:48.121#信息>>[IDCR_ReadData]读取签发机关：天门市公安局
<<10:52:48.121#信息>>[IDCR_ReadData]返回值:0(成功),返回的数据lpBuffer=天门市公安局,有效长度lpNumberOfBytesRead=12
<<10:52:48.121#信息>>[IDCR_ReadData]调用结束

<<10:52:48.122#信息>>[IDCR_ReadData]调用开始
<<10:52:48.122#信息>>[IDCR_ReadData]参数dwIndex=8,dwBufferSize=200
<<10:52:48.123#信息>>[IDCR_ReadData]读取有效期限--生效日期：20140807
<<10:52:48.123#信息>>[IDCR_ReadData]返回值:0(成功),返回的数据lpBuffer=20140807,有效长度lpNumberOfBytesRead=8
<<10:52:48.123#信息>>[IDCR_ReadData]调用结束

<<10:52:48.124#信息>>[IDCR_ReadData]调用开始
<<10:52:48.124#信息>>[IDCR_ReadData]参数dwIndex=9,dwBufferSize=200
<<10:52:48.124#信息>>[IDCR_ReadData]读取有效期限--失效日期：20240807
<<10:52:48.125#信息>>[IDCR_ReadData]返回值:0(成功),返回的数据lpBuffer=20240807,有效长度lpNumberOfBytesRead=8
<<10:52:48.125#信息>>[IDCR_ReadData]调用结束

<<10:52:48.125#信息>>[IDCR_ReadData]返回值:0(成功),返回的数据lpBuffer=王宇|男|汉族|19950624|湖北省天门市皂市镇二龙大道9-003号|42900619950624579X|天门市公安局|20140807|20240807|E:\lwh\安装包V1.2\Debug\peripheral\aoto\IDCardlib\image\zp.bmp,有效长度lpNumberOfBytesRead=168
<<10:52:48.126#信息>>[IDCR_ReadData]调用结束

<<10:52:48.126#信息>>[IDCR_CancelRead]调用开始
<<10:52:48.126#信息>>[IDCR_CancelRead]返回值：0(成功)
<<10:52:48.127#信息>>[IDCR_CancelRead]调用结束

<<10:54:15.680#信息>>[IDCR_CancelRead]调用开始
<<10:54:15.681#信息>>[IDCR_CancelRead]返回值：0(成功)
<<10:54:15.681#信息>>[IDCR_CancelRead]调用结束

<<10:55:02.558#信息>>[IDCR_CancelRead]调用开始
<<10:55:02.559#信息>>[IDCR_CancelRead]返回值：0(成功)
<<10:55:02.560#信息>>[IDCR_CancelRead]调用结束

<<10:55:18.405#信息>>[DllMain]-------------动态库卸载------------------

<<10:55:27.559#信息>>[InitializeData]日志保存天数：[30]
<<10:55:27.560#信息>>[InitializeData]GetModuleFileName：[E:\lwh\安装包V1.2\Debug\]
<<10:55:27.560#信息>>[InitializeData]GetCurrentDirectory：[E:\lwh\安装包V1.2\Debug]
<<10:55:27.564#信息>>[InitializeData]调用结束
<<10:55:27.566#信息>>[IDCR_Initialize]去掉入参非法字符前lpszConfigXml=<?xml version ="1.0" encoding="utf-8"?><Device>  <DeviceId>IDCard001</DeviceId>  <LogLevel>3</LogLevel></Device>
<<10:55:27.566#信息>>[IDCR_Initialize]去掉入参非法字符后lpszConfigXml=<?xml version ="1.0" encoding="utf-8"?><Device>  <DeviceId>IDCard001</DeviceId>  <LogLevel>3</LogLevel></Device>
<<10:55:27.566#信息>>[IDCR_Initialize]设备标识为：IDCard001,日志级别为：3
<<10:55:27.567#信息>>[IDCR_Initialize]读取串口信息：Com12
<<10:55:27.567#信息>>[IDCR_Initialize]获取身份证阅读器波特率失败, [SDT_GetCOMBaud]返回值：[0X05]
<<10:55:27.568#信息>>[IDCR_Initialize]设置身份证阅读器波特率失败, [SDT_SetCOMBaud]返回值：[0X01]
<<10:55:27.568#信息>>[IDCR_Initialize]端口 12 打开失败, [SDT_OpenPort]返回值：[0X01]
<<10:55:27.571#错误>>[IDCR_BeginRead]Error：设备未初始化
<<10:55:27.572#信息>>[IDCR_BeginRead]返回值：3004(失败)
<<10:55:27.572#信息>>[IDCR_BeginRead]调用结束

<<10:55:27.573#信息>>[IDCR_CancelRead]调用开始
<<10:55:27.573#错误>>[IDCR_CancelRead]Error：设备未初始化
<<10:55:27.573#信息>>[IDCR_CancelRead]返回值：3004(失败)
<<10:55:27.574#信息>>[IDCR_CancelRead]调用结束

<<10:56:02.055#信息>>[DllMain]-------------动态库卸载------------------

<<10:56:20.570#信息>>[InitializeData]日志保存天数：[30]
<<10:56:20.570#信息>>[InitializeData]GetModuleFileName：[E:\lwh\安装包V1.2\Debug\]
<<10:56:20.571#信息>>[InitializeData]GetCurrentDirectory：[E:\lwh\安装包V1.2\Debug]
<<10:56:20.575#信息>>[InitializeData]调用结束
<<10:56:20.576#信息>>[IDCR_Initialize]去掉入参非法字符前lpszConfigXml=<?xml version ="1.0" encoding="utf-8"?><Device>  <DeviceId>IDCard001</DeviceId>  <LogLevel>3</LogLevel></Device>
<<10:56:20.577#信息>>[IDCR_Initialize]去掉入参非法字符后lpszConfigXml=<?xml version ="1.0" encoding="utf-8"?><Device>  <DeviceId>IDCard001</DeviceId>  <LogLevel>3</LogLevel></Device>
<<10:56:20.577#信息>>[IDCR_Initialize]设备标识为：IDCard001,日志级别为：3
<<10:56:20.578#信息>>[IDCR_Initialize]读取串口信息：Com12
<<10:56:20.726#信息>>[IDCR_Initialize]当前身份证阅读器波特率为: 115200
<<10:56:20.739#信息>>[IDCR_Initialize]返回值：0(成功)
<<10:56:20.739#信息>>[IDCR_Initialize]调用开始

<<10:56:21.648#信息>>[IDCR_DataAvailable]寻卡成功
<<10:56:21.664#信息>>[IDCR_DataAvailable]选卡成功
<<10:56:22.452#信息>>[IDCR_DataAvailable]读卡成功
<<10:56:22.460#信息>>[IDCR_DataAvailable]返回值：0(成功)，lpAvailable:1
<<10:56:22.460#信息>>[IDCR_DataAvailable]调用结束

<<10:56:22.461#信息>>[IDCR_ReadData]调用开始
<<10:56:22.461#信息>>[IDCR_ReadData]参数dwIndex=0,dwBufferSize=256
<<10:56:22.461#信息>>[IDCR_ReadData]调用开始
<<10:56:22.462#信息>>[IDCR_ReadData]参数dwIndex=1,dwBufferSize=200
<<10:56:22.462#信息>>[IDCR_ReadData]读取姓名：王宇
<<10:56:22.463#信息>>[IDCR_ReadData]返回值:0(成功),返回的数据lpBuffer=王宇,有效长度lpNumberOfBytesRead=4
<<10:56:22.463#信息>>[IDCR_ReadData]调用结束

<<10:56:22.463#信息>>[IDCR_ReadData]调用开始
<<10:56:22.464#信息>>[IDCR_ReadData]参数dwIndex=2,dwBufferSize=200
<<10:56:22.464#信息>>[IDCR_ReadData]读取性别：男
<<10:56:22.464#信息>>[IDCR_ReadData]返回值:0(成功),返回的数据lpBuffer=男,有效长度lpNumberOfBytesRead=2
<<10:56:22.465#信息>>[IDCR_ReadData]调用结束

<<10:56:22.465#信息>>[IDCR_ReadData]调用开始
<<10:56:22.466#信息>>[IDCR_ReadData]参数dwIndex=3,dwBufferSize=200
<<10:56:22.466#信息>>[IDCR_ReadData]读取民族：汉族
<<10:56:22.466#信息>>[IDCR_ReadData]返回值:0(成功),返回的数据lpBuffer=汉族,有效长度lpNumberOfBytesRead=4
<<10:56:22.467#信息>>[IDCR_ReadData]调用结束

<<10:56:22.467#信息>>[IDCR_ReadData]调用开始
<<10:56:22.468#信息>>[IDCR_ReadData]参数dwIndex=4,dwBufferSize=200
<<10:56:22.468#信息>>[IDCR_ReadData]读取出生日期：19950624
<<10:56:22.468#信息>>[IDCR_ReadData]返回值:0(成功),返回的数据lpBuffer=19950624,有效长度lpNumberOfBytesRead=8
<<10:56:22.469#信息>>[IDCR_ReadData]调用结束

<<10:56:22.469#信息>>[IDCR_ReadData]调用开始
<<10:56:22.469#信息>>[IDCR_ReadData]参数dwIndex=5,dwBufferSize=200
<<10:56:22.470#信息>>[IDCR_ReadData]读取住址：湖北省天门市皂市镇二龙大道9-003号
<<10:56:22.470#信息>>[IDCR_ReadData]返回值:0(成功),返回的数据lpBuffer=湖北省天门市皂市镇二龙大道9-003号,有效长度lpNumberOfBytesRead=33
<<10:56:22.471#信息>>[IDCR_ReadData]调用结束

<<10:56:22.471#信息>>[IDCR_ReadData]调用开始
<<10:56:22.471#信息>>[IDCR_ReadData]参数dwIndex=6,dwBufferSize=200
<<10:56:22.472#信息>>[IDCR_ReadData]读取身份证号：42900619950624579X
<<10:56:22.472#信息>>[IDCR_ReadData]返回值:0(成功),返回的数据lpBuffer=42900619950624579X,有效长度lpNumberOfBytesRead=18
<<10:56:22.472#信息>>[IDCR_ReadData]调用结束

<<10:56:22.473#信息>>[IDCR_ReadData]调用开始
<<10:56:22.473#信息>>[IDCR_ReadData]参数dwIndex=7,dwBufferSize=200
<<10:56:22.474#信息>>[IDCR_ReadData]读取签发机关：天门市公安局
<<10:56:22.474#信息>>[IDCR_ReadData]返回值:0(成功),返回的数据lpBuffer=天门市公安局,有效长度lpNumberOfBytesRead=12
<<10:56:22.474#信息>>[IDCR_ReadData]调用结束

<<10:56:22.475#信息>>[IDCR_ReadData]调用开始
<<10:56:22.475#信息>>[IDCR_ReadData]参数dwIndex=8,dwBufferSize=200
<<10:56:22.476#信息>>[IDCR_ReadData]读取有效期限--生效日期：20140807
<<10:56:22.476#信息>>[IDCR_ReadData]返回值:0(成功),返回的数据lpBuffer=20140807,有效长度lpNumberOfBytesRead=8
<<10:56:22.477#信息>>[IDCR_ReadData]调用结束

<<10:56:22.477#信息>>[IDCR_ReadData]调用开始
<<10:56:22.477#信息>>[IDCR_ReadData]参数dwIndex=9,dwBufferSize=200
<<10:56:22.478#信息>>[IDCR_ReadData]读取有效期限--失效日期：20240807
<<10:56:22.478#信息>>[IDCR_ReadData]返回值:0(成功),返回的数据lpBuffer=20240807,有效长度lpNumberOfBytesRead=8
<<10:56:22.478#信息>>[IDCR_ReadData]调用结束

<<10:56:22.479#信息>>[IDCR_ReadData]返回值:0(成功),返回的数据lpBuffer=王宇|男|汉族|19950624|湖北省天门市皂市镇二龙大道9-003号|42900619950624579X|天门市公安局|20140807|20240807|E:\lwh\安装包V1.2\Debug\peripheral\aoto\IDCardlib\image\zp.bmp,有效长度lpNumberOfBytesRead=168
<<10:56:22.479#信息>>[IDCR_ReadData]调用结束

<<10:56:22.480#信息>>[IDCR_CancelRead]调用开始
<<10:56:22.480#信息>>[IDCR_CancelRead]返回值：0(成功)
<<10:56:22.480#信息>>[IDCR_CancelRead]调用结束

<<10:56:44.869#信息>>[IDCR_CancelRead]调用开始
<<10:56:44.870#信息>>[IDCR_CancelRead]返回值：0(成功)
<<10:56:44.871#信息>>[IDCR_CancelRead]调用结束

<<10:58:14.861#信息>>[DllMain]-------------动态库卸载------------------

<<14:31:27.993#信息>>[InitializeData]日志保存天数：[30]
<<14:31:27.994#信息>>[InitializeData]GetModuleFileName：[E:\lwh\安装包V1.2\Debug\]
<<14:31:27.994#信息>>[InitializeData]GetCurrentDirectory：[E:\lwh\安装包V1.2\Debug]
<<14:31:27.998#信息>>[InitializeData]调用结束
<<14:31:27.999#信息>>[IDCR_Initialize]去掉入参非法字符前lpszConfigXml=<?xml version ="1.0" encoding="utf-8"?><Device>  <DeviceId>IDCard001</DeviceId>  <LogLevel>3</LogLevel></Device>
<<14:31:28.000#信息>>[IDCR_Initialize]去掉入参非法字符后lpszConfigXml=<?xml version ="1.0" encoding="utf-8"?><Device>  <DeviceId>IDCard001</DeviceId>  <LogLevel>3</LogLevel></Device>
<<14:31:28.000#信息>>[IDCR_Initialize]设备标识为：IDCard001,日志级别为：3
<<14:31:28.001#信息>>[IDCR_Initialize]读取串口信息：Com12
<<14:31:28.140#信息>>[IDCR_Initialize]当前身份证阅读器波特率为: 115200
<<14:31:28.153#信息>>[IDCR_Initialize]返回值：0(成功)
<<14:31:28.153#信息>>[IDCR_Initialize]调用开始

<<14:31:38.706#信息>>[IDCR_CancelRead]调用开始
<<14:31:38.707#信息>>[IDCR_CancelRead]返回值：0(成功)
<<14:31:38.708#信息>>[IDCR_CancelRead]调用结束

<<14:31:58.282#信息>>[DllMain]-------------动态库卸载------------------

<<15:27:55.975#信息>>[InitializeData]日志保存天数：[30]
<<15:27:55.976#信息>>[InitializeData]GetModuleFileName：[E:\lwh\安装包V1.2\Debug\]
<<15:27:55.976#信息>>[InitializeData]GetCurrentDirectory：[E:\lwh\安装包V1.2\Debug]
<<15:27:55.980#信息>>[InitializeData]调用结束
<<15:27:55.981#信息>>[IDCR_Initialize]去掉入参非法字符前lpszConfigXml=<?xml version ="1.0" encoding="utf-8"?><Device>  <DeviceId>IDCard001</DeviceId>  <LogLevel>3</LogLevel></Device>
<<15:27:55.981#信息>>[IDCR_Initialize]去掉入参非法字符后lpszConfigXml=<?xml version ="1.0" encoding="utf-8"?><Device>  <DeviceId>IDCard001</DeviceId>  <LogLevel>3</LogLevel></Device>
<<15:27:55.982#信息>>[IDCR_Initialize]设备标识为：IDCard001,日志级别为：3
<<15:27:55.982#信息>>[IDCR_Initialize]读取串口信息：Com12
<<15:27:56.122#信息>>[IDCR_Initialize]当前身份证阅读器波特率为: 115200
<<15:27:56.135#信息>>[IDCR_Initialize]返回值：0(成功)
<<15:27:56.136#信息>>[IDCR_Initialize]调用开始

<<15:27:59.762#信息>>[IDCR_DataAvailable]寻卡成功
<<15:27:59.778#信息>>[IDCR_DataAvailable]选卡成功
<<15:28:00.566#信息>>[IDCR_DataAvailable]读卡成功
<<15:28:00.574#信息>>[IDCR_DataAvailable]返回值：0(成功)，lpAvailable:1
<<15:28:00.575#信息>>[IDCR_DataAvailable]调用结束

<<15:28:00.575#信息>>[IDCR_ReadData]调用开始
<<15:28:00.575#信息>>[IDCR_ReadData]参数dwIndex=0,dwBufferSize=256
<<15:28:00.576#信息>>[IDCR_ReadData]调用开始
<<15:28:00.576#信息>>[IDCR_ReadData]参数dwIndex=1,dwBufferSize=200
<<15:28:00.576#信息>>[IDCR_ReadData]读取姓名：王宇
<<15:28:00.577#信息>>[IDCR_ReadData]返回值:0(成功),返回的数据lpBuffer=王宇,有效长度lpNumberOfBytesRead=4
<<15:28:00.577#信息>>[IDCR_ReadData]调用结束

<<15:28:00.578#信息>>[IDCR_ReadData]调用开始
<<15:28:00.578#信息>>[IDCR_ReadData]参数dwIndex=2,dwBufferSize=200
<<15:28:00.578#信息>>[IDCR_ReadData]读取性别：男
<<15:28:00.579#信息>>[IDCR_ReadData]返回值:0(成功),返回的数据lpBuffer=男,有效长度lpNumberOfBytesRead=2
<<15:28:00.579#信息>>[IDCR_ReadData]调用结束

<<15:28:00.579#信息>>[IDCR_ReadData]调用开始
<<15:28:00.580#信息>>[IDCR_ReadData]参数dwIndex=3,dwBufferSize=200
<<15:28:00.580#信息>>[IDCR_ReadData]读取民族：汉族
<<15:28:00.580#信息>>[IDCR_ReadData]返回值:0(成功),返回的数据lpBuffer=汉族,有效长度lpNumberOfBytesRead=4
<<15:28:00.581#信息>>[IDCR_ReadData]调用结束

<<15:28:00.581#信息>>[IDCR_ReadData]调用开始
<<15:28:00.581#信息>>[IDCR_ReadData]参数dwIndex=4,dwBufferSize=200
<<15:28:00.582#信息>>[IDCR_ReadData]读取出生日期：19950624
<<15:28:00.582#信息>>[IDCR_ReadData]返回值:0(成功),返回的数据lpBuffer=19950624,有效长度lpNumberOfBytesRead=8
<<15:28:00.583#信息>>[IDCR_ReadData]调用结束

<<15:28:00.583#信息>>[IDCR_ReadData]调用开始
<<15:28:00.583#信息>>[IDCR_ReadData]参数dwIndex=5,dwBufferSize=200
<<15:28:00.584#信息>>[IDCR_ReadData]读取住址：湖北省天门市皂市镇二龙大道9-003号
<<15:28:00.584#信息>>[IDCR_ReadData]返回值:0(成功),返回的数据lpBuffer=湖北省天门市皂市镇二龙大道9-003号,有效长度lpNumberOfBytesRead=33
<<15:28:00.584#信息>>[IDCR_ReadData]调用结束

<<15:28:00.585#信息>>[IDCR_ReadData]调用开始
<<15:28:00.585#信息>>[IDCR_ReadData]参数dwIndex=6,dwBufferSize=200
<<15:28:00.585#信息>>[IDCR_ReadData]读取身份证号：42900619950624579X
<<15:28:00.587#信息>>[IDCR_ReadData]返回值:0(成功),返回的数据lpBuffer=42900619950624579X,有效长度lpNumberOfBytesRead=18
<<15:28:00.587#信息>>[IDCR_ReadData]调用结束

<<15:28:00.587#信息>>[IDCR_ReadData]调用开始
<<15:28:00.587#信息>>[IDCR_ReadData]参数dwIndex=7,dwBufferSize=200
<<15:28:00.587#信息>>[IDCR_ReadData]读取签发机关：天门市公安局
<<15:28:00.588#信息>>[IDCR_ReadData]返回值:0(成功),返回的数据lpBuffer=天门市公安局,有效长度lpNumberOfBytesRead=12
<<15:28:00.588#信息>>[IDCR_ReadData]调用结束

<<15:28:00.589#信息>>[IDCR_ReadData]调用开始
<<15:28:00.589#信息>>[IDCR_ReadData]参数dwIndex=8,dwBufferSize=200
<<15:28:00.589#信息>>[IDCR_ReadData]读取有效期限--生效日期：20140807
<<15:28:00.590#信息>>[IDCR_ReadData]返回值:0(成功),返回的数据lpBuffer=20140807,有效长度lpNumberOfBytesRead=8
<<15:28:00.590#信息>>[IDCR_ReadData]调用结束

<<15:28:00.590#信息>>[IDCR_ReadData]调用开始
<<15:28:00.591#信息>>[IDCR_ReadData]参数dwIndex=9,dwBufferSize=200
<<15:28:00.591#信息>>[IDCR_ReadData]读取有效期限--失效日期：20240807
<<15:28:00.591#信息>>[IDCR_ReadData]返回值:0(成功),返回的数据lpBuffer=20240807,有效长度lpNumberOfBytesRead=8
<<15:28:00.592#信息>>[IDCR_ReadData]调用结束

<<15:28:00.592#信息>>[IDCR_ReadData]返回值:0(成功),返回的数据lpBuffer=王宇|男|汉族|19950624|湖北省天门市皂市镇二龙大道9-003号|42900619950624579X|天门市公安局|20140807|20240807|E:\lwh\安装包V1.2\Debug\peripheral\aoto\IDCardlib\image\zp.bmp,有效长度lpNumberOfBytesRead=168
<<15:28:00.592#信息>>[IDCR_ReadData]调用结束

<<15:28:00.593#信息>>[IDCR_CancelRead]调用开始
<<15:28:00.593#信息>>[IDCR_CancelRead]返回值：0(成功)
<<15:28:00.593#信息>>[IDCR_CancelRead]调用结束

<<15:28:13.797#信息>>[DllMain]-------------动态库卸载------------------

<<15:57:43.881#信息>>[InitializeData]日志保存天数：[30]
<<15:57:43.882#信息>>[InitializeData]GetModuleFileName：[E:\lwh\安装包V1.2\Debug\]
<<15:57:43.882#信息>>[InitializeData]GetCurrentDirectory：[E:\lwh\安装包V1.2\Debug]
<<15:57:43.886#信息>>[InitializeData]调用结束
<<15:57:43.888#信息>>[IDCR_Initialize]去掉入参非法字符前lpszConfigXml=<?xml version ="1.0" encoding="utf-8"?><Device>  <DeviceId>IDCard001</DeviceId>  <LogLevel>3</LogLevel></Device>
<<15:57:43.888#信息>>[IDCR_Initialize]去掉入参非法字符后lpszConfigXml=<?xml version ="1.0" encoding="utf-8"?><Device>  <DeviceId>IDCard001</DeviceId>  <LogLevel>3</LogLevel></Device>
<<15:57:43.889#信息>>[IDCR_Initialize]设备标识为：IDCard001,日志级别为：3
<<15:57:43.889#信息>>[IDCR_Initialize]读取串口信息：Com12
<<15:57:44.037#信息>>[IDCR_Initialize]当前身份证阅读器波特率为: 115200
<<15:57:44.050#信息>>[IDCR_Initialize]返回值：0(成功)
<<15:57:44.051#信息>>[IDCR_Initialize]调用开始

<<15:57:49.788#信息>>[IDCR_DataAvailable]寻卡成功
<<15:57:49.804#信息>>[IDCR_DataAvailable]选卡成功
<<15:57:50.592#信息>>[IDCR_DataAvailable]读卡成功
<<15:57:50.599#信息>>[IDCR_DataAvailable]返回值：0(成功)，lpAvailable:1
<<15:57:50.600#信息>>[IDCR_DataAvailable]调用结束

<<15:57:50.600#信息>>[IDCR_ReadData]调用开始
<<15:57:50.601#信息>>[IDCR_ReadData]参数dwIndex=0,dwBufferSize=256
<<15:57:50.601#信息>>[IDCR_ReadData]调用开始
<<15:57:50.602#信息>>[IDCR_ReadData]参数dwIndex=1,dwBufferSize=200
<<15:57:50.602#信息>>[IDCR_ReadData]读取姓名：王宇
<<15:57:50.603#信息>>[IDCR_ReadData]返回值:0(成功),返回的数据lpBuffer=王宇,有效长度lpNumberOfBytesRead=4
<<15:57:50.603#信息>>[IDCR_ReadData]调用结束

<<15:57:50.603#信息>>[IDCR_ReadData]调用开始
<<15:57:50.604#信息>>[IDCR_ReadData]参数dwIndex=2,dwBufferSize=200
<<15:57:50.604#信息>>[IDCR_ReadData]读取性别：男
<<15:57:50.604#信息>>[IDCR_ReadData]返回值:0(成功),返回的数据lpBuffer=男,有效长度lpNumberOfBytesRead=2
<<15:57:50.605#信息>>[IDCR_ReadData]调用结束

<<15:57:50.605#信息>>[IDCR_ReadData]调用开始
<<15:57:50.606#信息>>[IDCR_ReadData]参数dwIndex=3,dwBufferSize=200
<<15:57:50.606#信息>>[IDCR_ReadData]读取民族：汉族
<<15:57:50.606#信息>>[IDCR_ReadData]返回值:0(成功),返回的数据lpBuffer=汉族,有效长度lpNumberOfBytesRead=4
<<15:57:50.607#信息>>[IDCR_ReadData]调用结束

<<15:57:50.607#信息>>[IDCR_ReadData]调用开始
<<15:57:50.607#信息>>[IDCR_ReadData]参数dwIndex=4,dwBufferSize=200
<<15:57:50.608#信息>>[IDCR_ReadData]读取出生日期：19950624
<<15:57:50.608#信息>>[IDCR_ReadData]返回值:0(成功),返回的数据lpBuffer=19950624,有效长度lpNumberOfBytesRead=8
<<15:57:50.609#信息>>[IDCR_ReadData]调用结束

<<15:57:50.609#信息>>[IDCR_ReadData]调用开始
<<15:57:50.609#信息>>[IDCR_ReadData]参数dwIndex=5,dwBufferSize=200
<<15:57:50.610#信息>>[IDCR_ReadData]读取住址：湖北省天门市皂市镇二龙大道9-003号
<<15:57:50.610#信息>>[IDCR_ReadData]返回值:0(成功),返回的数据lpBuffer=湖北省天门市皂市镇二龙大道9-003号,有效长度lpNumberOfBytesRead=33
<<15:57:50.610#信息>>[IDCR_ReadData]调用结束

<<15:57:50.611#信息>>[IDCR_ReadData]调用开始
<<15:57:50.611#信息>>[IDCR_ReadData]参数dwIndex=6,dwBufferSize=200
<<15:57:50.611#信息>>[IDCR_ReadData]读取身份证号：42900619950624579X
<<15:57:50.612#信息>>[IDCR_ReadData]返回值:0(成功),返回的数据lpBuffer=42900619950624579X,有效长度lpNumberOfBytesRead=18
<<15:57:50.612#信息>>[IDCR_ReadData]调用结束

<<15:57:50.613#信息>>[IDCR_ReadData]调用开始
<<15:57:50.613#信息>>[IDCR_ReadData]参数dwIndex=7,dwBufferSize=200
<<15:57:50.613#信息>>[IDCR_ReadData]读取签发机关：天门市公安局
<<15:57:50.614#信息>>[IDCR_ReadData]返回值:0(成功),返回的数据lpBuffer=天门市公安局,有效长度lpNumberOfBytesRead=12
<<15:57:50.614#信息>>[IDCR_ReadData]调用结束

<<15:57:50.614#信息>>[IDCR_ReadData]调用开始
<<15:57:50.615#信息>>[IDCR_ReadData]参数dwIndex=8,dwBufferSize=200
<<15:57:50.615#信息>>[IDCR_ReadData]读取有效期限--生效日期：20140807
<<15:57:50.615#信息>>[IDCR_ReadData]返回值:0(成功),返回的数据lpBuffer=20140807,有效长度lpNumberOfBytesRead=8
<<15:57:50.616#信息>>[IDCR_ReadData]调用结束

<<15:57:50.616#信息>>[IDCR_ReadData]调用开始
<<15:57:50.617#信息>>[IDCR_ReadData]参数dwIndex=9,dwBufferSize=200
<<15:57:50.617#信息>>[IDCR_ReadData]读取有效期限--失效日期：20240807
<<15:57:50.617#信息>>[IDCR_ReadData]返回值:0(成功),返回的数据lpBuffer=20240807,有效长度lpNumberOfBytesRead=8
<<15:57:50.618#信息>>[IDCR_ReadData]调用结束

<<15:57:50.618#信息>>[IDCR_ReadData]返回值:0(成功),返回的数据lpBuffer=王宇|男|汉族|19950624|湖北省天门市皂市镇二龙大道9-003号|42900619950624579X|天门市公安局|20140807|20240807|E:\lwh\安装包V1.2\Debug\peripheral\aoto\IDCardlib\image\zp.bmp,有效长度lpNumberOfBytesRead=168
<<15:57:50.619#信息>>[IDCR_ReadData]调用结束

<<15:57:50.619#信息>>[IDCR_CancelRead]调用开始
<<15:57:50.619#信息>>[IDCR_CancelRead]返回值：0(成功)
<<15:57:50.620#信息>>[IDCR_CancelRead]调用结束

<<15:58:08.383#信息>>[IDCR_DataAvailable]寻卡成功
<<15:58:08.399#信息>>[IDCR_DataAvailable]选卡成功
<<15:58:09.188#信息>>[IDCR_DataAvailable]读卡成功
<<15:58:09.196#信息>>[IDCR_DataAvailable]返回值：0(成功)，lpAvailable:1
<<15:58:09.197#信息>>[IDCR_DataAvailable]调用结束

<<15:58:09.197#信息>>[IDCR_ReadData]调用开始
<<15:58:09.197#信息>>[IDCR_ReadData]参数dwIndex=0,dwBufferSize=256
<<15:58:09.198#信息>>[IDCR_ReadData]调用开始
<<15:58:09.198#信息>>[IDCR_ReadData]参数dwIndex=1,dwBufferSize=200
<<15:58:09.198#信息>>[IDCR_ReadData]读取姓名：王宇
<<15:58:09.199#信息>>[IDCR_ReadData]返回值:0(成功),返回的数据lpBuffer=王宇,有效长度lpNumberOfBytesRead=4
<<15:58:09.199#信息>>[IDCR_ReadData]调用结束

<<15:58:09.199#信息>>[IDCR_ReadData]调用开始
<<15:58:09.200#信息>>[IDCR_ReadData]参数dwIndex=2,dwBufferSize=200
<<15:58:09.200#信息>>[IDCR_ReadData]读取性别：男
<<15:58:09.201#信息>>[IDCR_ReadData]返回值:0(成功),返回的数据lpBuffer=男,有效长度lpNumberOfBytesRead=2
<<15:58:09.201#信息>>[IDCR_ReadData]调用结束

<<15:58:09.201#信息>>[IDCR_ReadData]调用开始
<<15:58:09.202#信息>>[IDCR_ReadData]参数dwIndex=3,dwBufferSize=200
<<15:58:09.202#信息>>[IDCR_ReadData]读取民族：汉族
<<15:58:09.202#信息>>[IDCR_ReadData]返回值:0(成功),返回的数据lpBuffer=汉族,有效长度lpNumberOfBytesRead=4
<<15:58:09.203#信息>>[IDCR_ReadData]调用结束

<<15:58:09.203#信息>>[IDCR_ReadData]调用开始
<<15:58:09.203#信息>>[IDCR_ReadData]参数dwIndex=4,dwBufferSize=200
<<15:58:09.204#信息>>[IDCR_ReadData]读取出生日期：19950624
<<15:58:09.204#信息>>[IDCR_ReadData]返回值:0(成功),返回的数据lpBuffer=19950624,有效长度lpNumberOfBytesRead=8
<<15:58:09.204#信息>>[IDCR_ReadData]调用结束

<<15:58:09.205#信息>>[IDCR_ReadData]调用开始
<<15:58:09.205#信息>>[IDCR_ReadData]参数dwIndex=5,dwBufferSize=200
<<15:58:09.206#信息>>[IDCR_ReadData]读取住址：湖北省天门市皂市镇二龙大道9-003号
<<15:58:09.206#信息>>[IDCR_ReadData]返回值:0(成功),返回的数据lpBuffer=湖北省天门市皂市镇二龙大道9-003号,有效长度lpNumberOfBytesRead=33
<<15:58:09.206#信息>>[IDCR_ReadData]调用结束

<<15:58:09.207#信息>>[IDCR_ReadData]调用开始
<<15:58:09.207#信息>>[IDCR_ReadData]参数dwIndex=6,dwBufferSize=200
<<15:58:09.207#信息>>[IDCR_ReadData]读取身份证号：42900619950624579X
<<15:58:09.208#信息>>[IDCR_ReadData]返回值:0(成功),返回的数据lpBuffer=42900619950624579X,有效长度lpNumberOfBytesRead=18
<<15:58:09.208#信息>>[IDCR_ReadData]调用结束

<<15:58:09.209#信息>>[IDCR_ReadData]调用开始
<<15:58:09.209#信息>>[IDCR_ReadData]参数dwIndex=7,dwBufferSize=200
<<15:58:09.209#信息>>[IDCR_ReadData]读取签发机关：天门市公安局
<<15:58:09.210#信息>>[IDCR_ReadData]返回值:0(成功),返回的数据lpBuffer=天门市公安局,有效长度lpNumberOfBytesRead=12
<<15:58:09.210#信息>>[IDCR_ReadData]调用结束

<<15:58:09.210#信息>>[IDCR_ReadData]调用开始
<<15:58:09.211#信息>>[IDCR_ReadData]参数dwIndex=8,dwBufferSize=200
<<15:58:09.211#信息>>[IDCR_ReadData]读取有效期限--生效日期：20140807
<<15:58:09.212#信息>>[IDCR_ReadData]返回值:0(成功),返回的数据lpBuffer=20140807,有效长度lpNumberOfBytesRead=8
<<15:58:09.212#信息>>[IDCR_ReadData]调用结束

<<15:58:09.212#信息>>[IDCR_ReadData]调用开始
<<15:58:09.213#信息>>[IDCR_ReadData]参数dwIndex=9,dwBufferSize=200
<<15:58:09.213#信息>>[IDCR_ReadData]读取有效期限--失效日期：20240807
<<15:58:09.214#信息>>[IDCR_ReadData]返回值:0(成功),返回的数据lpBuffer=20240807,有效长度lpNumberOfBytesRead=8
<<15:58:09.214#信息>>[IDCR_ReadData]调用结束

<<15:58:09.214#信息>>[IDCR_ReadData]返回值:0(成功),返回的数据lpBuffer=王宇|男|汉族|19950624|湖北省天门市皂市镇二龙大道9-003号|42900619950624579X|天门市公安局|20140807|20240807|E:\lwh\安装包V1.2\Debug\peripheral\aoto\IDCardlib\image\zp.bmp,有效长度lpNumberOfBytesRead=168
<<15:58:09.215#信息>>[IDCR_ReadData]调用结束

<<15:58:09.215#信息>>[IDCR_CancelRead]调用开始
<<15:58:09.215#信息>>[IDCR_CancelRead]返回值：0(成功)
<<15:58:09.216#信息>>[IDCR_CancelRead]调用结束

<<15:58:14.868#信息>>[DllMain]-------------动态库卸载------------------

<<16:02:36.061#信息>>[InitializeData]日志保存天数：[30]
<<16:02:36.062#信息>>[InitializeData]GetModuleFileName：[E:\lwh\安装包V1.2\Debug\]
<<16:02:36.062#信息>>[InitializeData]GetCurrentDirectory：[E:\lwh\安装包V1.2\Debug]
<<16:02:36.066#信息>>[InitializeData]调用结束
<<16:02:36.067#信息>>[IDCR_Initialize]去掉入参非法字符前lpszConfigXml=<?xml version ="1.0" encoding="utf-8"?><Device>  <DeviceId>IDCard001</DeviceId>  <LogLevel>3</LogLevel></Device>
<<16:02:36.068#信息>>[IDCR_Initialize]去掉入参非法字符后lpszConfigXml=<?xml version ="1.0" encoding="utf-8"?><Device>  <DeviceId>IDCard001</DeviceId>  <LogLevel>3</LogLevel></Device>
<<16:02:36.068#信息>>[IDCR_Initialize]设备标识为：IDCard001,日志级别为：3
<<16:02:36.069#信息>>[IDCR_Initialize]读取串口信息：Com12
<<16:02:36.219#信息>>[IDCR_Initialize]当前身份证阅读器波特率为: 115200
<<16:02:36.231#信息>>[IDCR_Initialize]返回值：0(成功)
<<16:02:36.231#信息>>[IDCR_Initialize]调用开始

<<16:02:38.451#信息>>[IDCR_DataAvailable]寻卡成功
<<16:02:38.467#信息>>[IDCR_DataAvailable]选卡成功
<<16:02:39.256#信息>>[IDCR_DataAvailable]读卡成功
<<16:02:39.263#信息>>[IDCR_DataAvailable]返回值：0(成功)，lpAvailable:1
<<16:02:39.264#信息>>[IDCR_DataAvailable]调用结束

<<16:02:39.264#信息>>[IDCR_ReadData]调用开始
<<16:02:39.264#信息>>[IDCR_ReadData]参数dwIndex=0,dwBufferSize=256
<<16:02:39.265#信息>>[IDCR_ReadData]调用开始
<<16:02:39.265#信息>>[IDCR_ReadData]参数dwIndex=1,dwBufferSize=200
<<16:02:39.265#信息>>[IDCR_ReadData]读取姓名：王宇
<<16:02:39.266#信息>>[IDCR_ReadData]返回值:0(成功),返回的数据lpBuffer=王宇,有效长度lpNumberOfBytesRead=4
<<16:02:39.266#信息>>[IDCR_ReadData]调用结束

<<16:02:39.266#信息>>[IDCR_ReadData]调用开始
<<16:02:39.267#信息>>[IDCR_ReadData]参数dwIndex=2,dwBufferSize=200
<<16:02:39.267#信息>>[IDCR_ReadData]读取性别：男
<<16:02:39.268#信息>>[IDCR_ReadData]返回值:0(成功),返回的数据lpBuffer=男,有效长度lpNumberOfBytesRead=2
<<16:02:39.268#信息>>[IDCR_ReadData]调用结束

<<16:02:39.268#信息>>[IDCR_ReadData]调用开始
<<16:02:39.269#信息>>[IDCR_ReadData]参数dwIndex=3,dwBufferSize=200
<<16:02:39.269#信息>>[IDCR_ReadData]读取民族：汉族
<<16:02:39.269#信息>>[IDCR_ReadData]返回值:0(成功),返回的数据lpBuffer=汉族,有效长度lpNumberOfBytesRead=4
<<16:02:39.270#信息>>[IDCR_ReadData]调用结束

<<16:02:39.270#信息>>[IDCR_ReadData]调用开始
<<16:02:39.270#信息>>[IDCR_ReadData]参数dwIndex=4,dwBufferSize=200
<<16:02:39.271#信息>>[IDCR_ReadData]读取出生日期：19950624
<<16:02:39.271#信息>>[IDCR_ReadData]返回值:0(成功),返回的数据lpBuffer=19950624,有效长度lpNumberOfBytesRead=8
<<16:02:39.272#信息>>[IDCR_ReadData]调用结束

<<16:02:39.272#信息>>[IDCR_ReadData]调用开始
<<16:02:39.272#信息>>[IDCR_ReadData]参数dwIndex=5,dwBufferSize=200
<<16:02:39.273#信息>>[IDCR_ReadData]读取住址：湖北省天门市皂市镇二龙大道9-003号
<<16:02:39.273#信息>>[IDCR_ReadData]返回值:0(成功),返回的数据lpBuffer=湖北省天门市皂市镇二龙大道9-003号,有效长度lpNumberOfBytesRead=33
<<16:02:39.273#信息>>[IDCR_ReadData]调用结束

<<16:02:39.274#信息>>[IDCR_ReadData]调用开始
<<16:02:39.274#信息>>[IDCR_ReadData]参数dwIndex=6,dwBufferSize=200
<<16:02:39.274#信息>>[IDCR_ReadData]读取身份证号：42900619950624579X
<<16:02:39.275#信息>>[IDCR_ReadData]返回值:0(成功),返回的数据lpBuffer=42900619950624579X,有效长度lpNumberOfBytesRead=18
<<16:02:39.275#信息>>[IDCR_ReadData]调用结束

<<16:02:39.276#信息>>[IDCR_ReadData]调用开始
<<16:02:39.276#信息>>[IDCR_ReadData]参数dwIndex=7,dwBufferSize=200
<<16:02:39.276#信息>>[IDCR_ReadData]读取签发机关：天门市公安局
<<16:02:39.277#信息>>[IDCR_ReadData]返回值:0(成功),返回的数据lpBuffer=天门市公安局,有效长度lpNumberOfBytesRead=12
<<16:02:39.277#信息>>[IDCR_ReadData]调用结束

<<16:02:39.277#信息>>[IDCR_ReadData]调用开始
<<16:02:39.278#信息>>[IDCR_ReadData]参数dwIndex=8,dwBufferSize=200
<<16:02:39.278#信息>>[IDCR_ReadData]读取有效期限--生效日期：20140807
<<16:02:39.278#信息>>[IDCR_ReadData]返回值:0(成功),返回的数据lpBuffer=20140807,有效长度lpNumberOfBytesRead=8
<<16:02:39.279#信息>>[IDCR_ReadData]调用结束

<<16:02:39.279#信息>>[IDCR_ReadData]调用开始
<<16:02:39.279#信息>>[IDCR_ReadData]参数dwIndex=9,dwBufferSize=200
<<16:02:39.280#信息>>[IDCR_ReadData]读取有效期限--失效日期：20240807
<<16:02:39.280#信息>>[IDCR_ReadData]返回值:0(成功),返回的数据lpBuffer=20240807,有效长度lpNumberOfBytesRead=8
<<16:02:39.281#信息>>[IDCR_ReadData]调用结束

<<16:02:39.281#信息>>[IDCR_ReadData]返回值:0(成功),返回的数据lpBuffer=王宇|男|汉族|19950624|湖北省天门市皂市镇二龙大道9-003号|42900619950624579X|天门市公安局|20140807|20240807|E:\lwh\安装包V1.2\Debug\peripheral\aoto\IDCardlib\image\zp.bmp,有效长度lpNumberOfBytesRead=168
<<16:02:39.281#信息>>[IDCR_ReadData]调用结束

<<16:02:39.282#信息>>[IDCR_CancelRead]调用开始
<<16:02:39.282#信息>>[IDCR_CancelRead]返回值：0(成功)
<<16:02:39.282#信息>>[IDCR_CancelRead]调用结束

<<16:02:58.870#信息>>[IDCR_DataAvailable]寻卡成功
<<16:02:58.886#信息>>[IDCR_DataAvailable]选卡成功
<<16:02:59.675#信息>>[IDCR_DataAvailable]读卡成功
<<16:02:59.682#信息>>[IDCR_DataAvailable]返回值：0(成功)，lpAvailable:1
<<16:02:59.683#信息>>[IDCR_DataAvailable]调用结束

<<16:02:59.683#信息>>[IDCR_ReadData]调用开始
<<16:02:59.683#信息>>[IDCR_ReadData]参数dwIndex=0,dwBufferSize=256
<<16:02:59.684#信息>>[IDCR_ReadData]调用开始
<<16:02:59.684#信息>>[IDCR_ReadData]参数dwIndex=1,dwBufferSize=200
<<16:02:59.684#信息>>[IDCR_ReadData]读取姓名：王宇
<<16:02:59.685#信息>>[IDCR_ReadData]返回值:0(成功),返回的数据lpBuffer=王宇,有效长度lpNumberOfBytesRead=4
<<16:02:59.685#信息>>[IDCR_ReadData]调用结束

<<16:02:59.685#信息>>[IDCR_ReadData]调用开始
<<16:02:59.686#信息>>[IDCR_ReadData]参数dwIndex=2,dwBufferSize=200
<<16:02:59.686#信息>>[IDCR_ReadData]读取性别：男
<<16:02:59.686#信息>>[IDCR_ReadData]返回值:0(成功),返回的数据lpBuffer=男,有效长度lpNumberOfBytesRead=2
<<16:02:59.687#信息>>[IDCR_ReadData]调用结束

<<16:02:59.687#信息>>[IDCR_ReadData]调用开始
<<16:02:59.688#信息>>[IDCR_ReadData]参数dwIndex=3,dwBufferSize=200
<<16:02:59.688#信息>>[IDCR_ReadData]读取民族：汉族
<<16:02:59.688#信息>>[IDCR_ReadData]返回值:0(成功),返回的数据lpBuffer=汉族,有效长度lpNumberOfBytesRead=4
<<16:02:59.689#信息>>[IDCR_ReadData]调用结束

<<16:02:59.689#信息>>[IDCR_ReadData]调用开始
<<16:02:59.689#信息>>[IDCR_ReadData]参数dwIndex=4,dwBufferSize=200
<<16:02:59.690#信息>>[IDCR_ReadData]读取出生日期：19950624
<<16:02:59.690#信息>>[IDCR_ReadData]返回值:0(成功),返回的数据lpBuffer=19950624,有效长度lpNumberOfBytesRead=8
<<16:02:59.690#信息>>[IDCR_ReadData]调用结束

<<16:02:59.691#信息>>[IDCR_ReadData]调用开始
<<16:02:59.691#信息>>[IDCR_ReadData]参数dwIndex=5,dwBufferSize=200
<<16:02:59.691#信息>>[IDCR_ReadData]读取住址：湖北省天门市皂市镇二龙大道9-003号
<<16:02:59.692#信息>>[IDCR_ReadData]返回值:0(成功),返回的数据lpBuffer=湖北省天门市皂市镇二龙大道9-003号,有效长度lpNumberOfBytesRead=33
<<16:02:59.692#信息>>[IDCR_ReadData]调用结束

<<16:02:59.692#信息>>[IDCR_ReadData]调用开始
<<16:02:59.693#信息>>[IDCR_ReadData]参数dwIndex=6,dwBufferSize=200
<<16:02:59.693#信息>>[IDCR_ReadData]读取身份证号：42900619950624579X
<<16:02:59.693#信息>>[IDCR_ReadData]返回值:0(成功),返回的数据lpBuffer=42900619950624579X,有效长度lpNumberOfBytesRead=18
<<16:02:59.694#信息>>[IDCR_ReadData]调用结束

<<16:02:59.694#信息>>[IDCR_ReadData]调用开始
<<16:02:59.695#信息>>[IDCR_ReadData]参数dwIndex=7,dwBufferSize=200
<<16:02:59.695#信息>>[IDCR_ReadData]读取签发机关：天门市公安局
<<16:02:59.695#信息>>[IDCR_ReadData]返回值:0(成功),返回的数据lpBuffer=天门市公安局,有效长度lpNumberOfBytesRead=12
<<16:02:59.696#信息>>[IDCR_ReadData]调用结束

<<16:02:59.696#信息>>[IDCR_ReadData]调用开始
<<16:02:59.696#信息>>[IDCR_ReadData]参数dwIndex=8,dwBufferSize=200
<<16:02:59.697#信息>>[IDCR_ReadData]读取有效期限--生效日期：20140807
<<16:02:59.697#信息>>[IDCR_ReadData]返回值:0(成功),返回的数据lpBuffer=20140807,有效长度lpNumberOfBytesRead=8
<<16:02:59.697#信息>>[IDCR_ReadData]调用结束

<<16:02:59.698#信息>>[IDCR_ReadData]调用开始
<<16:02:59.698#信息>>[IDCR_ReadData]参数dwIndex=9,dwBufferSize=200
<<16:02:59.698#信息>>[IDCR_ReadData]读取有效期限--失效日期：20240807
<<16:02:59.699#信息>>[IDCR_ReadData]返回值:0(成功),返回的数据lpBuffer=20240807,有效长度lpNumberOfBytesRead=8
<<16:02:59.699#信息>>[IDCR_ReadData]调用结束

<<16:02:59.699#信息>>[IDCR_ReadData]返回值:0(成功),返回的数据lpBuffer=王宇|男|汉族|19950624|湖北省天门市皂市镇二龙大道9-003号|42900619950624579X|天门市公安局|20140807|20240807|E:\lwh\安装包V1.2\Debug\peripheral\aoto\IDCardlib\image\zp.bmp,有效长度lpNumberOfBytesRead=168
<<16:02:59.700#信息>>[IDCR_ReadData]调用结束

<<16:02:59.700#信息>>[IDCR_CancelRead]调用开始
<<16:02:59.701#信息>>[IDCR_CancelRead]返回值：0(成功)
<<16:02:59.701#信息>>[IDCR_CancelRead]调用结束

<<16:03:26.898#信息>>[IDCR_DataAvailable]寻卡成功
<<16:03:26.915#信息>>[IDCR_DataAvailable]选卡成功
<<16:03:27.703#信息>>[IDCR_DataAvailable]读卡成功
<<16:03:27.709#信息>>[IDCR_DataAvailable]返回值：0(成功)，lpAvailable:1
<<16:03:27.710#信息>>[IDCR_DataAvailable]调用结束

<<16:03:27.710#信息>>[IDCR_ReadData]调用开始
<<16:03:27.711#信息>>[IDCR_ReadData]参数dwIndex=0,dwBufferSize=256
<<16:03:27.711#信息>>[IDCR_ReadData]调用开始
<<16:03:27.711#信息>>[IDCR_ReadData]参数dwIndex=1,dwBufferSize=200
<<16:03:27.712#信息>>[IDCR_ReadData]读取姓名：王宇
<<16:03:27.712#信息>>[IDCR_ReadData]返回值:0(成功),返回的数据lpBuffer=王宇,有效长度lpNumberOfBytesRead=4
<<16:03:27.712#信息>>[IDCR_ReadData]调用结束

<<16:03:27.713#信息>>[IDCR_ReadData]调用开始
<<16:03:27.713#信息>>[IDCR_ReadData]参数dwIndex=2,dwBufferSize=200
<<16:03:27.714#信息>>[IDCR_ReadData]读取性别：男
<<16:03:27.714#信息>>[IDCR_ReadData]返回值:0(成功),返回的数据lpBuffer=男,有效长度lpNumberOfBytesRead=2
<<16:03:27.714#信息>>[IDCR_ReadData]调用结束

<<16:03:27.715#信息>>[IDCR_ReadData]调用开始
<<16:03:27.715#信息>>[IDCR_ReadData]参数dwIndex=3,dwBufferSize=200
<<16:03:27.715#信息>>[IDCR_ReadData]读取民族：汉族
<<16:03:27.716#信息>>[IDCR_ReadData]返回值:0(成功),返回的数据lpBuffer=汉族,有效长度lpNumberOfBytesRead=4
<<16:03:27.716#信息>>[IDCR_ReadData]调用结束

<<16:03:27.717#信息>>[IDCR_ReadData]调用开始
<<16:03:27.717#信息>>[IDCR_ReadData]参数dwIndex=4,dwBufferSize=200
<<16:03:27.717#信息>>[IDCR_ReadData]读取出生日期：19950624
<<16:03:27.718#信息>>[IDCR_ReadData]返回值:0(成功),返回的数据lpBuffer=19950624,有效长度lpNumberOfBytesRead=8
<<16:03:27.718#信息>>[IDCR_ReadData]调用结束

<<16:03:27.719#信息>>[IDCR_ReadData]调用开始
<<16:03:27.719#信息>>[IDCR_ReadData]参数dwIndex=5,dwBufferSize=200
<<16:03:27.719#信息>>[IDCR_ReadData]读取住址：湖北省天门市皂市镇二龙大道9-003号
<<16:03:27.720#信息>>[IDCR_ReadData]返回值:0(成功),返回的数据lpBuffer=湖北省天门市皂市镇二龙大道9-003号,有效长度lpNumberOfBytesRead=33
<<16:03:27.720#信息>>[IDCR_ReadData]调用结束

<<16:03:27.720#信息>>[IDCR_ReadData]调用开始
<<16:03:27.721#信息>>[IDCR_ReadData]参数dwIndex=6,dwBufferSize=200
<<16:03:27.721#信息>>[IDCR_ReadData]读取身份证号：42900619950624579X
<<16:03:27.721#信息>>[IDCR_ReadData]返回值:0(成功),返回的数据lpBuffer=42900619950624579X,有效长度lpNumberOfBytesRead=18
<<16:03:27.722#信息>>[IDCR_ReadData]调用结束

<<16:03:27.722#信息>>[IDCR_ReadData]调用开始
<<16:03:27.722#信息>>[IDCR_ReadData]参数dwIndex=7,dwBufferSize=200
<<16:03:27.723#信息>>[IDCR_ReadData]读取签发机关：天门市公安局
<<16:03:27.723#信息>>[IDCR_ReadData]返回值:0(成功),返回的数据lpBuffer=天门市公安局,有效长度lpNumberOfBytesRead=12
<<16:03:27.723#信息>>[IDCR_ReadData]调用结束

<<16:03:27.724#信息>>[IDCR_ReadData]调用开始
<<16:03:27.724#信息>>[IDCR_ReadData]参数dwIndex=8,dwBufferSize=200
<<16:03:27.724#信息>>[IDCR_ReadData]读取有效期限--生效日期：20140807
<<16:03:27.725#信息>>[IDCR_ReadData]返回值:0(成功),返回的数据lpBuffer=20140807,有效长度lpNumberOfBytesRead=8
<<16:03:27.725#信息>>[IDCR_ReadData]调用结束

<<16:03:27.725#信息>>[IDCR_ReadData]调用开始
<<16:03:27.726#信息>>[IDCR_ReadData]参数dwIndex=9,dwBufferSize=200
<<16:03:27.726#信息>>[IDCR_ReadData]读取有效期限--失效日期：20240807
<<16:03:27.726#信息>>[IDCR_ReadData]返回值:0(成功),返回的数据lpBuffer=20240807,有效长度lpNumberOfBytesRead=8
<<16:03:27.727#信息>>[IDCR_ReadData]调用结束

<<16:03:27.727#信息>>[IDCR_ReadData]返回值:0(成功),返回的数据lpBuffer=王宇|男|汉族|19950624|湖北省天门市皂市镇二龙大道9-003号|42900619950624579X|天门市公安局|20140807|20240807|E:\lwh\安装包V1.2\Debug\peripheral\aoto\IDCardlib\image\zp.bmp,有效长度lpNumberOfBytesRead=168
<<16:03:27.728#信息>>[IDCR_ReadData]调用结束

<<16:03:27.728#信息>>[IDCR_CancelRead]调用开始
<<16:03:27.728#信息>>[IDCR_CancelRead]返回值：0(成功)
<<16:03:27.729#信息>>[IDCR_CancelRead]调用结束

<<16:03:55.823#信息>>[DllMain]-------------动态库卸载------------------

<<19:50:15.491#信息>>[InitializeData]日志保存天数：[30]
<<19:50:15.491#信息>>[InitializeData]GetModuleFileName：[E:\lwh\安装包V1.2\Debug\]
<<19:50:15.492#信息>>[InitializeData]GetCurrentDirectory：[E:\lwh\安装包V1.2\Debug]
<<19:50:15.496#信息>>[InitializeData]调用结束
<<19:50:15.497#信息>>[IDCR_Initialize]去掉入参非法字符前lpszConfigXml=<?xml version ="1.0" encoding="utf-8"?><Device>  <DeviceId>IDCard001</DeviceId>  <LogLevel>3</LogLevel></Device>
<<19:50:15.497#信息>>[IDCR_Initialize]去掉入参非法字符后lpszConfigXml=<?xml version ="1.0" encoding="utf-8"?><Device>  <DeviceId>IDCard001</DeviceId>  <LogLevel>3</LogLevel></Device>
<<19:50:15.498#信息>>[IDCR_Initialize]设备标识为：IDCard001,日志级别为：3
<<19:50:15.498#信息>>[IDCR_Initialize]读取串口信息：Com12
<<19:50:15.639#信息>>[IDCR_Initialize]当前身份证阅读器波特率为: 115200
<<19:50:15.652#信息>>[IDCR_Initialize]返回值：0(成功)
<<19:50:15.652#信息>>[IDCR_Initialize]调用开始

<<19:50:18.575#信息>>[IDCR_DataAvailable]寻卡成功
<<19:50:18.591#信息>>[IDCR_DataAvailable]选卡成功
<<19:50:19.379#信息>>[IDCR_DataAvailable]读卡成功
<<19:50:19.392#信息>>[IDCR_DataAvailable]返回值：0(成功)，lpAvailable:1
<<19:50:19.393#信息>>[IDCR_DataAvailable]调用结束

<<19:50:19.393#信息>>[IDCR_ReadData]调用开始
<<19:50:19.393#信息>>[IDCR_ReadData]参数dwIndex=0,dwBufferSize=256
<<19:50:19.394#信息>>[IDCR_ReadData]调用开始
<<19:50:19.394#信息>>[IDCR_ReadData]参数dwIndex=1,dwBufferSize=200
<<19:50:19.395#信息>>[IDCR_ReadData]读取姓名：王宇
<<19:50:19.395#信息>>[IDCR_ReadData]返回值:0(成功),返回的数据lpBuffer=王宇,有效长度lpNumberOfBytesRead=4
<<19:50:19.395#信息>>[IDCR_ReadData]调用结束

<<19:50:19.396#信息>>[IDCR_ReadData]调用开始
<<19:50:19.396#信息>>[IDCR_ReadData]参数dwIndex=2,dwBufferSize=200
<<19:50:19.396#信息>>[IDCR_ReadData]读取性别：男
<<19:50:19.397#信息>>[IDCR_ReadData]返回值:0(成功),返回的数据lpBuffer=男,有效长度lpNumberOfBytesRead=2
<<19:50:19.397#信息>>[IDCR_ReadData]调用结束

<<19:50:19.398#信息>>[IDCR_ReadData]调用开始
<<19:50:19.398#信息>>[IDCR_ReadData]参数dwIndex=3,dwBufferSize=200
<<19:50:19.398#信息>>[IDCR_ReadData]读取民族：汉族
<<19:50:19.399#信息>>[IDCR_ReadData]返回值:0(成功),返回的数据lpBuffer=汉族,有效长度lpNumberOfBytesRead=4
<<19:50:19.399#信息>>[IDCR_ReadData]调用结束

<<19:50:19.399#信息>>[IDCR_ReadData]调用开始
<<19:50:19.400#信息>>[IDCR_ReadData]参数dwIndex=4,dwBufferSize=200
<<19:50:19.400#信息>>[IDCR_ReadData]读取出生日期：19950624
<<19:50:19.400#信息>>[IDCR_ReadData]返回值:0(成功),返回的数据lpBuffer=19950624,有效长度lpNumberOfBytesRead=8
<<19:50:19.401#信息>>[IDCR_ReadData]调用结束

<<19:50:19.401#信息>>[IDCR_ReadData]调用开始
<<19:50:19.401#信息>>[IDCR_ReadData]参数dwIndex=5,dwBufferSize=200
<<19:50:19.402#信息>>[IDCR_ReadData]读取住址：湖北省天门市皂市镇二龙大道9-003号
<<19:50:19.402#信息>>[IDCR_ReadData]返回值:0(成功),返回的数据lpBuffer=湖北省天门市皂市镇二龙大道9-003号,有效长度lpNumberOfBytesRead=33
<<19:50:19.402#信息>>[IDCR_ReadData]调用结束

<<19:50:19.403#信息>>[IDCR_ReadData]调用开始
<<19:50:19.403#信息>>[IDCR_ReadData]参数dwIndex=6,dwBufferSize=200
<<19:50:19.404#信息>>[IDCR_ReadData]读取身份证号：42900619950624579X
<<19:50:19.404#信息>>[IDCR_ReadData]返回值:0(成功),返回的数据lpBuffer=42900619950624579X,有效长度lpNumberOfBytesRead=18
<<19:50:19.404#信息>>[IDCR_ReadData]调用结束

<<19:50:19.405#信息>>[IDCR_ReadData]调用开始
<<19:50:19.405#信息>>[IDCR_ReadData]参数dwIndex=7,dwBufferSize=200
<<19:50:19.405#信息>>[IDCR_ReadData]读取签发机关：天门市公安局
<<19:50:19.406#信息>>[IDCR_ReadData]返回值:0(成功),返回的数据lpBuffer=天门市公安局,有效长度lpNumberOfBytesRead=12
<<19:50:19.406#信息>>[IDCR_ReadData]调用结束

<<19:50:19.406#信息>>[IDCR_ReadData]调用开始
<<19:50:19.407#信息>>[IDCR_ReadData]参数dwIndex=8,dwBufferSize=200
<<19:50:19.407#信息>>[IDCR_ReadData]读取有效期限--生效日期：20140807
<<19:50:19.407#信息>>[IDCR_ReadData]返回值:0(成功),返回的数据lpBuffer=20140807,有效长度lpNumberOfBytesRead=8
<<19:50:19.408#信息>>[IDCR_ReadData]调用结束

<<19:50:19.408#信息>>[IDCR_ReadData]调用开始
<<19:50:19.408#信息>>[IDCR_ReadData]参数dwIndex=9,dwBufferSize=200
<<19:50:19.409#信息>>[IDCR_ReadData]读取有效期限--失效日期：20240807
<<19:50:19.409#信息>>[IDCR_ReadData]返回值:0(成功),返回的数据lpBuffer=20240807,有效长度lpNumberOfBytesRead=8
<<19:50:19.410#信息>>[IDCR_ReadData]调用结束

<<19:50:19.410#信息>>[IDCR_ReadData]返回值:0(成功),返回的数据lpBuffer=王宇|男|汉族|19950624|湖北省天门市皂市镇二龙大道9-003号|42900619950624579X|天门市公安局|20140807|20240807|E:\lwh\安装包V1.2\Debug\peripheral\aoto\IDCardlib\image\zp.bmp,有效长度lpNumberOfBytesRead=168
<<19:50:19.410#信息>>[IDCR_ReadData]调用结束

<<19:50:19.411#信息>>[IDCR_CancelRead]调用开始
<<19:50:19.411#信息>>[IDCR_CancelRead]返回值：0(成功)
<<19:50:19.411#信息>>[IDCR_CancelRead]调用结束

<<19:51:17.919#信息>>[IDCR_DataAvailable]寻卡成功
<<19:51:17.935#信息>>[IDCR_DataAvailable]选卡成功
<<19:51:18.723#信息>>[IDCR_DataAvailable]读卡成功
<<19:51:18.731#信息>>[IDCR_DataAvailable]返回值：0(成功)，lpAvailable:1
<<19:51:18.731#信息>>[IDCR_DataAvailable]调用结束

<<19:51:18.732#信息>>[IDCR_ReadData]调用开始
<<19:51:18.732#信息>>[IDCR_ReadData]参数dwIndex=0,dwBufferSize=256
<<19:51:18.732#信息>>[IDCR_ReadData]调用开始
<<19:51:18.733#信息>>[IDCR_ReadData]参数dwIndex=1,dwBufferSize=200
<<19:51:18.733#信息>>[IDCR_ReadData]读取姓名：王宇
<<19:51:18.733#信息>>[IDCR_ReadData]返回值:0(成功),返回的数据lpBuffer=王宇,有效长度lpNumberOfBytesRead=4
<<19:51:18.734#信息>>[IDCR_ReadData]调用结束

<<19:51:18.734#信息>>[IDCR_ReadData]调用开始
<<19:51:18.735#信息>>[IDCR_ReadData]参数dwIndex=2,dwBufferSize=200
<<19:51:18.735#信息>>[IDCR_ReadData]读取性别：男
<<19:51:18.735#信息>>[IDCR_ReadData]返回值:0(成功),返回的数据lpBuffer=男,有效长度lpNumberOfBytesRead=2
<<19:51:18.736#信息>>[IDCR_ReadData]调用结束

<<19:51:18.736#信息>>[IDCR_ReadData]调用开始
<<19:51:18.736#信息>>[IDCR_ReadData]参数dwIndex=3,dwBufferSize=200
<<19:51:18.737#信息>>[IDCR_ReadData]读取民族：汉族
<<19:51:18.737#信息>>[IDCR_ReadData]返回值:0(成功),返回的数据lpBuffer=汉族,有效长度lpNumberOfBytesRead=4
<<19:51:18.737#信息>>[IDCR_ReadData]调用结束

<<19:51:18.738#信息>>[IDCR_ReadData]调用开始
<<19:51:18.738#信息>>[IDCR_ReadData]参数dwIndex=4,dwBufferSize=200
<<19:51:18.738#信息>>[IDCR_ReadData]读取出生日期：19950624
<<19:51:18.739#信息>>[IDCR_ReadData]返回值:0(成功),返回的数据lpBuffer=19950624,有效长度lpNumberOfBytesRead=8
<<19:51:18.739#信息>>[IDCR_ReadData]调用结束

<<19:51:18.740#信息>>[IDCR_ReadData]调用开始
<<19:51:18.740#信息>>[IDCR_ReadData]参数dwIndex=5,dwBufferSize=200
<<19:51:18.740#信息>>[IDCR_ReadData]读取住址：湖北省天门市皂市镇二龙大道9-003号
<<19:51:18.741#信息>>[IDCR_ReadData]返回值:0(成功),返回的数据lpBuffer=湖北省天门市皂市镇二龙大道9-003号,有效长度lpNumberOfBytesRead=33
<<19:51:18.741#信息>>[IDCR_ReadData]调用结束

<<19:51:18.742#信息>>[IDCR_ReadData]调用开始
<<19:51:18.742#信息>>[IDCR_ReadData]参数dwIndex=6,dwBufferSize=200
<<19:51:18.742#信息>>[IDCR_ReadData]读取身份证号：42900619950624579X
<<19:51:18.743#信息>>[IDCR_ReadData]返回值:0(成功),返回的数据lpBuffer=42900619950624579X,有效长度lpNumberOfBytesRead=18
<<19:51:18.743#信息>>[IDCR_ReadData]调用结束

<<19:51:18.744#信息>>[IDCR_ReadData]调用开始
<<19:51:18.744#信息>>[IDCR_ReadData]参数dwIndex=7,dwBufferSize=200
<<19:51:18.744#信息>>[IDCR_ReadData]读取签发机关：天门市公安局
<<19:51:18.745#信息>>[IDCR_ReadData]返回值:0(成功),返回的数据lpBuffer=天门市公安局,有效长度lpNumberOfBytesRead=12
<<19:51:18.745#信息>>[IDCR_ReadData]调用结束

<<19:51:18.745#信息>>[IDCR_ReadData]调用开始
<<19:51:18.746#信息>>[IDCR_ReadData]参数dwIndex=8,dwBufferSize=200
<<19:51:18.746#信息>>[IDCR_ReadData]读取有效期限--生效日期：20140807
<<19:51:18.746#信息>>[IDCR_ReadData]返回值:0(成功),返回的数据lpBuffer=20140807,有效长度lpNumberOfBytesRead=8
<<19:51:18.747#信息>>[IDCR_ReadData]调用结束

<<19:51:18.747#信息>>[IDCR_ReadData]调用开始
<<19:51:18.748#信息>>[IDCR_ReadData]参数dwIndex=9,dwBufferSize=200
<<19:51:18.748#信息>>[IDCR_ReadData]读取有效期限--失效日期：20240807
<<19:51:18.748#信息>>[IDCR_ReadData]返回值:0(成功),返回的数据lpBuffer=20240807,有效长度lpNumberOfBytesRead=8
<<19:51:18.749#信息>>[IDCR_ReadData]调用结束

<<19:51:18.749#信息>>[IDCR_ReadData]返回值:0(成功),返回的数据lpBuffer=王宇|男|汉族|19950624|湖北省天门市皂市镇二龙大道9-003号|42900619950624579X|天门市公安局|20140807|20240807|E:\lwh\安装包V1.2\Debug\peripheral\aoto\IDCardlib\image\zp.bmp,有效长度lpNumberOfBytesRead=168
<<19:51:18.749#信息>>[IDCR_ReadData]调用结束

<<19:51:18.750#信息>>[IDCR_CancelRead]调用开始
<<19:51:18.750#信息>>[IDCR_CancelRead]返回值：0(成功)
<<19:51:18.750#信息>>[IDCR_CancelRead]调用结束

<<19:52:01.186#信息>>[DllMain]-------------动态库卸载------------------

<<19:55:10.906#信息>>[InitializeData]日志保存天数：[30]
<<19:55:10.907#信息>>[InitializeData]GetModuleFileName：[E:\lwh\安装包V1.2\Debug\]
<<19:55:10.907#信息>>[InitializeData]GetCurrentDirectory：[E:\lwh\安装包V1.2\Debug]
<<19:55:10.911#信息>>[InitializeData]调用结束
<<19:55:10.912#信息>>[IDCR_Initialize]去掉入参非法字符前lpszConfigXml=<?xml version ="1.0" encoding="utf-8"?><Device>  <DeviceId>IDCard001</DeviceId>  <LogLevel>3</LogLevel></Device>
<<19:55:10.913#信息>>[IDCR_Initialize]去掉入参非法字符后lpszConfigXml=<?xml version ="1.0" encoding="utf-8"?><Device>  <DeviceId>IDCard001</DeviceId>  <LogLevel>3</LogLevel></Device>
<<19:55:10.913#信息>>[IDCR_Initialize]设备标识为：IDCard001,日志级别为：3
<<19:55:10.913#信息>>[IDCR_Initialize]读取串口信息：Com12
<<19:55:11.058#信息>>[IDCR_Initialize]当前身份证阅读器波特率为: 115200
<<19:55:11.070#信息>>[IDCR_Initialize]返回值：0(成功)
<<19:55:11.070#信息>>[IDCR_Initialize]调用开始

<<19:55:13.290#信息>>[IDCR_DataAvailable]寻卡成功
<<19:55:13.306#信息>>[IDCR_DataAvailable]选卡成功
<<19:55:14.095#信息>>[IDCR_DataAvailable]读卡成功
<<19:55:14.102#信息>>[IDCR_DataAvailable]返回值：0(成功)，lpAvailable:1
<<19:55:14.102#信息>>[IDCR_DataAvailable]调用结束

<<19:55:14.103#信息>>[IDCR_ReadData]调用开始
<<19:55:14.103#信息>>[IDCR_ReadData]参数dwIndex=0,dwBufferSize=256
<<19:55:14.104#信息>>[IDCR_ReadData]调用开始
<<19:55:14.104#信息>>[IDCR_ReadData]参数dwIndex=1,dwBufferSize=200
<<19:55:14.104#信息>>[IDCR_ReadData]读取姓名：王宇
<<19:55:14.105#信息>>[IDCR_ReadData]返回值:0(成功),返回的数据lpBuffer=王宇,有效长度lpNumberOfBytesRead=4
<<19:55:14.105#信息>>[IDCR_ReadData]调用结束

<<19:55:14.106#信息>>[IDCR_ReadData]调用开始
<<19:55:14.106#信息>>[IDCR_ReadData]参数dwIndex=2,dwBufferSize=200
<<19:55:14.106#信息>>[IDCR_ReadData]读取性别：男
<<19:55:14.107#信息>>[IDCR_ReadData]返回值:0(成功),返回的数据lpBuffer=男,有效长度lpNumberOfBytesRead=2
<<19:55:14.107#信息>>[IDCR_ReadData]调用结束

<<19:55:14.108#信息>>[IDCR_ReadData]调用开始
<<19:55:14.108#信息>>[IDCR_ReadData]参数dwIndex=3,dwBufferSize=200
<<19:55:14.109#信息>>[IDCR_ReadData]读取民族：汉族
<<19:55:14.109#信息>>[IDCR_ReadData]返回值:0(成功),返回的数据lpBuffer=汉族,有效长度lpNumberOfBytesRead=4
<<19:55:14.109#信息>>[IDCR_ReadData]调用结束

<<19:55:14.110#信息>>[IDCR_ReadData]调用开始
<<19:55:14.110#信息>>[IDCR_ReadData]参数dwIndex=4,dwBufferSize=200
<<19:55:14.111#信息>>[IDCR_ReadData]读取出生日期：19950624
<<19:55:14.111#信息>>[IDCR_ReadData]返回值:0(成功),返回的数据lpBuffer=19950624,有效长度lpNumberOfBytesRead=8
<<19:55:14.111#信息>>[IDCR_ReadData]调用结束

<<19:55:14.112#信息>>[IDCR_ReadData]调用开始
<<19:55:14.112#信息>>[IDCR_ReadData]参数dwIndex=5,dwBufferSize=200
<<19:55:14.112#信息>>[IDCR_ReadData]读取住址：湖北省天门市皂市镇二龙大道9-003号
<<19:55:14.113#信息>>[IDCR_ReadData]返回值:0(成功),返回的数据lpBuffer=湖北省天门市皂市镇二龙大道9-003号,有效长度lpNumberOfBytesRead=33
<<19:55:14.113#信息>>[IDCR_ReadData]调用结束

<<19:55:14.113#信息>>[IDCR_ReadData]调用开始
<<19:55:14.114#信息>>[IDCR_ReadData]参数dwIndex=6,dwBufferSize=200
<<19:55:14.114#信息>>[IDCR_ReadData]读取身份证号：42900619950624579X
<<19:55:14.114#信息>>[IDCR_ReadData]返回值:0(成功),返回的数据lpBuffer=42900619950624579X,有效长度lpNumberOfBytesRead=18
<<19:55:14.115#信息>>[IDCR_ReadData]调用结束

<<19:55:14.115#信息>>[IDCR_ReadData]调用开始
<<19:55:14.115#信息>>[IDCR_ReadData]参数dwIndex=7,dwBufferSize=200
<<19:55:14.116#信息>>[IDCR_ReadData]读取签发机关：天门市公安局
<<19:55:14.116#信息>>[IDCR_ReadData]返回值:0(成功),返回的数据lpBuffer=天门市公安局,有效长度lpNumberOfBytesRead=12
<<19:55:14.117#信息>>[IDCR_ReadData]调用结束

<<19:55:14.117#信息>>[IDCR_ReadData]调用开始
<<19:55:14.117#信息>>[IDCR_ReadData]参数dwIndex=8,dwBufferSize=200
<<19:55:14.118#信息>>[IDCR_ReadData]读取有效期限--生效日期：20140807
<<19:55:14.118#信息>>[IDCR_ReadData]返回值:0(成功),返回的数据lpBuffer=20140807,有效长度lpNumberOfBytesRead=8
<<19:55:14.119#信息>>[IDCR_ReadData]调用结束

<<19:55:14.119#信息>>[IDCR_ReadData]调用开始
<<19:55:14.119#信息>>[IDCR_ReadData]参数dwIndex=9,dwBufferSize=200
<<19:55:14.120#信息>>[IDCR_ReadData]读取有效期限--失效日期：20240807
<<19:55:14.120#信息>>[IDCR_ReadData]返回值:0(成功),返回的数据lpBuffer=20240807,有效长度lpNumberOfBytesRead=8
<<19:55:14.121#信息>>[IDCR_ReadData]调用结束

<<19:55:14.121#信息>>[IDCR_ReadData]返回值:0(成功),返回的数据lpBuffer=王宇|男|汉族|19950624|湖北省天门市皂市镇二龙大道9-003号|42900619950624579X|天门市公安局|20140807|20240807|E:\lwh\安装包V1.2\Debug\peripheral\aoto\IDCardlib\image\zp.bmp,有效长度lpNumberOfBytesRead=168
<<19:55:14.121#信息>>[IDCR_ReadData]调用结束

<<19:55:14.122#信息>>[IDCR_CancelRead]调用开始
<<19:55:14.122#信息>>[IDCR_CancelRead]返回值：0(成功)
<<19:55:14.123#信息>>[IDCR_CancelRead]调用结束

<<19:55:41.351#信息>>[IDCR_DataAvailable]寻卡成功
<<19:55:41.367#信息>>[IDCR_DataAvailable]选卡成功
<<19:55:42.156#信息>>[IDCR_DataAvailable]读卡成功
<<19:55:42.163#信息>>[IDCR_DataAvailable]返回值：0(成功)，lpAvailable:1
<<19:55:42.164#信息>>[IDCR_DataAvailable]调用结束

<<19:55:42.164#信息>>[IDCR_ReadData]调用开始
<<19:55:42.164#信息>>[IDCR_ReadData]参数dwIndex=0,dwBufferSize=256
<<19:55:42.165#信息>>[IDCR_ReadData]调用开始
<<19:55:42.165#信息>>[IDCR_ReadData]参数dwIndex=1,dwBufferSize=200
<<19:55:42.165#信息>>[IDCR_ReadData]读取姓名：王宇
<<19:55:42.166#信息>>[IDCR_ReadData]返回值:0(成功),返回的数据lpBuffer=王宇,有效长度lpNumberOfBytesRead=4
<<19:55:42.166#信息>>[IDCR_ReadData]调用结束

<<19:55:42.167#信息>>[IDCR_ReadData]调用开始
<<19:55:42.167#信息>>[IDCR_ReadData]参数dwIndex=2,dwBufferSize=200
<<19:55:42.167#信息>>[IDCR_ReadData]读取性别：男
<<19:55:42.168#信息>>[IDCR_ReadData]返回值:0(成功),返回的数据lpBuffer=男,有效长度lpNumberOfBytesRead=2
<<19:55:42.168#信息>>[IDCR_ReadData]调用结束

<<19:55:42.168#信息>>[IDCR_ReadData]调用开始
<<19:55:42.169#信息>>[IDCR_ReadData]参数dwIndex=3,dwBufferSize=200
<<19:55:42.169#信息>>[IDCR_ReadData]读取民族：汉族
<<19:55:42.169#信息>>[IDCR_ReadData]返回值:0(成功),返回的数据lpBuffer=汉族,有效长度lpNumberOfBytesRead=4
<<19:55:42.170#信息>>[IDCR_ReadData]调用结束

<<19:55:42.170#信息>>[IDCR_ReadData]调用开始
<<19:55:42.170#信息>>[IDCR_ReadData]参数dwIndex=4,dwBufferSize=200
<<19:55:42.171#信息>>[IDCR_ReadData]读取出生日期：19950624
<<19:55:42.171#信息>>[IDCR_ReadData]返回值:0(成功),返回的数据lpBuffer=19950624,有效长度lpNumberOfBytesRead=8
<<19:55:42.172#信息>>[IDCR_ReadData]调用结束

<<19:55:42.172#信息>>[IDCR_ReadData]调用开始
<<19:55:42.172#信息>>[IDCR_ReadData]参数dwIndex=5,dwBufferSize=200
<<19:55:42.173#信息>>[IDCR_ReadData]读取住址：湖北省天门市皂市镇二龙大道9-003号
<<19:55:42.173#信息>>[IDCR_ReadData]返回值:0(成功),返回的数据lpBuffer=湖北省天门市皂市镇二龙大道9-003号,有效长度lpNumberOfBytesRead=33
<<19:55:42.173#信息>>[IDCR_ReadData]调用结束

<<19:55:42.174#信息>>[IDCR_ReadData]调用开始
<<19:55:42.174#信息>>[IDCR_ReadData]参数dwIndex=6,dwBufferSize=200
<<19:55:42.174#信息>>[IDCR_ReadData]读取身份证号：42900619950624579X
<<19:55:42.175#信息>>[IDCR_ReadData]返回值:0(成功),返回的数据lpBuffer=42900619950624579X,有效长度lpNumberOfBytesRead=18
<<19:55:42.175#信息>>[IDCR_ReadData]调用结束

<<19:55:42.176#信息>>[IDCR_ReadData]调用开始
<<19:55:42.176#信息>>[IDCR_ReadData]参数dwIndex=7,dwBufferSize=200
<<19:55:42.176#信息>>[IDCR_ReadData]读取签发机关：天门市公安局
<<19:55:42.177#信息>>[IDCR_ReadData]返回值:0(成功),返回的数据lpBuffer=天门市公安局,有效长度lpNumberOfBytesRead=12
<<19:55:42.177#信息>>[IDCR_ReadData]调用结束

<<19:55:42.177#信息>>[IDCR_ReadData]调用开始
<<19:55:42.178#信息>>[IDCR_ReadData]参数dwIndex=8,dwBufferSize=200
<<19:55:42.178#信息>>[IDCR_ReadData]读取有效期限--生效日期：20140807
<<19:55:42.178#信息>>[IDCR_ReadData]返回值:0(成功),返回的数据lpBuffer=20140807,有效长度lpNumberOfBytesRead=8
<<19:55:42.179#信息>>[IDCR_ReadData]调用结束

<<19:55:42.179#信息>>[IDCR_ReadData]调用开始
<<19:55:42.179#信息>>[IDCR_ReadData]参数dwIndex=9,dwBufferSize=200
<<19:55:42.180#信息>>[IDCR_ReadData]读取有效期限--失效日期：20240807
<<19:55:42.180#信息>>[IDCR_ReadData]返回值:0(成功),返回的数据lpBuffer=20240807,有效长度lpNumberOfBytesRead=8
<<19:55:42.181#信息>>[IDCR_ReadData]调用结束

<<19:55:42.181#信息>>[IDCR_ReadData]返回值:0(成功),返回的数据lpBuffer=王宇|男|汉族|19950624|湖北省天门市皂市镇二龙大道9-003号|42900619950624579X|天门市公安局|20140807|20240807|E:\lwh\安装包V1.2\Debug\peripheral\aoto\IDCardlib\image\zp.bmp,有效长度lpNumberOfBytesRead=168
<<19:55:42.181#信息>>[IDCR_ReadData]调用结束

<<19:55:42.182#信息>>[IDCR_CancelRead]调用开始
<<19:55:42.182#信息>>[IDCR_CancelRead]返回值：0(成功)
<<19:55:42.182#信息>>[IDCR_CancelRead]调用结束

<<19:58:51.118#信息>>[DllMain]-------------动态库卸载------------------

<<20:02:40.613#信息>>[InitializeData]日志保存天数：[30]
<<20:02:40.614#信息>>[InitializeData]GetModuleFileName：[E:\lwh\安装包V1.2\Debug\]
<<20:02:40.614#信息>>[InitializeData]GetCurrentDirectory：[E:\lwh\安装包V1.2\Debug]
<<20:02:40.618#信息>>[InitializeData]调用结束
<<20:02:40.620#信息>>[IDCR_Initialize]去掉入参非法字符前lpszConfigXml=<?xml version ="1.0" encoding="utf-8"?><Device>  <DeviceId>IDCard001</DeviceId>  <LogLevel>3</LogLevel></Device>
<<20:02:40.620#信息>>[IDCR_Initialize]去掉入参非法字符后lpszConfigXml=<?xml version ="1.0" encoding="utf-8"?><Device>  <DeviceId>IDCard001</DeviceId>  <LogLevel>3</LogLevel></Device>
<<20:02:40.620#信息>>[IDCR_Initialize]设备标识为：IDCard001,日志级别为：3
<<20:02:40.621#信息>>[IDCR_Initialize]读取串口信息：Com12
<<20:02:40.621#信息>>[IDCR_Initialize]获取身份证阅读器波特率失败, [SDT_GetCOMBaud]返回值：[0X05]
<<20:02:40.622#信息>>[IDCR_Initialize]设置身份证阅读器波特率失败, [SDT_SetCOMBaud]返回值：[0X01]
<<20:02:40.622#信息>>[IDCR_Initialize]端口 12 打开失败, [SDT_OpenPort]返回值：[0X01]
<<20:02:40.625#错误>>[IDCR_BeginRead]Error：设备未初始化
<<20:02:40.626#信息>>[IDCR_BeginRead]返回值：3004(失败)
<<20:02:40.626#信息>>[IDCR_BeginRead]调用结束

<<20:02:40.627#信息>>[IDCR_CancelRead]调用开始
<<20:02:40.627#错误>>[IDCR_CancelRead]Error：设备未初始化
<<20:02:40.628#信息>>[IDCR_CancelRead]返回值：3004(失败)
<<20:02:40.628#信息>>[IDCR_CancelRead]调用结束

<<20:03:17.598#错误>>[IDCR_BeginRead]Error：设备未初始化
<<20:03:17.599#信息>>[IDCR_BeginRead]返回值：3004(失败)
<<20:03:17.599#信息>>[IDCR_BeginRead]调用结束

<<20:03:17.599#信息>>[IDCR_CancelRead]调用开始
<<20:03:17.600#错误>>[IDCR_CancelRead]Error：设备未初始化
<<20:03:17.600#信息>>[IDCR_CancelRead]返回值：3004(失败)
<<20:03:17.601#信息>>[IDCR_CancelRead]调用结束

<<20:03:31.779#信息>>[DllMain]-------------动态库卸载------------------

<<20:12:18.474#信息>>[InitializeData]日志保存天数：[30]
<<20:12:18.475#信息>>[InitializeData]GetModuleFileName：[E:\lwh\安装包V1.2\Debug\]
<<20:12:18.475#信息>>[InitializeData]GetCurrentDirectory：[E:\lwh\安装包V1.2\Debug]
<<20:12:18.479#信息>>[InitializeData]调用结束
<<20:12:18.481#信息>>[IDCR_Initialize]去掉入参非法字符前lpszConfigXml=<?xml version ="1.0" encoding="utf-8"?><Device>  <DeviceId>IDCard001</DeviceId>  <LogLevel>3</LogLevel></Device>
<<20:12:18.481#信息>>[IDCR_Initialize]去掉入参非法字符后lpszConfigXml=<?xml version ="1.0" encoding="utf-8"?><Device>  <DeviceId>IDCard001</DeviceId>  <LogLevel>3</LogLevel></Device>
<<20:12:18.481#信息>>[IDCR_Initialize]设备标识为：IDCard001,日志级别为：3
<<20:12:18.482#信息>>[IDCR_Initialize]读取串口信息：Com12
<<20:12:18.621#信息>>[IDCR_Initialize]当前身份证阅读器波特率为: 115200
<<20:12:18.634#信息>>[IDCR_Initialize]返回值：0(成功)
<<20:12:18.634#信息>>[IDCR_Initialize]调用开始

<<20:12:20.167#信息>>[IDCR_DataAvailable]寻卡成功
<<20:12:20.183#信息>>[IDCR_DataAvailable]选卡成功
<<20:12:20.971#信息>>[IDCR_DataAvailable]读卡成功
<<20:12:20.978#信息>>[IDCR_DataAvailable]返回值：0(成功)，lpAvailable:1
<<20:12:20.979#信息>>[IDCR_DataAvailable]调用结束

<<20:12:20.979#信息>>[IDCR_ReadData]调用开始
<<20:12:20.979#信息>>[IDCR_ReadData]参数dwIndex=0,dwBufferSize=256
<<20:12:20.980#信息>>[IDCR_ReadData]调用开始
<<20:12:20.980#信息>>[IDCR_ReadData]参数dwIndex=1,dwBufferSize=200
<<20:12:20.980#信息>>[IDCR_ReadData]读取姓名：王宇
<<20:12:20.981#信息>>[IDCR_ReadData]返回值:0(成功),返回的数据lpBuffer=王宇,有效长度lpNumberOfBytesRead=4
<<20:12:20.981#信息>>[IDCR_ReadData]调用结束

<<20:12:20.982#信息>>[IDCR_ReadData]调用开始
<<20:12:20.982#信息>>[IDCR_ReadData]参数dwIndex=2,dwBufferSize=200
<<20:12:20.982#信息>>[IDCR_ReadData]读取性别：男
<<20:12:20.983#信息>>[IDCR_ReadData]返回值:0(成功),返回的数据lpBuffer=男,有效长度lpNumberOfBytesRead=2
<<20:12:20.983#信息>>[IDCR_ReadData]调用结束

<<20:12:20.983#信息>>[IDCR_ReadData]调用开始
<<20:12:20.984#信息>>[IDCR_ReadData]参数dwIndex=3,dwBufferSize=200
<<20:12:20.984#信息>>[IDCR_ReadData]读取民族：汉族
<<20:12:20.984#信息>>[IDCR_ReadData]返回值:0(成功),返回的数据lpBuffer=汉族,有效长度lpNumberOfBytesRead=4
<<20:12:20.985#信息>>[IDCR_ReadData]调用结束

<<20:12:20.985#信息>>[IDCR_ReadData]调用开始
<<20:12:20.985#信息>>[IDCR_ReadData]参数dwIndex=4,dwBufferSize=200
<<20:12:20.986#信息>>[IDCR_ReadData]读取出生日期：19950624
<<20:12:20.986#信息>>[IDCR_ReadData]返回值:0(成功),返回的数据lpBuffer=19950624,有效长度lpNumberOfBytesRead=8
<<20:12:20.986#信息>>[IDCR_ReadData]调用结束

<<20:12:20.987#信息>>[IDCR_ReadData]调用开始
<<20:12:20.987#信息>>[IDCR_ReadData]参数dwIndex=5,dwBufferSize=200
<<20:12:20.988#信息>>[IDCR_ReadData]读取住址：湖北省天门市皂市镇二龙大道9-003号
<<20:12:20.988#信息>>[IDCR_ReadData]返回值:0(成功),返回的数据lpBuffer=湖北省天门市皂市镇二龙大道9-003号,有效长度lpNumberOfBytesRead=33
<<20:12:20.988#信息>>[IDCR_ReadData]调用结束

<<20:12:20.989#信息>>[IDCR_ReadData]调用开始
<<20:12:20.989#信息>>[IDCR_ReadData]参数dwIndex=6,dwBufferSize=200
<<20:12:20.989#信息>>[IDCR_ReadData]读取身份证号：42900619950624579X
<<20:12:20.990#信息>>[IDCR_ReadData]返回值:0(成功),返回的数据lpBuffer=42900619950624579X,有效长度lpNumberOfBytesRead=18
<<20:12:20.990#信息>>[IDCR_ReadData]调用结束

<<20:12:20.990#信息>>[IDCR_ReadData]调用开始
<<20:12:20.991#信息>>[IDCR_ReadData]参数dwIndex=7,dwBufferSize=200
<<20:12:20.991#信息>>[IDCR_ReadData]读取签发机关：天门市公安局
<<20:12:20.991#信息>>[IDCR_ReadData]返回值:0(成功),返回的数据lpBuffer=天门市公安局,有效长度lpNumberOfBytesRead=12
<<20:12:20.992#信息>>[IDCR_ReadData]调用结束

<<20:12:20.992#信息>>[IDCR_ReadData]调用开始
<<20:12:20.992#信息>>[IDCR_ReadData]参数dwIndex=8,dwBufferSize=200
<<20:12:20.993#信息>>[IDCR_ReadData]读取有效期限--生效日期：20140807
<<20:12:20.993#信息>>[IDCR_ReadData]返回值:0(成功),返回的数据lpBuffer=20140807,有效长度lpNumberOfBytesRead=8
<<20:12:20.993#信息>>[IDCR_ReadData]调用结束

<<20:12:20.994#信息>>[IDCR_ReadData]调用开始
<<20:12:20.994#信息>>[IDCR_ReadData]参数dwIndex=9,dwBufferSize=200
<<20:12:20.995#信息>>[IDCR_ReadData]读取有效期限--失效日期：20240807
<<20:12:20.995#信息>>[IDCR_ReadData]返回值:0(成功),返回的数据lpBuffer=20240807,有效长度lpNumberOfBytesRead=8
<<20:12:20.995#信息>>[IDCR_ReadData]调用结束

<<20:12:20.996#信息>>[IDCR_ReadData]返回值:0(成功),返回的数据lpBuffer=王宇|男|汉族|19950624|湖北省天门市皂市镇二龙大道9-003号|42900619950624579X|天门市公安局|20140807|20240807|E:\lwh\安装包V1.2\Debug\peripheral\aoto\IDCardlib\image\zp.bmp,有效长度lpNumberOfBytesRead=168
<<20:12:20.996#信息>>[IDCR_ReadData]调用结束

<<20:12:20.996#信息>>[IDCR_CancelRead]调用开始
<<20:12:20.997#信息>>[IDCR_CancelRead]返回值：0(成功)
<<20:12:20.997#信息>>[IDCR_CancelRead]调用结束

<<20:12:58.844#信息>>[DllMain]-------------动态库卸载------------------

