<<16:32:30.563#信息>>[DllMain]-------------动态库加载-------20140924-----------
<<16:32:30.578#信息>>[DllMain]日志保存天数：[10]
<<16:32:30.578#信息>>[DllMain]GetModuleFileName：[C:\Users\Administrator\Desktop\client\]
<<16:32:30.578#信息>>[DllMain]GetCurrentDirectory：[C:\Users\Administrator\Desktop\client]
<<16:32:30.594#信息>>[CRDR_Initialize]去掉入参非法字符前lpszConfigXml=<Device><DeviceId>CRDR001</DeviceId><LogLevel>0</LogLevel></Device>
<<16:32:30.594#信息>>[CRDR_Initialize]去掉入参非法字符后lpszConfigXml=<Device><DeviceId>CRDR001</DeviceId><LogLevel>0</LogLevel></Device>
<<16:32:30.609#信息>>[CRDR_Initialize]设备标识为：CRDR001,日志级别为：0
<<16:32:30.609#信息>>[CRDR_Initialize]打开的串口为串口1
<<16:32:30.609#信息>>[CRDR_Initialize]返回值：0(成功)
<<16:32:30.609#信息>>[CRDR_Initialize]调用结束

<<16:32:38.888#信息>>[DllMain]-------------动态库卸载------------------

<<16:32:54.187#信息>>[DllMain]-------------动态库加载-------20140924-----------
<<16:32:54.187#信息>>[DllMain]日志保存天数：[10]
<<16:32:54.202#信息>>[DllMain]GetModuleFileName：[C:\Users\Administrator\Desktop\client\]
<<16:32:54.202#信息>>[DllMain]GetCurrentDirectory：[C:\Users\Administrator\Desktop\client]
<<16:32:54.218#信息>>[CRDR_Initialize]去掉入参非法字符前lpszConfigXml=<Device><DeviceId>CRDR001</DeviceId><LogLevel>0</LogLevel></Device>
<<16:32:54.233#信息>>[CRDR_Initialize]去掉入参非法字符后lpszConfigXml=<Device><DeviceId>CRDR001</DeviceId><LogLevel>0</LogLevel></Device>
<<16:32:54.233#信息>>[CRDR_Initialize]设备标识为：CRDR001,日志级别为：0
<<16:32:54.233#信息>>[CRDR_Initialize]打开的串口为串口1
<<16:32:54.249#信息>>[CRDR_Initialize]返回值：0(成功)
<<16:32:54.249#信息>>[CRDR_Initialize]调用结束

<<16:33:25.858#信息>>[DllMain]-------------动态库卸载------------------

<<16:33:50.968#信息>>[DllMain]-------------动态库加载-------20140924-----------
<<16:33:50.983#信息>>[DllMain]日志保存天数：[10]
<<16:33:50.983#信息>>[DllMain]GetModuleFileName：[C:\Users\Administrator\Desktop\client\]
<<16:33:50.999#信息>>[DllMain]GetCurrentDirectory：[C:\Users\Administrator\Desktop\client]
<<16:33:50.999#信息>>[CRDR_Initialize]去掉入参非法字符前lpszConfigXml=<Device><DeviceId>CRDR001</DeviceId><LogLevel>0</LogLevel></Device>
<<16:33:50.999#信息>>[CRDR_Initialize]去掉入参非法字符后lpszConfigXml=<Device><DeviceId>CRDR001</DeviceId><LogLevel>0</LogLevel></Device>
<<16:33:51.015#信息>>[CRDR_Initialize]设备标识为：CRDR001,日志级别为：0
<<16:33:51.015#信息>>[CRDR_Initialize]打开的串口为串口1
<<16:33:51.030#信息>>[CRDR_Initialize]返回值：0(成功)
<<16:33:51.030#信息>>[CRDR_Initialize]调用结束

<<16:37:26.373#信息>>[DllMain]-------------动态库卸载------------------

<<16:37:42.529#信息>>[DllMain]-------------动态库加载-------20140924-----------
<<16:37:42.529#信息>>[DllMain]日志保存天数：[10]
<<16:37:42.529#信息>>[DllMain]GetModuleFileName：[C:\Users\Administrator\Desktop\client\]
<<16:37:42.545#信息>>[DllMain]GetCurrentDirectory：[C:\Users\Administrator\Desktop\client]
<<16:37:42.545#信息>>[CRDR_Initialize]去掉入参非法字符前lpszConfigXml=<Device><DeviceId>CRDR001</DeviceId><LogLevel>0</LogLevel></Device>
<<16:37:42.560#信息>>[CRDR_Initialize]去掉入参非法字符后lpszConfigXml=<Device><DeviceId>CRDR001</DeviceId><LogLevel>0</LogLevel></Device>
<<16:37:42.560#信息>>[CRDR_Initialize]设备标识为：CRDR001,日志级别为：0
<<16:37:42.560#信息>>[CRDR_Initialize]打开的串口为串口1
<<16:37:42.560#信息>>[CRDR_Initialize]返回值：0(成功)
<<16:37:42.576#信息>>[CRDR_Initialize]调用结束

<<16:53:56.468#信息>>[DllMain]-------------动态库卸载------------------

<<16:54:09.488#信息>>[DllMain]-------------动态库加载-------20140924-----------
<<16:54:09.488#信息>>[DllMain]日志保存天数：[10]
<<16:54:09.488#信息>>[DllMain]GetModuleFileName：[C:\Users\Administrator\Desktop\client\]
<<16:54:09.503#信息>>[DllMain]GetCurrentDirectory：[C:\Users\Administrator\Desktop\client]
<<16:54:09.503#信息>>[CRDR_Initialize]去掉入参非法字符前lpszConfigXml=<Device><DeviceId>CRDR001</DeviceId><LogLevel>0</LogLevel></Device>
<<16:54:09.519#信息>>[CRDR_Initialize]去掉入参非法字符后lpszConfigXml=<Device><DeviceId>CRDR001</DeviceId><LogLevel>0</LogLevel></Device>
<<16:54:09.519#信息>>[CRDR_Initialize]设备标识为：CRDR001,日志级别为：0
<<16:54:09.519#信息>>[CRDR_Initialize]打开的串口为串口1
<<16:54:09.535#信息>>[CRDR_Initialize]返回值：0(成功)
<<16:54:09.535#信息>>[CRDR_Initialize]调用结束

