<<16:32:30.826#信息>>[InitInstance] 加载动态库，20160725
<<16:32:30.842#信息>>[InitInstance]日志保存天数：[10]
<<16:32:30.842#信息>>[PRNT_Initialize]去掉非法字符前lpszConfigXml=<Device><DeviceId>PRNT001</DeviceId><LogLevel>0</LogLevel></Device>
<<16:32:30.842#信息>>[PRNT_Initialize]去掉非法字符后lpszConfigXml=<Device><DeviceId>PRNT001</DeviceId><LogLevel>0</LogLevel></Device>,
<<16:32:30.842#信息>>[PRNT_Initialize]设备标识为：PRNT001,日志级别为：0
<<16:32:30.967#信息>>[Prt_Init] LeftMargin = 2 , PicLeftMargin = 20 
<<16:32:30.983#信息>>[Prt_Init]配置文件路径：C:\Users\Administrator\Desktop\client\peripheral\aoto\\config\DeviceDriverConf.ini,字号=285，行间距=0，字符宽=19，字符高=38,字体=宋体
<<16:32:54.479#信息>>[InitInstance] 加载动态库，20160725
<<16:32:54.479#信息>>[InitInstance]日志保存天数：[10]
<<16:32:54.479#信息>>[PRNT_Initialize]去掉非法字符前lpszConfigXml=<Device><DeviceId>PRNT001</DeviceId><LogLevel>0</LogLevel></Device>
<<16:32:54.495#信息>>[PRNT_Initialize]去掉非法字符后lpszConfigXml=<Device><DeviceId>PRNT001</DeviceId><LogLevel>0</LogLevel></Device>,
<<16:32:54.495#信息>>[PRNT_Initialize]设备标识为：PRNT001,日志级别为：0
<<16:32:54.526#信息>>[Prt_Init] LeftMargin = 2 , PicLeftMargin = 20 
<<16:32:54.526#信息>>[Prt_Init]配置文件路径：C:\Users\Administrator\Desktop\client\peripheral\aoto\\config\DeviceDriverConf.ini,字号=285，行间距=0，字符宽=19，字符高=38,字体=宋体
<<16:33:51.229#信息>>[InitInstance] 加载动态库，20160725
<<16:33:51.229#信息>>[InitInstance]日志保存天数：[10]
<<16:33:51.229#信息>>[PRNT_Initialize]去掉非法字符前lpszConfigXml=<Device><DeviceId>PRNT001</DeviceId><LogLevel>0</LogLevel></Device>
<<16:33:51.245#信息>>[PRNT_Initialize]去掉非法字符后lpszConfigXml=<Device><DeviceId>PRNT001</DeviceId><LogLevel>0</LogLevel></Device>,
<<16:33:51.245#信息>>[PRNT_Initialize]设备标识为：PRNT001,日志级别为：0
<<16:33:51.261#信息>>[Prt_Init] LeftMargin = 2 , PicLeftMargin = 20 
<<16:33:51.276#信息>>[Prt_Init]配置文件路径：C:\Users\Administrator\Desktop\client\peripheral\aoto\\config\DeviceDriverConf.ini,字号=285，行间距=0，字符宽=19，字符高=38,字体=宋体
<<16:33:59.843#信息>>[Prt_Detective]打印机名称：BT-T080R(U) 1
<<16:33:59.858#信息>>[Prt_Detective]打印机名称：BT-T080R(U) 1
<<16:33:59.889#信息>>[Prt_Detective]打印机名称：BT-T080R(U) 1
<<16:33:59.905#信息>>[PRNT_Ticket]调用开始,lpszData=个人业务,lpszTicketNo=A0019,lpszWNumber=18
<<16:33:59.905#信息>>[PRNT_Ticket] lpszWAD=温馨提示：为了节省您的时间，如果您需要办理2万元以下卡存、取业务，请至我行ATM机自助处理；如果您需要办理账户查询、卡内转账汇款、分行特色缴费等业务，请于我行自助终端办理。
<<16:33:59.921#信息>>[Prt_Detective]打印机名称：BT-T080R(U) 1
<<16:34:00.171#信息>>[PRNT_Ticket]调用结束
<<16:34:04.782#信息>>[Prt_Detective]打印机名称：BT-T080R(U) 1
<<16:34:04.813#信息>>[Prt_Detective]打印机名称：BT-T080R(U) 1
<<16:34:04.875#信息>>[Prt_Detective]打印机名称：BT-T080R(U) 1
<<16:34:04.875#信息>>[PRNT_Ticket]调用开始,lpszData=个人业务,lpszTicketNo=A0020,lpszWNumber=19
<<16:34:04.875#信息>>[PRNT_Ticket] lpszWAD=温馨提示：为了节省您的时间，如果您需要办理2万元以下卡存、取业务，请至我行ATM机自助处理；如果您需要办理账户查询、卡内转账汇款、分行特色缴费等业务，请于我行自助终端办理。
<<16:34:04.891#信息>>[Prt_Detective]打印机名称：BT-T080R(U) 1
<<16:34:04.922#信息>>[PRNT_Ticket]调用结束
<<16:34:08.203#信息>>[Prt_Detective]打印机名称：BT-T080R(U) 1
<<16:34:08.219#信息>>[Prt_Detective]打印机名称：BT-T080R(U) 1
<<16:34:08.250#信息>>[Prt_Detective]打印机名称：BT-T080R(U) 1
<<16:34:08.250#信息>>[PRNT_Ticket]调用开始,lpszData=个人业务,lpszTicketNo=A0021,lpszWNumber=20
<<16:34:08.266#信息>>[PRNT_Ticket] lpszWAD=温馨提示：为了节省您的时间，如果您需要办理2万元以下卡存、取业务，请至我行ATM机自助处理；如果您需要办理账户查询、卡内转账汇款、分行特色缴费等业务，请于我行自助终端办理。
<<16:34:08.266#信息>>[Prt_Detective]打印机名称：BT-T080R(U) 1
<<16:34:08.313#信息>>[PRNT_Ticket]调用结束
<<16:37:42.789#信息>>[InitInstance] 加载动态库，20160725
<<16:37:42.789#信息>>[InitInstance]日志保存天数：[10]
<<16:37:42.804#信息>>[PRNT_Initialize]去掉非法字符前lpszConfigXml=<Device><DeviceId>PRNT001</DeviceId><LogLevel>0</LogLevel></Device>
<<16:37:42.804#信息>>[PRNT_Initialize]去掉非法字符后lpszConfigXml=<Device><DeviceId>PRNT001</DeviceId><LogLevel>0</LogLevel></Device>,
<<16:37:42.804#信息>>[PRNT_Initialize]设备标识为：PRNT001,日志级别为：0
<<16:37:42.835#信息>>[Prt_Init] LeftMargin = 2 , PicLeftMargin = 20 
<<16:37:42.835#信息>>[Prt_Init]配置文件路径：C:\Users\Administrator\Desktop\client\peripheral\aoto\\config\DeviceDriverConf.ini,字号=285，行间距=0，字符宽=19，字符高=38,字体=宋体
<<16:54:09.744#信息>>[InitInstance] 加载动态库，20160725
<<16:54:09.744#信息>>[InitInstance]日志保存天数：[10]
<<16:54:09.760#信息>>[PRNT_Initialize]去掉非法字符前lpszConfigXml=<Device><DeviceId>PRNT001</DeviceId><LogLevel>0</LogLevel></Device>
<<16:54:09.760#信息>>[PRNT_Initialize]去掉非法字符后lpszConfigXml=<Device><DeviceId>PRNT001</DeviceId><LogLevel>0</LogLevel></Device>,
<<16:54:09.760#信息>>[PRNT_Initialize]设备标识为：PRNT001,日志级别为：0
<<16:54:09.791#信息>>[Prt_Init] LeftMargin = 2 , PicLeftMargin = 20 
<<16:54:09.791#信息>>[Prt_Init]配置文件路径：C:\Users\Administrator\Desktop\client\peripheral\aoto\\config\DeviceDriverConf.ini,字号=285，行间距=0，字符宽=19，字符高=38,字体=宋体
<<16:54:14.728#信息>>[Prt_Detective]打印机名称：BT-T080R(U) 1
<<16:54:14.744#信息>>[Prt_Detective]打印机名称：BT-T080R(U) 1
<<16:54:14.790#信息>>[Prt_Detective]打印机名称：BT-T080R(U) 1
<<16:54:14.790#信息>>[PRNT_Ticket]调用开始,lpszData=个人业务,lpszTicketNo=A0022,lpszWNumber=21
<<16:54:14.790#信息>>[PRNT_Ticket] lpszWAD=温馨提示：为了节省您的时间，如果您需要办理2万元以下卡存、取业务，请至我行ATM机自助处理；如果您需要办理账户查询、卡内转账汇款、分行特色缴费等业务，请于我行自助终端办理。
<<16:54:14.806#信息>>[Prt_Detective]打印机名称：BT-T080R(U) 1
<<16:54:15.056#信息>>[PRNT_Ticket]调用结束
<<16:54:22.964#信息>>[Prt_Detective]打印机名称：BT-T080R(U) 1
<<16:54:22.979#信息>>[Prt_Detective]打印机名称：BT-T080R(U) 1
<<16:54:23.011#信息>>[Prt_Detective]打印机名称：BT-T080R(U) 1
<<16:54:23.011#信息>>[PRNT_Ticket]调用开始,lpszData=个人业务,lpszTicketNo=A0023,lpszWNumber=22
<<16:54:23.011#信息>>[PRNT_Ticket] lpszWAD=温馨提示：为了节省您的时间，如果您需要办理2万元以下卡存、取业务，请至我行ATM机自助处理；如果您需要办理账户查询、卡内转账汇款、分行特色缴费等业务，请于我行自助终端办理。
<<16:54:23.026#信息>>[Prt_Detective]打印机名称：BT-T080R(U) 1
<<16:54:23.073#信息>>[PRNT_Ticket]调用结束
<<16:54:38.197#信息>>[Prt_Detective]打印机名称：BT-T080R(U) 1
<<16:54:38.228#信息>>[Prt_Detective]打印机名称：BT-T080R(U) 1
<<16:54:38.275#信息>>[Prt_Detective]打印机名称：BT-T080R(U) 1
<<16:54:38.275#信息>>[PRNT_Ticket]调用开始,lpszData=个人业务,lpszTicketNo=A0024,lpszWNumber=23
<<16:54:38.275#信息>>[PRNT_Ticket] lpszWAD=温馨提示：为了节省您的时间，如果您需要办理2万元以下卡存、取业务，请至我行ATM机自助处理；如果您需要办理账户查询、卡内转账汇款、分行特色缴费等业务，请于我行自助终端办理。
<<16:54:38.291#信息>>[Prt_Detective]打印机名称：BT-T080R(U) 1
<<16:54:38.338#信息>>[PRNT_Ticket]调用结束
<<16:54:46.854#信息>>[Prt_Detective]打印机名称：BT-T080R(U) 1
<<16:54:46.886#信息>>[Prt_Detective]打印机名称：BT-T080R(U) 1
<<16:54:46.901#信息>>[Prt_Detective]打印机名称：BT-T080R(U) 1
<<16:54:46.917#信息>>[PRNT_Ticket]调用开始,lpszData=个人业务,lpszTicketNo=A0025,lpszWNumber=24
<<16:54:46.917#信息>>[PRNT_Ticket] lpszWAD=温馨提示：为了节省您的时间，如果您需要办理2万元以下卡存、取业务，请至我行ATM机自助处理；如果您需要办理账户查询、卡内转账汇款、分行特色缴费等业务，请于我行自助终端办理。
<<16:54:46.933#信息>>[Prt_Detective]打印机名称：BT-T080R(U) 1
<<16:54:46.964#信息>>[PRNT_Ticket]调用结束
<<16:55:05.371#信息>>[Prt_Detective]打印机名称：BT-T080R(U) 1
<<16:55:05.402#信息>>[Prt_Detective]打印机名称：BT-T080R(U) 1
<<16:55:05.433#信息>>[Prt_Detective]打印机名称：BT-T080R(U) 1
<<16:55:05.433#信息>>[PRNT_Ticket]调用开始,lpszData=个人业务,lpszTicketNo=A0026,lpszWNumber=25
<<16:55:05.433#信息>>[PRNT_Ticket] lpszWAD=温馨提示：为了节省您的时间，如果您需要办理2万元以下卡存、取业务，请至我行ATM机自助处理；如果您需要办理账户查询、卡内转账汇款、分行特色缴费等业务，请于我行自助终端办理。
<<16:55:05.449#信息>>[Prt_Detective]打印机名称：BT-T080R(U) 1
<<16:55:05.496#信息>>[PRNT_Ticket]调用结束
